0.28, 1796650
6.93, 1789423
8.91, 1779044
10.18, 1765683
12.42, 1723288
18.80, 1720513
19.23, 1698329
19.45, 1678996
22.56, 1676058
24.78, 1673166
25.01, 1661990
25.87, 1660404
26.58, 1654796
27.72, 1641355
28.15, 1638927
28.40, 1628925
29.33, 1625760
31.51, 1617317
32.01, 1617279
32.26, 1615287
32.48, 1603797
33.17, 1601805
35.17, 1600162
35.84, 1595551
36.31, 1591082
37.43, 1589454
38.12, 1583954
38.36, 1583943
39.25, 1581574
39.92, 1581082
40.79, 1575919
41.68, 1573299
46.47, 1570112
50.47, 1569352
54.26, 1568967
56.70, 1568316
