0.04, 1243370
0.37, 1239240
9.5, 1239098
10.41, 1233362
11.93, 1233220
20.79, 1231396
22.01, 1230927
27.77, 1227124
28.37, 1226467
28.97, 1226357
29.29, 1225733
31.67, 1225505
31.98, 1225276
36.53, 1223463
41.98, 1221760
43.48, 1221044
54.1, 1221003
54.72, 1220779
55.35, 1220686
55.95, 1220449
56.26, 1219045
57.15, 1217233
62.91, 1217102
65.06, 1216363
70.13, 1215600
75.66, 1215453
77.47, 1215275
78.05, 1212896
80.81, 1212320
85.03, 1212000
88.4, 1211657
93.18, 1210693
96.21, 1209894
103.78, 1209551
104.38, 1208625
106.19, 1208468
108.58, 1208125
