0.00, 4659715
0.00, 4480757
0.00, 4417566
0.00, 4371808
0.00, 4363468
0.00, 4272967
0.01, 4181225
0.01, 3952627
0.01, 3719855
0.01, 3641280
0.03, 3608686
0.10, 3468881
0.16, 3459234
0.16, 3423687
0.24, 3346546
0.24, 3183885
0.28, 3164585
0.28, 3152806
0.31, 3147038
0.33, 3138052
0.33, 2998403
0.33, 2973442
0.33, 2806737
0.33, 2773301
0.34, 2730020
0.34, 2716729
0.35, 2635855
0.35, 2626168
0.35, 2624587
0.35, 2621810
0.35, 2521517
0.35, 2509644
0.35, 2504334
0.36, 2426334
0.37, 2361767
0.37, 2297642
0.37, 2283189
0.37, 2270546
0.37, 2251740
0.37, 2248350
0.37, 2221861
0.37, 2185951
0.37, 2132054
0.37, 2099930
0.41, 2082461
0.41, 2080002
0.41, 2070105
0.41, 2034195
0.43, 2023779
7.11, 2003763
