0.00, 4225306
0.00, 3946368
0.01, 3728481
0.01, 3625584
0.01, 3394430
0.01, 3367130
0.29, 3366604
0.31, 3320293
0.31, 3150501
0.31, 3086178
0.31, 2945895
0.31, 2805777
0.33, 2748763
0.33, 2713766
0.33, 2686108
0.33, 2652319
0.36, 2647726
0.37, 2552481
0.37, 2478099
0.37, 2426147
0.37, 2409311
0.37, 2407140
0.37, 2396246
0.37, 2378163
0.37, 2335364
0.37, 2282314
0.37, 2265127
0.39, 2263696
0.39, 2114100
0.39, 2089712
0.39, 2081368
0.39, 2065914
0.39, 2053791
0.39, 2047239
0.39, 2037552
0.40, 2030052
0.40, 2029184
0.41, 2003763
