0.00, 4720424
0.01, 4640543
0.01, 4584189
0.01, 4380570
0.01, 4334119
0.01, 4199955
0.01, 4107578
0.01, 3723661
0.01, 3689184
0.02, 3630996
0.05, 3576357
0.08, 3546373
0.09, 3436361
0.09, 3424682
0.16, 3423198
0.19, 3339445
0.19, 3214236
0.33, 3167634
0.33, 3060655
0.33, 2933949
0.34, 2907503
0.34, 2903508
0.34, 2890105
0.34, 2678696
0.35, 2643229
0.35, 2561598
0.35, 2546037
0.35, 2533394
0.35, 2519439
0.35, 2472830
0.35, 2431291
0.36, 2326329
0.36, 2318948
0.36, 2299083
0.36, 2295341
0.38, 2292410
0.38, 2180778
0.38, 2073751
0.38, 2070047
0.40, 2059484
0.41, 2031423
2.76, 2023779
3.94, 2017704
3.96, 2003763
