0.00, 4624875
0.00, 4535207
0.00, 4506190
0.00, 4270967
0.00, 4185446
0.00, 4184929
0.00, 4139362
0.00, 4078580
0.01, 3951791
0.01, 3939991
0.01, 3812791
0.01, 3770689
0.02, 3737423
0.03, 3683378
0.03, 3631577
0.06, 3511515
0.06, 3510367
0.06, 3504631
0.07, 3460782
0.09, 3370594
0.37, 3346332
0.38, 3193666
0.38, 3172104
0.38, 3057685
0.38, 2903910
0.38, 2833857
0.38, 2713884
0.38, 2674997
0.42, 2626343
0.42, 2595210
0.43, 2594014
0.43, 2563056
0.43, 2516547
0.43, 2465534
0.43, 2446560
0.45, 2366591
0.45, 2299090
0.45, 2298174
0.45, 2288545
0.45, 2225400
0.46, 2093330
0.46, 2090910
0.46, 2058269
0.46, 2024508
0.46, 2017704
0.47, 2003763
