0.00, 4744686
0.00, 4729426
0.00, 4673094
0.00, 4583503
0.00, 3937005
0.00, 3846135
0.03, 3833551
0.03, 3762411
0.04, 3755238
0.07, 3714910
0.07, 3521051
0.11, 3403798
0.11, 3368781
0.11, 3337658
0.32, 3327319
0.32, 3326628
0.32, 3112201
0.32, 3070348
0.32, 3057224
0.33, 2894045
0.33, 2884480
0.33, 2830270
0.33, 2801897
0.34, 2703691
0.34, 2663662
0.34, 2582006
0.34, 2533661
0.35, 2488725
0.36, 2472941
0.36, 2460087
0.36, 2422163
0.36, 2369030
0.36, 2351900
0.38, 2351516
0.38, 2329879
0.38, 2291414
0.38, 2284860
0.38, 2269194
0.39, 2267803
0.39, 2257688
0.39, 2244384
0.39, 2191941
0.39, 2166127
0.40, 2117990
0.40, 2108877
0.40, 2058468
0.41, 2031423
1.89, 2023779
3.55, 2016322
3.57, 2003763
