0.00, 4607150
0.00, 4584415
0.00, 4563884
0.00, 4303960
0.00, 4253472
0.00, 4225460
0.00, 4174199
0.00, 4159273
0.01, 4133855
0.01, 3665001
0.01, 3646612
0.01, 3622288
0.07, 3620225
0.07, 3614772
0.08, 3584220
0.09, 3527970
0.09, 3414153
0.33, 3350546
0.33, 3154487
0.33, 3054166
0.33, 2927872
0.34, 2809317
0.37, 2806489
0.37, 2773725
0.37, 2719396
0.37, 2673352
0.37, 2471445
0.38, 2458725
0.38, 2434863
0.38, 2428265
0.38, 2413718
0.38, 2283064
0.39, 2239295
0.39, 2231791
0.39, 2209924
0.40, 2197768
0.40, 2194457
0.40, 2168289
0.40, 2142678
0.41, 2129776
0.41, 2126964
0.41, 2108466
0.42, 2101481
0.42, 2100016
0.42, 2068884
0.42, 2065926
0.42, 2062635
0.44, 2034414
2.81, 2025073
2.82, 2003763
