0.00, 5232700
0.00, 4714453
0.00, 4587720
0.00, 4553325
0.00, 4351418
0.00, 4339874
0.00, 4306920
0.01, 4197830
0.01, 4177692
0.01, 4165937
0.01, 4052127
0.01, 3761269
0.02, 3571102
0.02, 3494743
0.04, 3457493
0.10, 3344717
0.29, 3320585
0.29, 3281771
0.31, 3189452
0.31, 3174093
0.31, 3158585
0.31, 3086086
0.32, 3077996
0.32, 2900873
0.33, 2833784
0.33, 2815261
0.34, 2802060
0.34, 2770761
0.34, 2761821
0.34, 2658268
0.35, 2603741
0.35, 2528655
0.36, 2497024
0.36, 2432926
0.37, 2332243
0.37, 2312727
0.37, 2290817
0.37, 2269507
0.37, 2220569
0.37, 2210882
0.37, 2194147
0.38, 2159017
0.38, 2145405
0.40, 2144875
0.40, 2142556
0.40, 2091746
0.40, 2078414
0.41, 2065926
0.41, 2055510
0.41, 2052219
0.43, 2031423
1.53, 2030263
1.53, 2016322
3.95, 2003763
