0.00, 4296447
0.00, 4105441
0.00, 4076164
0.01, 3982104
0.01, 3774388
0.01, 3762924
0.01, 3756858
0.01, 3641813
0.03, 3510917
0.03, 3489332
0.04, 3228040
0.04, 3196393
0.14, 3162528
0.14, 3135033
0.26, 3074712
0.26, 3062977
0.32, 2982809
0.34, 2920053
0.35, 2798443
0.35, 2770303
0.35, 2766656
0.35, 2764232
0.35, 2727235
0.35, 2725218
0.35, 2705011
0.36, 2669706
0.36, 2630649
0.36, 2525848
0.36, 2475434
0.36, 2459454
0.36, 2450755
0.36, 2408763
0.36, 2405743
0.36, 2380922
0.36, 2347897
0.36, 2334881
0.36, 2318601
0.36, 2318033
0.37, 2235206
0.37, 2171601
0.39, 2134086
0.40, 2126475
0.41, 2124182
0.41, 2120270
0.41, 2106657
0.41, 2068649
0.42, 2061984
0.42, 2059358
0.42, 2045745
1.56, 2037552
1.56, 2030052
1.56, 2017704
1.60, 2003763
