0.00, 4977500
0.00, 4942939
0.00, 4598208
0.00, 4576731
0.00, 4464092
0.00, 4458038
0.00, 4243866
0.01, 4150384
0.01, 4068731
0.01, 3904173
0.02, 3745095
0.02, 3588742
0.02, 3558235
0.02, 3531797
0.04, 3432204
0.06, 3215848
0.26, 3187554
0.30, 3093166
0.33, 2955187
0.34, 2838724
0.34, 2833488
0.34, 2827036
0.34, 2806512
0.35, 2718197
0.35, 2650707
0.35, 2573744
0.35, 2558012
0.35, 2525232
0.35, 2427230
0.35, 2424833
0.35, 2418062
0.35, 2414143
0.35, 2347015
0.36, 2235678
0.36, 2221657
0.37, 2218538
0.37, 2122104
0.38, 2118836
0.38, 2108442
0.38, 2106172
0.38, 2089933
0.39, 2081317
0.39, 2078222
0.39, 2075924
0.39, 2061983
0.39, 2052653
0.40, 2047662
0.41, 2031423
0.43, 2003763
