0.00, 25506
0.00, 25348
0.01, 25099
0.01, 24695
0.01, 24651
0.11, 24522
0.11, 24441
0.64, 23333
0.64, 23084
0.64, 22940
0.64, 22907
0.64, 22365
0.64, 22134
0.64, 22118
0.64, 22039
0.64, 21874
0.64, 21862
0.64, 21602
0.64, 20739
0.65, 20713
0.68, 20529
0.68, 20134
0.68, 20119
0.68, 19771
0.68, 19695
0.68, 19675
0.68, 18843
0.68, 18735
0.68, 18662
0.68, 18523
0.68, 18435
0.68, 18008
0.69, 17972
0.70, 17188
0.70, 17057
0.70, 16730
0.70, 16263
0.70, 16185
0.70, 16129
0.70, 16022
0.70, 16009
0.70, 15750
0.70, 15450
0.70, 14997
0.71, 14984
0.71, 14957
0.71, 14935
0.71, 14706
0.71, 14570
0.71, 14539
0.71, 14538
0.73, 14439
0.73, 14438
0.73, 14390
0.74, 14289
0.74, 14275
0.74, 14273
0.74, 13627
0.74, 13358
0.74, 13258
0.74, 13253
0.74, 13029
0.75, 12990
0.75, 12925
0.75, 12863
0.75, 12850
0.75, 12839
0.75, 12744
0.75, 12693
0.75, 12645
0.75, 12603
0.75, 12365
0.76, 12108
0.76, 12054
0.76, 11829
0.76, 11827
0.76, 11812
0.76, 11726
0.76, 11708
0.76, 11707
0.76, 11693
0.76, 11578
0.76, 11569
0.77, 11556
0.77, 11523
0.77, 11285
0.77, 11226
0.77, 11201
0.77, 11163
0.77, 11143
0.77, 11128
0.77, 11107
0.77, 11079
0.77, 10738
0.78, 10693
0.78, 10635
0.79, 10622
0.79, 10539
0.79, 10522
0.79, 10441
0.79, 10422
0.79, 10405
0.79, 10362
0.79, 10326
0.80, 10234
0.81, 10150
0.81, 10148
0.81, 10033
0.81, 9956
0.81, 9947
0.81, 9889
0.81, 9827
0.82, 9818
0.82, 9779
0.82, 9614
0.82, 9595
0.83, 9546
0.83, 9369
0.83, 9257
0.83, 9230
0.84, 9186
0.84, 9155
0.86, 9145
0.86, 9131
0.88, 9130
0.88, 9104
0.88, 9057
0.89, 8978
0.89, 8973
0.91, 8953
0.94, 8861
0.98, 8684
0.99, 8618
1.00, 8368
1.00, 8342
2.90, 8339
2.95, 8301
2.97, 8274
2.98, 8273
3.00, 8139
3.00, 8131
11.93, 8130
11.94, 8113
11.96, 8101
12.00, 8047
12.00, 8032
12.02, 8009
12.04, 8004
13.48, 7935
26.72, 7886
26.85, 7831
47.20, 7769
143.23, 7734
143.36, 7605
143.37, 7604
