0.00, 25866
0.06, 25694
0.06, 25100
0.11, 25051
0.17, 24987
0.17, 24619
0.27, 24368
0.41, 23957
0.70, 23750
0.73, 23619
0.73, 23373
0.73, 23259
0.73, 22930
0.75, 22838
0.75, 22587
0.75, 22087
0.75, 22016
0.79, 20837
0.79, 20189
0.79, 19700
0.79, 19463
0.79, 19391
0.83, 19379
0.83, 19156
0.83, 19052
0.83, 18349
0.83, 18087
0.83, 17677
0.84, 17633
0.84, 17401
0.84, 17394
0.84, 17311
0.84, 17286
0.84, 17262
0.84, 17106
0.84, 17090
0.84, 17067
0.84, 16704
0.84, 16550
0.84, 16545
0.84, 16392
0.84, 16091
0.84, 16088
0.84, 15827
0.84, 15810
0.84, 15728
0.84, 15725
0.84, 15512
0.86, 15426
0.86, 15312
0.86, 15261
0.86, 15180
0.86, 15039
0.86, 14536
0.87, 14494
0.87, 14458
0.87, 14448
0.87, 14215
0.87, 14142
0.87, 13992
0.87, 13978
0.87, 13871
0.87, 13737
0.87, 13515
0.88, 13350
0.88, 13216
0.88, 13198
0.88, 13196
0.89, 13185
0.89, 13095
0.89, 13006
0.89, 12901
0.89, 12892
0.89, 12617
0.89, 12548
0.89, 12413
0.90, 11943
0.90, 11920
0.90, 11909
0.90, 11887
0.91, 11822
0.91, 11815
0.91, 11804
0.91, 11764
0.91, 11625
0.91, 11525
0.91, 11491
0.91, 11419
0.92, 11332
0.92, 11270
0.92, 11173
0.92, 11116
0.93, 11084
0.93, 10979
0.93, 10950
0.93, 10932
0.93, 10857
0.94, 10417
0.94, 10330
0.94, 10284
0.95, 10222
0.96, 10209
0.96, 10176
0.96, 10168
0.96, 10083
0.97, 10055
0.97, 10027
0.98, 10017
0.98, 9872
0.98, 9854
0.99, 9843
0.99, 9635
0.99, 9616
0.99, 9600
1.00, 9577
1.00, 9569
1.01, 9508
1.02, 9486
1.02, 9482
1.02, 9469
1.03, 9421
1.03, 9330
1.03, 9284
1.03, 9240
1.03, 9119
1.04, 9118
1.04, 9065
1.04, 9040
1.05, 9016
1.09, 9014
1.10, 8965
1.10, 8878
1.11, 8847
1.12, 8703
1.16, 8694
1.22, 8520
1.25, 8418
3.09, 8346
3.16, 8086
6.48, 8073
13.44, 8066
13.45, 8037
13.45, 8030
13.66, 8024
22.26, 7811
22.26, 7762
22.32, 7760
22.48, 7670
166.35, 7657
