0.00, 27366
0.00, 27334
0.01, 27176
0.01, 26055
0.01, 25842
0.01, 25830
0.01, 25366
0.01, 25365
0.01, 24958
0.01, 24760
0.04, 23822
0.04, 23744
0.04, 23647
0.04, 23517
0.74, 23489
0.74, 23407
0.76, 22480
0.76, 22303
0.79, 22240
0.79, 22231
0.79, 22132
0.79, 22100
0.79, 21996
0.79, 21924
0.79, 21805
0.79, 21681
0.79, 21504
0.79, 21195
0.79, 21170
0.79, 20886
0.79, 20857
0.79, 20391
0.79, 19646
0.79, 19485
0.80, 19474
0.80, 19453
0.80, 19355
0.80, 19014
0.80, 18911
0.80, 18898
0.80, 18886
0.80, 18724
0.80, 18262
0.80, 18237
0.80, 18229
0.80, 18103
0.81, 18075
0.81, 18065
0.81, 17861
0.81, 17839
0.83, 17650
0.83, 17621
0.83, 17108
0.83, 17067
0.83, 16417
0.84, 16254
0.84, 16147
0.84, 15973
0.84, 15882
0.84, 15860
0.84, 15766
0.84, 15543
0.84, 15437
0.84, 14761
0.84, 14279
0.84, 14247
0.84, 14236
0.84, 14165
0.84, 13742
0.84, 13642
0.84, 13392
0.84, 13307
0.85, 13280
0.85, 13218
0.85, 13079
0.85, 12942
0.85, 12794
0.85, 12509
0.85, 12501
0.85, 12093
0.85, 12053
0.85, 11970
0.85, 11747
0.86, 11645
0.86, 11640
0.86, 11521
0.86, 11446
0.86, 11440
0.86, 11412
0.86, 11368
0.86, 11349
0.86, 11345
0.86, 11026
0.86, 10997
0.86, 10618
0.87, 10456
0.87, 10350
0.87, 10176
0.87, 10151
0.87, 10142
0.87, 10072
0.87, 9970
0.87, 9941
0.87, 9877
0.88, 9785
0.88, 9724
0.88, 9654
0.88, 9626
0.89, 9581
0.89, 9452
0.89, 9356
0.89, 9330
0.89, 9327
0.89, 9296
0.89, 9268
0.89, 9217
0.90, 9183
0.90, 9145
0.90, 8883
0.90, 8825
0.90, 8546
0.91, 8540
0.91, 8512
0.92, 8481
0.93, 8380
0.94, 8355
0.96, 8193
0.96, 8153
0.96, 8026
0.98, 8003
1.00, 7999
1.03, 7998
1.07, 7979
1.07, 7946
1.11, 7945
34.98, 7892
34.99, 7870
35.03, 7856
48.08, 7785
70.22, 7757
70.23, 7756
70.24, 7733
70.26, 7684
70.26, 7675
70.31, 7670
70.32, 7623
270.70, 7621
270.70, 7542
