0.00, 26593
0.00, 25803
0.00, 25661
0.08, 25433
0.13, 25302
0.17, 25265
0.23, 25068
0.23, 24849
0.23, 24621
0.37, 24610
0.37, 24606
0.37, 24258
0.37, 24220
0.62, 24031
0.66, 23911
0.66, 23875
0.66, 23871
0.66, 23713
0.66, 23603
0.66, 23434
0.66, 23400
0.66, 23369
0.66, 23280
0.66, 22372
0.67, 21776
0.67, 20804
0.67, 20760
0.67, 20654
0.67, 20652
0.67, 20511
0.68, 20396
0.68, 20339
0.68, 20104
0.68, 19757
0.68, 19441
0.68, 19326
0.68, 19274
0.70, 19256
0.70, 19192
0.70, 19060
0.70, 18824
0.70, 18802
0.70, 18795
0.71, 18189
0.71, 18030
0.71, 17907
0.71, 17846
0.71, 17639
0.71, 17426
0.71, 17366
0.71, 17360
0.71, 16834
0.71, 16454
0.71, 16205
0.71, 16193
0.71, 16090
0.71, 15662
0.71, 15195
0.71, 14983
0.71, 14820
0.71, 14818
0.71, 14813
0.71, 14790
0.71, 14721
0.71, 14716
0.72, 13859
0.72, 13730
0.72, 13564
0.72, 13480
0.72, 13415
0.72, 13282
0.72, 13032
0.72, 13029
0.72, 12732
0.72, 12656
0.72, 12540
0.72, 12455
0.74, 12451
0.74, 12169
0.75, 12129
0.75, 11919
0.75, 11820
0.75, 11756
0.75, 11719
0.75, 11553
0.75, 11396
0.75, 11118
0.75, 11065
0.76, 11045
0.76, 10822
0.76, 10808
0.76, 10773
0.77, 10724
0.77, 10690
0.77, 10649
0.77, 10623
0.77, 10593
0.77, 10558
0.78, 10420
0.78, 9830
0.78, 9810
0.78, 9809
0.78, 9539
0.78, 9416
0.78, 9353
0.78, 9350
0.79, 9267
0.79, 9164
0.79, 9020
0.80, 8944
0.80, 8835
0.80, 8826
0.80, 8747
0.80, 8737
0.82, 8726
0.82, 8710
0.83, 8650
0.83, 8600
0.83, 8598
0.85, 8570
0.85, 8458
0.85, 8403
0.85, 8258
0.85, 8203
0.85, 8127
0.86, 8101
0.86, 8084
0.86, 8075
0.87, 8069
0.88, 8068
0.91, 8046
0.92, 7988
0.93, 7987
0.93, 7883
0.93, 7872
0.96, 7865
1.03, 7859
21.74, 7852
30.13, 7799
30.21, 7798
30.22, 7775
265.49, 7694
265.50, 7667
265.50, 7644
265.53, 7632
265.57, 7613
265.60, 7611
265.63, 7592
265.65, 7570
265.72, 7547
265.77, 7542
