0.00, 26273
0.02, 26134
0.02, 26109
0.02, 25876
0.02, 25368
0.02, 25297
0.02, 25218
0.02, 25044
0.09, 24921
0.09, 23748
0.09, 23173
0.64, 22841
0.65, 22779
0.65, 22725
0.65, 22556
0.65, 22372
0.65, 22284
0.69, 22077
0.69, 21722
0.69, 21498
0.69, 21463
0.69, 21451
0.69, 20009
0.69, 19812
0.69, 19747
0.69, 19715
0.69, 19351
0.69, 19294
0.69, 19176
0.69, 19137
0.69, 18969
0.70, 18877
0.70, 17754
0.71, 17753
0.71, 17660
0.71, 17253
0.71, 17208
0.71, 16937
0.71, 16762
0.71, 16663
0.71, 16638
0.71, 16194
0.71, 15388
0.71, 15350
0.71, 15245
0.71, 15172
0.72, 14979
0.73, 14726
0.73, 14720
0.73, 14717
0.73, 14665
0.74, 14417
0.74, 14393
0.74, 14384
0.74, 14061
0.74, 13695
0.74, 13647
0.74, 13259
0.75, 13237
0.75, 13117
0.75, 13053
0.75, 12981
0.75, 12972
0.75, 12952
0.75, 12705
0.75, 12668
0.75, 12592
0.75, 12591
0.75, 12560
0.75, 12559
0.75, 12534
0.75, 12262
0.75, 12121
0.75, 12117
0.75, 12037
0.75, 11955
0.76, 11918
0.77, 11916
0.77, 11846
0.77, 11805
0.77, 11793
0.77, 11661
0.78, 11488
0.78, 11487
0.78, 11452
0.78, 11441
0.78, 11409
0.78, 11394
0.78, 11288
0.78, 11193
0.80, 11132
0.80, 10983
0.80, 10949
0.80, 10686
0.81, 10575
0.81, 10480
0.81, 10439
0.82, 10431
0.82, 10416
0.82, 10396
0.82, 10394
0.83, 10382
0.83, 10336
0.83, 10281
0.83, 10267
0.83, 10200
0.83, 10167
0.83, 9849
0.84, 9556
0.84, 9471
0.84, 9364
0.84, 9312
0.85, 9294
0.85, 9285
0.85, 9218
0.85, 9128
0.86, 8879
0.86, 8616
0.86, 8614
0.87, 8559
0.88, 8458
0.88, 8437
0.88, 8420
0.88, 8418
0.89, 8376
0.92, 8319
0.95, 8318
4.67, 8307
4.68, 8160
4.79, 8159
4.80, 8155
4.82, 8143
4.83, 8107
4.97, 8078
8.19, 8074
8.21, 8069
8.21, 8068
8.33, 8045
55.08, 8043
58.75, 7981
58.76, 7966
58.76, 7965
58.76, 7833
59.08, 7804
133.85, 7747
133.92, 7741
230.10, 7730
230.12, 7657
230.13, 7651
230.14, 7569
230.20, 7542
