0.00, 25944
0.00, 25455
0.00, 25440
0.00, 25412
0.00, 25247
0.00, 25096
0.00, 24706
0.00, 23828
0.00, 23631
0.00, 23601
0.00, 23520
0.66, 23162
0.67, 22851
0.67, 21839
0.67, 21755
0.67, 21714
0.67, 21463
0.67, 21260
0.67, 20970
0.70, 20649
0.70, 20618
0.70, 20172
0.70, 20042
0.70, 20016
0.70, 20009
0.70, 19361
0.70, 19042
0.70, 19032
0.70, 19019
0.70, 18751
0.70, 18626
0.70, 18390
0.70, 18388
0.70, 18332
0.70, 17828
0.70, 17770
0.70, 17708
0.70, 17286
0.72, 17162
0.72, 17119
0.72, 17105
0.72, 17086
0.72, 17069
0.72, 16968
0.72, 16798
0.72, 16622
0.72, 16601
0.72, 16399
0.72, 16382
0.72, 15857
0.72, 15713
0.72, 15628
0.72, 15602
0.72, 15361
0.72, 15226
0.72, 15184
0.72, 15073
0.72, 15071
0.73, 14745
0.73, 14618
0.73, 14476
0.73, 14456
0.73, 14422
0.74, 14341
0.74, 14242
0.74, 14083
0.74, 14031
0.74, 13506
0.74, 13470
0.74, 13438
0.74, 13359
0.74, 13294
0.74, 13274
0.74, 13196
0.74, 12928
0.75, 12888
0.75, 12638
0.75, 12632
0.75, 12493
0.75, 12296
0.75, 11931
0.75, 11905
0.75, 11761
0.75, 11619
0.75, 11579
0.75, 11537
0.76, 11498
0.76, 11496
0.76, 11460
0.76, 11281
0.77, 11233
0.77, 11175
0.78, 11092
0.78, 11091
0.78, 10929
0.78, 10825
0.78, 10823
0.78, 10792
0.78, 10729
0.79, 10689
0.79, 10654
0.79, 10604
0.79, 10536
0.80, 10413
0.80, 10277
0.80, 10143
0.80, 10081
0.81, 9859
0.81, 9838
0.81, 9824
0.81, 9785
0.82, 9664
0.82, 9629
0.82, 9605
0.83, 9574
0.83, 9548
0.83, 9544
0.84, 9523
0.84, 9519
0.84, 9491
0.84, 9482
0.84, 9478
0.84, 9457
0.84, 9451
0.84, 9431
0.84, 9286
0.85, 9096
0.85, 9086
0.86, 9053
0.86, 9020
0.86, 8980
0.86, 8931
0.86, 8930
0.87, 8907
0.87, 8877
0.88, 8847
0.88, 8841
0.88, 8833
0.88, 8818
0.92, 8786
0.93, 8733
0.95, 8716
0.96, 8713
0.97, 8648
1.01, 8638
1.02, 8630
1.04, 8598
1.04, 8545
1.07, 8417
1.08, 8367
1.08, 8210
1.09, 8209
1.09, 8075
1.09, 8057
1.14, 8047
1.17, 7923
1.30, 7859
1.32, 7802
1.39, 7797
84.73, 7726
84.78, 7695
84.80, 7672
187.73, 7663
187.73, 7577
187.74, 7576
187.75, 7565
187.77, 7542
