0.00, 25935
0.00, 25577
0.00, 25275
0.00, 25107
0.06, 24808
0.06, 24577
0.06, 24298
0.06, 24077
0.06, 23947
0.06, 23757
0.11, 23727
0.65, 23660
0.65, 23583
0.65, 23079
0.68, 23054
0.68, 22903
0.68, 22814
0.68, 21950
0.68, 21642
0.68, 21452
0.70, 21149
0.70, 21078
0.70, 20992
0.70, 20646
0.70, 20415
0.70, 20397
0.70, 20199
0.70, 20187
0.70, 20107
0.70, 20061
0.70, 19367
0.70, 19305
0.70, 18774
0.71, 18664
0.71, 18443
0.71, 18442
0.71, 18152
0.71, 18103
0.71, 18059
0.71, 18035
0.71, 17878
0.71, 17706
0.72, 17654
0.72, 17509
0.72, 17507
0.73, 17175
0.73, 16966
0.73, 16953
0.73, 16939
0.73, 16839
0.73, 16824
0.73, 16727
0.73, 16708
0.73, 16624
0.73, 16535
0.73, 16490
0.73, 16436
0.73, 16434
0.73, 16419
0.73, 16175
0.73, 16103
0.73, 15860
0.74, 15532
0.74, 15529
0.74, 15331
0.74, 15201
0.74, 15057
0.74, 14816
0.74, 14815
0.74, 14639
0.74, 14346
0.74, 14077
0.74, 13950
0.74, 13766
0.74, 13738
0.74, 13698
0.74, 13632
0.75, 13257
0.75, 13213
0.75, 13152
0.75, 12695
0.75, 12669
0.75, 12586
0.75, 12379
0.75, 12356
0.75, 12248
0.76, 12234
0.76, 12185
0.76, 12171
0.76, 11933
0.76, 11911
0.76, 11734
0.76, 11223
0.77, 11221
0.77, 11211
0.77, 11009
0.77, 10814
0.77, 10777
0.77, 10771
0.77, 10769
0.77, 10766
0.77, 10761
0.77, 10752
0.77, 10634
0.77, 10489
0.78, 10440
0.78, 10408
0.78, 10317
0.78, 10255
0.78, 10013
0.78, 10012
0.78, 9935
0.78, 9931
0.78, 9784
0.79, 9768
0.79, 9617
0.79, 9496
0.79, 9432
0.79, 9421
0.79, 9308
0.79, 9274
0.82, 9216
0.82, 9202
0.83, 9173
0.83, 9130
0.84, 9099
0.84, 9083
0.85, 9069
0.85, 9049
0.85, 9038
0.85, 9026
0.86, 8950
0.88, 8945
0.92, 8931
0.93, 8916
0.94, 8909
0.95, 8888
0.95, 8861
0.96, 8848
0.96, 8816
0.99, 8790
1.09, 8694
1.18, 8683
1.18, 8660
2.47, 8595
2.47, 8577
2.48, 8568
2.48, 8487
2.50, 8482
2.50, 8457
2.52, 8442
2.52, 8406
2.53, 8404
2.53, 8270
2.54, 8213
2.55, 8118
2.56, 8084
2.56, 8008
2.56, 7995
2.57, 7983
2.58, 7977
2.58, 7971
2.59, 7946
2.59, 7919
2.60, 7911
17.70, 7773
17.70, 7754
17.72, 7753
17.77, 7699
17.88, 7676
518.39, 7566
518.40, 7565
518.40, 7542
