0.00, 24941
0.02, 24497
0.02, 24124
0.02, 23720
0.69, 23562
0.69, 23373
0.70, 22882
0.70, 21785
0.77, 21504
0.78, 21476
0.78, 21152
0.78, 21126
0.78, 20504
0.78, 19653
0.78, 19473
0.78, 19101
0.78, 18777
0.78, 18740
0.78, 18493
0.78, 18001
0.79, 17678
0.79, 17527
0.79, 17432
0.79, 17400
0.80, 17252
0.80, 17187
0.80, 17046
0.80, 16786
0.80, 16717
0.80, 16289
0.80, 15981
0.80, 15396
0.80, 15309
0.80, 15101
0.82, 15090
0.83, 14620
0.83, 14586
0.83, 14216
0.83, 13936
0.83, 13933
0.83, 13741
0.84, 13663
0.84, 13342
0.84, 13065
0.84, 13056
0.84, 12925
0.84, 12727
0.84, 12710
0.84, 12677
0.84, 12610
0.85, 12599
0.85, 12577
0.85, 12477
0.85, 12449
0.85, 12292
0.85, 12257
0.85, 12084
0.86, 11916
0.86, 11753
0.86, 11727
0.86, 11721
0.87, 11584
0.87, 11570
0.87, 11566
0.87, 11406
0.87, 11365
0.87, 11284
0.88, 11025
0.88, 10785
0.88, 10742
0.88, 10635
0.88, 10491
0.88, 10426
0.88, 10411
0.88, 10392
0.88, 10316
0.89, 10279
0.89, 10277
0.89, 10234
0.89, 10217
0.89, 10211
0.89, 10202
0.89, 10193
0.90, 10012
0.90, 10007
0.90, 9936
0.90, 9931
0.90, 9930
0.91, 9908
0.91, 9849
0.91, 9785
0.92, 9724
0.92, 9672
0.92, 9655
0.92, 9633
0.92, 9504
0.93, 9437
0.93, 9127
0.95, 9101
0.95, 9082
0.95, 9050
0.96, 8866
0.96, 8792
0.97, 8791
0.97, 8695
0.98, 8679
0.98, 8673
0.98, 8671
1.00, 8542
1.00, 8522
1.03, 8482
1.06, 8478
1.06, 8294
1.06, 8283
1.09, 8269
1.09, 8258
1.09, 8253
1.11, 8238
1.12, 8207
1.14, 8200
1.20, 8186
1.26, 7854
1.28, 7800
1.32, 7777
1.63, 7758
220.15, 7681
