0.00, 25944
0.00, 25455
0.00, 25440
0.00, 25412
0.00, 25247
0.00, 25096
0.00, 24706
0.00, 23828
0.00, 23631
0.00, 23601
0.00, 23520
0.59, 23467
0.59, 22785
0.59, 22382
0.59, 22106
1.54, 22022
1.54, 21997
1.54, 21894
1.54, 21624
1.54, 21614
1.54, 21212
1.54, 21189
1.54, 21135
1.54, 21104
1.54, 21099
1.54, 21060
1.54, 20964
1.54, 20415
1.54, 20397
1.54, 20234
1.54, 20044
1.55, 20026
1.55, 19884
1.55, 19685
1.55, 19618
1.55, 19611
1.55, 19592
1.56, 19543
1.56, 19528
1.56, 19468
1.56, 19093
1.56, 18760
1.56, 18328
1.56, 18249
1.57, 17583
1.57, 17478
1.57, 17418
1.58, 17407
1.58, 17152
1.58, 16731
1.58, 16643
1.58, 16630
1.58, 16580
1.58, 16525
1.59, 16091
1.59, 15896
1.59, 15639
1.59, 15504
1.59, 15432
1.59, 15124
1.59, 14902
1.59, 14894
1.59, 14875
1.59, 14860
1.59, 14848
1.59, 14797
1.59, 14208
1.59, 14020
1.59, 13840
1.59, 13705
1.60, 13576
1.60, 13563
1.60, 13560
1.60, 13526
1.60, 13320
1.60, 13182
1.60, 13167
1.60, 12988
1.60, 12911
1.60, 12893
1.61, 12845
1.61, 12705
1.61, 12632
1.61, 12631
1.62, 12598
1.62, 12453
1.62, 12318
1.62, 12272
1.62, 12235
1.62, 12224
1.62, 12197
1.63, 12134
1.63, 12102
1.63, 11973
1.63, 11902
1.63, 11801
1.63, 11730
1.63, 11692
1.63, 11520
1.63, 11512
1.63, 11509
1.64, 11499
1.64, 11479
1.64, 11422
1.64, 11414
1.64, 11252
1.64, 11226
1.64, 11118
1.64, 11093
1.64, 10951
1.64, 10788
1.64, 10688
1.64, 10333
1.64, 10150
1.64, 10083
1.65, 10081
1.65, 10050
1.66, 10045
1.67, 10025
1.67, 9988
1.67, 9983
1.67, 9711
1.68, 9693
1.68, 9540
1.68, 9536
1.68, 9471
1.68, 9458
1.68, 9427
1.68, 9424
1.68, 9380
1.69, 9341
1.69, 9204
1.70, 9197
1.70, 9141
1.71, 9091
1.72, 8959
1.72, 8943
1.72, 8906
1.73, 8749
1.74, 8730
1.74, 8464
1.74, 8463
1.74, 8320
1.75, 8187
4.37, 8174
7.04, 8003
19.60, 7960
19.60, 7934
19.61, 7906
19.62, 7895
19.62, 7842
19.67, 7799
19.68, 7765
19.69, 7661
19.70, 7647
19.71, 7637
19.76, 7623
150.88, 7619
150.88, 7596
