0.00, 2885313
0.00, 2805723
0.00, 2798017
0.01, 2789643
0.01, 2782409
0.01, 2659035
0.01, 2640862
0.01, 2609319
0.01, 2560384
0.01, 2553036
0.01, 2525619
0.01, 2525425
0.04, 2507761
0.04, 2469338
0.06, 2420676
0.09, 2416721
0.13, 2415400
0.20, 2388246
0.25, 2377819
0.25, 2345933
0.31, 2308151
0.42, 2306193
0.42, 2298812
0.43, 2290931
0.43, 2266998
0.45, 2264899
0.45, 2260393
0.45, 2231045
0.45, 2224098
0.45, 2193097
0.45, 2168441
0.46, 2140525
0.46, 2136903
0.46, 2136618
0.46, 2134438
0.46, 2106988
0.48, 2079169
0.48, 2067044
0.49, 2014957
0.49, 1927789
0.49, 1905356
0.49, 1901478
0.49, 1871326
0.49, 1864965
0.50, 1772619
0.50, 1770348
0.50, 1724181
0.50, 1713441
0.50, 1702350
0.50, 1689504
0.51, 1685256
0.51, 1662857
0.51, 1641371
0.51, 1637454
0.51, 1635832
0.51, 1618795
0.52, 1616291
0.52, 1615511
0.52, 1612724
0.52, 1594099
0.52, 1593980
0.52, 1592115
0.52, 1532717
0.52, 1529312
0.52, 1505095
0.52, 1481867
0.52, 1476091
0.52, 1464389
0.52, 1462389
0.52, 1427740
0.52, 1399858
0.53, 1385508
0.53, 1324151
0.53, 1305932
0.53, 1304271
0.53, 1293257
0.53, 1275973
0.54, 1274955
0.54, 1274571
0.54, 1271687
0.54, 1248876
0.54, 1242749
0.54, 1241407
0.55, 1236498
0.55, 1226199
0.55, 1224612
0.56, 1219834
0.56, 1217190
0.57, 1189590
0.57, 1183247
0.57, 1180603
0.57, 1170208
0.57, 1166945
0.57, 1153051
0.57, 1150183
0.57, 1126271
0.57, 1114718
0.58, 1099040
0.58, 1093765
0.58, 1088522
0.60, 1071874
0.60, 1061794
0.60, 1047967
0.60, 1036422
0.61, 1035000
0.61, 1032314
0.61, 1027585
0.61, 1007978
0.62, 993188
0.63, 991766
0.65, 975541
0.65, 955344
0.66, 954793
0.67, 952593
0.70, 949785
0.71, 949234
0.75, 947618
0.77, 946917
2.22, 941789
2.22, 936827
2.42, 933681
2.43, 932065
3.82, 928765
3.94, 926373
5.32, 925853
5.33, 925643
5.33, 925479
5.33, 920727
5.34, 916168
5.35, 916122
10.27, 910326
10.28, 909900
10.28, 905794
10.28, 905613
10.29, 903327
14.04, 901768
14.05, 895400
14.06, 894300
14.08, 894087
14.16, 893536
