0.00, 2738705
0.00, 2693897
0.00, 2663356
0.00, 2660787
0.00, 2644430
0.01, 2599462
0.01, 2575879
0.01, 2524098
0.01, 2515898
0.01, 2510761
0.02, 2469895
0.02, 2463633
0.05, 2422522
0.13, 2396707
0.13, 2384365
0.13, 2380474
0.18, 2322756
0.40, 2280353
0.40, 2270396
0.54, 2185895
0.54, 2160255
0.54, 2135876
0.54, 2127301
0.55, 2125783
0.55, 2086902
0.55, 1983803
0.55, 1963910
0.55, 1950612
0.55, 1943331
0.55, 1872470
0.55, 1868140
0.55, 1858685
0.55, 1851081
0.57, 1765534
0.57, 1723233
0.60, 1670527
0.60, 1651195
0.60, 1644121
0.60, 1543646
0.60, 1540501
0.60, 1493243
0.60, 1451278
0.60, 1450372
0.60, 1449755
0.61, 1438389
0.61, 1416128
0.61, 1404989
0.61, 1327501
0.61, 1324738
0.61, 1286744
0.61, 1278591
0.61, 1274397
0.62, 1264382
0.62, 1262435
0.62, 1252074
0.62, 1226733
0.63, 1223865
0.63, 1222431
0.64, 1222163
0.64, 1213139
0.65, 1200416
0.65, 1195409
0.65, 1186968
0.65, 1186926
0.65, 1184785
0.66, 1161397
0.66, 1152116
0.66, 1142959
0.67, 1126357
0.67, 1107008
0.67, 1103501
0.67, 1099538
0.67, 1096465
0.67, 1095693
0.67, 1074835
0.68, 1053608
0.68, 1040369
0.68, 1038011
0.69, 1033837
0.69, 1031200
0.71, 1027423
0.71, 1027273
0.71, 1026722
0.71, 1011110
0.71, 1005529
0.72, 1003497
0.74, 976520
0.74, 960627
0.74, 960585
0.76, 956556
0.76, 956005
0.77, 954583
0.77, 944374
0.78, 940521
0.79, 939970
0.80, 938946
0.81, 938910
0.82, 931746
0.87, 931565
0.91, 931487
0.92, 923595
0.93, 923385
0.93, 917329
0.97, 912723
8.56, 906669
8.57, 904593
8.58, 903171
8.62, 902890
8.63, 898284
8.66, 898074
31.70, 896824
31.71, 896114
133.58, 895706
133.65, 894606
