0.00, 2808038
0.00, 2700692
0.00, 2688750
0.00, 2663076
0.01, 2644662
0.01, 2621286
0.01, 2607246
0.01, 2590719
0.01, 2580347
0.06, 2542653
0.06, 2519785
0.07, 2486954
0.07, 2441367
0.07, 2414809
0.25, 2397227
0.25, 2377527
0.25, 2334193
0.29, 2312989
0.29, 2287567
0.29, 2279006
0.29, 2256382
0.48, 2247123
0.48, 2218488
0.48, 2150048
0.48, 2106222
0.49, 2097437
0.49, 2091815
0.50, 2068406
0.50, 2049453
0.50, 2028317
0.50, 2019511
0.50, 2007281
0.52, 1945272
0.52, 1901589
0.52, 1879150
0.52, 1827908
0.52, 1821638
0.52, 1753294
0.52, 1751952
0.52, 1727183
0.52, 1726810
0.52, 1674140
0.52, 1651089
0.53, 1639425
0.53, 1615016
0.55, 1600989
0.55, 1579038
0.55, 1578908
0.55, 1575929
0.56, 1555700
0.56, 1536594
0.56, 1529834
0.56, 1522715
0.56, 1517055
0.56, 1515011
0.56, 1508541
0.56, 1486922
0.56, 1452904
0.56, 1425679
0.56, 1394196
0.57, 1347276
0.57, 1305288
0.57, 1289041
0.57, 1285139
0.57, 1235827
0.60, 1235654
0.60, 1203802
0.60, 1199056
0.61, 1188050
0.61, 1181071
0.61, 1176568
0.61, 1164145
0.61, 1163713
0.61, 1158648
0.61, 1157296
0.61, 1143440
0.61, 1136946
0.61, 1126201
0.61, 1106600
0.61, 1087207
0.61, 1082254
0.61, 1078640
0.62, 1057983
0.62, 1057070
0.62, 1054320
0.62, 1034985
0.62, 1033403
0.62, 1030438
0.63, 1030311
0.64, 1028973
0.64, 1024527
0.64, 994322
0.65, 993747
0.65, 991264
0.65, 989567
0.65, 984185
0.65, 976595
0.66, 958350
0.66, 957164
0.67, 947617
0.67, 947148
0.67, 947061
0.67, 941388
0.68, 940924
0.68, 940024
0.74, 935062
2.33, 933866
2.35, 933192
2.36, 930709
2.36, 927764
2.38, 924554
2.38, 924344
2.39, 924295
2.43, 923195
2.46, 922914
4.00, 921218
4.05, 921176
7.30, 920810
7.31, 920109
7.32, 916451
10.75, 914780
10.75, 914567
10.76, 914016
10.92, 913970
10.92, 911770
25.64, 909916
25.65, 909141
25.70, 908960
32.27, 906358
32.27, 906145
32.29, 896358
32.30, 896145
32.34, 895935
73.99, 894159
