0.00, 2773215
0.00, 2754740
0.00, 2735009
0.00, 2726701
0.01, 2579734
0.01, 2574966
0.01, 2520990
0.01, 2508671
0.02, 2495834
0.02, 2470994
0.02, 2411761
0.02, 2400266
0.02, 2323126
0.46, 2286631
0.49, 2254248
0.49, 2180701
0.49, 2165695
0.49, 2139206
0.49, 2130932
0.49, 2117567
0.49, 1969988
0.49, 1956540
0.49, 1904157
0.49, 1878387
0.49, 1808775
0.52, 1774254
0.52, 1722674
0.52, 1711298
0.52, 1709881
0.52, 1703610
0.52, 1701847
0.52, 1673575
0.52, 1662996
0.52, 1628519
0.52, 1618889
0.52, 1611435
0.53, 1610916
0.53, 1588412
0.53, 1582645
0.53, 1540191
0.53, 1535342
0.53, 1535197
0.53, 1520697
0.53, 1516599
0.53, 1491337
0.53, 1480249
0.53, 1472400
0.53, 1462180
0.53, 1422890
0.53, 1420674
0.53, 1401178
0.53, 1397819
0.55, 1394981
0.55, 1384480
0.55, 1358177
0.55, 1340993
0.55, 1237357
0.56, 1236893
0.56, 1233652
0.56, 1232573
0.56, 1230373
0.56, 1219962
0.56, 1218790
0.56, 1214182
0.56, 1152873
0.56, 1152103
0.56, 1138582
0.56, 1133367
0.57, 1132560
0.57, 1127501
0.57, 1120071
0.58, 1112615
0.58, 1108726
0.58, 1104811
0.58, 1082864
0.58, 1078804
0.58, 1067482
0.58, 1064238
0.58, 1059936
0.58, 1056227
0.58, 1030596
0.60, 1024556
0.61, 1018842
0.61, 1011211
0.61, 1009794
0.61, 1002842
0.61, 998087
0.61, 993559
0.61, 991126
0.62, 980009
0.62, 978587
0.62, 971048
0.63, 964342
0.63, 956345
0.63, 954173
0.63, 954100
0.64, 948485
0.64, 948275
0.64, 948167
0.64, 947881
0.64, 938477
0.66, 926722
0.74, 924285
5.84, 913794
5.88, 911066
5.88, 910970
5.91, 910260
5.92, 910050
5.95, 900911
5.96, 900360
6.01, 898074
17.63, 897392
17.63, 896841
17.80, 896631
443.84, 895519
514.22, 894197
