0.00, 2835842
0.00, 2798969
0.00, 2638709
0.01, 2501287
0.03, 2457561
0.03, 2447244
0.03, 2440188
0.10, 2383052
0.10, 2314994
0.37, 2295409
0.39, 2216175
0.49, 2196320
0.49, 2182105
0.49, 2114188
0.51, 2091263
0.52, 2081524
0.52, 2081384
0.52, 2078300
0.52, 2078268
0.52, 2073316
0.52, 2050960
0.52, 2009775
0.53, 1989197
0.53, 1913447
0.53, 1913366
0.53, 1903879
0.53, 1902947
0.54, 1862809
0.54, 1851117
0.54, 1831860
0.54, 1809684
0.54, 1793171
0.54, 1741280
0.54, 1715157
0.54, 1678747
0.55, 1670587
0.55, 1582613
0.55, 1577279
0.55, 1571489
0.55, 1567410
0.55, 1565673
0.55, 1560077
0.55, 1558730
0.55, 1540741
0.55, 1538825
0.55, 1497709
0.55, 1484109
0.55, 1468669
0.55, 1458182
0.55, 1441877
0.56, 1440264
0.56, 1403306
0.56, 1381894
0.56, 1381863
0.56, 1359681
0.56, 1349766
0.56, 1334871
0.56, 1334725
0.56, 1317653
0.56, 1309736
0.56, 1291002
0.56, 1274204
0.58, 1271624
0.58, 1269057
0.58, 1259828
0.58, 1259297
0.58, 1201882
0.59, 1187538
0.59, 1187205
0.59, 1161920
0.59, 1151962
0.59, 1151341
0.59, 1143835
0.59, 1139087
0.60, 1132253
0.60, 1129942
0.60, 1112655
0.60, 1105159
0.60, 1086285
0.61, 1085020
0.61, 1083723
0.62, 1074143
0.62, 1068133
0.62, 1060594
0.62, 1020377
0.63, 1013660
0.63, 1009396
0.63, 1007699
0.64, 1004821
0.64, 1001541
0.64, 992739
0.64, 976349
0.65, 966499
0.65, 956709
0.65, 953597
0.66, 943597
0.67, 941900
0.67, 940004
0.68, 939794
0.78, 923569
0.79, 923523
3.92, 919402
3.93, 918092
3.93, 914434
3.94, 914403
3.95, 912203
3.95, 911647
3.96, 909482
3.98, 908160
3.98, 907609
4.01, 907399
4.03, 907118
4.03, 907010
4.09, 906846
43.60, 904728
43.61, 896594
43.63, 896413
43.65, 895267
369.34, 895082
392.90, 894858
