0.00, 2787301
0.00, 2782069
0.00, 2779925
0.00, 2749269
0.00, 2711555
0.00, 2699921
0.00, 2699217
0.02, 2549629
0.02, 2541537
0.02, 2519823
0.02, 2471711
0.02, 2435346
0.10, 2431695
0.12, 2381657
0.12, 2348910
0.26, 2312583
0.35, 2280825
0.40, 2199221
0.40, 2157418
0.41, 2073982
0.42, 2061681
0.42, 2042315
0.42, 2023410
0.42, 2017201
0.42, 2017019
0.42, 1991470
0.42, 1982104
0.42, 1970023
0.44, 1961461
0.44, 1958512
0.44, 1956679
0.44, 1887998
0.46, 1871621
0.46, 1830041
0.46, 1818274
0.46, 1761214
0.46, 1754439
0.46, 1727454
0.46, 1708717
0.46, 1707313
0.46, 1700984
0.47, 1646700
0.47, 1559626
0.48, 1517908
0.48, 1515220
0.48, 1510048
0.48, 1509521
0.48, 1496683
0.48, 1485629
0.48, 1479479
0.48, 1477274
0.48, 1442529
0.48, 1427762
0.48, 1353794
0.48, 1319657
0.48, 1312538
0.48, 1303681
0.48, 1297803
0.49, 1281354
0.49, 1269867
0.49, 1227260
0.49, 1227173
0.49, 1224585
0.49, 1216130
0.51, 1187176
0.51, 1166662
0.51, 1158780
0.51, 1131543
0.51, 1123359
0.51, 1102980
0.51, 1098432
0.51, 1098208
0.51, 1086176
0.52, 1084814
0.52, 1074359
0.52, 1056604
0.53, 1055182
0.53, 1052373
0.53, 1038611
0.54, 1036083
0.54, 1032694
0.54, 1025736
0.54, 1019292
0.54, 1016302
0.54, 1007528
0.55, 996708
0.55, 991979
0.55, 989580
0.55, 980135
0.55, 971204
0.55, 968692
0.56, 947368
0.56, 937301
0.58, 927979
0.58, 925587
0.58, 925377
0.58, 920444
0.59, 908970
0.59, 908760
0.69, 906096
0.69, 905574
17.21, 902631
17.25, 902418
17.27, 898361
44.34, 896358
44.34, 896145
44.37, 895935
379.06, 895900
379.06, 893746
379.08, 893536
