0.00, 2803439
0.00, 2792470
0.00, 2732043
0.00, 2691588
0.00, 2597647
0.00, 2538038
0.01, 2528885
0.01, 2526578
0.01, 2484925
0.04, 2452552
0.08, 2311725
0.15, 2282033
0.42, 2271049
0.42, 2262807
0.42, 2238180
0.42, 2235444
0.45, 2208704
0.45, 2199129
0.45, 2195423
0.45, 2175066
0.45, 2125254
0.45, 2125160
0.45, 2003900
0.46, 1991334
0.46, 1975324
0.46, 1897780
0.46, 1894757
0.46, 1867346
0.48, 1827052
0.48, 1807245
0.48, 1787206
0.48, 1776448
0.48, 1775007
0.48, 1767814
0.49, 1763286
0.49, 1753072
0.49, 1712234
0.49, 1712023
0.49, 1706823
0.49, 1672396
0.49, 1635439
0.49, 1616090
0.49, 1605537
0.49, 1605221
0.49, 1523597
0.49, 1522830
0.49, 1522605
0.49, 1506716
0.49, 1505998
0.49, 1505615
0.49, 1500145
0.49, 1495146
0.49, 1491472
0.49, 1461015
0.49, 1448961
0.49, 1445719
0.49, 1425092
0.49, 1420827
0.49, 1409508
0.49, 1377229
0.49, 1368014
0.49, 1365019
0.49, 1362255
0.50, 1333430
0.51, 1300749
0.52, 1299469
0.52, 1292741
0.53, 1265515
0.53, 1251565
0.53, 1251517
0.53, 1247637
0.53, 1228610
0.53, 1223704
0.53, 1204992
0.53, 1204213
0.54, 1201113
0.54, 1186078
0.54, 1160421
0.54, 1139668
0.54, 1130101
0.54, 1124575
0.55, 1119386
0.55, 1118845
0.55, 1114429
0.55, 1095483
0.55, 1095322
0.55, 1087811
0.55, 1086752
0.55, 1081885
0.55, 1081876
0.56, 1080938
0.56, 1059811
0.56, 1056602
0.56, 1054642
0.57, 1049789
0.57, 1045188
0.57, 1041884
0.57, 1040903
0.57, 1039740
0.57, 1037581
0.57, 1027623
0.57, 1025989
0.58, 1025503
0.58, 1021622
0.58, 1021412
0.58, 1017355
0.59, 1001479
0.59, 999120
0.60, 998348
0.61, 988586
0.65, 984912
0.65, 983490
0.65, 983328
0.65, 980420
0.65, 966961
0.66, 950256
0.66, 949395
0.74, 945776
0.94, 945066
2.20, 943436
2.21, 924460
2.21, 923231
2.26, 922961
2.26, 921695
2.28, 921604
2.29, 918270
2.31, 917989
2.34, 917779
3.78, 916880
3.78, 914488
3.79, 910097
3.81, 906755
3.84, 904149
3.84, 903598
3.91, 902888
34.48, 902876
34.87, 902695
93.76, 902051
115.76, 897311
115.77, 895157
115.77, 894606
388.68, 893536
