0.01, 2826749
0.01, 2812819
0.01, 2664701
0.01, 2627773
0.01, 2619818
0.01, 2610349
0.01, 2606608
0.01, 2603700
0.01, 2552533
0.01, 2539320
0.01, 2535277
0.01, 2505342
0.01, 2495437
0.01, 2486927
0.01, 2475680
0.01, 2446794
0.01, 2436533
0.01, 2405766
0.12, 2388087
0.13, 2377749
0.13, 2339570
0.19, 2339499
0.32, 2307560
0.42, 2261307
0.42, 2234194
0.42, 2231328
0.42, 2191926
0.42, 2175118
0.45, 2141390
0.45, 2127638
0.57, 2089772
0.57, 2058553
0.57, 2027346
0.57, 1913882
0.57, 1913446
0.58, 1887347
0.58, 1879009
0.58, 1877112
0.58, 1869428
0.58, 1848533
0.58, 1820572
0.58, 1792024
0.59, 1784877
0.59, 1782119
0.59, 1764608
0.60, 1755160
0.60, 1741069
0.60, 1727936
0.60, 1717127
0.61, 1709583
0.61, 1697614
0.61, 1653343
0.61, 1647885
0.61, 1642277
0.61, 1632593
0.61, 1632228
0.61, 1614028
0.61, 1567017
0.62, 1514737
0.62, 1505093
0.63, 1476209
0.63, 1461021
0.64, 1458622
0.64, 1456291
0.64, 1452185
0.64, 1451256
0.64, 1427755
0.64, 1411312
0.64, 1385014
0.64, 1382081
0.64, 1381945
0.64, 1357387
0.64, 1329628
0.64, 1324255
0.64, 1320228
0.64, 1303068
0.65, 1285685
0.65, 1282351
0.65, 1279186
0.65, 1272581
0.65, 1247770
0.65, 1244146
0.65, 1232866
0.65, 1225050
0.66, 1224563
0.66, 1182024
0.67, 1174125
0.67, 1169299
0.68, 1167397
0.68, 1155687
0.68, 1148511
0.68, 1141883
0.68, 1140839
0.68, 1135850
0.68, 1121610
0.68, 1107321
0.68, 1102715
0.69, 1096988
0.69, 1090131
0.69, 1089959
0.69, 1077896
0.70, 1039792
0.70, 1025243
0.71, 1025216
0.71, 1024325
0.71, 1021029
0.71, 1014324
0.71, 1012965
0.72, 1009860
0.72, 1003374
0.72, 999643
0.72, 999056
0.73, 983636
0.74, 983528
0.74, 977800
0.74, 977313
0.75, 969776
0.76, 966659
0.76, 964022
0.77, 960584
0.77, 953454
0.78, 941245
0.79, 939799
0.80, 934577
0.89, 933913
0.91, 930767
2.55, 930208
2.55, 925802
2.56, 918756
2.59, 917656
2.60, 917105
2.62, 905490
2.71, 904189
13.51, 903672
13.51, 903491
13.59, 900114
13.61, 899904
13.62, 899623
80.99, 896114
91.57, 895295
91.64, 895082
447.48, 893536
