0.00, 2825361
0.00, 2728112
0.01, 2725895
0.01, 2645036
0.02, 2621770
0.02, 2518411
0.04, 2481713
0.04, 2478586
0.04, 2455438
0.04, 2443974
0.04, 2409392
0.04, 2371090
0.04, 2370874
0.21, 2344690
0.21, 2286169
0.22, 2280036
0.32, 2265051
0.42, 2236743
0.42, 2217672
0.42, 2179836
0.47, 2165338
0.47, 2139888
0.50, 2120327
0.50, 2054576
0.50, 2025323
0.50, 1993720
0.50, 1969574
0.51, 1965346
0.51, 1933301
0.51, 1932813
0.51, 1922230
0.51, 1901594
0.51, 1896712
0.52, 1853572
0.52, 1852408
0.52, 1819684
0.52, 1684036
0.52, 1673082
0.53, 1636839
0.53, 1632608
0.53, 1615737
0.53, 1584465
0.53, 1556813
0.54, 1497962
0.54, 1474172
0.54, 1429438
0.54, 1420623
0.54, 1370663
0.54, 1365237
0.54, 1351314
0.54, 1346888
0.55, 1346727
0.55, 1329506
0.55, 1325394
0.55, 1311047
0.55, 1266874
0.55, 1266865
0.55, 1237103
0.56, 1236489
0.56, 1224733
0.56, 1203703
0.56, 1182273
0.56, 1176479
0.56, 1161559
0.56, 1124302
0.56, 1117963
0.56, 1117185
0.56, 1107258
0.57, 1103422
0.58, 1098745
0.58, 1088729
0.58, 1085075
0.58, 1081109
0.58, 1076588
0.58, 1075822
0.59, 1073068
0.59, 1068953
0.59, 1045381
0.59, 1035365
0.59, 1034664
0.59, 1014028
0.59, 1011808
0.60, 1009640
0.60, 989048
0.60, 987950
0.60, 980360
0.60, 977373
0.63, 962775
0.64, 957808
0.64, 953104
0.64, 950671
0.64, 946805
0.68, 945525
0.69, 945479
0.70, 940983
0.70, 924758
0.70, 924207
0.75, 924161
0.76, 924119
3.91, 922927
3.92, 922885
3.92, 922363
3.94, 921854
3.95, 920754
3.99, 920712
4.03, 919096
4.05, 907271
4.08, 906570
36.77, 902100
36.77, 901549
36.78, 899349
36.78, 899139
36.85, 895082
99.50, 893749
99.52, 893536
