0.00, 215517
0.00, 212212
0.00, 212162
0.00, 209566
0.00, 205853
0.00, 201889
0.00, 199631
0.00, 199198
0.01, 196759
0.02, 193704
0.02, 193450
0.02, 192676
0.02, 192561
0.04, 192429
0.04, 192396
0.04, 188353
0.04, 185970
0.04, 179677
0.10, 179648
0.10, 174126
0.18, 174058
0.18, 173211
0.30, 170446
0.30, 169970
0.30, 169788
0.35, 165527
0.35, 159645
0.35, 159340
0.35, 157162
0.35, 155412
0.60, 151431
0.60, 151308
0.60, 150204
0.60, 149039
0.60, 143637
0.60, 143484
0.61, 140029
0.61, 138776
0.61, 138527
0.61, 137103
0.61, 136925
0.61, 136509
0.61, 136159
0.61, 136021
0.61, 135738
0.61, 134350
0.61, 134159
0.61, 133433
0.61, 126859
0.61, 126764
0.61, 124589
0.61, 124549
0.61, 124205
0.61, 122350
0.63, 120667
0.63, 120372
0.64, 119858
0.64, 117528
0.64, 116265
0.64, 114937
0.64, 114300
0.64, 114016
0.64, 113988
0.64, 113793
0.64, 112834
0.64, 112558
0.64, 111457
0.65, 110952
0.65, 110935
0.65, 108623
0.65, 108273
0.65, 106111
0.65, 104685
0.65, 103384
0.65, 103008
0.66, 102990
0.66, 99662
0.66, 98562
0.66, 98481
0.66, 98301
0.66, 97894
0.66, 96081
0.66, 94903
0.66, 94297
0.66, 91632
0.66, 87633
0.66, 87296
0.66, 86852
0.67, 85778
0.67, 84365
0.67, 83864
0.68, 83221
0.68, 83006
0.68, 82506
0.68, 82475
0.68, 80103
0.68, 79302
0.68, 79134
0.68, 78475
0.69, 78121
0.70, 77732
0.70, 77568
0.70, 77028
0.70, 76504
0.70, 75998
0.70, 75839
0.70, 75089
0.70, 74526
0.71, 74482
0.71, 73866
0.71, 72987
0.71, 72148
0.71, 72031
0.71, 71177
0.71, 71114
0.72, 71089
0.72, 69539
0.72, 68473
0.73, 67430
0.73, 67152
0.73, 65837
0.73, 65590
0.73, 64381
0.74, 64232
0.74, 63979
0.74, 63869
0.75, 62436
0.76, 61442
0.76, 61152
0.76, 61146
0.77, 60428
0.77, 60388
0.77, 60340
0.78, 60125
0.78, 59824
0.79, 59780
0.80, 58312
0.81, 58060
0.82, 58048
0.82, 57869
0.82, 57510
0.83, 56942
0.87, 56898
0.87, 56889
0.88, 56843
0.88, 56840
0.90, 56354
0.93, 56229
0.98, 56089
1.01, 55987
1.05, 55482
1.05, 54443
1.08, 53672
1.11, 53380
1.21, 53318
83.26, 53205
111.47, 52990
111.51, 52883
381.53, 52822
