0.00, 210964
0.00, 206999
0.00, 204386
0.00, 200476
0.00, 199984
0.00, 199342
0.00, 195919
0.00, 193535
0.02, 191498
0.02, 191228
0.02, 191125
0.02, 190569
0.03, 188768
0.06, 188331
0.09, 188067
0.09, 182199
0.09, 181260
0.14, 178942
0.17, 177918
0.17, 174587
0.47, 170237
0.47, 166493
0.57, 161096
0.58, 155901
0.58, 155291
0.58, 154962
0.58, 152185
0.58, 150671
0.58, 145773
0.58, 144909
0.58, 143746
0.58, 142732
0.58, 142196
0.58, 140596
0.58, 137777
0.58, 137436
0.58, 131590
0.58, 131250
0.58, 130387
0.59, 129959
0.59, 128370
0.59, 127551
0.62, 124272
0.62, 122364
0.62, 121713
0.62, 119356
0.62, 119289
0.62, 118837
0.62, 118432
0.62, 117657
0.62, 117019
0.62, 116673
0.62, 116291
0.62, 114773
0.62, 114648
0.62, 114307
0.62, 113927
0.62, 113884
0.62, 109558
0.62, 108841
0.63, 107680
0.63, 107010
0.64, 106806
0.64, 106505
0.64, 105947
0.64, 105863
0.64, 105747
0.64, 105302
0.64, 104069
0.64, 103408
0.64, 102539
0.64, 102190
0.64, 102012
0.64, 101793
0.64, 100651
0.64, 99686
0.64, 97360
0.65, 97126
0.65, 95963
0.65, 94402
0.65, 93787
0.65, 93732
0.65, 92741
0.65, 90680
0.65, 89884
0.65, 89619
0.65, 88554
0.65, 88176
0.66, 88112
0.66, 87951
0.66, 87871
0.66, 87686
0.66, 86903
0.66, 86382
0.66, 86288
0.66, 85221
0.66, 84537
0.67, 84190
0.67, 84138
0.67, 84097
0.67, 83090
0.67, 82883
0.67, 81727
0.67, 81596
0.67, 80471
0.67, 79436
0.67, 78998
0.68, 78954
0.68, 78535
0.68, 78180
0.68, 77677
0.68, 77670
0.68, 77622
0.68, 77143
0.68, 76912
0.68, 76839
0.68, 76444
0.68, 75330
0.68, 74949
0.68, 74845
0.68, 74763
0.68, 74250
0.68, 74178
0.69, 74020
0.69, 73938
0.69, 73727
0.69, 73703
0.69, 72836
0.69, 72728
0.69, 72178
0.70, 71453
0.71, 71183
0.71, 70445
0.71, 69986
0.71, 68922
0.72, 68308
0.72, 68015
0.72, 66452
0.72, 66162
0.72, 65498
0.72, 65465
0.72, 64596
0.72, 64028
0.73, 63511
0.74, 63010
0.74, 62261
0.74, 62251
0.74, 61766
0.74, 61410
0.74, 61296
0.74, 61267
0.75, 60588
0.75, 59939
0.75, 59802
0.76, 59670
0.76, 59637
0.77, 59151
0.77, 59058
0.78, 59052
0.78, 59031
0.78, 58763
0.80, 58591
0.81, 58292
0.81, 58237
0.81, 57944
0.81, 56366
0.86, 56176
0.88, 55884
0.91, 54020
0.91, 53634
0.92, 53291
0.93, 53196
2.72, 52657
