0.00, 211201
0.00, 209642
0.00, 209095
0.00, 207246
0.00, 202704
0.00, 201748
0.00, 198497
0.00, 195208
0.00, 194354
0.00, 194190
0.00, 194102
0.00, 192362
0.01, 192027
0.01, 191790
0.03, 190540
0.03, 190315
0.03, 190276
0.03, 188197
0.04, 187265
0.04, 184537
0.04, 184278
0.08, 184192
0.08, 181899
0.08, 181527
0.08, 179793
0.19, 177697
0.19, 177380
0.21, 177312
0.21, 174652
0.21, 172395
0.22, 171591
0.22, 171290
0.22, 170488
0.58, 166719
0.58, 166158
0.58, 158458
0.60, 154995
0.60, 154766
0.60, 154302
0.60, 153787
0.60, 149772
0.60, 149237
0.61, 148524
0.62, 145096
0.62, 144574
0.62, 143524
0.62, 143380
0.62, 142444
0.62, 138392
0.62, 135935
0.62, 133369
0.62, 132269
0.62, 131656
0.64, 130165
0.64, 128670
0.64, 128600
0.64, 125666
0.64, 121904
0.65, 118025
0.65, 117732
0.65, 116234
0.65, 115938
0.65, 114196
0.65, 113494
0.65, 112665
0.65, 111952
0.65, 111101
0.65, 109509
0.65, 109090
0.65, 109035
0.65, 108408
0.65, 106000
0.65, 105207
0.65, 103122
0.65, 103043
0.66, 100606
0.67, 100244
0.67, 99783
0.67, 99087
0.67, 98826
0.68, 97516
0.68, 97282
0.68, 96864
0.68, 96196
0.68, 95572
0.68, 95479
0.68, 94393
0.68, 94371
0.68, 93528
0.68, 93454
0.68, 93179
0.68, 93010
0.68, 92378
0.69, 92177
0.69, 91322
0.69, 91204
0.69, 91070
0.69, 85222
0.69, 85194
0.69, 84977
0.69, 84803
0.69, 83444
0.69, 83191
0.69, 82329
0.69, 82144
0.69, 82114
0.69, 81951
0.69, 81897
0.69, 81738
0.69, 80904
0.69, 80876
0.69, 80319
0.70, 80285
0.70, 78867
0.70, 78831
0.70, 78356
0.70, 78194
0.70, 77590
0.71, 76512
0.71, 76459
0.71, 76224
0.72, 74835
0.72, 74031
0.72, 73730
0.72, 72682
0.72, 72034
0.72, 71967
0.72, 71656
0.73, 71368
0.73, 71237
0.73, 70881
0.73, 70793
0.74, 70547
0.74, 70488
0.74, 70347
0.74, 69959
0.74, 69749
0.74, 69216
0.74, 68931
0.75, 68105
0.75, 67860
0.75, 67578
0.75, 67547
0.75, 67144
0.76, 66853
0.76, 66468
0.76, 65476
0.76, 65358
0.76, 64547
0.76, 63976
0.76, 63769
0.77, 63724
0.77, 63359
0.77, 62930
0.77, 62781
0.78, 62334
0.78, 62175
0.78, 62118
0.78, 61733
0.79, 61273
0.79, 61267
0.79, 61163
0.80, 61066
0.80, 60406
0.82, 59849
0.82, 59410
0.83, 59040
0.84, 58846
0.85, 58627
0.85, 58375
0.85, 57984
0.85, 57978
0.90, 57847
0.90, 57215
0.90, 56881
0.91, 56735
0.92, 55981
0.94, 54842
0.98, 54780
1.20, 54541
4.30, 54337
4.39, 54044
7.54, 53888
14.43, 53453
14.45, 53418
14.64, 53351
14.77, 53303
19.64, 53277
19.71, 53170
19.82, 52774
156.48, 52643
