0.00, 206405
0.00, 204508
0.00, 200799
0.00, 200432
0.00, 197758
0.00, 197083
0.00, 193951
0.01, 190466
0.01, 188855
0.01, 187983
0.01, 187272
0.06, 187071
0.06, 186349
0.20, 182699
0.20, 181865
0.38, 180074
0.38, 178223
0.49, 177777
0.49, 177411
0.49, 174413
0.62, 173905
0.62, 173550
0.62, 170404
0.62, 170161
0.63, 169936
0.63, 169654
0.63, 168838
0.63, 164433
0.63, 157087
0.63, 156686
0.63, 156594
0.63, 156549
0.63, 155814
0.63, 154759
0.63, 152585
0.65, 150454
0.65, 148152
0.65, 146896
0.68, 145894
0.68, 141404
0.68, 138679
0.68, 138421
0.69, 134965
0.69, 133596
0.69, 133522
0.69, 133168
0.70, 132107
0.70, 131473
0.70, 131317
0.70, 129300
0.70, 122687
0.70, 122681
0.70, 121702
0.70, 121608
0.70, 121279
0.70, 119108
0.71, 118995
0.71, 118104
0.71, 117359
0.71, 116842
0.71, 115860
0.71, 111305
0.71, 110800
0.71, 110736
0.71, 110527
0.71, 110308
0.71, 109989
0.71, 108362
0.71, 107607
0.71, 107282
0.71, 104661
0.71, 104557
0.72, 104482
0.72, 102297
0.72, 101666
0.72, 101271
0.73, 100280
0.73, 97803
0.73, 97200
0.73, 96975
0.73, 95820
0.73, 93457
0.73, 93246
0.73, 92245
0.73, 89871
0.73, 89784
0.73, 89564
0.73, 89213
0.73, 88786
0.73, 87905
0.73, 87700
0.73, 87671
0.73, 87337
0.74, 86505
0.74, 85955
0.74, 85302
0.74, 84955
0.74, 84456
0.74, 82961
0.74, 82492
0.75, 82226
0.75, 80408
0.75, 79985
0.75, 79807
0.75, 79160
0.75, 77941
0.75, 77740
0.76, 77416
0.76, 76629
0.76, 74533
0.77, 73807
0.77, 72818
0.77, 72497
0.77, 72307
0.77, 71811
0.78, 71448
0.78, 71438
0.78, 71079
0.78, 71012
0.79, 70719
0.79, 70189
0.79, 70099
0.79, 69966
0.79, 68269
0.79, 67924
0.79, 67474
0.79, 67464
0.80, 66374
0.80, 65265
0.80, 65086
0.80, 65019
0.81, 64500
0.82, 63195
0.82, 62648
0.82, 62411
0.83, 62352
0.83, 62285
0.84, 61596
0.85, 61237
0.85, 60700
0.85, 60044
0.85, 59955
0.86, 59206
0.86, 58298
0.86, 58157
0.86, 58062
0.88, 58027
0.88, 56780
0.90, 56720
0.91, 56672
0.94, 56180
0.96, 56178
0.96, 55454
0.99, 55448
0.99, 55056
0.99, 54766
1.03, 54737
1.10, 54595
1.10, 54430
1.15, 53724
1.17, 53620
1.42, 53352
69.69, 53246
69.85, 53056
294.85, 52992
477.84, 52951
519.53, 52657
