0.00, 204907
0.00, 204857
0.01, 197860
0.01, 196212
0.01, 195453
0.01, 195100
0.01, 190465
0.01, 189101
0.01, 188631
0.04, 187930
0.05, 183087
0.05, 182321
0.05, 178888
0.06, 176067
0.09, 174733
0.09, 174517
0.09, 172665
0.40, 172594
0.40, 172448
0.56, 171256
0.56, 169960
0.56, 167577
0.56, 167562
0.56, 167031
0.56, 161114
0.58, 160827
0.58, 150909
0.58, 150211
0.61, 147045
0.61, 146339
0.61, 143454
0.61, 143135
0.61, 142059
0.61, 140969
0.61, 137497
0.61, 137235
0.64, 134195
0.64, 133629
0.64, 133016
0.64, 132705
0.64, 131668
0.64, 129704
0.64, 128998
0.64, 128854
0.64, 128088
0.64, 127996
0.64, 127662
0.65, 126905
0.65, 125284
0.65, 124705
0.65, 123758
0.65, 123514
0.65, 118712
0.65, 118631
0.65, 117373
0.65, 115629
0.65, 115577
0.66, 115116
0.66, 113045
0.66, 111657
0.66, 110375
0.66, 110255
0.66, 109852
0.66, 109509
0.66, 108676
0.67, 108500
0.67, 108412
0.67, 108157
0.67, 106490
0.67, 105008
0.67, 104575
0.67, 104097
0.67, 101120
0.67, 100022
0.67, 100003
0.67, 99387
0.67, 99167
0.67, 99016
0.67, 98159
0.67, 96766
0.68, 95003
0.68, 93929
0.68, 92873
0.68, 92203
0.68, 91668
0.68, 91613
0.68, 91406
0.68, 91329
0.68, 90872
0.68, 90449
0.68, 90185
0.68, 89463
0.68, 89314
0.68, 89310
0.68, 88697
0.68, 87768
0.68, 87077
0.68, 86666
0.69, 86202
0.69, 86152
0.69, 85959
0.69, 85857
0.69, 85521
0.69, 85411
0.69, 85070
0.70, 84743
0.70, 84582
0.70, 84503
0.70, 84442
0.70, 83719
0.70, 83555
0.70, 82673
0.70, 82399
0.70, 82127
0.70, 82079
0.70, 81956
0.70, 81631
0.71, 81046
0.71, 80696
0.71, 79704
0.71, 79450
0.71, 79009
0.71, 77872
0.71, 77836
0.72, 77414
0.72, 77181
0.72, 76467
0.72, 76203
0.72, 76162
0.72, 75629
0.72, 75533
0.73, 74932
0.73, 74661
0.73, 74266
0.74, 74190
0.74, 74180
0.74, 73695
0.74, 72947
0.74, 72917
0.75, 72710
0.75, 72406
0.75, 71881
0.75, 71036
0.75, 69954
0.75, 68136
0.75, 67721
0.75, 67352
0.75, 66611
0.75, 66028
0.75, 65841
0.75, 65640
0.76, 65525
0.76, 64646
0.76, 64026
0.76, 63847
0.76, 62426
0.76, 62393
0.76, 62002
0.76, 61990
0.77, 61942
0.77, 60475
0.77, 60465
0.78, 60417
0.78, 60204
0.78, 60137
0.78, 59763
0.78, 59620
0.79, 58893
0.79, 58746
0.80, 58148
0.81, 57881
0.82, 57838
0.84, 57637
0.88, 55987
0.89, 55732
0.95, 55591
1.05, 55083
4.79, 54718
4.80, 54398
4.80, 54103
4.82, 54099
4.85, 53267
46.12, 52883
