0.00, 218002
0.00, 216583
0.01, 213126
0.01, 212665
0.01, 210467
0.01, 209894
0.01, 208379
0.01, 206036
0.01, 204632
0.01, 203842
0.01, 203748
0.01, 202648
0.01, 200213
0.01, 198677
0.01, 198554
0.01, 196689
0.01, 194055
0.01, 192313
0.01, 190740
0.01, 190380
0.02, 188581
0.03, 186746
0.03, 186032
0.03, 180854
0.03, 175917
0.03, 174882
0.05, 174651
0.05, 174317
0.53, 173561
0.54, 173476
0.54, 170691
0.54, 170476
0.54, 170100
0.59, 168865
0.59, 167880
0.59, 165530
0.60, 162948
0.60, 161453
0.60, 160260
0.62, 158148
0.62, 156599
0.62, 156533
0.62, 155675
0.62, 154014
0.62, 150107
0.62, 149328
0.62, 148494
0.62, 148145
0.62, 147612
0.62, 145632
0.62, 145465
0.62, 143347
0.63, 141716
0.63, 140958
0.63, 140717
0.63, 140696
0.63, 140445
0.63, 139919
0.63, 137166
0.63, 135852
0.63, 135794
0.63, 133883
0.63, 133554
0.63, 130058
0.63, 125401
0.63, 124564
0.64, 122566
0.64, 119518
0.64, 119306
0.65, 118679
0.65, 117206
0.65, 116575
0.65, 113899
0.65, 113530
0.65, 113235
0.65, 113223
0.65, 113035
0.65, 111480
0.65, 110999
0.65, 110036
0.65, 109992
0.65, 109786
0.65, 109535
0.65, 108524
0.65, 108163
0.65, 108013
0.65, 106848
0.66, 105984
0.66, 104677
0.66, 104464
0.66, 103298
0.66, 103006
0.66, 102887
0.66, 101874
0.66, 101727
0.66, 101236
0.66, 100385
0.66, 99727
0.66, 99468
0.66, 98952
0.66, 97988
0.66, 96504
0.68, 96378
0.68, 95606
0.68, 95074
0.69, 95042
0.69, 94664
0.69, 93715
0.69, 92051
0.69, 91958
0.69, 91758
0.69, 91403
0.69, 90943
0.69, 90837
0.69, 90313
0.69, 90277
0.70, 89976
0.70, 89828
0.70, 89370
0.70, 89277
0.70, 88464
0.70, 86429
0.70, 85517
0.70, 85087
0.70, 84861
0.70, 84263
0.71, 83897
0.71, 83574
0.71, 82695
0.71, 82561
0.71, 81909
0.71, 81590
0.72, 81518
0.72, 81416
0.72, 81024
0.72, 80822
0.72, 80749
0.72, 80557
0.72, 80518
0.72, 79724
0.72, 78876
0.72, 78871
0.72, 78481
0.72, 78274
0.73, 78196
0.73, 75807
0.73, 75349
0.73, 74140
0.73, 72913
0.73, 72441
0.73, 72213
0.74, 72125
0.74, 70968
0.74, 70594
0.75, 69657
0.75, 69513
0.75, 68622
0.75, 68525
0.75, 68518
0.75, 68395
0.75, 67641
0.75, 66493
0.75, 66372
0.76, 65967
0.76, 65915
0.76, 65426
0.76, 64853
0.76, 64552
0.77, 64285
0.77, 63543
0.78, 63504
0.78, 62127
0.78, 61188
0.78, 61183
0.78, 59407
0.78, 59122
0.80, 58739
0.80, 58469
0.82, 58184
0.82, 57761
0.83, 57334
0.83, 56392
0.85, 55931
0.85, 55859
0.86, 55714
0.86, 55681
0.88, 55670
0.93, 55665
0.94, 55636
0.98, 55183
1.02, 55121
1.07, 54909
1.08, 54193
1.35, 53604
8.41, 53498
8.42, 53205
27.53, 52943
207.79, 52657
