0.00, 201790
0.00, 198311
0.00, 196978
0.00, 196846
0.00, 196671
0.00, 196372
0.00, 195848
0.00, 195658
0.00, 194913
0.00, 193703
0.02, 191046
0.02, 186199
0.02, 174866
0.36, 174486
0.53, 171005
0.53, 165058
0.53, 161727
0.53, 161505
0.53, 159384
0.53, 158815
0.53, 158638
0.53, 153905
0.53, 150761
0.65, 150062
0.65, 147124
0.65, 145504
0.65, 145388
0.65, 145024
0.65, 143992
0.65, 142892
0.65, 142505
0.66, 142368
0.66, 140649
0.66, 140021
0.66, 136114
0.66, 135013
0.66, 134996
0.66, 134426
0.66, 133874
0.66, 133147
0.66, 131588
0.66, 131497
0.66, 129860
0.66, 128993
0.66, 126894
0.66, 126111
0.68, 123608
0.68, 119560
0.68, 119484
0.68, 119275
0.68, 118134
0.68, 116250
0.68, 113024
0.68, 108134
0.68, 106926
0.68, 106815
0.68, 106341
0.68, 106280
0.68, 106058
0.68, 105890
0.68, 105880
0.68, 105790
0.70, 105251
0.70, 104219
0.70, 102848
0.70, 102750
0.70, 101615
0.70, 100461
0.70, 99618
0.70, 99563
0.70, 98831
0.70, 98567
0.70, 97931
0.70, 97588
0.70, 97168
0.70, 96258
0.70, 95644
0.70, 94957
0.70, 94685
0.70, 93694
0.71, 93254
0.71, 93240
0.71, 92663
0.71, 92588
0.71, 92044
0.71, 91847
0.72, 90737
0.72, 90663
0.72, 90220
0.72, 90180
0.72, 90165
0.72, 89333
0.72, 87917
0.72, 85638
0.72, 84517
0.72, 83915
0.72, 83517
0.72, 82478
0.72, 79969
0.72, 79224
0.72, 78736
0.72, 78163
0.72, 77692
0.73, 77563
0.73, 76967
0.73, 76867
0.73, 76289
0.73, 76235
0.73, 74847
0.73, 74812
0.73, 74633
0.73, 74222
0.74, 73137
0.74, 72831
0.74, 72472
0.74, 72256
0.74, 72226
0.74, 71992
0.74, 70281
0.74, 69953
0.74, 69879
0.75, 69714
0.75, 69691
0.75, 68950
0.76, 67999
0.76, 67323
0.76, 66971
0.76, 66470
0.76, 66251
0.76, 66136
0.76, 65661
0.77, 65657
0.77, 65220
0.77, 63866
0.77, 62947
0.77, 62833
0.81, 62803
0.81, 62113
0.81, 61603
0.81, 61481
0.81, 61455
0.82, 60495
0.82, 60382
0.82, 59909
0.82, 59225
0.83, 58619
0.85, 58548
0.86, 57574
0.91, 57353
0.92, 57232
0.92, 56267
0.92, 56120
0.94, 56099
0.98, 55831
0.98, 55743
1.05, 55445
1.07, 55417
1.08, 55174
2.69, 55076
5.86, 54925
5.89, 54810
5.89, 53845
5.90, 53802
5.98, 53511
6.01, 53259
6.02, 53016
6.03, 52875
377.02, 52740
377.06, 52658
