0.00, 206272
0.00, 204748
0.00, 203898
0.01, 203236
0.01, 203214
0.01, 200315
0.01, 200303
0.01, 200276
0.01, 196374
0.01, 193961
0.01, 193861
0.01, 193014
0.01, 183830
0.01, 181599
0.01, 180785
0.30, 172505
0.55, 170333
0.56, 166232
0.56, 165654
0.56, 163486
0.56, 162579
0.56, 162295
0.56, 161999
0.56, 160617
0.56, 159177
0.56, 158125
0.56, 157954
0.56, 155558
0.56, 154369
0.56, 153937
0.56, 150992
0.56, 150126
0.56, 148478
0.56, 146440
0.61, 146049
0.61, 145745
0.61, 141548
0.61, 133331
0.61, 132967
0.62, 130813
0.62, 130740
0.64, 129996
0.64, 126278
0.64, 124824
0.64, 123355
0.64, 122405
0.64, 121976
0.64, 114152
0.64, 112959
0.64, 111341
0.65, 109856
0.65, 109346
0.65, 109133
0.65, 108066
0.65, 106335
0.65, 105688
0.65, 105535
0.65, 104859
0.66, 104443
0.66, 103821
0.66, 103631
0.66, 101992
0.66, 101813
0.66, 100834
0.66, 100528
0.66, 100432
0.66, 100374
0.66, 98908
0.66, 97926
0.66, 97501
0.66, 97154
0.66, 96939
0.66, 96765
0.67, 95942
0.67, 95696
0.67, 95427
0.67, 94072
0.67, 92781
0.67, 92269
0.67, 91672
0.67, 91197
0.67, 89331
0.67, 89149
0.67, 88442
0.67, 88260
0.67, 87025
0.67, 86855
0.67, 85377
0.67, 84902
0.67, 84470
0.68, 84114
0.68, 83129
0.68, 82667
0.68, 82089
0.68, 81804
0.68, 81059
0.68, 80563
0.68, 80109
0.68, 79577
0.69, 79195
0.69, 79152
0.69, 78672
0.69, 78616
0.69, 78522
0.69, 78286
0.69, 77721
0.69, 77719
0.69, 77169
0.69, 76664
0.69, 75522
0.69, 74646
0.69, 74148
0.69, 73972
0.69, 73580
0.69, 73088
0.70, 72522
0.70, 71158
0.70, 70531
0.70, 69191
0.70, 66752
0.70, 66441
0.71, 65966
0.71, 65720
0.71, 64979
0.71, 64381
0.71, 64294
0.71, 64232
0.72, 63958
0.72, 63945
0.72, 63807
0.72, 63803
0.72, 63782
0.72, 62218
0.73, 62082
0.73, 61932
0.73, 61905
0.73, 61263
0.74, 60742
0.75, 60505
0.75, 59718
0.77, 59270
0.77, 58817
0.77, 58716
0.78, 58468
0.79, 58415
0.79, 57434
0.79, 56722
0.82, 56658
0.84, 55903
0.91, 55605
0.95, 55498
2.50, 55264
2.73, 55203
6.04, 54872
6.12, 54837
7.49, 54775
7.56, 54208
7.58, 53998
7.59, 53430
10.79, 53125
136.68, 53086
466.00, 52942
466.31, 52860
