0.00, 571196
0.00, 568666
0.01, 566830
0.01, 563097
0.01, 562522
0.01, 553560
0.01, 551872
0.01, 551667
0.01, 546384
0.01, 545107
0.01, 542613
0.01, 542281
0.01, 541497
0.01, 537830
0.01, 530536
0.01, 525439
0.01, 511179
0.02, 510435
0.02, 509217
0.02, 505554
0.02, 503481
0.02, 500562
0.02, 500273
0.02, 498346
0.02, 497811
0.02, 497569
0.02, 494289
0.02, 490715
0.02, 490714
0.02, 478416
0.02, 477805
0.02, 476347
0.02, 473041
0.02, 471959
0.02, 471852
0.03, 471480
0.14, 467368
0.14, 466441
0.23, 454120
0.60, 452063
0.68, 450949
0.68, 450841
0.68, 450716
0.68, 444270
0.68, 442841
0.68, 442751
0.68, 441865
0.68, 441191
0.68, 439485
0.69, 436661
0.69, 434684
0.69, 433482
0.69, 433387
0.69, 431959
0.69, 422040
0.69, 421783
0.69, 420663
0.69, 408627
0.69, 406713
0.71, 405802
0.71, 405757
0.71, 397755
0.71, 389954
0.72, 389075
0.72, 387235
0.72, 383750
0.72, 379465
0.72, 377196
0.73, 374842
0.73, 373517
0.73, 372853
0.73, 362764
0.73, 362515
0.73, 359973
0.73, 355632
0.73, 352665
0.74, 346686
0.74, 345304
0.76, 343875
0.76, 343452
0.76, 342876
0.76, 340263
0.76, 338929
0.76, 338468
0.76, 337029
0.76, 330741
0.76, 330111
0.76, 327840
0.76, 326824
0.76, 325554
0.76, 323793
0.76, 322742
0.76, 321604
0.76, 316297
0.76, 315218
0.76, 309199
0.77, 308485
0.77, 307573
0.77, 304044
0.77, 298083
0.77, 296343
0.77, 293120
0.77, 291213
0.77, 290087
0.77, 288534
0.77, 286481
0.77, 285843
0.77, 281716
0.77, 279479
0.77, 278805
0.77, 276569
0.77, 276139
0.78, 275938
0.78, 275722
0.78, 273455
0.78, 271054
0.78, 270742
0.78, 270520
0.78, 270447
0.78, 269928
0.79, 268609
0.79, 262799
0.79, 262081
0.79, 261636
0.79, 257773
0.79, 255577
0.79, 255524
0.79, 255183
0.79, 251967
0.79, 248748
0.79, 247657
0.80, 246819
0.80, 245200
0.80, 244621
0.80, 244321
0.80, 244245
0.80, 242566
0.80, 241868
0.80, 240991
0.80, 240691
0.80, 240287
0.80, 239935
0.80, 239839
0.80, 238452
0.80, 236153
0.80, 235703
0.81, 233625
0.81, 233501
0.81, 232210
0.81, 231937
0.81, 230390
0.81, 230378
0.81, 228914
0.81, 227538
0.81, 227495
0.81, 221729
0.81, 221298
0.81, 221169
0.81, 219583
0.81, 217586
0.81, 216690
0.81, 216538
0.81, 213814
0.81, 212833
0.81, 212532
0.81, 210880
0.81, 210384
0.82, 209325
0.82, 207963
0.82, 207440
0.82, 207439
0.82, 207418
0.82, 206984
0.82, 205986
0.82, 205657
0.82, 203132
0.83, 203078
0.83, 201849
0.83, 200592
0.83, 200269
0.83, 198428
0.83, 196172
0.83, 195876
0.83, 195619
0.83, 191282
0.83, 190659
0.84, 189881
0.84, 188392
0.84, 187443
0.84, 186484
0.84, 186034
0.84, 185550
0.85, 185523
0.86, 184706
0.86, 183127
0.86, 181276
0.86, 179582
0.86, 177053
0.86, 177010
0.86, 176262
0.86, 175977
0.86, 175965
0.86, 175800
0.87, 171394
0.87, 171000
0.87, 170720
0.87, 170668
0.87, 170660
0.87, 167215
0.87, 166969
0.88, 166807
0.88, 162029
0.88, 161456
0.88, 161295
0.88, 161108
0.88, 160099
0.88, 160026
0.89, 158500
0.89, 156450
0.89, 155957
0.89, 155913
0.89, 155562
0.89, 154447
0.89, 154283
0.89, 154118
0.89, 153983
0.90, 153976
0.90, 153152
0.91, 152855
0.91, 150371
0.91, 149602
0.92, 149302
0.92, 148816
0.93, 148786
0.93, 148474
0.93, 147294
0.93, 146054
0.93, 143194
0.94, 142864
0.94, 142268
0.94, 141772
0.95, 141335
0.96, 141120
0.96, 141092
0.96, 140092
0.97, 139880
0.97, 139764
0.97, 138656
0.98, 138455
0.98, 138447
0.98, 137819
0.99, 137508
0.99, 137198
0.99, 136176
0.99, 134936
1.00, 134396
1.00, 134302
1.00, 133578
1.01, 133386
1.02, 133350
1.02, 133150
1.02, 132402
1.02, 130939
1.02, 129219
1.03, 128803
1.04, 128420
1.04, 127955
1.05, 127907
1.05, 127452
1.05, 126748
1.06, 126440
1.06, 125609
1.08, 124788
1.09, 124741
1.10, 124316
1.11, 124108
1.12, 124084
1.14, 122244
1.15, 122152
1.15, 121707
1.17, 121558
1.18, 121486
1.18, 121347
1.19, 119685
1.19, 119614
1.20, 119383
1.20, 119277
1.21, 119066
1.22, 117961
1.22, 115666
1.22, 114811
1.22, 114253
1.25, 113944
1.29, 112572
1.29, 111357
1.29, 111035
1.35, 110563
1.38, 110177
1.42, 108618
1.45, 108555
1.46, 108048
1.57, 107935
1.61, 107563
1.61, 107208
1.93, 105693
2.00, 105559
2.05, 105433
19.76, 105022
19.93, 104811
126.15, 104809
126.19, 104634
609.53, 103797
996.78, 103606
996.83, 102954
996.95, 102779
