0.00, 6855058
0.00, 6820572
0.00, 6807699
0.00, 6758438
0.00, 6670923
0.00, 6645758
0.00, 6639300
0.00, 6638478
0.00, 6622443
0.01, 6601023
0.01, 6520627
0.01, 6454625
0.01, 6451499
0.01, 6403407
0.05, 6318128
0.05, 6234924
0.05, 6214032
0.44, 6205303
0.44, 6201041
0.44, 6162272
0.44, 6045061
0.44, 6040977
0.44, 5740286
0.44, 5729767
0.44, 5687677
0.52, 5572191
0.52, 5567209
0.52, 5508432
0.52, 5491406
0.53, 5475344
0.53, 5471571
0.53, 5421480
0.53, 5392056
0.54, 5390469
0.54, 5337215
0.54, 5262733
0.54, 5135594
0.54, 5066154
0.54, 5056886
0.54, 5003385
0.54, 5000596
0.54, 4981518
0.54, 4945905
0.54, 4879399
0.54, 4806133
0.54, 4765403
0.54, 4749258
0.55, 4741590
0.55, 4738925
0.55, 4725358
0.55, 4711955
0.55, 4640553
0.55, 4636142
0.56, 4516161
0.56, 4510300
0.56, 4489894
0.56, 4476564
0.56, 4471268
0.56, 4299027
0.56, 4244771
0.56, 4238791
0.56, 4237976
0.56, 4232580
0.56, 4190458
0.57, 4189443
0.57, 4132511
0.57, 4130579
0.57, 4111858
0.57, 4017540
0.57, 3951013
0.57, 3939054
0.57, 3936225
0.57, 3910250
0.57, 3868839
0.57, 3859990
0.57, 3838597
0.57, 3831477
0.57, 3828540
0.57, 3823740
0.57, 3590671
0.57, 3573813
0.57, 3515905
0.57, 3485085
0.57, 3478225
0.57, 3393515
0.57, 3390963
0.58, 3387058
0.58, 3383296
0.58, 3365827
0.58, 3361391
0.58, 3350590
0.58, 3349371
0.58, 3343705
0.58, 3302128
0.58, 3293355
0.58, 3282374
0.58, 3250009
0.58, 3212323
0.58, 3204149
0.58, 3198768
0.58, 3189543
0.58, 3171746
0.59, 3148649
0.59, 3136045
0.59, 3115531
0.59, 3070673
0.59, 3069694
0.60, 3050904
0.60, 3045615
0.60, 3033405
0.60, 3015629
0.60, 3012349
0.60, 3005443
0.60, 2970748
0.60, 2963167
0.60, 2936346
0.61, 2885895
0.61, 2883402
0.61, 2868166
0.61, 2864802
0.61, 2798909
0.61, 2788933
0.61, 2777934
0.61, 2769252
0.61, 2764886
0.61, 2746610
0.61, 2739374
0.62, 2707712
0.62, 2707536
0.62, 2700028
0.62, 2679745
0.63, 2677618
0.63, 2668313
0.63, 2666411
0.63, 2651332
0.63, 2642414
0.63, 2606666
0.63, 2583539
0.63, 2575810
0.63, 2563402
0.63, 2560069
0.63, 2524621
0.63, 2521453
0.64, 2513212
0.64, 2508091
0.64, 2487767
0.64, 2484992
0.64, 2477037
0.64, 2460768
0.64, 2432950
0.64, 2431579
0.64, 2370387
0.64, 2338096
0.65, 2199808
0.65, 2193131
0.65, 2187418
0.66, 2185631
0.66, 2179799
0.66, 2167715
0.67, 2132128
0.67, 2128447
0.67, 2108675
0.67, 2105184
0.67, 2100118
0.67, 2099539
0.67, 2098207
0.67, 2084623
0.67, 2077815
0.67, 2071976
0.68, 2064799
0.68, 2062755
0.68, 2042277
0.68, 2040429
0.69, 2035397
0.69, 2034879
0.69, 2033103
0.69, 2010058
0.69, 2006332
0.70, 2006020
0.70, 2005810
0.71, 1999956
0.72, 1994653
0.72, 1987501
0.72, 1987424
0.73, 1983234
0.73, 1979136
0.73, 1977723
0.74, 1960281
0.74, 1950800
0.74, 1943837
0.75, 1943417
0.75, 1933487
0.75, 1933031
0.76, 1915926
0.76, 1914943
0.76, 1903300
0.76, 1844756
0.78, 1829705
0.79, 1828883
0.79, 1824980
0.80, 1822066
0.81, 1814659
0.81, 1801288
0.81, 1799827
0.83, 1799679
0.84, 1799304
0.85, 1798729
0.85, 1797028
0.87, 1778324
0.87, 1772606
0.88, 1727473
0.90, 1727213
0.93, 1726490
0.95, 1717360
0.95, 1714824
1.20, 1710298
1.26, 1672162
1.31, 1660210
2.75, 1656931
2.76, 1656289
2.80, 1656029
2.81, 1648678
2.82, 1647983
2.82, 1647894
2.84, 1647151
2.84, 1646008
2.87, 1643027
2.96, 1636964
3.03, 1633808
3.48, 1632945
5.01, 1627337
5.01, 1624644
5.05, 1623128
5.10, 1615067
5.11, 1612945
5.11, 1610053
5.21, 1607495
5.23, 1587315
5.31, 1582607
5.75, 1582261
192.60, 1576584
192.64, 1576534
256.68, 1559530
