0.00, 3929660
0.00, 3754452
0.00, 3360251
0.02, 3358242
0.08, 3329921
0.08, 3327391
0.08, 3304344
0.09, 3287384
0.09, 3285852
0.14, 3117823
0.14, 3087221
0.14, 2949479
0.14, 2949123
0.14, 2920987
0.14, 2749343
0.14, 2687959
0.14, 2683854
0.14, 2661224
0.39, 2625376
0.39, 2621505
0.39, 2282210
0.39, 2278943
0.39, 2274298
0.39, 2264040
0.39, 2249152
0.39, 2200051
0.39, 2190806
0.40, 2096221
0.40, 2087277
0.40, 2074503
0.40, 2063992
0.40, 2059717
0.40, 2057558
0.40, 2053283
0.41, 1905333
0.41, 1895962
0.41, 1879308
0.41, 1867329
0.41, 1867063
0.41, 1847752
0.41, 1797051
0.41, 1796790
0.41, 1757892
0.42, 1743222
0.42, 1737829
0.42, 1736056
0.42, 1703534
0.42, 1694812
0.42, 1676287
0.42, 1674293
0.43, 1670273
0.43, 1664827
0.43, 1648985
0.43, 1628732
0.47, 1628298
0.47, 1626227
0.47, 1615268
0.47, 1601825
0.47, 1595015
0.47, 1594681
0.47, 1591174
0.47, 1584412
0.48, 1549334
0.48, 1542812
0.48, 1539441
0.48, 1523487
0.48, 1516357
0.48, 1508089
0.48, 1507539
0.48, 1505306
0.49, 1502506
0.49, 1465478
0.50, 1462282
0.51, 1461504
0.51, 1456386
0.51, 1452303
0.51, 1448219
0.52, 1438267
0.52, 1433987
0.52, 1421965
0.52, 1417327
0.53, 1410319
0.54, 1409941
0.54, 1409373
0.54, 1408720
0.55, 1402817
0.56, 1402346
0.59, 1400046
6.97, 1396549
6.98, 1395981
