0.01, 6979919
0.01, 6967056
0.04, 6906080
0.04, 6820815
0.05, 6668642
0.05, 6667113
0.05, 6636040
0.05, 6600720
0.05, 6594456
0.06, 6518110
0.06, 6516377
0.06, 6501025
0.06, 6499830
0.06, 6497468
0.06, 6471759
1.06, 6469768
1.08, 6460645
1.08, 6452204
1.08, 6451151
1.08, 6445408
1.08, 6396489
1.08, 6381115
1.08, 6342823
1.08, 6340295
1.08, 6339237
1.08, 6293413
1.08, 6287729
1.08, 6275365
1.08, 6255935
1.08, 6233190
1.08, 6194233
1.08, 6139434
1.08, 6099312
1.08, 6085511
1.09, 6076886
1.09, 6075901
1.09, 6074614
1.09, 6074452
1.09, 6060236
1.09, 6051128
1.09, 5979002
1.09, 5947570
1.09, 5942933
1.09, 5921116
1.10, 5900712
1.10, 5871073
1.10, 5868719
1.10, 5867306
1.10, 5867283
1.10, 5863908
1.10, 5861758
1.10, 5858629
1.11, 5848258
1.11, 5845188
1.11, 5844693
1.11, 5839978
1.11, 5829097
1.11, 5828661
1.11, 5822574
1.11, 5813051
1.11, 5807202
1.11, 5785870
1.11, 5784073
1.11, 5780606
1.11, 5774244
1.11, 5748396
1.13, 5715262
1.13, 5703610
1.14, 5688550
1.14, 5669164
1.14, 5642757
1.14, 5638855
1.14, 5622118
1.14, 5618013
1.14, 5569536
1.14, 5548328
1.14, 5530743
1.17, 5529520
1.17, 5527438
1.17, 5510291
1.17, 5508931
1.17, 5476303
1.17, 5475744
1.17, 5442421
1.17, 5421711
1.17, 5419376
1.17, 5410049
1.17, 5403877
1.17, 5403780
1.18, 5381046
1.19, 5377335
1.19, 5358170
1.19, 5339511
1.19, 5337517
1.19, 5336842
1.20, 5324812
1.20, 5307757
1.20, 5303414
1.20, 5300548
1.20, 5276458
1.20, 5268420
1.20, 5241070
1.20, 5227386
1.20, 5219038
1.20, 5201230
1.20, 5185099
1.20, 5183486
1.20, 5179241
1.20, 5176039
1.20, 5164134
1.20, 5162047
1.20, 5159755
1.20, 5123899
1.20, 5117567
1.21, 5101893
1.21, 5079036
1.21, 5025692
1.21, 4991408
1.21, 4934498
1.21, 4857805
1.21, 4848771
1.21, 4806075
1.21, 4803455
1.21, 4799454
1.21, 4797088
1.21, 4782116
1.21, 4767395
1.21, 4748634
1.21, 4735815
1.21, 4730974
1.22, 4724963
1.22, 4707373
1.22, 4701096
1.22, 4700713
1.22, 4699437
1.22, 4695917
1.23, 4678417
1.23, 4667709
1.23, 4648496
1.23, 4640905
1.23, 4632243
1.23, 4630152
1.23, 4619425
1.23, 4602759
1.23, 4565705
1.23, 4562493
1.23, 4537896
1.23, 4526893
1.23, 4516575
1.23, 4492352
1.23, 4491030
1.23, 4480305
1.23, 4478987
1.23, 4471895
1.23, 4468389
1.23, 4420819
1.23, 4415949
1.23, 4405839
1.23, 4401035
1.24, 4397447
1.24, 4396731
1.24, 4391724
1.24, 4375675
1.24, 4371898
1.24, 4367056
1.24, 4354212
1.24, 4310942
1.24, 4291546
1.24, 4287856
1.25, 4270147
1.25, 4246398
1.25, 4246108
1.25, 4195103
1.25, 4192420
1.26, 4190664
1.26, 4188813
1.26, 4185216
1.26, 4120224
1.26, 4118001
1.26, 4116333
1.26, 4116162
1.26, 4108540
1.26, 4104115
1.26, 4101923
1.26, 4071783
1.26, 4067964
1.26, 4064750
1.26, 4059942
1.26, 4033083
1.26, 4032812
1.26, 4025223
1.26, 4011980
1.27, 4009413
1.27, 4001879
1.27, 3999786
1.27, 3994664
1.27, 3992623
1.27, 3978456
1.27, 3955917
1.27, 3934431
1.27, 3876517
1.28, 3871265
1.28, 3867630
1.28, 3852575
1.28, 3849483
1.28, 3841061
1.28, 3839243
1.28, 3830400
1.28, 3830395
1.28, 3828393
1.28, 3826118
1.29, 3816377
1.29, 3816277
1.29, 3815113
1.29, 3798486
1.29, 3746557
1.29, 3741315
1.29, 3702523
1.30, 3701530
1.30, 3701178
1.30, 3700839
1.30, 3695724
1.30, 3690502
1.30, 3687876
1.30, 3685477
1.30, 3685280
1.30, 3684786
1.30, 3683465
1.30, 3681103
1.30, 3677107
1.30, 3668042
1.30, 3633406
1.30, 3627115
1.30, 3625308
1.30, 3617126
1.30, 3610776
1.31, 3610506
1.31, 3606435
1.31, 3605053
1.32, 3596484
1.32, 3595336
1.32, 3592335
1.32, 3588602
1.32, 3582581
1.32, 3579959
1.32, 3579843
1.32, 3565475
1.32, 3562382
1.32, 3562098
1.32, 3561999
1.32, 3557806
1.32, 3555984
1.32, 3554913
1.32, 3549465
1.33, 3548018
1.33, 3547393
1.33, 3545310
1.33, 3455169
1.33, 3442552
1.33, 3438663
1.33, 3438058
1.33, 3433121
1.33, 3429801
1.33, 3426835
1.33, 3426154
1.33, 3401862
1.33, 3400783
1.33, 3392013
1.34, 3390167
1.34, 3370424
1.34, 3367916
1.34, 3366814
1.34, 3364583
1.34, 3363752
1.34, 3357695
1.34, 3356105
1.35, 3353091
1.35, 3351016
1.35, 3350977
1.35, 3341418
1.35, 3340386
1.35, 3333580
1.35, 3326486
1.36, 3322918
1.36, 3321163
1.36, 3317531
1.36, 3295655
1.36, 3294440
1.36, 3285102
1.36, 3273534
1.36, 3259611
1.36, 3257795
1.36, 3256577
1.36, 3247479
1.36, 3247401
1.36, 3243240
1.36, 3223162
1.36, 3220844
1.36, 3218040
1.36, 3215955
1.36, 3214556
1.36, 3210766
1.36, 3210007
1.36, 3208926
1.36, 3208056
1.36, 3206592
1.37, 3194766
1.37, 3192333
1.37, 3185706
1.37, 3182543
1.37, 3179876
1.37, 3179270
1.37, 3178343
1.37, 3175492
1.37, 3175057
1.37, 3172500
1.38, 3171556
1.38, 3167886
1.38, 3156610
1.38, 3154403
1.38, 3149622
1.39, 3147352
1.39, 3147317
1.39, 3146364
1.39, 3128016
1.39, 3120833
1.39, 3116265
1.39, 3115943
1.39, 3107781
1.39, 3101547
1.39, 3096164
1.39, 3090474
1.39, 3087306
1.39, 3084832
1.39, 3084401
1.39, 3072521
1.39, 3006863
1.40, 3004002
1.40, 3000356
1.40, 2985068
1.40, 2978924
1.40, 2975838
1.40, 2975560
1.40, 2970820
1.40, 2957643
1.40, 2957007
1.41, 2952606
1.41, 2948172
1.41, 2946891
1.41, 2945177
1.41, 2939053
1.41, 2930033
1.41, 2880919
1.41, 2879964
1.41, 2873107
1.41, 2819110
1.41, 2808810
1.41, 2808719
1.41, 2795852
1.41, 2795840
1.41, 2795838
1.41, 2795526
1.42, 2793498
1.42, 2792659
1.42, 2785648
1.42, 2782496
1.42, 2777037
1.42, 2776283
1.42, 2765247
1.42, 2764207
1.42, 2762906
1.42, 2761084
1.43, 2758162
1.43, 2757390
1.43, 2742205
1.43, 2736075
1.43, 2735645
1.43, 2732976
1.43, 2721708
1.43, 2720431
1.43, 2718538
1.43, 2713016
1.43, 2711374
1.43, 2699514
1.43, 2696104
1.44, 2693270
1.44, 2688812
1.44, 2682094
1.44, 2681746
1.44, 2673110
1.45, 2653044
1.45, 2649814
1.45, 2648348
1.45, 2645859
1.45, 2620349
1.45, 2617772
1.45, 2615313
1.45, 2609376
1.45, 2599842
1.45, 2598237
1.45, 2596671
1.45, 2592767
1.45, 2591296
1.45, 2580685
1.45, 2579591
1.45, 2577870
1.46, 2530627
1.46, 2528540
1.46, 2527650
1.46, 2518419
1.46, 2516800
1.46, 2513007
1.46, 2512906
1.46, 2509788
1.46, 2507661
1.47, 2504841
1.47, 2501988
1.47, 2501315
1.47, 2495095
1.47, 2488421
1.48, 2486839
1.48, 2483363
1.48, 2476733
1.48, 2470112
1.48, 2461093
1.48, 2460552
1.48, 2460431
1.48, 2458807
1.48, 2455669
1.48, 2440464
1.48, 2440269
1.48, 2439035
1.49, 2437240
1.49, 2436916
1.49, 2431782
1.49, 2429706
1.49, 2429501
1.49, 2427154
1.49, 2425912
1.49, 2425097
1.49, 2418996
1.49, 2415309
1.49, 2414266
1.49, 2414090
1.50, 2412588
1.50, 2412043
1.50, 2410963
1.51, 2408993
1.51, 2408973
1.51, 2405204
1.51, 2402764
1.51, 2399874
1.51, 2397836
1.51, 2396426
1.51, 2393356
1.51, 2391408
1.52, 2391255
1.52, 2378271
1.52, 2378096
1.52, 2368588
1.52, 2343682
1.52, 2342380
1.52, 2340293
1.52, 2335433
1.53, 2328425
1.53, 2298707
1.53, 2298548
1.53, 2298153
1.53, 2296844
1.53, 2294583
1.53, 2276056
1.53, 2276032
1.53, 2275411
1.53, 2274520
1.53, 2270632
1.54, 2268586
1.54, 2268557
1.54, 2265162
1.54, 2264432
1.54, 2257761
1.54, 2255335
1.54, 2249659
1.54, 2229238
1.54, 2225107
1.54, 2222968
1.55, 2212883
1.55, 2207572
1.55, 2205803
1.55, 2205061
1.55, 2205043
1.55, 2203591
1.56, 2199327
1.56, 2194232
1.56, 2191794
1.56, 2190332
1.56, 2190187
1.56, 2183031
1.56, 2181684
1.57, 2175829
1.57, 2175687
1.57, 2175216
1.57, 2170064
1.57, 2168149
1.57, 2168104
1.57, 2161259
1.57, 2160439
1.58, 2160354
1.58, 2153688
1.58, 2152339
1.58, 2151158
1.58, 2151038
1.58, 2151028
1.59, 2150021
1.59, 2145687
1.59, 2142594
1.59, 2141132
1.59, 2140916
1.59, 2139268
1.59, 2135392
1.59, 2132836
1.60, 2132800
1.60, 2131050
1.60, 2119813
1.60, 2119802
1.60, 2119792
1.61, 2113442
1.61, 2110688
1.61, 2110055
1.61, 2108960
1.61, 2108714
1.61, 2107220
1.61, 2107193
1.61, 2103661
1.62, 2103446
1.62, 2102849
1.62, 2100047
1.62, 2099064
1.63, 2096088
1.63, 2093527
1.63, 2091826
1.63, 2091144
1.63, 2089039
1.64, 2088052
1.64, 2086962
1.64, 2079633
1.64, 2078193
1.64, 2078144
1.64, 2077871
1.64, 2076053
1.64, 2070967
1.65, 2070231
1.65, 2070178
1.66, 2063549
1.66, 2059969
1.66, 2059532
1.66, 2059349
1.67, 2055738
1.67, 2054242
1.67, 2051702
1.67, 2051129
1.67, 2048941
1.68, 2048388
1.68, 2047030
1.68, 2046310
1.68, 2044970
1.68, 2024653
1.68, 2019456
1.69, 2015140
1.69, 2013916
1.69, 2012235
1.69, 2009723
1.69, 2009310
1.70, 1999009
1.70, 1997341
1.70, 1959750
1.70, 1949560
1.70, 1948487
1.71, 1946479
1.71, 1933209
1.72, 1932714
1.72, 1932432
1.72, 1931624
1.72, 1930393
1.72, 1927997
1.72, 1927291
1.72, 1925807
1.73, 1924925
1.73, 1923384
1.73, 1922786
1.73, 1916911
1.74, 1916465
1.74, 1915154
1.74, 1912216
1.74, 1911488
1.74, 1907551
1.74, 1906908
1.75, 1905246
1.75, 1903177
1.75, 1902725
1.75, 1901807
1.76, 1900681
1.76, 1900233
1.76, 1896487
1.76, 1896230
1.77, 1894336
1.77, 1893547
1.77, 1891426
1.77, 1891271
1.78, 1888661
1.78, 1888540
1.78, 1887702
1.79, 1887647
1.80, 1887182
1.80, 1886368
1.80, 1879341
1.81, 1877258
1.81, 1862341
1.81, 1859293
1.81, 1859281
1.81, 1858860
1.81, 1857925
1.81, 1854403
1.82, 1854264
1.82, 1853573
1.82, 1853269
1.83, 1851057
1.83, 1851030
1.84, 1850739
1.84, 1797299
1.84, 1797100
1.84, 1793548
1.85, 1793542
1.85, 1791495
1.85, 1788652
1.85, 1781582
1.85, 1781543
1.85, 1756271
1.86, 1755938
1.86, 1751616
1.86, 1741050
1.87, 1738755
1.87, 1715913
1.87, 1713623
1.88, 1706282
1.88, 1704858
1.88, 1704823
1.88, 1704753
1.89, 1701466
1.90, 1696835
1.90, 1692741
1.90, 1691978
1.90, 1691506
1.91, 1690849
1.91, 1689672
1.91, 1689568
1.91, 1686497
1.91, 1685524
1.92, 1685365
1.92, 1677753
1.92, 1675752
1.92, 1675421
1.92, 1675396
1.92, 1640579
1.93, 1639603
1.93, 1639599
1.94, 1639460
1.94, 1601844
1.94, 1601812
1.94, 1599697
1.94, 1596811
1.94, 1595860
1.95, 1595656
1.95, 1595555
1.96, 1595234
1.96, 1593738
1.96, 1593078
1.97, 1579690
1.97, 1579123
1.98, 1579074
1.99, 1574720
1.99, 1572616
2.00, 1571995
2.00, 1571757
2.01, 1569006
2.01, 1568885
2.02, 1567071
2.02, 1565086
2.03, 1562005
2.04, 1561131
2.04, 1534085
2.04, 1530137
2.04, 1529481
2.05, 1528482
2.06, 1518966
2.06, 1509120
2.07, 1507847
2.07, 1506904
2.09, 1502597
2.10, 1501339
2.10, 1470888
2.11, 1470367
2.11, 1468875
2.11, 1466595
2.11, 1463860
2.12, 1462821
2.12, 1462146
2.12, 1460438
2.12, 1459837
2.13, 1459709
2.13, 1458494
2.14, 1457088
2.14, 1455543
2.15, 1454645
2.16, 1453827
2.16, 1451932
2.17, 1451369
2.19, 1451268
2.20, 1450699
2.22, 1450116
2.24, 1448289
2.25, 1448023
2.25, 1444429
2.25, 1443756
2.26, 1441204
2.27, 1440582
2.27, 1439580
2.27, 1438032
2.28, 1437164
2.29, 1436863
2.29, 1436599
2.29, 1433001
2.30, 1403457
2.30, 1399650
2.31, 1391122
2.31, 1389501
2.31, 1384024
2.32, 1381524
2.32, 1381067
2.33, 1379423
2.33, 1378838
2.33, 1378218
2.33, 1376617
2.34, 1375767
2.34, 1375669
2.34, 1375607
2.35, 1367885
2.38, 1361736
2.38, 1361614
2.39, 1361560
2.41, 1360323
2.42, 1359741
2.43, 1359065
2.43, 1358414
2.43, 1357399
2.43, 1355820
2.45, 1354326
2.45, 1353923
2.46, 1353897
2.46, 1351022
2.46, 1322829
2.47, 1320003
2.48, 1317852
2.48, 1314421
2.49, 1313135
2.49, 1310730
2.50, 1310047
2.51, 1309249
2.52, 1299428
2.52, 1295290
2.52, 1295207
2.52, 1293602
2.53, 1293025
2.55, 1292370
2.55, 1276371
2.57, 1234498
2.58, 1233339
2.60, 1232571
2.60, 1230904
2.61, 1227828
2.61, 1226894
2.62, 1224371
2.63, 1223106
2.63, 1223102
2.64, 1222271
2.64, 1212051
2.65, 1212000
2.65, 1210907
2.66, 1210848
2.66, 1199588
2.66, 1198141
2.68, 1196640
2.68, 1195635
2.69, 1194748
2.70, 1194387
2.71, 1194286
2.72, 1193881
2.74, 1192996
2.75, 1192106
2.76, 1190783
2.76, 1190254
2.77, 1188672
2.79, 1188583
2.79, 1188207
2.81, 1187743
2.81, 1186738
2.83, 1186608
2.83, 1186456
2.88, 1186416
2.88, 1186196
2.91, 1173667
2.91, 1172132
2.92, 1170216
2.93, 1169513
2.94, 1167216
2.98, 1167146
2.98, 1166987
2.99, 1166944
3.03, 1166531
3.03, 1166237
3.04, 1165463
3.04, 1165285
3.05, 1162546
3.06, 1161790
3.08, 1161654
3.08, 1160340
3.09, 1150274
3.09, 1141133
3.10, 1141116
3.12, 1140902
3.15, 1139229
3.21, 1137119
3.22, 1136718
3.24, 1136686
3.24, 1136544
3.26, 1135475
3.29, 1135026
3.29, 1134927
3.31, 1133950
3.32, 1133678
3.35, 1123617
3.38, 1123038
3.38, 1122925
3.39, 1122483
3.40, 1121088
3.41, 1120169
3.41, 1113773
3.42, 1110996
3.44, 1109918
3.45, 1109110
3.46, 1108677
3.48, 1108055
3.56, 1106379
3.56, 1105955
3.58, 1099142
3.59, 1098497
3.62, 1086839
3.65, 1086365
3.66, 1084868
3.66, 1078875
3.71, 1077820
3.73, 1077509
3.73, 1076914
3.74, 1075620
3.75, 1073625
3.76, 1070589
3.77, 1070233
3.84, 1068872
3.85, 1067627
3.89, 1066878
3.91, 1049352
4.00, 1047854
4.02, 1047361
4.02, 1045321
7.45, 1045015
7.47, 1042243
7.50, 1041655
7.50, 1035247
7.59, 1034074
7.59, 1031046
7.60, 1029304
7.60, 1025561
7.60, 1023639
7.61, 1019298
7.64, 1018331
7.69, 1016061
7.69, 1015987
7.71, 1012796
7.73, 1012504
7.76, 1009023
7.76, 1008839
7.78, 1008751
7.78, 1008748
7.79, 1008716
7.83, 1006298
7.83, 1006068
7.86, 1005436
7.87, 1004717
7.88, 1004542
7.90, 1004303
7.92, 1004013
20.24, 1001609
20.29, 991632
20.30, 972579
20.31, 972296
24.28, 967379
129.38, 956717
129.39, 954939
129.43, 954879
129.44, 952229
129.45, 951921
129.49, 951323
129.51, 951168
129.52, 949376
129.53, 944080
129.53, 943800
129.57, 943609
129.63, 942328
129.65, 936995
129.66, 935822
133.46, 935662
133.52, 933515
133.52, 932669
133.58, 930651
133.63, 928060
133.65, 914531
133.67, 912875
133.68, 909492
177.09, 908369
177.10, 908364
177.13, 908269
177.15, 907862
177.16, 900955
177.17, 899912
177.19, 898773
177.27, 898504
177.30, 898012
177.32, 896314
177.33, 894436
177.34, 891653
177.38, 891536
177.38, 891309
177.39, 891064
177.40, 889725
177.42, 888931
177.43, 888499
177.43, 888177
177.43, 884820
177.45, 884729
177.46, 880807
177.48, 879784
