0.00, 5726711
0.00, 5724109
0.00, 5722137
0.00, 5694379
0.00, 5679522
0.00, 5614140
0.00, 5596668
0.01, 5547502
0.01, 5537560
0.01, 5517714
0.01, 5433082
0.01, 5427008
0.01, 5381218
0.02, 5376664
0.02, 5352327
0.04, 5350086
0.04, 5348362
0.04, 5347037
0.04, 5313441
0.04, 5231401
0.04, 5230067
0.04, 5147928
0.09, 5070114
0.09, 5055072
0.09, 4982218
0.58, 4978928
0.58, 4944859
0.58, 4895005
0.58, 4867623
0.58, 4853369
0.58, 4843712
0.58, 4839368
0.58, 4835723
0.58, 4814935
0.58, 4806082
0.60, 4805681
0.60, 4788226
0.61, 4786060
0.61, 4764663
0.62, 4719363
0.62, 4708007
0.62, 4697018
0.62, 4695092
0.62, 4590086
0.62, 4533651
0.62, 4531137
0.62, 4503275
0.63, 4502462
0.63, 4495442
0.63, 4480732
0.63, 4451245
0.63, 4428966
0.64, 4409391
0.64, 4337182
0.64, 4291743
0.64, 4289426
0.64, 4261318
0.64, 4238452
0.64, 4213783
0.64, 4126558
0.64, 4113512
0.64, 4097095
0.64, 4053397
0.64, 4035943
0.64, 4033137
0.64, 4015998
0.66, 3980960
0.66, 3946005
0.66, 3872336
0.66, 3857558
0.66, 3804893
0.66, 3724498
0.66, 3724123
0.66, 3711326
0.67, 3671409
0.68, 3653884
0.68, 3609120
0.68, 3576383
0.68, 3568640
0.68, 3559779
0.68, 3539436
0.68, 3460514
0.68, 3458296
0.68, 3457611
0.68, 3425852
0.68, 3408973
0.68, 3405464
0.68, 3359834
0.68, 3328486
0.69, 3319462
0.69, 3315128
0.69, 3305621
0.69, 3305390
0.69, 3304354
0.69, 3274506
0.69, 3265057
0.69, 3258245
0.69, 3225400
0.69, 3210104
0.69, 3206665
0.69, 3206493
0.69, 3169394
0.69, 3162271
0.69, 3151074
0.70, 3128620
0.70, 3120432
0.70, 3114711
0.70, 3106003
0.70, 3101298
0.70, 3093489
0.70, 3078690
0.70, 3078531
0.70, 3064821
0.70, 3064221
0.70, 3055920
0.70, 3033633
0.70, 3030462
0.70, 3021686
0.70, 3020387
0.70, 3003403
0.70, 2982967
0.70, 2971267
0.70, 2966628
0.70, 2957797
0.70, 2935130
0.70, 2920930
0.70, 2887117
0.70, 2852915
0.71, 2849467
0.71, 2839316
0.71, 2837005
0.71, 2826593
0.71, 2826302
0.71, 2797331
0.71, 2778277
0.71, 2776723
0.71, 2716571
0.71, 2705772
0.71, 2687117
0.71, 2686998
0.71, 2669874
0.71, 2648894
0.71, 2636803
0.71, 2616058
0.71, 2613868
0.71, 2610605
0.71, 2609627
0.71, 2605411
0.72, 2594144
0.72, 2567942
0.72, 2558675
0.72, 2541728
0.72, 2540630
0.72, 2518611
0.72, 2516162
0.72, 2511317
0.72, 2494453
0.72, 2491316
0.72, 2477158
0.72, 2444497
0.72, 2427360
0.73, 2408861
0.73, 2399184
0.73, 2387321
0.73, 2372979
0.73, 2336650
0.73, 2322768
0.73, 2322428
0.73, 2309798
0.73, 2298810
0.73, 2298779
0.73, 2296456
0.73, 2293646
0.74, 2286682
0.74, 2284324
0.74, 2266014
0.74, 2239560
0.74, 2227452
0.74, 2209759
0.74, 2208279
0.74, 2208267
0.74, 2196595
0.74, 2179909
0.74, 2179724
0.74, 2173195
0.74, 2140513
0.74, 2096111
0.74, 2095201
0.75, 2094906
0.75, 2083349
0.75, 2080897
0.75, 2053085
0.75, 2043670
0.75, 2032118
0.75, 2030134
0.75, 1980079
0.75, 1966182
0.75, 1963160
0.75, 1926572
0.75, 1911951
0.75, 1910110
0.76, 1907910
0.76, 1907870
0.76, 1895698
0.76, 1889066
0.76, 1885743
0.76, 1884471
0.76, 1881638
0.76, 1874120
0.76, 1871180
0.76, 1857266
0.76, 1856221
0.76, 1853490
0.76, 1839505
0.76, 1838788
0.76, 1819671
0.76, 1785453
0.76, 1767851
0.76, 1761951
0.76, 1759183
0.77, 1745925
0.77, 1724579
0.77, 1724499
0.77, 1719325
0.77, 1711986
0.77, 1707618
0.77, 1705724
0.77, 1703833
0.77, 1689664
0.77, 1684430
0.77, 1678463
0.78, 1668047
0.78, 1665279
0.78, 1651952
0.79, 1640856
0.79, 1635601
0.79, 1624980
0.79, 1620025
0.79, 1615681
0.79, 1615245
0.80, 1583645
0.80, 1582316
0.80, 1574716
0.81, 1554442
0.81, 1552692
0.81, 1551260
0.82, 1550447
0.82, 1539804
0.82, 1537449
0.82, 1534751
0.82, 1532159
0.82, 1532082
0.82, 1530902
0.82, 1530130
0.83, 1506216
0.83, 1495175
0.83, 1491702
0.83, 1491698
0.83, 1490426
0.83, 1473408
0.84, 1471365
0.84, 1465252
0.84, 1454688
0.84, 1452908
0.84, 1448941
0.84, 1446784
0.85, 1445088
0.85, 1439134
0.85, 1438370
0.85, 1437689
0.85, 1428878
0.85, 1415767
0.85, 1415164
0.85, 1412724
0.86, 1410779
0.86, 1410562
0.86, 1407011
0.86, 1402215
0.86, 1397974
0.86, 1396982
0.87, 1396699
0.87, 1396057
0.87, 1386383
0.87, 1386296
0.87, 1386219
0.88, 1383356
0.88, 1381486
0.88, 1375629
0.89, 1363615
0.89, 1357241
0.89, 1352009
0.89, 1345089
0.90, 1344720
0.90, 1327428
0.90, 1319328
0.91, 1319208
0.91, 1317510
0.91, 1311347
0.92, 1311329
0.92, 1307588
0.92, 1269416
0.92, 1268531
0.92, 1243267
0.93, 1236202
0.93, 1222762
0.94, 1216423
0.95, 1215149
0.96, 1191089
0.96, 1188886
0.96, 1187902
0.97, 1181367
0.97, 1181134
0.97, 1179534
0.97, 1172240
0.98, 1170642
0.99, 1170463
0.99, 1165523
1.00, 1165121
1.00, 1161918
1.00, 1146957
1.01, 1126446
1.01, 1126423
1.02, 1113986
1.02, 1101179
1.02, 1101162
1.03, 1083640
1.03, 1082968
1.04, 1069564
1.07, 1069102
1.09, 1066637
1.09, 1059496
1.09, 1044820
1.11, 1044273
1.11, 1037900
1.12, 1011991
1.12, 1011510
1.13, 1003802
1.15, 999386
1.15, 998539
1.16, 994087
1.18, 988498
1.21, 988217
1.21, 987533
1.23, 986378
1.24, 986372
1.25, 983493
1.25, 983010
1.25, 976787
1.26, 975759
1.27, 974565
1.27, 971543
1.27, 971503
1.29, 967408
1.32, 965923
1.36, 963987
1.38, 962229
1.42, 959262
1.42, 958362
1.44, 956644
1.51, 955784
1.54, 952131
1.55, 936159
1.79, 933228
2.03, 931900
3.79, 929656
3.79, 919974
3.79, 914385
3.83, 910440
3.85, 906070
3.86, 902813
3.87, 902698
3.90, 899854
3.90, 894240
4.10, 885047
4.22, 878717
4.33, 878604
36.59, 875456
119.08, 872718
119.12, 868166
119.14, 867370
119.17, 862036
119.25, 854270
119.38, 853370
119.40, 853153
119.44, 852448
119.57, 850760
297.40, 848906
297.44, 848866
361.61, 848808
361.67, 844351
361.81, 842707
619.46, 839469
619.51, 831001
619.82, 824389
