0.01, 10012376
0.01, 9989518
0.01, 9983237
0.01, 9963601
0.01, 9792297
0.01, 9737123
0.01, 9462352
0.01, 9398886
0.01, 9361473
0.01, 9207042
0.01, 9172033
0.03, 9122166
0.03, 8956125
0.03, 8947232
0.03, 8883320
0.03, 8816310
0.03, 8814830
0.03, 8799059
0.03, 8661170
0.62, 8543843
0.62, 8471960
0.62, 8460979
0.62, 8212598
0.63, 8151408
0.63, 8084321
0.63, 8046048
0.63, 7885505
0.63, 7880798
0.63, 7863889
0.63, 7843255
0.63, 7829578
0.63, 7784774
0.63, 7758127
0.63, 7674666
0.63, 7662009
0.63, 7625406
0.63, 7571152
0.63, 7566946
0.64, 7536866
0.64, 7533200
0.64, 7469829
0.66, 7461961
0.66, 7460313
0.66, 7430628
0.66, 7393238
0.66, 7318917
0.66, 7200289
0.68, 7116902
0.68, 7067736
0.68, 7062476
0.68, 7024540
0.68, 7021495
0.68, 6864778
0.68, 6804773
0.68, 6763037
0.68, 6659601
0.68, 6655902
0.68, 6604416
0.68, 6535028
0.68, 6530936
0.68, 6483851
0.68, 6482810
0.68, 6429292
0.68, 6372186
0.68, 6363982
0.68, 6304898
0.68, 6187539
0.68, 6182133
0.69, 6176338
0.69, 6175996
0.69, 6066193
0.69, 6064276
0.69, 6056680
0.69, 6036185
0.69, 5999594
0.69, 5929342
0.69, 5911334
0.69, 5869210
0.69, 5841338
0.69, 5829437
0.69, 5811898
0.69, 5726692
0.69, 5711237
0.69, 5698202
0.69, 5672900
0.69, 5500634
0.69, 5493757
0.70, 5428597
0.70, 5418307
0.70, 5397939
0.70, 5319394
0.70, 5292859
0.70, 5269922
0.71, 5219923
0.71, 5218915
0.71, 5192000
0.71, 5181337
0.71, 5177932
0.71, 5175880
0.71, 5145378
0.71, 5138056
0.71, 5128858
0.71, 5090036
0.71, 5083413
0.71, 5053895
0.71, 5053864
0.71, 5051758
0.71, 5004149
0.71, 5003759
0.71, 5002839
0.71, 4924554
0.71, 4885814
0.72, 4822420
0.72, 4814542
0.72, 4799220
0.72, 4796411
0.72, 4786741
0.72, 4779862
0.72, 4596382
0.72, 4544402
0.72, 4513602
0.72, 4496808
0.73, 4492066
0.73, 4457355
0.73, 4454567
0.73, 4453551
0.73, 4441458
0.73, 4420844
0.73, 4415563
0.73, 4415395
0.73, 4407008
0.73, 4359063
0.73, 4357070
0.73, 4354428
0.73, 4349498
0.73, 4338521
0.73, 4331777
0.74, 4317097
0.74, 4296400
0.74, 4245022
0.74, 4242910
0.74, 4234985
0.74, 4217349
0.74, 4198903
0.75, 4182086
0.75, 4146542
0.75, 4143965
0.75, 4129072
0.75, 4075323
0.75, 4073875
0.75, 4066494
0.75, 4062974
0.75, 4059907
0.76, 4059795
0.76, 4046244
0.76, 3976025
0.76, 3959129
0.76, 3948017
0.76, 3927429
0.76, 3830150
0.76, 3775007
0.76, 3764491
0.76, 3752313
0.76, 3721305
0.76, 3719512
0.76, 3717979
0.77, 3715788
0.77, 3676390
0.77, 3658989
0.77, 3653339
0.77, 3650230
0.77, 3590678
0.77, 3586743
0.77, 3584521
0.77, 3576602
0.78, 3570037
0.78, 3566700
0.78, 3536040
0.78, 3510847
0.79, 3506372
0.79, 3492899
0.79, 3484248
0.79, 3471694
0.79, 3433985
0.79, 3413963
0.79, 3407485
0.79, 3362274
0.79, 3361423
0.79, 3350567
0.80, 3350042
0.80, 3337672
0.80, 3334658
0.81, 3305663
0.81, 3304592
0.81, 3278801
0.81, 3274073
0.82, 3270636
0.82, 3268172
0.82, 3264551
0.82, 3246099
0.82, 3235069
0.82, 3209099
0.82, 3186505
0.82, 3171357
0.82, 3167514
0.82, 3167028
0.82, 3164059
0.82, 3118872
0.82, 3095959
0.82, 3069832
0.82, 3066012
0.82, 3037253
0.82, 3028399
0.82, 2995411
0.82, 2987873
0.83, 2983639
0.83, 2983352
0.83, 2977156
0.83, 2969534
0.83, 2967182
0.83, 2966550
0.83, 2965899
0.83, 2960257
0.84, 2958272
0.84, 2956764
0.84, 2955613
0.84, 2946131
0.84, 2944991
0.84, 2942961
0.84, 2940574
0.84, 2940430
0.84, 2934148
0.85, 2931188
0.85, 2929856
0.85, 2927019
0.85, 2917680
0.85, 2916396
0.85, 2873135
0.85, 2870753
0.85, 2849707
0.85, 2789524
0.85, 2776672
0.85, 2775336
0.86, 2687079
0.86, 2687032
0.86, 2686259
0.86, 2665259
0.86, 2662108
0.87, 2623138
0.87, 2620946
0.87, 2620736
0.87, 2615458
0.87, 2600561
0.87, 2588719
0.87, 2560029
0.87, 2557817
0.88, 2553561
0.88, 2550420
0.88, 2548213
0.88, 2538262
0.88, 2533904
0.88, 2531684
0.88, 2529540
0.88, 2529319
0.88, 2527299
0.89, 2507766
0.89, 2493987
0.89, 2492588
0.89, 2479724
0.89, 2477244
0.89, 2472244
0.90, 2465355
0.90, 2463847
0.90, 2459937
0.90, 2459193
0.90, 2457855
0.90, 2442255
0.90, 2433519
0.90, 2433125
0.90, 2425430
0.90, 2424019
0.90, 2423250
0.91, 2401595
0.91, 2400959
0.91, 2399201
0.91, 2395996
0.91, 2394825
0.91, 2391945
0.91, 2389245
0.91, 2388501
0.92, 2372193
0.92, 2370983
0.92, 2358639
0.92, 2353779
0.92, 2344639
0.92, 2342674
0.92, 2341701
0.93, 2341433
0.93, 2295753
0.93, 2266918
0.93, 2258929
0.93, 2257712
0.94, 2252889
0.94, 2233508
0.96, 2219185
0.97, 2196715
0.97, 2188869
0.97, 2161277
0.97, 2160752
0.98, 2148179
0.98, 2146817
0.98, 2146112
0.98, 2143293
0.98, 2139989
0.98, 2128977
0.98, 2125131
0.98, 2114206
0.99, 2102450
0.99, 2095987
1.00, 2089577
1.00, 2078794
1.00, 2057052
1.00, 2056892
1.00, 2031665
1.01, 2031578
1.01, 2028091
1.01, 2027451
1.01, 2027280
1.01, 2013584
1.01, 1977142
1.01, 1971000
1.02, 1969405
1.02, 1959368
1.03, 1957441
1.03, 1954035
1.03, 1953727
1.03, 1952196
1.04, 1951790
1.04, 1949183
1.04, 1948630
1.04, 1873819
1.05, 1869562
1.06, 1868414
1.06, 1867181
1.08, 1861301
1.08, 1860795
1.09, 1860761
1.09, 1860495
1.09, 1859598
1.10, 1854109
1.11, 1852786
1.11, 1852004
1.11, 1748031
1.11, 1737211
1.11, 1726078
1.12, 1725509
1.12, 1725045
1.12, 1724376
1.13, 1723082
1.13, 1721028
1.15, 1710622
1.15, 1710561
1.15, 1690477
1.17, 1690045
1.17, 1687779
1.18, 1638372
1.18, 1626733
1.19, 1625875
1.20, 1622651
1.21, 1615288
1.22, 1613176
1.24, 1612330
1.24, 1587290
1.24, 1581104
1.25, 1561686
1.25, 1561031
1.26, 1560904
1.27, 1560269
1.28, 1554753
1.29, 1550812
1.29, 1549560
1.31, 1547447
1.33, 1546839
1.34, 1544479
1.34, 1535945
1.35, 1533570
1.36, 1520265
1.38, 1518951
1.38, 1508974
1.39, 1508834
1.41, 1507999
1.41, 1495122
1.41, 1492325
1.43, 1492180
1.43, 1488884
1.43, 1471450
1.44, 1470969
1.44, 1436373
1.47, 1431724
1.54, 1431088
1.58, 1429434
1.58, 1429305
1.65, 1428019
1.65, 1427811
1.69, 1426612
1.72, 1425466
1.75, 1397470
1.75, 1378705
1.87, 1377616
1.88, 1374621
2.01, 1372290
2.03, 1358120
2.04, 1354368
2.27, 1353883
2.27, 1352295
12.37, 1346983
12.37, 1346786
12.39, 1346751
12.42, 1341038
12.42, 1340987
12.44, 1336597
12.49, 1336469
12.52, 1308504
12.59, 1305592
12.62, 1304786
12.64, 1303017
20.49, 1302584
20.50, 1302581
20.57, 1302356
20.58, 1296716
20.61, 1296165
20.63, 1295163
20.63, 1290095
20.64, 1289100
20.65, 1287631
20.67, 1287505
20.76, 1286699
20.76, 1284888
76.40, 1277692
76.59, 1277548
76.60, 1276895
76.61, 1276680
76.61, 1267299
76.62, 1260383
76.63, 1260085
113.30, 1229022
113.31, 1228871
113.36, 1220743
