0.00, 4977500
0.00, 4942939
0.00, 4598208
0.00, 4576731
0.00, 4464092
0.00, 4458038
0.00, 4243866
0.01, 4150384
0.01, 4068731
0.01, 3904173
0.02, 3745095
0.02, 3588742
0.02, 3558235
0.02, 3531797
0.04, 3432204
0.07, 3215848
0.28, 3187554
0.32, 3093166
0.35, 2955187
0.36, 2838724
0.36, 2833488
0.36, 2827036
0.36, 2806512
0.37, 2718197
0.37, 2650707
0.37, 2573744
0.37, 2558012
0.37, 2525232
0.37, 2427230
0.37, 2424833
0.37, 2418062
0.38, 2414143
0.38, 2347015
0.39, 2235678
0.39, 2221657
0.40, 2218538
0.40, 2122104
0.42, 2118836
0.42, 2108442
0.42, 2106172
0.42, 2089933
0.42, 2081317
0.43, 2078222
0.43, 2075924
0.43, 2061983
0.43, 2052653
0.44, 2047662
0.45, 2031423
0.48, 2003763
