0.00, 4720424
0.00, 4640543
0.00, 4584189
0.01, 4380570
0.01, 4334119
0.01, 4199955
0.01, 4107578
0.01, 3723661
0.01, 3689184
0.02, 3630996
0.06, 3576357
0.08, 3546373
0.10, 3436361
0.10, 3424682
0.17, 3423198
0.20, 3339445
0.20, 3214236
0.38, 3167634
0.38, 3060655
0.38, 2933949
0.39, 2907503
0.40, 2903508
0.40, 2890105
0.40, 2678696
0.40, 2643229
0.40, 2561598
0.40, 2546037
0.40, 2533394
0.40, 2519439
0.40, 2472830
0.40, 2431291
0.42, 2326329
0.42, 2318948
0.42, 2299083
0.42, 2295341
0.44, 2292410
0.44, 2180778
0.44, 2073751
0.45, 2070047
0.47, 2059484
0.49, 2031423
3.19, 2023779
4.55, 2017704
4.56, 2003763
