0.00, 4296447
0.00, 4105441
0.00, 4076164
0.01, 3982104
0.01, 3774388
0.01, 3762924
0.01, 3756858
0.01, 3641813
0.03, 3510917
0.03, 3489332
0.05, 3228040
0.05, 3196393
0.15, 3162528
0.15, 3135033
0.27, 3074712
0.27, 3062977
0.34, 2982809
0.36, 2920053
0.37, 2798443
0.37, 2770303
0.37, 2766656
0.37, 2764232
0.37, 2727235
0.37, 2725218
0.37, 2705011
0.38, 2669706
0.38, 2630649
0.38, 2525848
0.38, 2475434
0.38, 2459454
0.38, 2450755
0.38, 2408763
0.38, 2405743
0.38, 2380922
0.38, 2347897
0.38, 2334881
0.39, 2318601
0.39, 2318033
0.39, 2235206
0.39, 2171601
0.41, 2134086
0.43, 2126475
0.43, 2124182
0.43, 2120270
0.43, 2106657
0.44, 2068649
0.44, 2061984
0.44, 2059358
0.44, 2045745
1.82, 2037552
1.82, 2030052
1.83, 2017704
1.87, 2003763
