0.00, 4607150
0.00, 4584415
0.00, 4563884
0.00, 4303960
0.00, 4253472
0.00, 4225460
0.00, 4174199
0.00, 4159273
0.01, 4133855
0.01, 3665001
0.01, 3646612
0.01, 3622288
0.08, 3620225
0.08, 3614772
0.09, 3584220
0.11, 3527970
0.11, 3414153
0.41, 3350546
0.41, 3154487
0.41, 3054166
0.42, 2927872
0.43, 2809317
0.45, 2806489
0.46, 2773725
0.46, 2719396
0.46, 2673352
0.46, 2471445
0.47, 2458725
0.47, 2434863
0.47, 2428265
0.47, 2413718
0.47, 2283064
0.48, 2239295
0.48, 2231791
0.48, 2209924
0.49, 2197768
0.49, 2194457
0.49, 2168289
0.49, 2142678
0.50, 2129776
0.50, 2126964
0.50, 2108466
0.51, 2101481
0.51, 2100016
0.51, 2068884
0.52, 2065926
0.52, 2062635
0.53, 2034414
3.28, 2025073
3.28, 2003763
