0.00, 4659715
0.00, 4480757
0.00, 4417566
0.00, 4371808
0.00, 4363468
0.00, 4272967
0.01, 4181225
0.01, 3952627
0.01, 3719855
0.01, 3641280
0.04, 3608686
0.13, 3468881
0.19, 3459234
0.19, 3423687
0.28, 3346546
0.28, 3183885
0.32, 3164585
0.32, 3152806
0.34, 3147038
0.36, 3138052
0.36, 2998403
0.36, 2973442
0.37, 2806737
0.37, 2773301
0.38, 2730020
0.38, 2716729
0.38, 2635855
0.38, 2626168
0.38, 2624587
0.38, 2621810
0.39, 2521517
0.40, 2509644
0.40, 2504334
0.41, 2426334
0.41, 2361767
0.41, 2297642
0.42, 2283189
0.42, 2270546
0.42, 2251740
0.42, 2248350
0.42, 2221861
0.42, 2185951
0.42, 2132054
0.42, 2099930
0.47, 2082461
0.47, 2080002
0.47, 2070105
0.47, 2034195
0.49, 2023779
7.86, 2003763
