0.00, 25944
0.00, 25455
0.00, 25440
0.00, 25412
0.00, 25247
0.00, 25096
0.00, 24706
0.00, 23828
0.00, 23631
0.00, 23601
0.00, 23520
0.72, 23162
0.73, 22851
0.73, 21839
0.73, 21755
0.73, 21714
0.74, 21463
0.74, 21260
0.74, 20970
0.76, 20649
0.76, 20618
0.76, 20172
0.77, 20042
0.77, 20016
0.77, 20009
0.77, 19361
0.77, 19042
0.77, 19032
0.77, 19019
0.77, 18751
0.77, 18626
0.77, 18390
0.77, 18388
0.77, 18332
0.77, 17828
0.77, 17770
0.77, 17708
0.77, 17286
0.79, 17162
0.79, 17119
0.79, 17105
0.79, 17086
0.79, 17069
0.79, 16968
0.79, 16798
0.79, 16622
0.79, 16601
0.79, 16399
0.79, 16382
0.79, 15857
0.79, 15713
0.79, 15628
0.79, 15602
0.79, 15361
0.79, 15226
0.79, 15184
0.80, 15073
0.80, 15071
0.80, 14745
0.80, 14618
0.80, 14476
0.80, 14456
0.81, 14422
0.81, 14341
0.81, 14242
0.81, 14083
0.81, 14031
0.81, 13506
0.81, 13470
0.81, 13438
0.81, 13359
0.82, 13294
0.82, 13274
0.82, 13196
0.82, 12928
0.82, 12888
0.82, 12638
0.82, 12632
0.82, 12493
0.82, 12296
0.83, 11931
0.83, 11905
0.83, 11761
0.83, 11619
0.83, 11579
0.83, 11537
0.83, 11498
0.83, 11496
0.83, 11460
0.84, 11281
0.85, 11233
0.85, 11175
0.86, 11092
0.86, 11091
0.86, 10929
0.86, 10825
0.86, 10823
0.86, 10792
0.86, 10729
0.87, 10689
0.87, 10654
0.88, 10604
0.88, 10536
0.88, 10413
0.88, 10277
0.88, 10143
0.88, 10081
0.89, 9859
0.89, 9838
0.90, 9824
0.90, 9785
0.90, 9664
0.91, 9629
0.91, 9605
0.92, 9574
0.92, 9548
0.92, 9544
0.93, 9523
0.93, 9519
0.93, 9491
0.93, 9482
0.93, 9478
0.93, 9457
0.94, 9451
0.94, 9431
0.94, 9286
0.94, 9096
0.94, 9086
0.95, 9053
0.95, 9020
0.95, 8980
0.95, 8931
0.95, 8930
0.96, 8907
0.96, 8877
0.97, 8847
0.97, 8841
0.97, 8833
0.97, 8818
1.02, 8786
1.03, 8733
1.05, 8716
1.06, 8713
1.08, 8648
1.12, 8638
1.13, 8630
1.16, 8598
1.16, 8545
1.19, 8417
1.20, 8367
1.21, 8210
1.21, 8209
1.21, 8075
1.22, 8057
1.28, 8047
1.31, 7923
1.46, 7859
1.49, 7802
1.55, 7797
