0.00, 27029
0.00, 26547
0.00, 26448
0.00, 25594
0.00, 25139
0.00, 25043
0.00, 24901
0.05, 24740
0.69, 23653
0.69, 23437
0.72, 23197
0.72, 22306
0.73, 22002
0.73, 21912
0.74, 21812
0.74, 21809
0.75, 20978
0.75, 20913
0.76, 20678
0.76, 20362
0.76, 20018
0.76, 20009
0.77, 19837
0.77, 19696
0.77, 19480
0.77, 19426
0.77, 18653
0.77, 18551
0.77, 18412
0.77, 18401
0.77, 18319
0.77, 17815
0.77, 17771
0.77, 17759
0.77, 17600
0.77, 17591
0.79, 17589
0.79, 17362
0.80, 16904
0.80, 16749
0.80, 16467
0.80, 16296
0.80, 16280
0.80, 16232
0.80, 16170
0.80, 15310
0.80, 14909
0.82, 14832
0.82, 14787
0.82, 14785
0.82, 14190
0.82, 14156
0.82, 13998
0.82, 13968
0.82, 13954
0.82, 13934
0.82, 13924
0.82, 13806
0.82, 13786
0.82, 13556
0.82, 12858
0.82, 12722
0.83, 12715
0.83, 12668
0.83, 12641
0.83, 12557
0.83, 12555
0.83, 12553
0.83, 12102
0.83, 12040
0.83, 11820
0.83, 11768
0.83, 11518
0.84, 11505
0.84, 11334
0.84, 11213
0.84, 11170
0.84, 11150
0.84, 10866
0.84, 10791
0.84, 10788
0.84, 10786
0.84, 10777
0.85, 10604
0.85, 10591
0.85, 10473
0.85, 10370
0.85, 10224
0.85, 10215
0.86, 10140
0.86, 10123
0.86, 10114
0.86, 10107
0.86, 10083
0.86, 10069
0.87, 10048
0.87, 9984
0.87, 9963
0.87, 9908
0.87, 9900
0.89, 9872
0.89, 9665
0.89, 9638
0.90, 9594
0.90, 9372
0.90, 9334
0.90, 9326
0.90, 9302
0.90, 9249
0.91, 9135
0.91, 9134
0.91, 9029
0.91, 9000
0.92, 8995
0.92, 8975
0.92, 8968
0.92, 8967
0.93, 8939
0.94, 8927
0.94, 8914
0.95, 8626
0.95, 8586
0.95, 8543
0.96, 8416
0.96, 8392
0.96, 8316
0.96, 8306
0.98, 8263
0.98, 8244
0.99, 8142
1.00, 8137
1.04, 8070
1.07, 7974
1.08, 7945
10.57, 7898
12.18, 7876
21.67, 7848
