0.00, 29114
0.00, 28170
0.00, 27920
0.01, 27010
0.02, 26996
0.02, 26488
0.02, 26409
0.05, 26366
0.05, 26093
0.05, 25781
0.05, 25705
0.05, 25575
0.05, 25532
0.05, 25440
0.11, 25355
0.11, 25174
0.15, 24487
0.15, 24372
0.18, 24083
0.18, 22924
0.18, 22712
0.18, 22169
0.73, 21731
0.73, 21618
0.73, 21433
0.73, 21402
0.73, 21319
0.73, 20708
0.73, 20607
0.73, 20601
0.73, 20503
0.75, 20494
0.75, 20070
0.75, 19856
0.75, 19662
0.75, 19613
0.75, 19560
0.75, 19448
0.75, 19434
0.75, 19382
0.75, 19352
0.75, 19214
0.75, 18910
0.76, 18597
0.76, 18589
0.76, 18087
0.76, 17958
0.76, 17929
0.78, 17836
0.78, 17213
0.78, 16957
0.78, 16442
0.78, 16408
0.78, 16285
0.78, 16277
0.78, 16129
0.78, 15857
0.78, 15503
0.78, 15261
0.78, 14758
0.78, 14709
0.78, 14574
0.78, 14572
0.79, 14454
0.79, 14437
0.79, 14434
0.79, 14381
0.79, 14192
0.79, 14137
0.79, 14025
0.79, 13962
0.80, 13654
0.80, 13467
0.80, 13395
0.80, 13244
0.80, 13241
0.80, 13136
0.80, 13079
0.80, 12984
0.81, 12971
0.81, 12747
0.81, 12636
0.81, 12628
0.81, 12170
0.81, 12037
0.81, 11953
0.81, 11910
0.81, 11754
0.81, 11632
0.81, 11553
0.81, 11540
0.81, 11534
0.82, 11411
0.82, 11370
0.83, 11337
0.83, 11279
0.83, 11249
0.83, 11051
0.83, 10973
0.83, 10891
0.83, 10805
0.83, 10420
0.84, 10235
0.84, 10229
0.84, 10188
0.84, 10152
0.84, 9880
0.84, 9841
0.84, 9764
0.84, 9715
0.85, 9695
0.85, 9694
0.85, 9674
0.85, 9654
0.85, 9632
0.85, 9624
0.85, 9493
0.85, 9445
0.86, 9411
0.86, 9238
0.86, 9073
0.88, 9044
0.88, 9027
0.88, 9025
0.88, 8964
0.89, 8938
0.89, 8881
0.89, 8873
0.90, 8798
0.91, 8656
0.91, 8649
0.94, 8645
0.94, 8543
0.94, 8325
0.95, 8297
0.95, 8259
0.96, 8254
0.97, 8208
0.98, 8168
0.98, 8164
1.00, 8101
2.66, 8073
2.67, 7846
2.67, 7809
2.68, 7755
2.68, 7724
2.68, 7701
2.79, 7661
2.79, 7626
2.81, 7596
