0.00, 27366
0.00, 27334
0.01, 27176
0.01, 26055
0.01, 25842
0.01, 25830
0.01, 25366
0.01, 25365
0.01, 24958
0.01, 24760
0.05, 23822
0.05, 23744
0.05, 23647
0.05, 23517
0.74, 23489
0.74, 23407
0.76, 22480
0.76, 22303
0.79, 22240
0.79, 22231
0.79, 22132
0.79, 22100
0.79, 21996
0.79, 21924
0.79, 21805
0.79, 21681
0.79, 21504
0.79, 21195
0.79, 21170
0.79, 20886
0.79, 20857
0.79, 20391
0.79, 19646
0.79, 19485
0.79, 19474
0.79, 19453
0.79, 19355
0.79, 19014
0.79, 18911
0.79, 18898
0.79, 18886
0.80, 18724
0.80, 18262
0.80, 18237
0.80, 18229
0.80, 18103
0.80, 18075
0.80, 18065
0.80, 17861
0.80, 17839
0.82, 17650
0.82, 17621
0.82, 17108
0.82, 17067
0.82, 16417
0.83, 16254
0.83, 16147
0.83, 15973
0.83, 15882
0.83, 15860
0.83, 15766
0.83, 15543
0.83, 15437
0.83, 14761
0.83, 14279
0.84, 14247
0.84, 14236
0.84, 14165
0.84, 13742
0.84, 13642
0.84, 13392
0.84, 13307
0.84, 13280
0.84, 13218
0.84, 13079
0.84, 12942
0.84, 12794
0.84, 12509
0.84, 12501
0.84, 12093
0.84, 12053
0.84, 11970
0.84, 11747
0.85, 11645
0.85, 11640
0.85, 11521
0.85, 11446
0.85, 11440
0.85, 11412
0.85, 11368
0.85, 11349
0.85, 11345
0.85, 11026
0.85, 10997
0.85, 10618
0.86, 10456
0.86, 10350
0.86, 10176
0.86, 10151
0.86, 10142
0.86, 10072
0.86, 9970
0.86, 9941
0.86, 9877
0.86, 9785
0.87, 9724
0.87, 9654
0.87, 9626
0.87, 9581
0.87, 9452
0.87, 9356
0.88, 9330
0.88, 9327
0.88, 9296
0.88, 9268
0.88, 9217
0.88, 9183
0.88, 9145
0.89, 8883
0.89, 8825
0.89, 8546
0.90, 8540
0.90, 8512
0.92, 8481
0.93, 8380
0.93, 8355
0.96, 8193
0.96, 8153
0.96, 8026
0.98, 8003
1.00, 7999
1.02, 7998
1.05, 7979
1.05, 7946
1.09, 7945
30.84, 7892
30.85, 7870
30.90, 7856
42.49, 7785
