0.00, 25945
0.00, 25895
0.00, 25891
0.20, 25772
0.20, 25511
0.20, 24760
0.43, 24589
0.62, 24351
0.71, 24009
0.71, 23062
0.71, 22938
0.71, 22770
0.77, 21037
0.77, 20848
0.77, 20714
0.77, 19914
0.77, 19907
0.78, 19866
0.78, 19839
0.78, 19495
0.78, 19008
0.78, 18874
0.78, 18842
0.78, 18838
0.78, 18495
0.78, 17708
0.78, 17489
0.84, 17372
0.84, 17321
0.84, 16936
0.84, 16907
0.84, 16710
0.84, 16504
0.84, 16461
0.85, 16423
0.85, 16379
0.85, 16366
0.85, 16043
0.85, 16036
0.85, 15835
0.85, 15792
0.85, 15513
0.85, 15503
0.85, 15492
0.85, 15373
0.85, 15288
0.85, 15238
0.85, 15161
0.86, 14771
0.86, 14711
0.86, 14647
0.86, 14502
0.86, 14255
0.86, 14008
0.86, 13867
0.86, 13796
0.86, 13585
0.86, 13516
0.86, 13485
0.86, 13478
0.86, 13360
0.86, 13300
0.86, 13213
0.86, 13206
0.86, 13064
0.87, 12932
0.87, 12790
0.87, 12728
0.87, 12622
0.87, 12433
0.87, 12384
0.87, 12346
0.87, 12318
0.87, 12158
0.87, 12143
0.87, 11625
0.88, 11594
0.88, 11535
0.88, 11513
0.88, 11461
0.88, 11448
0.89, 11298
0.89, 11286
0.89, 11267
0.89, 11172
0.90, 11115
0.91, 11082
0.91, 10816
0.91, 10809
0.91, 10808
0.91, 10802
0.92, 10716
0.92, 10650
0.92, 10637
0.92, 10605
0.92, 10586
0.93, 10510
0.93, 10460
0.93, 10449
0.93, 10287
0.94, 10240
0.94, 9973
0.95, 9901
0.96, 9878
0.96, 9843
0.99, 9744
0.99, 9731
0.99, 9514
1.00, 9461
1.00, 9427
1.00, 9418
1.01, 9367
1.01, 9354
1.01, 8912
1.02, 8867
1.02, 8819
1.03, 8661
1.04, 8650
1.05, 8593
1.06, 8459
1.07, 8456
1.08, 8455
1.08, 8442
1.10, 8417
1.13, 8321
1.20, 8269
1.29, 8246
2.84, 8170
2.85, 8159
2.86, 8152
2.89, 8104
3.20, 8001
4.74, 7977
4.83, 7898
23.91, 7880
23.94, 7879
24.08, 7851
24.09, 7815
