0.00, 25506
0.00, 25348
0.02, 25099
0.02, 24695
0.02, 24651
0.12, 24522
0.12, 24441
0.76, 23333
0.76, 23084
0.76, 22940
0.76, 22907
0.76, 22365
0.76, 22134
0.76, 22118
0.76, 22039
0.76, 21874
0.76, 21862
0.76, 21602
0.76, 20739
0.76, 20713
0.80, 20529
0.80, 20134
0.80, 20119
0.80, 19771
0.80, 19695
0.80, 19675
0.80, 18843
0.80, 18735
0.80, 18662
0.80, 18523
0.80, 18435
0.80, 18008
0.81, 17972
0.82, 17188
0.82, 17057
0.82, 16730
0.82, 16263
0.82, 16185
0.82, 16129
0.82, 16022
0.82, 16009
0.82, 15750
0.82, 15450
0.82, 14997
0.83, 14984
0.83, 14957
0.83, 14935
0.83, 14706
0.83, 14570
0.83, 14539
0.83, 14538
0.85, 14439
0.85, 14438
0.85, 14390
0.86, 14289
0.86, 14275
0.86, 14273
0.86, 13627
0.86, 13358
0.87, 13258
0.87, 13253
0.87, 13029
0.87, 12990
0.87, 12925
0.87, 12863
0.87, 12850
0.87, 12839
0.87, 12744
0.87, 12693
0.87, 12645
0.87, 12603
0.88, 12365
0.88, 12108
0.88, 12054
0.88, 11829
0.88, 11827
0.88, 11812
0.88, 11726
0.88, 11708
0.88, 11707
0.88, 11693
0.89, 11578
0.89, 11569
0.89, 11556
0.89, 11523
0.89, 11285
0.89, 11226
0.89, 11201
0.89, 11163
0.90, 11143
0.90, 11128
0.90, 11107
0.90, 11079
0.90, 10738
0.91, 10693
0.91, 10635
0.91, 10622
0.91, 10539
0.92, 10522
0.92, 10441
0.92, 10422
0.92, 10405
0.92, 10362
0.92, 10326
0.93, 10234
0.93, 10150
0.93, 10148
0.94, 10033
0.94, 9956
0.94, 9947
0.94, 9889
0.94, 9827
0.94, 9818
0.95, 9779
0.95, 9614
0.95, 9595
0.96, 9546
0.96, 9369
0.96, 9257
0.96, 9230
0.97, 9186
0.97, 9155
1.00, 9145
1.00, 9131
1.02, 9130
1.03, 9104
1.03, 9057
1.03, 8978
1.03, 8973
1.05, 8953
1.08, 8861
1.11, 8684
1.12, 8618
1.13, 8368
1.13, 8342
2.73, 8339
2.78, 8301
2.82, 8274
2.82, 8273
2.85, 8139
2.85, 8131
12.50, 8130
12.51, 8113
12.53, 8101
12.58, 8047
12.58, 8032
12.61, 8009
12.64, 8004
14.21, 7935
28.42, 7886
28.53, 7831
49.69, 7769
