0.00, 25866
0.06, 25694
0.07, 25100
0.11, 25051
0.18, 24987
0.18, 24619
0.27, 24368
0.41, 23957
0.64, 23750
0.66, 23619
0.66, 23373
0.66, 23259
0.66, 22930
0.68, 22838
0.68, 22587
0.68, 22087
0.68, 22016
0.71, 20837
0.71, 20189
0.71, 19700
0.71, 19463
0.71, 19391
0.75, 19379
0.75, 19156
0.75, 19052
0.75, 18349
0.75, 18087
0.75, 17677
0.75, 17633
0.76, 17401
0.76, 17394
0.76, 17311
0.76, 17286
0.76, 17262
0.76, 17106
0.76, 17090
0.76, 17067
0.76, 16704
0.76, 16550
0.76, 16545
0.76, 16392
0.76, 16091
0.76, 16088
0.76, 15827
0.76, 15810
0.76, 15728
0.76, 15725
0.76, 15512
0.77, 15426
0.77, 15312
0.77, 15261
0.77, 15180
0.77, 15039
0.78, 14536
0.78, 14494
0.78, 14458
0.78, 14448
0.78, 14215
0.78, 14142
0.78, 13992
0.78, 13978
0.78, 13871
0.78, 13737
0.78, 13515
0.79, 13350
0.79, 13216
0.79, 13198
0.80, 13196
0.80, 13185
0.80, 13095
0.80, 13006
0.80, 12901
0.80, 12892
0.80, 12617
0.80, 12548
0.80, 12413
0.81, 11943
0.81, 11920
0.81, 11909
0.81, 11887
0.81, 11822
0.82, 11815
0.82, 11804
0.82, 11764
0.82, 11625
0.82, 11525
0.82, 11491
0.82, 11419
0.83, 11332
0.83, 11270
0.83, 11173
0.83, 11116
0.83, 11084
0.83, 10979
0.83, 10950
0.83, 10932
0.84, 10857
0.84, 10417
0.85, 10330
0.85, 10284
0.86, 10222
0.86, 10209
0.86, 10176
0.86, 10168
0.87, 10083
0.87, 10055
0.87, 10027
0.88, 10017
0.88, 9872
0.88, 9854
0.89, 9843
0.89, 9635
0.89, 9616
0.90, 9600
0.90, 9577
0.90, 9569
0.92, 9508
0.92, 9486
0.92, 9482
0.92, 9469
0.93, 9421
0.93, 9330
0.93, 9284
0.93, 9240
0.93, 9119
0.94, 9118
0.94, 9065
0.94, 9040
0.95, 9016
0.98, 9014
0.98, 8965
0.99, 8878
1.00, 8847
1.01, 8703
1.05, 8694
1.10, 8520
1.12, 8418
2.87, 8346
2.92, 8086
6.28, 8073
13.80, 8066
13.81, 8037
13.81, 8030
14.05, 8024
23.14, 7811
23.15, 7762
23.20, 7760
23.34, 7670
