0.00, 2747844
0.00, 2743129
0.00, 2720913
0.00, 2676339
0.01, 2561137
0.01, 2492739
0.03, 2453275
0.11, 2439670
0.17, 2366049
0.24, 2325314
0.33, 2292214
0.40, 2239056
0.40, 2213601
0.42, 2205542
0.45, 2202539
0.45, 2175209
0.45, 2047527
0.45, 2012007
0.45, 1973936
0.46, 1961542
0.46, 1901701
0.46, 1880693
0.46, 1849820
0.48, 1825843
0.48, 1824042
0.48, 1819587
0.48, 1765841
0.48, 1741550
0.48, 1726815
0.49, 1717693
0.49, 1713287
0.49, 1656634
0.49, 1644517
0.49, 1622100
0.49, 1606277
0.49, 1547611
0.49, 1464786
0.49, 1457709
0.49, 1452543
0.49, 1442649
0.49, 1442049
0.49, 1418340
0.49, 1408466
0.49, 1397597
0.49, 1386765
0.49, 1382160
0.49, 1378501
0.49, 1375898
0.50, 1369068
0.51, 1330810
0.51, 1326976
0.51, 1301885
0.51, 1272651
0.51, 1265934
0.51, 1254873
0.51, 1232025
0.52, 1230105
0.52, 1228148
0.53, 1225050
0.53, 1221264
0.53, 1213562
0.53, 1205725
0.53, 1200486
0.54, 1197770
0.54, 1187326
0.54, 1172674
0.54, 1161118
0.55, 1135128
0.56, 1114619
0.56, 1104499
0.56, 1086531
0.56, 1079230
0.56, 1077618
0.57, 1076439
0.57, 1060715
0.57, 1053245
0.57, 1046191
0.57, 1044617
0.57, 1003403
0.57, 998371
0.60, 985070
0.60, 967042
0.60, 959452
0.60, 955392
0.62, 945869
0.69, 944906
0.70, 944006
0.71, 942684
0.71, 942551
0.74, 941356
0.77, 940655
0.78, 935830
2.21, 931640
2.21, 927521
2.22, 927092
2.22, 923473
2.22, 922763
2.24, 922553
2.25, 906328
12.89, 903344
14.37, 894606
