0.00, 2825361
0.00, 2728112
0.01, 2725895
0.01, 2645036
0.02, 2621770
0.02, 2518411
0.04, 2481713
0.04, 2478586
0.04, 2455438
0.04, 2443974
0.05, 2409392
0.05, 2371090
0.05, 2370874
0.19, 2344690
0.19, 2286169
0.19, 2280036
0.30, 2265051
0.40, 2236743
0.40, 2217672
0.40, 2179836
0.45, 2165338
0.45, 2139888
0.48, 2120327
0.48, 2054576
0.48, 2025323
0.48, 1993720
0.48, 1969574
0.49, 1965346
0.49, 1933301
0.49, 1932813
0.49, 1922230
0.49, 1901594
0.49, 1896712
0.49, 1853572
0.50, 1852408
0.50, 1819684
0.50, 1684036
0.50, 1673082
0.51, 1636839
0.51, 1632608
0.51, 1615737
0.51, 1584465
0.51, 1556813
0.52, 1497962
0.52, 1474172
0.52, 1429438
0.52, 1420623
0.52, 1370663
0.52, 1365237
0.52, 1351314
0.52, 1346888
0.53, 1346727
0.53, 1329506
0.53, 1325394
0.53, 1311047
0.53, 1266874
0.53, 1266865
0.53, 1237103
0.54, 1236489
0.54, 1224733
0.54, 1203703
0.54, 1182273
0.54, 1176479
0.54, 1161559
0.54, 1124302
0.54, 1117963
0.54, 1117185
0.55, 1107258
0.55, 1103422
0.56, 1098745
0.56, 1088729
0.56, 1085075
0.57, 1081109
0.57, 1076588
0.57, 1075822
0.57, 1073068
0.57, 1068953
0.57, 1045381
0.57, 1035365
0.57, 1034664
0.58, 1014028
0.58, 1011808
0.58, 1009640
0.58, 989048
0.59, 987950
0.59, 980360
0.59, 977373
0.62, 962775
0.62, 957808
0.63, 953104
0.63, 950671
0.63, 946805
0.66, 945525
0.67, 945479
0.68, 940983
0.69, 924758
0.69, 924207
0.74, 924161
0.75, 924119
3.98, 922927
3.98, 922885
3.99, 922363
4.00, 921854
4.02, 920754
4.06, 920712
4.10, 919096
4.12, 907271
4.16, 906570
37.30, 902100
37.30, 901549
37.31, 899349
37.31, 899139
37.41, 895082
