0.00, 2808038
0.00, 2700692
0.00, 2688750
0.01, 2663076
0.01, 2644662
0.01, 2621286
0.02, 2607246
0.02, 2590719
0.02, 2580347
0.07, 2542653
0.07, 2519785
0.08, 2486954
0.09, 2441367
0.09, 2414809
0.26, 2397227
0.26, 2377527
0.26, 2334193
0.29, 2312989
0.29, 2287567
0.29, 2279006
0.29, 2256382
0.46, 2247123
0.46, 2218488
0.46, 2150048
0.46, 2106222
0.46, 2097437
0.46, 2091815
0.47, 2068406
0.47, 2049453
0.47, 2028317
0.47, 2019511
0.47, 2007281
0.49, 1945272
0.49, 1901589
0.49, 1879150
0.49, 1827908
0.49, 1821638
0.49, 1753294
0.49, 1751952
0.49, 1727183
0.49, 1726810
0.49, 1674140
0.50, 1651089
0.50, 1639425
0.50, 1615016
0.52, 1600989
0.52, 1579038
0.52, 1578908
0.53, 1575929
0.53, 1555700
0.53, 1536594
0.53, 1529834
0.53, 1522715
0.53, 1517055
0.53, 1515011
0.53, 1508541
0.53, 1486922
0.54, 1452904
0.54, 1425679
0.54, 1394196
0.54, 1347276
0.54, 1305288
0.54, 1289041
0.54, 1285139
0.54, 1235827
0.56, 1235654
0.56, 1203802
0.56, 1199056
0.56, 1188050
0.56, 1181071
0.56, 1176568
0.56, 1164145
0.56, 1163713
0.56, 1158648
0.57, 1157296
0.57, 1143440
0.57, 1136946
0.57, 1126201
0.57, 1106600
0.57, 1087207
0.57, 1082254
0.57, 1078640
0.58, 1057983
0.58, 1057070
0.58, 1054320
0.58, 1034985
0.58, 1033403
0.58, 1030438
0.58, 1030311
0.60, 1028973
0.60, 1024527
0.60, 994322
0.61, 993747
0.61, 991264
0.61, 989567
0.61, 984185
0.61, 976595
0.62, 958350
0.62, 957164
0.63, 947617
0.63, 947148
0.63, 947061
0.63, 941388
0.64, 940924
0.64, 940024
0.70, 935062
2.21, 933866
2.24, 933192
2.25, 930709
2.25, 927764
2.26, 924554
2.27, 924344
2.28, 924295
2.31, 923195
2.35, 922914
3.87, 921218
3.91, 921176
7.01, 920810
7.02, 920109
7.03, 916451
10.08, 914780
10.08, 914567
10.09, 914016
10.22, 913970
10.22, 911770
22.86, 909916
22.87, 909141
22.92, 908960
29.54, 906358
29.54, 906145
29.56, 896358
29.59, 896145
29.65, 895935
