0.00, 2751770
0.00, 2749212
0.00, 2740157
0.00, 2670035
0.00, 2651790
0.00, 2650178
0.00, 2628859
0.00, 2593854
0.00, 2565325
0.01, 2560136
0.01, 2551716
0.01, 2520430
0.01, 2499125
0.01, 2497672
0.01, 2482870
0.01, 2482724
0.01, 2401931
0.07, 2348694
0.15, 2330453
0.30, 2232714
0.46, 2228763
0.46, 2179819
0.46, 2127587
0.46, 2122566
0.46, 2096015
0.49, 2088958
0.49, 2069451
0.49, 2067286
0.49, 2057377
0.49, 2046469
0.49, 2029359
0.49, 2020777
0.49, 1970680
0.50, 1970615
0.50, 1963150
0.50, 1959519
0.52, 1949872
0.52, 1941750
0.52, 1941402
0.52, 1892084
0.52, 1883635
0.52, 1880746
0.52, 1880684
0.52, 1880288
0.52, 1832242
0.52, 1765769
0.52, 1763062
0.52, 1739134
0.52, 1708873
0.53, 1689884
0.53, 1662659
0.53, 1582394
0.53, 1574690
0.53, 1570133
0.53, 1507977
0.53, 1502304
0.53, 1501364
0.53, 1485037
0.53, 1484995
0.53, 1479224
0.53, 1416669
0.53, 1357153
0.53, 1344265
0.55, 1342958
0.55, 1341977
0.55, 1336462
0.55, 1333349
0.55, 1317763
0.55, 1302200
0.55, 1298516
0.55, 1294471
0.55, 1279915
0.55, 1278542
0.55, 1254255
0.55, 1253438
0.55, 1235293
0.55, 1228330
0.56, 1224441
0.56, 1212493
0.56, 1198825
0.57, 1173390
0.57, 1159927
0.57, 1152117
0.57, 1150185
0.57, 1147829
0.57, 1121832
0.57, 1116987
0.57, 1115460
0.57, 1096544
0.58, 1096334
0.59, 1092586
0.59, 1091432
0.59, 1081144
0.60, 1072357
0.60, 1058952
0.60, 1053710
0.60, 1040767
0.60, 1040603
0.61, 1039774
0.61, 1039610
0.61, 1034628
0.61, 1030834
0.61, 1030197
0.61, 1028581
0.61, 1021825
0.61, 1018576
0.62, 1017456
0.62, 997259
0.62, 997213
0.62, 993434
0.62, 986482
0.62, 983999
0.62, 982698
0.63, 970932
0.64, 970231
0.64, 968785
0.65, 968174
0.65, 967065
0.65, 963639
0.66, 961469
0.68, 959128
0.68, 942903
0.69, 942352
0.69, 941651
0.74, 936211
2.18, 928260
2.19, 926060
2.19, 922326
2.19, 916381
2.19, 912723
2.19, 912013
2.20, 909017
2.34, 906331
3.99, 906265
3.99, 906052
30.28, 904804
30.28, 897017
30.29, 895871
30.31, 895661
30.32, 895480
30.43, 895267
