0.00, 2835842
0.00, 2798969
0.00, 2638709
0.01, 2501287
0.03, 2457561
0.03, 2447244
0.03, 2440188
0.08, 2383052
0.08, 2314994
0.36, 2295409
0.38, 2216175
0.48, 2196320
0.48, 2182105
0.48, 2114188
0.49, 2091263
0.50, 2081524
0.50, 2081384
0.51, 2078300
0.51, 2078268
0.51, 2073316
0.51, 2050960
0.51, 2009775
0.51, 1989197
0.51, 1913447
0.51, 1913366
0.51, 1903879
0.51, 1902947
0.52, 1862809
0.52, 1851117
0.52, 1831860
0.52, 1809684
0.52, 1793171
0.52, 1741280
0.53, 1715157
0.53, 1678747
0.53, 1670587
0.53, 1582613
0.53, 1577279
0.53, 1571489
0.53, 1567410
0.53, 1565673
0.54, 1560077
0.54, 1558730
0.54, 1540741
0.54, 1538825
0.54, 1497709
0.54, 1484109
0.54, 1468669
0.54, 1458182
0.54, 1441877
0.54, 1440264
0.54, 1403306
0.54, 1381894
0.54, 1381863
0.54, 1359681
0.54, 1349766
0.54, 1334871
0.54, 1334725
0.55, 1317653
0.55, 1309736
0.55, 1291002
0.55, 1274204
0.56, 1271624
0.56, 1269057
0.56, 1259828
0.56, 1259297
0.57, 1201882
0.57, 1187538
0.57, 1187205
0.57, 1161920
0.58, 1151962
0.58, 1151341
0.58, 1143835
0.58, 1139087
0.58, 1132253
0.59, 1129942
0.59, 1112655
0.59, 1105159
0.59, 1086285
0.59, 1085020
0.59, 1083723
0.60, 1074143
0.61, 1068133
0.61, 1060594
0.61, 1020377
0.61, 1013660
0.61, 1009396
0.61, 1007699
0.62, 1004821
0.63, 1001541
0.63, 992739
0.63, 976349
0.63, 966499
0.63, 956709
0.63, 953597
0.64, 943597
0.66, 941900
0.66, 940004
0.67, 939794
0.78, 923569
0.78, 923523
3.87, 919402
3.87, 918092
3.88, 914434
3.89, 914403
3.89, 912203
3.90, 911647
3.90, 909482
3.92, 908160
3.93, 907609
3.95, 907399
3.97, 907118
3.98, 907010
4.03, 906846
42.83, 904728
42.84, 896594
42.86, 896413
42.88, 895267
