0.00, 2738705
0.00, 2693897
0.00, 2663356
0.00, 2660787
0.00, 2644430
0.00, 2599462
0.00, 2575879
0.00, 2524098
0.00, 2515898
0.00, 2510761
0.02, 2469895
0.02, 2463633
0.05, 2422522
0.12, 2396707
0.12, 2384365
0.12, 2380474
0.17, 2322756
0.38, 2280353
0.38, 2270396
0.53, 2185895
0.53, 2160255
0.53, 2135876
0.53, 2127301
0.53, 2125783
0.53, 2086902
0.53, 1983803
0.53, 1963910
0.53, 1950612
0.53, 1943331
0.53, 1872470
0.53, 1868140
0.53, 1858685
0.53, 1851081
0.55, 1765534
0.56, 1723233
0.58, 1670527
0.58, 1651195
0.58, 1644121
0.58, 1543646
0.58, 1540501
0.58, 1493243
0.58, 1451278
0.58, 1450372
0.58, 1449755
0.59, 1438389
0.59, 1416128
0.59, 1404989
0.60, 1327501
0.60, 1324738
0.60, 1286744
0.60, 1278591
0.60, 1274397
0.60, 1264382
0.60, 1262435
0.60, 1252074
0.60, 1226733
0.61, 1223865
0.61, 1222431
0.62, 1222163
0.62, 1213139
0.62, 1200416
0.62, 1195409
0.62, 1186968
0.62, 1186926
0.63, 1184785
0.63, 1161397
0.63, 1152116
0.63, 1142959
0.63, 1126357
0.63, 1107008
0.63, 1103501
0.63, 1099538
0.64, 1096465
0.64, 1095693
0.64, 1074835
0.64, 1053608
0.64, 1040369
0.64, 1038011
0.65, 1033837
0.66, 1031200
0.68, 1027423
0.68, 1027273
0.68, 1026722
0.68, 1011110
0.68, 1005529
0.69, 1003497
0.70, 976520
0.71, 960627
0.71, 960585
0.72, 956556
0.73, 956005
0.73, 954583
0.73, 944374
0.74, 940521
0.75, 939970
0.75, 938946
0.76, 938910
0.77, 931746
0.81, 931565
0.83, 931487
0.85, 923595
0.85, 923385
0.86, 917329
0.89, 912723
7.65, 906669
7.67, 904593
7.67, 903171
7.71, 902890
7.73, 898284
7.77, 898074
30.08, 896824
30.08, 896114
