0.00, 2773215
0.00, 2754740
0.00, 2735009
0.00, 2726701
0.01, 2579734
0.01, 2574966
0.01, 2520990
0.01, 2508671
0.02, 2495834
0.02, 2470994
0.02, 2411761
0.02, 2400266
0.02, 2323126
0.43, 2286631
0.46, 2254248
0.46, 2180701
0.46, 2165695
0.46, 2139206
0.46, 2130932
0.46, 2117567
0.46, 1969988
0.46, 1956540
0.46, 1904157
0.46, 1878387
0.46, 1808775
0.50, 1774254
0.50, 1722674
0.50, 1711298
0.50, 1709881
0.50, 1703610
0.50, 1701847
0.50, 1673575
0.50, 1662996
0.50, 1628519
0.50, 1618889
0.50, 1611435
0.51, 1610916
0.51, 1588412
0.51, 1582645
0.51, 1540191
0.51, 1535342
0.51, 1535197
0.51, 1520697
0.51, 1516599
0.52, 1491337
0.52, 1480249
0.52, 1472400
0.52, 1462180
0.52, 1422890
0.52, 1420674
0.52, 1401178
0.52, 1397819
0.54, 1394981
0.54, 1384480
0.54, 1358177
0.54, 1340993
0.54, 1237357
0.54, 1236893
0.54, 1233652
0.54, 1232573
0.54, 1230373
0.54, 1219962
0.54, 1218790
0.54, 1214182
0.55, 1152873
0.55, 1152103
0.55, 1138582
0.55, 1133367
0.55, 1132560
0.56, 1127501
0.56, 1120071
0.56, 1112615
0.56, 1108726
0.56, 1104811
0.56, 1082864
0.56, 1078804
0.56, 1067482
0.57, 1064238
0.57, 1059936
0.57, 1056227
0.57, 1030596
0.59, 1024556
0.59, 1018842
0.59, 1011211
0.59, 1009794
0.59, 1002842
0.59, 998087
0.60, 993559
0.60, 991126
0.60, 980009
0.60, 978587
0.61, 971048
0.61, 964342
0.61, 956345
0.61, 954173
0.61, 954100
0.63, 948485
0.63, 948275
0.63, 948167
0.64, 947881
0.64, 938477
0.65, 926722
0.74, 924285
5.59, 913794
5.62, 911066
5.62, 910970
5.64, 910260
5.65, 910050
5.68, 900911
5.68, 900360
5.73, 898074
16.09, 897392
16.09, 896841
16.26, 896631
