0.01, 202736
0.01, 202557
0.01, 202288
0.01, 201568
0.01, 199597
0.01, 195375
0.01, 194881
0.01, 193773
0.01, 189280
0.01, 183870
0.01, 179017
0.01, 176600
0.01, 173527
0.01, 171213
0.01, 169714
0.01, 169287
0.43, 169038
0.56, 165650
0.60, 162194
0.60, 161823
0.60, 161641
0.62, 159657
0.62, 158469
0.62, 157874
0.62, 156935
0.63, 155522
0.63, 154964
0.63, 152554
0.63, 152485
0.63, 152000
0.63, 151235
0.63, 150919
0.64, 148233
0.64, 148149
0.64, 147560
0.64, 147383
0.64, 146576
0.64, 145533
0.65, 144612
0.65, 144277
0.65, 140683
0.65, 140034
0.66, 139348
0.66, 131894
0.66, 131778
0.66, 131583
0.66, 130135
0.67, 129497
0.67, 129030
0.67, 126908
0.67, 125899
0.67, 124535
0.67, 123739
0.68, 121439
0.68, 121393
0.68, 116245
0.68, 114445
0.68, 112274
0.68, 109734
0.68, 109694
0.68, 109232
0.68, 108882
0.68, 108438
0.68, 107956
0.68, 107745
0.68, 106916
0.68, 105144
0.68, 105060
0.68, 104934
0.68, 104610
0.68, 103990
0.68, 103845
0.68, 102514
0.69, 102063
0.69, 102044
0.69, 101474
0.69, 100520
0.69, 100463
0.69, 99994
0.69, 99292
0.69, 97145
0.69, 97119
0.69, 96491
0.69, 96474
0.69, 95481
0.69, 95369
0.70, 94357
0.70, 94060
0.70, 91734
0.70, 91732
0.70, 90272
0.70, 89971
0.70, 89359
0.70, 89349
0.70, 88389
0.70, 88344
0.70, 87488
0.70, 87267
0.70, 86193
0.70, 85529
0.71, 85426
0.71, 84042
0.71, 83872
0.71, 83714
0.71, 83368
0.71, 82451
0.71, 82366
0.71, 82232
0.71, 82092
0.71, 81614
0.71, 80248
0.71, 79724
0.72, 79615
0.72, 79346
0.72, 77695
0.72, 76922
0.72, 75270
0.72, 74245
0.74, 74039
0.74, 73413
0.74, 72869
0.74, 72549
0.74, 72462
0.74, 71772
0.74, 71586
0.75, 71183
0.75, 71110
0.75, 70119
0.75, 69998
0.75, 69833
0.75, 69621
0.75, 68919
0.76, 68857
0.76, 68694
0.76, 67048
0.76, 66749
0.76, 66253
0.76, 66179
0.76, 65793
0.76, 64516
0.77, 63175
0.78, 62962
0.78, 62604
0.78, 62314
0.79, 62116
0.79, 61990
0.79, 61890
0.80, 61791
0.80, 61630
0.82, 60010
0.83, 59863
0.83, 58986
0.83, 58401
0.84, 58073
0.84, 57349
0.88, 56866
0.89, 56416
0.90, 56334
0.90, 55670
0.95, 55217
0.98, 54566
1.05, 54424
23.20, 54146
23.26, 53868
23.26, 53656
23.31, 53635
23.38, 53367
40.44, 53244
41.79, 53041
