0.00, 213513
0.00, 213410
0.00, 211211
0.00, 210948
0.00, 209512
0.00, 209331
0.00, 207556
0.00, 201158
0.00, 195361
0.01, 182891
0.04, 178810
0.04, 178307
0.04, 173289
0.08, 172245
0.12, 163374
0.12, 162210
0.12, 160674
0.64, 157173
0.64, 152652
0.64, 146519
0.64, 144558
0.64, 143950
0.64, 143194
0.64, 141946
0.64, 141589
0.64, 140701
0.64, 140295
0.64, 140175
0.64, 139811
0.64, 139121
0.64, 138494
0.64, 137689
0.64, 137455
0.64, 136071
0.65, 135148
0.65, 134732
0.66, 132399
0.66, 131671
0.66, 130066
0.66, 129802
0.66, 128138
0.66, 127314
0.66, 127150
0.66, 124524
0.66, 123718
0.66, 123631
0.66, 118390
0.66, 117702
0.66, 117111
0.67, 116210
0.67, 113090
0.67, 112851
0.67, 111742
0.67, 110244
0.68, 107879
0.68, 107083
0.68, 104159
0.68, 102575
0.71, 102174
0.71, 101146
0.71, 100971
0.71, 100399
0.72, 99111
0.72, 98572
0.72, 98405
0.72, 98101
0.72, 97524
0.72, 94193
0.72, 93746
0.72, 92555
0.72, 91990
0.72, 91442
0.72, 90433
0.72, 88607
0.72, 87810
0.72, 87096
0.74, 86757
0.74, 86335
0.74, 86301
0.74, 85638
0.74, 85169
0.74, 82529
0.74, 80804
0.74, 80701
0.74, 80374
0.74, 80222
0.74, 78745
0.75, 78112
0.75, 77848
0.75, 76814
0.75, 76190
0.75, 75654
0.75, 73804
0.75, 73202
0.75, 73131
0.75, 72648
0.75, 72235
0.75, 71691
0.75, 71183
0.75, 70720
0.76, 69710
0.77, 68560
0.77, 68471
0.77, 68278
0.78, 67813
0.78, 65962
0.78, 65403
0.78, 65006
0.78, 64985
0.78, 64585
0.78, 64564
0.79, 64498
0.79, 64285
0.79, 64264
0.79, 64161
0.79, 64015
0.80, 63557
0.80, 63524
0.81, 62822
0.81, 62212
0.83, 61515
0.83, 61494
0.83, 60436
0.84, 60125
0.86, 60095
0.87, 60052
0.88, 60001
0.88, 59593
0.88, 59164
0.88, 58657
0.89, 58359
0.89, 58333
0.91, 58255
0.91, 57965
0.92, 57528
0.94, 57457
0.95, 56309
1.01, 55587
1.04, 55019
1.05, 54932
1.08, 54825
1.12, 54557
4.45, 54189
4.45, 54168
4.52, 53900
6.42, 53678
39.20, 53654
39.21, 53547
50.88, 53534
51.09, 53525
51.21, 53129
