0.01, 206970
0.01, 206415
0.01, 205082
0.01, 204774
0.01, 203982
0.01, 194783
0.01, 186132
0.02, 183725
0.02, 183446
0.02, 180299
0.02, 174636
0.02, 170430
0.15, 166436
0.60, 164407
0.60, 161014
0.61, 154346
0.62, 146784
0.62, 146195
0.62, 145471
0.62, 144248
0.62, 142912
0.62, 142141
0.62, 141514
0.62, 140708
0.62, 140477
0.62, 140039
0.62, 138134
0.62, 136997
0.64, 135344
0.64, 135109
0.64, 132652
0.64, 131905
0.64, 131489
0.65, 130789
0.65, 129591
0.65, 128768
0.65, 127944
0.65, 127277
0.65, 125916
0.65, 124548
0.65, 122862
0.65, 121929
0.65, 121758
0.66, 121252
0.66, 121157
0.66, 120423
0.67, 119847
0.67, 119448
0.67, 117364
0.67, 116534
0.67, 112913
0.67, 112889
0.69, 110769
0.69, 109575
0.69, 109254
0.69, 107612
0.69, 104835
0.69, 103613
0.69, 103054
0.69, 102317
0.69, 102189
0.69, 101149
0.69, 100587
0.69, 99342
0.69, 98216
0.70, 97562
0.70, 96132
0.70, 96048
0.70, 94080
0.70, 91839
0.70, 91239
0.70, 90861
0.70, 90233
0.70, 89959
0.70, 89685
0.71, 88220
0.71, 87621
0.71, 87597
0.71, 86463
0.71, 85817
0.71, 84167
0.71, 83850
0.71, 83279
0.71, 82869
0.71, 81466
0.71, 81376
0.71, 81356
0.71, 80109
0.72, 79248
0.72, 78785
0.72, 77628
0.72, 77350
0.72, 77321
0.74, 76748
0.74, 76425
0.74, 75795
0.74, 75583
0.74, 75238
0.75, 75049
0.75, 74674
0.75, 73373
0.75, 71106
0.75, 70285
0.75, 70005
0.75, 69584
0.76, 69505
0.76, 68512
0.77, 67698
0.77, 67314
0.77, 66713
0.77, 66396
0.77, 65965
0.78, 65902
0.78, 65835
0.78, 65157
0.78, 65081
0.78, 65077
0.79, 64571
0.79, 63942
0.79, 63859
0.80, 63848
0.80, 63387
0.80, 62948
0.81, 62297
0.81, 61432
0.81, 61381
0.81, 61284
0.81, 61209
0.81, 61186
0.82, 61092
0.82, 61021
0.82, 60727
0.83, 60466
0.83, 59899
0.84, 57919
0.84, 57852
0.85, 57476
0.86, 56630
0.96, 56320
1.00, 55843
1.03, 55349
1.05, 55314
1.32, 55281
4.37, 54985
4.41, 54982
4.42, 54280
4.43, 54073
4.47, 53926
4.52, 53878
12.05, 53593
12.06, 53494
39.13, 53477
