0.00, 202132
0.00, 195920
0.01, 194657
0.01, 191490
0.01, 185367
0.01, 181624
0.01, 181431
0.01, 181418
0.01, 180941
0.01, 180838
0.27, 176613
0.49, 172829
0.49, 172188
0.49, 171309
0.49, 168864
0.65, 167055
0.65, 166008
0.67, 162448
0.67, 160790
0.69, 160486
0.69, 160433
0.69, 159748
0.69, 159344
0.69, 159258
0.69, 159155
0.69, 154730
0.69, 154451
0.69, 154193
0.69, 153707
0.69, 149436
0.69, 147738
0.69, 147619
0.69, 147364
0.69, 147219
0.69, 147131
0.69, 144899
0.70, 144102
0.70, 142938
0.70, 141146
0.70, 138891
0.70, 137877
0.70, 135248
0.70, 132211
0.70, 131587
0.70, 130090
0.70, 129740
0.70, 129061
0.70, 126655
0.70, 126057
0.70, 125977
0.70, 123094
0.70, 122490
0.71, 122296
0.71, 121164
0.71, 120422
0.71, 119544
0.71, 119362
0.71, 118455
0.71, 117445
0.72, 116341
0.72, 113629
0.74, 113050
0.74, 113025
0.74, 110185
0.74, 110108
0.74, 107739
0.74, 106881
0.74, 106714
0.74, 106356
0.74, 105092
0.74, 104996
0.74, 103741
0.74, 102675
0.74, 101976
0.74, 101078
0.74, 100957
0.75, 100606
0.75, 98767
0.75, 98548
0.75, 98178
0.75, 97145
0.75, 96749
0.75, 96547
0.75, 95379
0.75, 95134
0.75, 94920
0.75, 94320
0.75, 94220
0.75, 94041
0.75, 93753
0.76, 92759
0.76, 92446
0.76, 91416
0.76, 90970
0.76, 90857
0.76, 90739
0.76, 90736
0.76, 90237
0.76, 89209
0.76, 88765
0.76, 88596
0.76, 88309
0.76, 86880
0.76, 86293
0.76, 85365
0.76, 84798
0.76, 84038
0.76, 83989
0.77, 83676
0.77, 83664
0.77, 83629
0.77, 81917
0.77, 81497
0.77, 81197
0.77, 80387
0.77, 79284
0.77, 79182
0.77, 79056
0.77, 77517
0.78, 77438
0.78, 77195
0.78, 76905
0.78, 76551
0.78, 74629
0.78, 74004
0.79, 73953
0.79, 73522
0.79, 73172
0.80, 73060
0.80, 72700
0.80, 72631
0.80, 72518
0.82, 71176
0.82, 70812
0.82, 70695
0.82, 69708
0.82, 69631
0.82, 69078
0.82, 68334
0.83, 68194
0.83, 66395
0.83, 66282
0.83, 66193
0.83, 65885
0.83, 65864
0.84, 64922
0.84, 64465
0.85, 64069
0.85, 63848
0.85, 63819
0.85, 63763
0.85, 62953
0.85, 62924
0.85, 62814
0.86, 62766
0.86, 62289
0.86, 62022
0.87, 61560
0.87, 61398
0.87, 60793
0.88, 60450
0.89, 60246
0.89, 60039
0.90, 59679
0.90, 59265
0.91, 59210
0.92, 59181
0.92, 58677
0.92, 58589
0.93, 58439
0.93, 57700
0.95, 57405
0.95, 57005
0.95, 56552
0.96, 54487
1.02, 54158
1.04, 54153
1.05, 54036
1.24, 53974
1.35, 53578
1.50, 53366
15.27, 53256
15.40, 53165
15.43, 52643
