0.00, 212516
0.01, 212458
0.01, 210789
0.01, 210516
0.01, 209297
0.01, 205735
0.01, 204293
0.01, 203884
0.01, 203014
0.01, 196193
0.01, 195419
0.01, 195409
0.01, 195176
0.01, 193133
0.01, 191542
0.03, 188562
0.03, 188303
0.04, 183964
0.09, 180627
0.13, 180106
0.13, 176997
0.13, 169295
0.13, 168436
0.13, 163953
0.13, 163852
0.52, 163470
0.65, 156563
0.65, 156023
0.65, 151303
0.66, 150389
0.66, 150009
0.66, 149274
0.66, 147395
0.66, 145026
0.67, 144156
0.68, 142119
0.68, 141333
0.68, 140978
0.68, 138808
0.68, 138595
0.68, 136821
0.68, 134820
0.68, 134644
0.68, 134280
0.68, 133536
0.68, 133445
0.68, 131688
0.68, 131247
0.68, 130875
0.68, 130000
0.68, 129688
0.68, 128485
0.68, 127444
0.69, 124661
0.69, 124424
0.69, 122786
0.69, 122092
0.70, 119996
0.70, 117868
0.70, 117463
0.70, 117218
0.70, 116928
0.70, 116324
0.70, 115203
0.70, 112503
0.70, 112414
0.70, 111504
0.70, 111002
0.70, 106552
0.70, 106462
0.70, 104854
0.70, 104443
0.70, 104234
0.70, 104218
0.70, 104193
0.70, 103015
0.70, 102843
0.71, 102823
0.71, 101044
0.71, 100824
0.71, 100324
0.71, 98820
0.71, 97139
0.71, 96594
0.71, 96082
0.71, 95923
0.71, 95432
0.71, 95275
0.71, 95049
0.71, 94878
0.71, 94691
0.71, 94566
0.71, 93732
0.71, 93327
0.71, 92133
0.72, 91921
0.72, 91911
0.72, 91469
0.73, 90944
0.73, 89174
0.73, 88460
0.73, 88149
0.73, 85089
0.73, 84220
0.73, 83636
0.73, 83377
0.73, 83314
0.73, 83244
0.73, 82792
0.74, 82624
0.74, 82617
0.74, 81481
0.74, 80324
0.74, 80078
0.74, 80077
0.74, 79519
0.74, 78617
0.76, 78506
0.76, 78207
0.77, 78143
0.77, 77606
0.77, 77287
0.77, 75375
0.77, 74345
0.77, 73031
0.78, 73008
0.78, 72864
0.78, 72032
0.78, 71938
0.78, 71775
0.80, 71566
0.80, 71493
0.80, 71464
0.80, 71067
0.80, 70966
0.80, 70554
0.80, 69430
0.81, 69281
0.81, 68994
0.81, 68977
0.81, 68261
0.81, 68211
0.81, 68018
0.83, 67388
0.83, 67305
0.83, 66970
0.83, 66938
0.83, 66932
0.84, 66469
0.84, 66181
0.84, 65553
0.84, 64920
0.84, 63909
0.85, 62917
0.85, 62764
0.85, 62716
0.85, 62388
0.86, 61793
0.86, 60227
0.88, 60040
0.89, 59897
0.91, 59617
0.94, 59476
0.94, 59208
0.97, 59073
0.98, 58547
0.98, 57923
0.99, 57808
1.00, 57141
1.01, 56621
1.01, 55108
1.13, 54623
2.76, 54496
2.81, 54043
10.32, 53859
27.11, 53662
27.17, 53571
27.47, 52986
