0.00, 200301
0.00, 194427
0.00, 193177
0.01, 191961
0.03, 191602
0.03, 187597
0.03, 185705
0.03, 184745
0.03, 184265
0.03, 183198
0.03, 179119
0.17, 177655
0.17, 172857
0.17, 171692
0.61, 171323
0.61, 171255
0.61, 171178
0.62, 168751
0.62, 167199
0.62, 167189
0.62, 167065
0.62, 166592
0.62, 165955
0.62, 160046
0.62, 157903
0.62, 157166
0.62, 154257
0.62, 154075
0.62, 152008
0.62, 150218
0.62, 149185
0.62, 149093
0.62, 149019
0.66, 148345
0.66, 147167
0.66, 146414
0.66, 140465
0.67, 135227
0.67, 133103
0.68, 132998
0.68, 130882
0.68, 130444
0.68, 130170
0.68, 129900
0.68, 129893
0.68, 128682
0.68, 128603
0.68, 128359
0.68, 127951
0.69, 125980
0.69, 122143
0.69, 122060
0.69, 122034
0.69, 121900
0.69, 121839
0.69, 121051
0.69, 120840
0.69, 120678
0.69, 118812
0.69, 116696
0.69, 115281
0.69, 113760
0.69, 113623
0.69, 112955
0.69, 112850
0.69, 109257
0.69, 106185
0.69, 106044
0.69, 103342
0.69, 103207
0.70, 103083
0.70, 102459
0.70, 101804
0.70, 100713
0.70, 100201
0.70, 100123
0.70, 100025
0.70, 99865
0.70, 91623
0.72, 91501
0.72, 91124
0.72, 89263
0.72, 89207
0.72, 88589
0.72, 88535
0.72, 88154
0.72, 88079
0.72, 86860
0.73, 86363
0.73, 86266
0.73, 86121
0.73, 85825
0.73, 84557
0.74, 84540
0.74, 84433
0.74, 84419
0.74, 83635
0.74, 82871
0.74, 82281
0.74, 81786
0.75, 81398
0.75, 81221
0.75, 78710
0.75, 78561
0.76, 78217
0.76, 78016
0.76, 78001
0.76, 77621
0.76, 77283
0.76, 76959
0.77, 76713
0.77, 76645
0.77, 76300
0.77, 75735
0.77, 75167
0.77, 75041
0.77, 74560
0.77, 74019
0.77, 73939
0.77, 73892
0.77, 73503
0.77, 73500
0.77, 73436
0.78, 71453
0.78, 71199
0.78, 70100
0.79, 69952
0.79, 68648
0.79, 68620
0.79, 68271
0.79, 67961
0.79, 67816
0.80, 67384
0.80, 66797
0.81, 66124
0.81, 66021
0.81, 65992
0.81, 65674
0.81, 65327
0.81, 65177
0.81, 64754
0.82, 64751
0.82, 64649
0.82, 64586
0.82, 64311
0.83, 64109
0.83, 63917
0.84, 63771
0.84, 63536
0.84, 63437
0.85, 62565
0.85, 62554
0.85, 60776
0.86, 60769
0.86, 60496
0.86, 59992
0.86, 59031
0.86, 58884
0.86, 58863
0.86, 57259
0.87, 57043
0.87, 56723
0.87, 56211
0.89, 55943
0.93, 55131
1.03, 54563
1.11, 54560
1.11, 54074
1.14, 53934
6.30, 53855
6.40, 53820
35.39, 53712
36.67, 53591
36.76, 53450
38.20, 53446
