0.00, 204907
0.00, 197784
0.00, 197643
0.00, 197410
0.00, 195786
0.00, 195648
0.00, 195228
0.00, 194270
0.00, 194102
0.00, 185865
0.00, 183916
0.00, 179324
0.00, 173973
0.00, 170613
0.62, 168449
0.65, 168176
0.65, 167818
0.65, 166828
0.65, 166815
0.65, 165849
0.66, 165708
0.66, 160323
0.66, 160011
0.66, 157789
0.66, 157734
0.67, 155510
0.67, 154535
0.67, 153939
0.67, 152250
0.67, 152196
0.67, 141805
0.68, 139096
0.70, 134341
0.70, 129561
0.70, 129481
0.70, 128971
0.71, 127840
0.71, 126861
0.71, 124969
0.71, 122969
0.71, 122048
0.71, 120632
0.71, 120586
0.71, 119490
0.71, 119415
0.71, 116318
0.71, 115924
0.71, 115169
0.71, 114028
0.71, 112893
0.71, 111651
0.71, 111566
0.71, 111475
0.71, 109949
0.71, 109435
0.72, 109133
0.72, 108527
0.72, 108083
0.72, 107815
0.72, 107709
0.72, 105834
0.72, 104892
0.72, 104468
0.72, 103987
0.72, 103100
0.72, 101559
0.72, 100902
0.72, 98317
0.72, 97708
0.73, 97171
0.73, 96653
0.73, 95321
0.73, 94780
0.73, 94426
0.73, 92304
0.73, 90993
0.73, 90284
0.73, 89796
0.74, 89130
0.74, 88939
0.74, 88043
0.74, 87888
0.75, 86547
0.75, 85878
0.75, 85830
0.75, 85456
0.75, 84438
0.75, 83480
0.76, 83243
0.76, 82687
0.76, 82627
0.77, 81326
0.77, 80547
0.77, 80412
0.77, 79222
0.77, 78993
0.77, 78976
0.77, 78550
0.77, 77712
0.78, 76790
0.78, 75535
0.78, 74744
0.78, 74627
0.78, 73210
0.78, 72806
0.78, 72659
0.78, 71743
0.78, 71410
0.78, 70890
0.79, 69822
0.79, 69556
0.80, 69169
0.80, 68678
0.80, 67426
0.80, 67332
0.80, 66718
0.81, 66675
0.81, 65448
0.81, 65399
0.81, 64636
0.82, 64287
0.82, 64041
0.82, 64027
0.83, 63940
0.83, 63867
0.83, 63551
0.83, 62525
0.83, 61745
0.85, 61629
0.85, 61550
0.85, 60972
0.86, 60731
0.86, 60285
0.86, 59965
0.87, 59675
0.89, 59615
0.89, 59532
0.89, 58380
0.90, 58267
0.91, 57746
0.92, 57743
0.93, 57644
0.93, 57183
0.96, 56598
1.02, 55774
1.03, 55686
1.18, 55595
1.20, 55183
1.21, 55097
1.42, 54358
1.43, 53976
1.60, 53947
8.51, 53815
8.58, 53394
20.36, 53137
23.56, 53127
23.63, 53065
