0.00, 205986
0.00, 202251
0.00, 195937
0.04, 190885
0.04, 189990
0.04, 188375
0.05, 187418
0.05, 183679
0.05, 179973
0.05, 178432
0.31, 177784
0.49, 177299
0.51, 175053
0.56, 174559
0.56, 174518
0.56, 172557
0.56, 170629
0.56, 169628
0.60, 164531
0.60, 163622
0.60, 163479
0.61, 162840
0.61, 159328
0.61, 157282
0.61, 155731
0.61, 154478
0.61, 145996
0.62, 145653
0.62, 145059
0.62, 144137
0.62, 143819
0.62, 143202
0.62, 139493
0.62, 138265
0.62, 136443
0.62, 135849
0.62, 133493
0.62, 132266
0.64, 131635
0.64, 129683
0.65, 126232
0.65, 124532
0.65, 123669
0.65, 121036
0.65, 120868
0.65, 120756
0.65, 119395
0.65, 117777
0.65, 112373
0.65, 112267
0.66, 111793
0.66, 111148
0.66, 110403
0.66, 108436
0.66, 105900
0.66, 104297
0.66, 103733
0.66, 102526
0.66, 99142
0.66, 98674
0.66, 98239
0.68, 97621
0.68, 97247
0.68, 95621
0.68, 95421
0.68, 93949
0.68, 93440
0.68, 93024
0.69, 92891
0.69, 92760
0.69, 92055
0.69, 91693
0.69, 91424
0.70, 91040
0.70, 90874
0.70, 89985
0.70, 89605
0.70, 89315
0.70, 88975
0.70, 88533
0.70, 88257
0.70, 88055
0.71, 87217
0.71, 86589
0.71, 86314
0.71, 86212
0.71, 86115
0.71, 85542
0.71, 84144
0.71, 82829
0.71, 82240
0.71, 81500
0.71, 80901
0.72, 80697
0.72, 80502
0.72, 80476
0.72, 80440
0.72, 80118
0.72, 79008
0.72, 78402
0.72, 78367
0.72, 75995
0.72, 75689
0.73, 74888
0.73, 74700
0.73, 74503
0.73, 73826
0.73, 71932
0.73, 71625
0.73, 71010
0.73, 70301
0.74, 69906
0.74, 69819
0.74, 69116
0.74, 69021
0.74, 68698
0.74, 68097
0.74, 68093
0.75, 67691
0.75, 66496
0.75, 66460
0.75, 66180
0.75, 66080
0.75, 65482
0.75, 65382
0.75, 65189
0.76, 64003
0.76, 63764
0.76, 63176
0.77, 62593
0.78, 62535
0.79, 62249
0.79, 62085
0.79, 61331
0.80, 60940
0.80, 59331
0.80, 58848
0.80, 58130
0.81, 57503
0.81, 57014
0.82, 56577
0.87, 56503
0.87, 56336
0.88, 55362
0.89, 55341
0.93, 54945
0.96, 54811
0.98, 54504
1.03, 54236
1.04, 54193
1.05, 54104
1.20, 53543
22.64, 53205
