0.00, 204248
0.01, 203940
0.01, 200460
0.01, 195003
0.01, 188226
0.01, 188155
0.01, 186941
0.01, 186647
0.01, 186435
0.03, 186323
0.07, 186160
0.07, 180045
0.07, 179799
0.07, 171443
0.35, 164471
0.35, 163101
0.35, 163073
0.59, 163008
0.59, 163007
0.59, 162971
0.59, 160621
0.59, 159893
0.59, 159658
0.59, 159533
0.59, 151845
0.59, 147763
0.62, 145794
0.62, 144984
0.62, 144621
0.64, 142789
0.64, 142495
0.64, 138994
0.64, 136125
0.64, 136104
0.64, 134460
0.64, 133884
0.64, 129427
0.64, 129119
0.64, 127410
0.64, 124868
0.64, 123596
0.64, 121972
0.64, 121662
0.66, 120843
0.66, 120820
0.66, 120742
0.66, 119145
0.66, 118025
0.66, 117411
0.66, 116660
0.66, 115060
0.66, 113793
0.66, 113078
0.66, 111137
0.66, 111040
0.66, 102528
0.67, 100884
0.67, 100719
0.67, 100335
0.67, 98551
0.67, 97513
0.67, 97045
0.67, 95547
0.67, 95115
0.67, 94324
0.67, 94159
0.68, 92183
0.68, 90557
0.68, 90297
0.68, 89997
0.68, 89161
0.68, 88602
0.68, 88249
0.68, 87852
0.69, 87225
0.69, 86956
0.69, 86307
0.69, 84884
0.69, 83821
0.69, 83749
0.69, 82479
0.69, 80434
0.69, 79932
0.69, 79432
0.70, 79159
0.70, 78481
0.70, 78453
0.70, 77307
0.70, 76516
0.70, 75516
0.70, 75002
0.70, 74338
0.70, 73714
0.70, 72898
0.72, 72835
0.72, 72188
0.72, 70236
0.73, 69988
0.77, 69819
0.77, 69812
0.77, 69697
0.77, 68725
0.78, 68369
0.78, 67640
0.78, 67004
0.78, 66858
0.78, 66502
0.79, 65935
0.79, 65798
0.79, 65747
0.79, 65608
0.79, 65133
0.80, 64939
0.80, 64762
0.80, 61425
0.80, 60792
0.81, 60293
0.81, 59843
0.81, 58456
0.81, 58251
0.81, 58185
0.82, 57975
0.82, 57887
0.82, 56913
0.82, 56646
0.83, 56554
0.83, 56517
0.84, 56258
0.84, 56211
0.85, 56184
0.86, 55762
0.87, 54742
0.94, 54226
0.95, 54030
0.99, 53888
0.99, 53806
1.01, 53596
1.07, 53509
1.08, 53241
1.12, 53134
2.87, 53124
2.92, 52834
