0.00, 571283
0.00, 563682
0.00, 562856
0.01, 551730
0.01, 543980
0.01, 537339
0.01, 536822
0.01, 534667
0.01, 531858
0.01, 527522
0.01, 525102
0.01, 524813
0.01, 522490
0.02, 521440
0.02, 521235
0.02, 520228
0.02, 516776
0.02, 514335
0.02, 512516
0.02, 512511
0.02, 509053
0.07, 508379
0.07, 503235
0.07, 501830
0.07, 500253
0.07, 493281
0.07, 491604
0.07, 487667
0.07, 482221
0.07, 479227
0.07, 466294
0.58, 464926
0.70, 457130
0.70, 456984
0.70, 448949
0.70, 443315
0.70, 440912
0.71, 440532
0.71, 438581
0.71, 429955
0.71, 422163
0.71, 421385
0.71, 421080
0.71, 401598
0.71, 401079
0.71, 396109
0.74, 395593
0.74, 394451
0.74, 391066
0.74, 390275
0.74, 390095
0.74, 389061
0.74, 388403
0.74, 384559
0.75, 383952
0.75, 382735
0.75, 381165
0.75, 375473
0.75, 375070
0.75, 371755
0.75, 364426
0.75, 364230
0.75, 362448
0.75, 360707
0.75, 359521
0.75, 358208
0.75, 357907
0.75, 355881
0.75, 354102
0.75, 350139
0.75, 348775
0.75, 331284
0.75, 330455
0.75, 326170
0.75, 325755
0.75, 324873
0.75, 324041
0.75, 318873
0.75, 317288
0.75, 316184
0.75, 311601
0.75, 310321
0.76, 308434
0.76, 307291
0.76, 305916
0.76, 304858
0.76, 295111
0.76, 292663
0.76, 292607
0.76, 288879
0.76, 284323
0.76, 284259
0.76, 282835
0.77, 279880
0.77, 278591
0.77, 275875
0.77, 273502
0.77, 271786
0.77, 269036
0.78, 258813
0.78, 258477
0.78, 256972
0.78, 254822
0.79, 250448
0.79, 250265
0.80, 250022
0.80, 247684
0.80, 246749
0.80, 246701
0.80, 246403
0.80, 246366
0.80, 243655
0.80, 242906
0.80, 241349
0.80, 237214
0.81, 237188
0.81, 236994
0.81, 236943
0.81, 236922
0.81, 234676
0.81, 232233
0.81, 230197
0.81, 229368
0.81, 227933
0.81, 226899
0.81, 226680
0.81, 224995
0.82, 224566
0.82, 224091
0.82, 214384
0.82, 213927
0.82, 213400
0.82, 213089
0.82, 212785
0.82, 211713
0.82, 210875
0.82, 210069
0.82, 208921
0.83, 205116
0.83, 203944
0.83, 202154
0.83, 201528
0.83, 201361
0.84, 201036
0.84, 196631
0.84, 194131
0.84, 193539
0.84, 192343
0.84, 190946
0.84, 189601
0.84, 188449
0.84, 188441
0.84, 188265
0.84, 187490
0.84, 186981
0.84, 186803
0.85, 186731
0.85, 184701
0.85, 184271
0.85, 181907
0.85, 180486
0.85, 179625
0.85, 178281
0.85, 177937
0.85, 174722
0.85, 173313
0.86, 173308
0.86, 170434
0.86, 168494
0.86, 168123
0.86, 167801
0.87, 165862
0.87, 163536
0.87, 162605
0.88, 162558
0.88, 162225
0.88, 162178
0.88, 161313
0.88, 161286
0.90, 155276
0.90, 154329
0.90, 154160
0.91, 152662
0.91, 152157
0.91, 152105
0.92, 152042
0.92, 151402
0.92, 150000
0.92, 149447
0.93, 145869
0.93, 145514
0.93, 145502
0.94, 145489
0.94, 145363
0.95, 144954
0.96, 142890
0.96, 138828
0.96, 137841
0.97, 137523
0.97, 137502
0.97, 136859
0.98, 135990
0.99, 135964
0.99, 135946
1.01, 134932
1.02, 134852
1.02, 134225
1.03, 133822
1.05, 133796
1.05, 133388
1.06, 133273
1.06, 132570
1.07, 132250
1.08, 130356
1.10, 130254
1.10, 130202
1.10, 129936
1.10, 129744
1.11, 129560
1.12, 129466
1.13, 128723
1.13, 128561
1.14, 128496
1.15, 127757
1.15, 127663
1.16, 127346
1.17, 125369
1.17, 125223
1.19, 125037
1.20, 123764
1.20, 122826
1.23, 121654
1.24, 121206
1.24, 121010
1.25, 120876
1.26, 120814
1.27, 119835
1.27, 118733
1.33, 118692
1.34, 118423
1.34, 117150
1.36, 116579
1.39, 114920
1.41, 114103
1.41, 113451
1.43, 112875
1.48, 112417
1.49, 112066
1.51, 111722
1.55, 111172
1.55, 111137
1.66, 110960
1.67, 110718
1.71, 110103
1.78, 110076
3.36, 109729
3.39, 109185
3.46, 108259
3.48, 108107
3.50, 107047
3.50, 106655
3.59, 106269
3.80, 105290
39.10, 105265
39.13, 105155
50.08, 105140
50.08, 104997
50.09, 104605
50.10, 104414
