0.00, 567446
0.00, 557234
0.00, 551254
0.00, 550022
0.00, 540105
0.00, 539680
0.00, 538946
0.01, 534748
0.01, 530804
0.01, 526727
0.01, 525274
0.01, 524796
0.01, 523358
0.01, 516585
0.04, 511740
0.05, 500822
0.05, 498079
0.06, 497600
0.06, 495378
0.06, 495156
0.07, 494134
0.07, 493115
0.08, 492979
0.08, 478545
0.08, 475546
0.08, 474981
0.08, 473017
0.08, 472955
0.15, 471049
0.15, 468935
0.15, 455139
0.15, 450425
0.15, 446470
0.15, 446158
0.79, 445408
0.79, 443513
0.79, 439731
0.79, 437875
0.80, 434691
0.80, 434277
0.80, 432737
0.80, 431778
0.80, 429748
0.80, 428518
0.80, 427427
0.81, 427014
0.81, 419219
0.83, 416518
0.83, 415977
0.83, 415749
0.84, 401069
0.84, 399204
0.85, 398937
0.85, 398771
0.85, 395524
0.85, 393636
0.85, 380785
0.85, 380637
0.85, 380127
0.85, 379818
0.85, 379540
0.85, 378389
0.85, 377656
0.85, 377355
0.85, 376741
0.85, 374862
0.85, 374569
0.85, 372559
0.85, 371160
0.87, 370994
0.87, 370871
0.87, 367102
0.87, 361703
0.88, 356983
0.88, 352125
0.88, 349987
0.88, 349764
0.88, 348300
0.88, 348057
0.88, 346564
0.88, 344204
0.88, 343563
0.88, 343175
0.88, 342114
0.88, 339413
0.88, 338948
0.88, 337544
0.89, 337314
0.89, 335536
0.89, 332194
0.89, 328400
0.89, 325210
0.89, 324299
0.89, 320567
0.89, 320400
0.89, 317960
0.89, 316779
0.89, 315649
0.89, 314620
0.89, 312874
0.89, 311330
0.89, 311287
0.89, 311154
0.89, 311122
0.89, 310242
0.90, 309471
0.90, 309063
0.90, 307605
0.90, 307148
0.91, 306920
0.91, 304996
0.91, 302297
0.91, 300225
0.91, 300216
0.91, 296759
0.91, 294658
0.91, 290627
0.91, 290546
0.91, 288964
0.91, 288542
0.92, 288461
0.92, 287533
0.92, 287368
0.92, 284252
0.92, 283610
0.92, 283004
0.92, 282015
0.92, 277765
0.92, 273306
0.92, 271949
0.92, 271789
0.92, 268657
0.92, 268426
0.92, 266677
0.92, 266228
0.92, 262782
0.92, 261978
0.92, 261093
0.92, 260157
0.92, 259887
0.92, 259470
0.92, 259315
0.93, 258316
0.93, 256875
0.93, 256001
0.93, 254835
0.93, 248247
0.93, 245875
0.93, 245610
0.93, 242844
0.93, 242265
0.94, 239614
0.94, 239209
0.94, 237068
0.94, 236780
0.94, 236656
0.94, 235835
0.94, 234443
0.94, 234246
0.94, 233599
0.95, 230559
0.95, 230199
0.95, 230079
0.95, 228754
0.95, 227320
0.95, 226701
0.95, 226503
0.95, 225835
0.96, 224240
0.96, 223810
0.96, 222585
0.96, 221357
0.96, 216814
0.96, 214433
0.96, 213393
0.96, 210660
0.96, 209847
0.97, 209782
0.97, 209600
0.97, 208840
0.97, 207958
0.97, 205630
0.97, 203995
0.98, 201074
0.98, 198469
0.98, 197702
0.98, 197232
0.98, 195496
0.98, 192489
0.98, 191648
0.98, 191279
0.99, 188838
0.99, 188416
0.99, 186360
1.00, 185906
1.00, 185873
1.00, 182253
1.01, 177418
1.01, 176813
1.01, 172485
1.01, 172151
1.01, 168026
1.01, 167587
1.02, 166699
1.02, 164452
1.02, 162902
1.03, 162202
1.03, 161869
1.03, 161783
1.04, 161690
1.04, 158158
1.04, 155641
1.04, 155497
1.04, 154658
1.04, 153231
1.04, 152125
1.04, 149871
1.05, 148800
1.05, 148481
1.06, 147714
1.06, 147109
1.07, 143104
1.08, 143084
1.08, 142985
1.08, 142189
1.09, 142119
1.10, 142068
1.10, 141340
1.10, 140658
1.11, 139458
1.11, 139451
1.11, 139281
1.11, 138360
1.12, 137748
1.12, 136639
1.12, 135745
1.12, 133475
1.12, 133370
1.13, 132753
1.13, 132263
1.14, 132138
1.14, 130664
1.16, 130248
1.17, 129201
1.17, 128489
1.18, 128226
1.19, 127044
1.19, 126101
1.20, 125239
1.20, 124111
1.20, 123963
1.20, 123210
1.21, 123200
1.22, 122032
1.23, 121815
1.23, 120974
1.23, 120592
1.24, 120443
1.26, 120014
1.26, 120010
1.27, 119156
1.28, 118795
1.31, 117951
1.35, 117609
1.36, 117247
1.36, 116939
1.39, 116517
1.44, 116110
1.44, 115473
1.49, 114770
1.50, 113423
1.51, 112315
1.53, 112138
1.62, 111673
1.74, 111366
1.89, 111181
1.94, 109617
1.99, 109271
4.02, 108843
4.03, 108163
4.21, 108110
6.55, 107685
6.58, 106317
43.74, 106291
43.82, 105507
44.20, 105427
