0.00, 549536
0.00, 548819
0.00, 545471
0.01, 536312
0.01, 526582
0.01, 523482
0.01, 513401
0.01, 510130
0.01, 503260
0.01, 495948
0.01, 482967
0.01, 480954
0.01, 471885
0.64, 467474
0.64, 457313
0.64, 456268
0.74, 451786
0.79, 451184
0.79, 444545
0.81, 443593
0.81, 439981
0.81, 438561
0.81, 435299
0.81, 434595
0.81, 430216
0.81, 430136
0.81, 428520
0.81, 428128
0.81, 427920
0.81, 424920
0.81, 423646
0.83, 423616
0.83, 417322
0.83, 416690
0.83, 411353
0.83, 404016
0.83, 402157
0.83, 400882
0.84, 399538
0.84, 399426
0.84, 396542
0.84, 396005
0.84, 391680
0.85, 389648
0.85, 388871
0.85, 385581
0.85, 384017
0.85, 383352
0.85, 382711
0.85, 381732
0.85, 376128
0.85, 373696
0.85, 372523
0.85, 371380
0.85, 368277
0.85, 364840
0.85, 364408
0.86, 359340
0.86, 354304
0.86, 352567
0.86, 347652
0.86, 344054
0.86, 340749
0.86, 335755
0.86, 335020
0.86, 334261
0.87, 334130
0.87, 331440
0.87, 330508
0.87, 327171
0.87, 323725
0.87, 322962
0.87, 320904
0.87, 318422
0.88, 317432
0.88, 315645
0.88, 315266
0.88, 307724
0.88, 304609
0.88, 304142
0.88, 301912
0.88, 299702
0.88, 299696
0.88, 297369
0.88, 290481
0.88, 287359
0.89, 285604
0.89, 285300
0.89, 284214
0.89, 282495
0.89, 282484
0.89, 280165
0.89, 279522
0.89, 270492
0.89, 269267
0.89, 266798
0.89, 266738
0.89, 264667
0.89, 264538
0.89, 264304
0.89, 264112
0.89, 262572
0.90, 261139
0.90, 257965
0.90, 257193
0.90, 255644
0.90, 252164
0.90, 250506
0.90, 249818
0.90, 249219
0.90, 249021
0.91, 243623
0.91, 240593
0.91, 239690
0.91, 237623
0.91, 236721
0.91, 236503
0.91, 236031
0.91, 235674
0.91, 234521
0.91, 234477
0.91, 233808
0.91, 231923
0.91, 230031
0.91, 227108
0.92, 222636
0.92, 222384
0.92, 222257
0.92, 222136
0.92, 221561
0.92, 218655
0.92, 218106
0.92, 216922
0.92, 215703
0.92, 214850
0.92, 213522
0.92, 213091
0.92, 212532
0.92, 211750
0.93, 210636
0.93, 209048
0.93, 208262
0.93, 206292
0.93, 206002
0.94, 204621
0.94, 204246
0.94, 202869
0.95, 202663
0.95, 200727
0.95, 200453
0.95, 200032
0.96, 198720
0.96, 196912
0.96, 196357
0.96, 194535
0.96, 193118
0.97, 193098
0.97, 192988
0.97, 192677
0.97, 191191
0.97, 188869
0.97, 188612
0.97, 185515
0.97, 183885
0.97, 183522
0.98, 182821
0.98, 182473
0.98, 180305
0.98, 178569
0.98, 178073
0.98, 177991
0.99, 174041
0.99, 173226
0.99, 172928
1.00, 172783
1.00, 171502
1.00, 170414
1.00, 169686
1.00, 169615
1.00, 169353
1.00, 169249
1.00, 168857
1.00, 166435
1.00, 166194
1.01, 166005
1.01, 165368
1.01, 165105
1.01, 164411
1.01, 163692
1.01, 163410
1.02, 162786
1.02, 162255
1.02, 161537
1.02, 159858
1.03, 159403
1.03, 158569
1.03, 156433
1.04, 155653
1.04, 154352
1.04, 152606
1.05, 152536
1.05, 152102
1.05, 152059
1.05, 150284
1.06, 149659
1.06, 148862
1.06, 147878
1.07, 146960
1.07, 146695
1.07, 146636
1.07, 145994
1.08, 144938
1.08, 144630
1.08, 144338
1.09, 142795
1.09, 141244
1.10, 140589
1.11, 140049
1.11, 137303
1.11, 135272
1.12, 134990
1.13, 134562
1.13, 133645
1.14, 133052
1.14, 132348
1.14, 131041
1.14, 130656
1.14, 130357
1.15, 129796
1.15, 128121
1.16, 128096
1.17, 126660
1.17, 123988
1.20, 123710
1.20, 122932
1.21, 121615
1.21, 121394
1.21, 120972
1.22, 120827
1.23, 117906
1.23, 117456
1.25, 117404
1.25, 116934
1.28, 115672
1.31, 115634
1.31, 114924
1.33, 114516
1.33, 114291
1.38, 113802
1.43, 113497
1.46, 112677
1.47, 112531
1.49, 112467
1.49, 112363
1.50, 112225
1.51, 111943
1.52, 111206
1.53, 110626
1.53, 110027
1.61, 109747
1.66, 109567
1.81, 109070
8.21, 108878
8.22, 108744
8.37, 108531
8.40, 107982
8.41, 107962
8.42, 107858
8.43, 107683
8.65, 107570
23.38, 107329
23.38, 106657
23.41, 106643
