0.00, 576132
0.00, 575626
0.00, 571484
0.00, 568337
0.00, 567722
0.00, 557956
0.01, 555048
0.01, 554028
0.01, 531146
0.01, 530569
0.01, 527921
0.02, 525599
0.02, 524846
0.02, 513740
0.02, 512509
0.02, 510109
0.02, 507861
0.02, 506536
0.02, 502268
0.02, 500942
0.04, 497630
0.04, 496597
0.04, 494186
0.04, 490681
0.04, 490519
0.09, 478268
0.14, 467920
0.58, 463349
0.65, 460361
0.68, 460191
0.68, 454438
0.69, 452201
0.69, 450496
0.69, 446357
0.69, 443227
0.73, 430325
0.75, 429826
0.75, 420919
0.75, 420575
0.75, 417170
0.75, 416146
0.75, 413813
0.75, 412152
0.77, 409784
0.77, 406714
0.77, 403775
0.77, 402685
0.77, 398394
0.77, 381402
0.77, 380594
0.77, 379042
0.77, 378981
0.77, 375113
0.77, 374740
0.77, 372906
0.77, 372473
0.77, 371356
0.78, 370824
0.78, 370179
0.78, 368609
0.78, 358787
0.78, 353056
0.78, 347473
0.78, 346136
0.78, 340544
0.78, 338966
0.78, 331048
0.78, 330802
0.78, 328132
0.78, 328090
0.78, 327750
0.78, 326766
0.79, 322612
0.79, 322225
0.79, 318153
0.80, 315414
0.80, 313822
0.80, 313406
0.80, 312496
0.80, 311210
0.80, 309243
0.80, 301021
0.80, 290863
0.80, 290793
0.80, 283897
0.81, 282695
0.81, 280041
0.81, 276648
0.81, 273606
0.81, 269904
0.81, 269737
0.81, 268285
0.81, 266825
0.81, 264823
0.81, 262896
0.82, 261288
0.82, 260774
0.82, 260711
0.82, 260204
0.82, 258449
0.82, 256863
0.83, 256510
0.83, 253321
0.83, 252442
0.83, 248190
0.84, 246115
0.84, 245289
0.84, 245005
0.84, 243704
0.84, 241437
0.84, 240799
0.84, 240783
0.84, 236859
0.84, 235773
0.85, 233691
0.85, 231714
0.85, 229510
0.85, 229366
0.85, 228993
0.85, 228532
0.85, 228518
0.85, 227813
0.85, 226721
0.85, 222753
0.86, 220642
0.86, 214546
0.86, 214080
0.86, 213636
0.86, 210955
0.86, 209227
0.86, 208863
0.86, 207555
0.86, 207133
0.86, 206455
0.87, 205448
0.87, 205439
0.87, 205226
0.87, 203552
0.87, 201517
0.87, 201255
0.87, 200896
0.87, 199942
0.87, 198948
0.87, 198798
0.87, 194646
0.87, 190364
0.87, 189337
0.87, 189043
0.88, 187456
0.88, 187215
0.88, 187012
0.88, 186179
0.88, 185675
0.88, 185521
0.88, 183828
0.88, 183554
0.88, 182708
0.88, 182413
0.89, 180235
0.89, 177145
0.89, 176110
0.89, 175439
0.89, 175118
0.89, 174289
0.89, 170429
0.89, 167450
0.89, 167153
0.90, 165862
0.90, 164908
0.90, 164345
0.91, 162750
0.91, 162531
0.91, 162328
0.91, 161979
0.91, 161841
0.91, 161519
0.92, 160674
0.92, 160154
0.92, 159569
0.93, 158575
0.93, 158493
0.93, 158144
0.93, 158103
0.93, 157997
0.93, 155914
0.94, 155224
0.94, 154940
0.94, 154890
0.95, 154457
0.95, 154307
0.95, 154212
0.96, 153370
0.96, 153343
0.96, 152276
0.97, 151174
0.97, 150863
0.99, 150382
0.99, 149800
0.99, 147531
0.99, 147170
0.99, 146495
1.00, 145692
1.00, 143576
1.00, 142751
1.02, 142143
1.02, 141364
1.02, 140349
1.03, 140087
1.03, 139895
1.04, 139746
1.04, 139407
1.04, 138664
1.05, 138483
1.06, 138409
1.06, 138376
1.06, 137497
1.07, 136567
1.07, 136559
1.07, 135469
1.08, 135329
1.09, 135305
1.10, 134826
1.10, 134293
1.10, 134041
1.12, 133577
1.14, 133493
1.15, 131166
1.16, 130191
1.17, 130002
1.20, 129299
1.20, 128602
1.23, 128498
1.23, 128400
1.24, 127268
1.25, 125220
1.25, 124557
1.25, 124370
1.26, 124031
1.26, 123176
1.26, 122461
1.33, 121983
1.34, 121162
1.40, 121021
1.41, 120290
1.45, 119125
1.48, 118996
1.51, 117885
1.52, 117414
1.59, 117053
1.59, 116472
1.64, 116405
1.68, 115999
1.72, 115662
1.77, 115276
1.81, 114739
1.82, 111998
1.84, 111398
1.92, 111169
10.89, 110653
10.92, 110617
10.97, 110146
11.13, 109623
11.25, 109293
11.38, 108141
13.02, 108103
13.03, 108073
13.04, 107551
13.06, 107343
13.08, 107329
13.08, 107293
13.16, 107055
13.43, 106875
43.77, 106581
48.32, 106553
