0.00, 569183
0.00, 568792
0.00, 563531
0.00, 559606
0.00, 554267
0.01, 553848
0.01, 553613
0.01, 545655
0.01, 544835
0.01, 542046
0.01, 538493
0.01, 537902
0.01, 532165
0.01, 525863
0.01, 524187
0.01, 516878
0.01, 505217
0.01, 502839
0.01, 501458
0.03, 499583
0.03, 494198
0.03, 494096
0.03, 490712
0.03, 484962
0.08, 471152
0.27, 466300
0.78, 466226
0.78, 455648
0.78, 452018
0.79, 449097
0.79, 445984
0.80, 443932
0.80, 443336
0.80, 441927
0.80, 439586
0.80, 437011
0.80, 433819
0.80, 425255
0.81, 424276
0.81, 423426
0.81, 421856
0.81, 416852
0.81, 413927
0.81, 403478
0.81, 400999
0.81, 400784
0.81, 400634
0.81, 399976
0.81, 399398
0.81, 393952
0.81, 389019
0.81, 382862
0.81, 377734
0.82, 375299
0.82, 375288
0.82, 374627
0.82, 374121
0.82, 374008
0.82, 372951
0.82, 372143
0.82, 371377
0.82, 370505
0.82, 366263
0.83, 365445
0.83, 361592
0.83, 355588
0.83, 353730
0.83, 348921
0.83, 345929
0.83, 343698
0.83, 343058
0.83, 340900
0.85, 333950
0.85, 333113
0.85, 331234
0.85, 330233
0.85, 323062
0.85, 322398
0.85, 319971
0.85, 319399
0.85, 314758
0.85, 314667
0.85, 314569
0.85, 308867
0.85, 302257
0.85, 302145
0.85, 300811
0.85, 300120
0.85, 297451
0.87, 297430
0.87, 296056
0.87, 295167
0.87, 282647
0.87, 281834
0.87, 281443
0.87, 281303
0.88, 279516
0.88, 279320
0.88, 276330
0.89, 273604
0.89, 268080
0.89, 267306
0.89, 266270
0.89, 265534
0.89, 265169
0.89, 260635
0.89, 259768
0.89, 258895
0.89, 257904
0.90, 257766
0.90, 257564
0.90, 257078
0.90, 256079
0.90, 255864
0.90, 255408
0.90, 254604
0.90, 253187
0.90, 249703
0.90, 249615
0.91, 249432
0.91, 248849
0.91, 246723
0.91, 241639
0.91, 239515
0.91, 238244
0.91, 238063
0.91, 237485
0.91, 233436
0.92, 233259
0.92, 233248
0.92, 233025
0.92, 232755
0.92, 232143
0.92, 231574
0.92, 231238
0.92, 231089
0.92, 229254
0.92, 228265
0.92, 227641
0.92, 227619
0.92, 226496
0.92, 225161
0.93, 225087
0.93, 224618
0.93, 224069
0.93, 221532
0.93, 220273
0.93, 220185
0.93, 218685
0.93, 217598
0.93, 215311
0.93, 210305
0.93, 207032
0.93, 206394
0.93, 205828
0.93, 204629
0.93, 201883
0.93, 201126
0.93, 200208
0.93, 197183
0.93, 196803
0.93, 196480
0.93, 196063
0.94, 195521
0.94, 193936
0.94, 192769
0.94, 192666
0.94, 190326
0.94, 189584
0.94, 188401
0.95, 187194
0.95, 184780
0.95, 183060
0.95, 182670
0.95, 182602
0.95, 182173
0.95, 179315
0.95, 178641
0.95, 177510
0.95, 177340
0.95, 175318
0.95, 173510
0.95, 173478
0.96, 172910
0.96, 171780
0.96, 170980
0.96, 170225
0.96, 168952
0.96, 168831
0.97, 166582
0.97, 163320
0.97, 163023
0.97, 162973
0.98, 162583
0.98, 162400
0.98, 162038
0.98, 161411
0.98, 160210
0.98, 158477
0.98, 157852
0.98, 157726
0.99, 155382
0.99, 154997
0.99, 154421
0.99, 152762
1.00, 152635
1.00, 152133
1.00, 148379
1.00, 147651
1.01, 147103
1.01, 147004
1.02, 145554
1.02, 145118
1.02, 142250
1.02, 141988
1.03, 141167
1.03, 141078
1.03, 141002
1.03, 140358
1.03, 139766
1.03, 139390
1.03, 138274
1.03, 138072
1.04, 137989
1.05, 136249
1.05, 135560
1.05, 134843
1.05, 134789
1.06, 134668
1.06, 134466
1.07, 133404
1.07, 133199
1.07, 132822
1.08, 131919
1.08, 131800
1.08, 131764
1.09, 131164
1.10, 130973
1.10, 130527
1.10, 129943
1.11, 128878
1.12, 127992
1.12, 127754
1.13, 127622
1.13, 126888
1.13, 126703
1.15, 124327
1.16, 123508
1.17, 122431
1.17, 122149
1.17, 121754
1.18, 121658
1.20, 120839
1.24, 120136
1.24, 117465
1.24, 117192
1.26, 116811
1.27, 115028
1.28, 114962
1.29, 114918
1.31, 113686
1.33, 113077
1.43, 112905
1.50, 111689
1.53, 111607
1.54, 111575
1.88, 110914
1.94, 110727
3.69, 110305
3.87, 109315
3.88, 108058
4.06, 107867
5.98, 107598
5.99, 106895
6.03, 106837
6.03, 106745
6.10, 105766
