0.00, 566019
0.00, 564734
0.00, 563222
0.01, 557408
0.01, 554887
0.01, 553081
0.01, 552695
0.01, 551439
0.01, 551313
0.01, 549602
0.01, 549261
0.01, 545404
0.01, 543312
0.01, 541819
0.01, 536589
0.01, 522698
0.01, 517027
0.01, 514488
0.01, 507833
0.01, 507039
0.01, 506977
0.01, 505689
0.03, 503711
0.03, 491117
0.16, 487860
0.32, 485707
0.32, 476385
0.51, 476084
0.74, 474404
0.74, 472879
0.74, 470511
0.74, 457960
0.74, 447316
0.79, 445244
0.79, 445083
0.80, 441108
0.80, 436160
0.80, 436039
0.80, 432007
0.80, 430948
0.80, 428742
0.80, 428262
0.80, 427185
0.80, 424644
0.80, 423229
0.80, 417153
0.80, 414776
0.80, 414262
0.80, 407699
0.81, 406369
0.81, 404451
0.84, 397251
0.84, 397018
0.84, 396226
0.84, 395638
0.84, 394648
0.84, 390558
0.84, 387693
0.84, 379504
0.85, 378660
0.85, 374352
0.85, 370881
0.85, 370631
0.85, 369219
0.85, 367054
0.85, 366769
0.85, 365905
0.85, 357674
0.85, 348534
0.86, 346685
0.87, 346182
0.87, 345881
0.87, 342857
0.87, 342042
0.87, 340560
0.87, 336503
0.87, 332985
0.88, 332024
0.88, 329585
0.88, 328888
0.88, 328854
0.88, 325733
0.88, 325161
0.88, 324953
0.88, 323940
0.88, 323668
0.88, 318968
0.88, 316493
0.88, 314476
0.88, 314371
0.88, 313788
0.88, 313091
0.88, 312147
0.88, 301217
0.88, 300392
0.88, 296576
0.88, 294852
0.88, 294517
0.88, 294184
0.89, 294030
0.90, 288510
0.91, 288024
0.91, 287827
0.91, 286878
0.91, 284669
0.91, 283668
0.91, 283581
0.91, 283341
0.91, 281086
0.91, 281025
0.91, 280128
0.91, 277894
0.92, 276555
0.92, 275402
0.92, 274676
0.92, 274264
0.92, 269785
0.92, 267971
0.92, 265079
0.92, 264495
0.92, 263456
0.92, 262723
0.92, 262435
0.92, 260823
0.92, 260499
0.92, 257039
0.92, 256561
0.93, 254159
0.93, 249379
0.93, 249312
0.93, 247069
0.93, 246998
0.93, 246983
0.93, 245538
0.93, 245375
0.93, 236952
0.93, 234840
0.93, 234634
0.93, 234046
0.93, 233503
0.93, 233002
0.94, 232403
0.94, 230918
0.94, 230834
0.94, 229982
0.94, 229819
0.94, 226729
0.94, 226282
0.94, 222326
0.95, 221478
0.95, 220802
0.95, 220334
0.95, 219310
0.95, 215973
0.95, 215443
0.95, 215104
0.95, 214072
0.95, 213951
0.95, 212524
0.96, 210624
0.96, 210434
0.96, 210327
0.96, 209909
0.96, 209044
0.96, 207808
0.96, 207667
0.96, 206254
0.96, 206179
0.96, 205068
0.96, 203933
0.96, 202686
0.96, 201950
0.96, 200051
0.97, 198162
0.97, 197290
0.97, 194950
0.97, 191191
0.97, 187356
0.97, 186177
0.97, 185993
0.98, 185725
0.98, 185258
0.98, 185159
0.98, 184757
0.98, 184259
0.99, 182356
0.99, 180861
0.99, 179339
0.99, 179032
0.99, 179024
0.99, 177356
0.99, 177331
0.99, 174919
0.99, 174703
0.99, 173903
0.99, 173388
0.99, 169758
1.00, 166498
1.00, 164587
1.00, 160915
1.00, 160841
1.01, 160087
1.01, 159493
1.02, 158822
1.03, 158320
1.03, 157942
1.03, 156302
1.03, 155604
1.03, 153759
1.04, 153645
1.04, 153048
1.04, 152968
1.05, 152954
1.06, 150179
1.06, 148865
1.06, 148175
1.07, 147790
1.07, 147086
1.08, 146315
1.08, 144656
1.09, 143829
1.09, 143747
1.09, 143011
1.09, 142832
1.09, 142677
1.10, 141787
1.11, 140564
1.13, 138292
1.14, 136129
1.15, 136115
1.16, 136074
1.16, 135699
1.16, 134803
1.16, 134040
1.17, 131688
1.17, 131631
1.19, 131625
1.19, 131559
1.20, 130922
1.20, 130131
1.20, 129289
1.21, 128713
1.21, 128147
1.21, 127998
1.22, 127112
1.23, 126971
1.23, 126796
1.23, 126404
1.25, 125783
1.27, 125461
1.27, 124605
1.27, 124231
1.28, 123626
1.29, 123488
1.31, 122723
1.33, 121587
1.35, 121175
1.36, 120004
1.36, 119666
1.38, 119225
1.43, 118994
1.44, 118532
1.48, 118277
1.50, 118162
1.51, 117611
1.57, 117040
1.62, 115482
1.79, 115300
1.80, 115237
1.80, 113764
1.80, 113525
1.86, 113334
2.05, 113222
3.83, 111810
3.85, 111273
3.85, 111089
3.87, 110445
3.90, 109628
3.93, 109309
3.97, 109093
4.08, 107840
4.16, 107698
4.18, 107028
22.16, 103977
