0.01, 537302
0.01, 534934
0.01, 529561
0.01, 524085
0.01, 521885
0.01, 521615
0.01, 521255
0.01, 519644
0.01, 506692
0.01, 502758
0.01, 501239
0.02, 493905
0.07, 486896
0.07, 486114
0.21, 485380
0.21, 482465
0.21, 479819
0.21, 471651
0.67, 468235
0.67, 467534
0.77, 455088
0.80, 453962
0.80, 452931
0.80, 452745
0.80, 450931
0.80, 449593
0.81, 447359
0.81, 445967
0.81, 440118
0.81, 439606
0.81, 437220
0.84, 433736
0.84, 433536
0.84, 429649
0.84, 427631
0.84, 424559
0.84, 423982
0.84, 423704
0.84, 423594
0.84, 416506
0.84, 416345
0.84, 414049
0.85, 412310
0.85, 399444
0.85, 398734
0.85, 392250
0.85, 390321
0.88, 390036
0.88, 382336
0.89, 375856
0.89, 375589
0.89, 374468
0.89, 373585
0.89, 373185
0.89, 372245
0.89, 369016
0.90, 366992
0.90, 363505
0.90, 357849
0.91, 353259
0.91, 351525
0.91, 350360
0.91, 343572
0.91, 337222
0.91, 335084
0.91, 333064
0.91, 332936
0.91, 332628
0.91, 327742
0.91, 323710
0.91, 321984
0.92, 320935
0.92, 319446
0.92, 318535
0.92, 312597
0.92, 305974
0.92, 304522
0.93, 299655
0.93, 297335
0.93, 294224
0.94, 293982
0.94, 291414
0.94, 289305
0.94, 288951
0.94, 287010
0.94, 285845
0.95, 283867
0.95, 282574
0.95, 282235
0.95, 278210
0.97, 276870
0.97, 276528
0.97, 275733
0.97, 275216
0.97, 275126
0.97, 274941
0.97, 274887
0.98, 274594
0.98, 271782
0.98, 271029
0.98, 268299
0.98, 267673
0.98, 266922
0.98, 266508
0.98, 265594
0.98, 264051
0.98, 263413
0.98, 260105
0.98, 257618
0.98, 257598
0.99, 252788
0.99, 250826
0.99, 250691
0.99, 247448
1.00, 247186
1.00, 243696
1.00, 242353
1.00, 240325
1.00, 236240
1.00, 236179
1.00, 235107
1.00, 234008
1.00, 232548
1.00, 230627
1.00, 229443
1.00, 229078
1.00, 229036
1.01, 228520
1.01, 225628
1.01, 224759
1.01, 224482
1.01, 222282
1.01, 221372
1.01, 221046
1.01, 216775
1.01, 214317
1.02, 212318
1.02, 211529
1.02, 210915
1.02, 210551
1.02, 209389
1.02, 205505
1.02, 203385
1.03, 201720
1.03, 200984
1.03, 200697
1.03, 200320
1.03, 198692
1.04, 198622
1.04, 196231
1.04, 196154
1.04, 192446
1.05, 192255
1.05, 191833
1.05, 191080
1.05, 190345
1.05, 189599
1.05, 189153
1.05, 189152
1.05, 187273
1.05, 186900
1.06, 186842
1.06, 186419
1.06, 180260
1.06, 178807
1.06, 178669
1.06, 177750
1.07, 174034
1.07, 172388
1.07, 171720
1.07, 171343
1.07, 170464
1.07, 166450
1.07, 166034
1.08, 165917
1.08, 165601
1.08, 165564
1.08, 162778
1.08, 162477
1.08, 162302
1.08, 161457
1.09, 161394
1.09, 159907
1.09, 159899
1.09, 158896
1.09, 158223
1.09, 154965
1.09, 154352
1.10, 154275
1.10, 154158
1.10, 154154
1.10, 153643
1.10, 153537
1.11, 152005
1.11, 151613
1.11, 151435
1.11, 151141
1.11, 150644
1.11, 150515
1.11, 149968
1.11, 149782
1.12, 147071
1.12, 146941
1.13, 146376
1.14, 145099
1.14, 144256
1.14, 142206
1.15, 141877
1.15, 141711
1.16, 141036
1.16, 139894
1.16, 139726
1.16, 139505
1.17, 138616
1.18, 137713
1.19, 136382
1.20, 135569
1.20, 135184
1.20, 133613
1.24, 133291
1.24, 132691
1.24, 129767
1.25, 129555
1.29, 129523
1.29, 129343
1.30, 129115
1.30, 128412
1.31, 126843
1.34, 126479
1.34, 126288
1.36, 125244
1.39, 122572
1.42, 122527
1.43, 122417
1.46, 121237
1.46, 120955
1.46, 120318
1.47, 119813
1.49, 119300
1.50, 119104
1.53, 118848
1.58, 118421
1.60, 117763
1.60, 116035
1.63, 115711
1.71, 115029
1.72, 112212
1.73, 111977
1.84, 111729
1.96, 111721
1.99, 111521
2.08, 111244
2.14, 110900
2.15, 110643
2.19, 110633
6.53, 109836
6.63, 109290
8.52, 109254
8.79, 108869
13.01, 107457
13.11, 107282
13.11, 107143
13.11, 105828
13.11, 105545
13.13, 105518
13.16, 105465
13.19, 104486
41.13, 104421
276.73, 104065
276.79, 102891
