0.00, 564700
0.00, 559005
0.00, 558941
0.00, 554133
0.00, 553089
0.00, 551604
0.00, 545478
0.00, 543599
0.00, 540402
0.00, 536300
0.00, 535288
0.00, 529769
0.01, 529203
0.01, 528029
0.01, 521098
0.01, 517974
0.01, 515232
0.01, 512789
0.01, 503252
0.01, 499542
0.01, 498443
0.01, 497307
0.01, 493103
0.07, 491218
0.07, 489340
0.18, 488303
0.18, 486852
0.20, 483722
0.20, 481396
0.44, 480573
0.44, 473404
0.58, 471098
0.63, 469950
0.76, 466995
0.76, 463847
0.76, 463591
0.76, 461286
0.76, 457224
0.76, 453828
0.78, 453767
0.78, 452524
0.78, 452095
0.78, 446915
0.78, 440774
0.78, 439139
0.79, 436343
0.79, 435948
0.79, 432090
0.79, 429896
0.79, 427547
0.79, 425972
0.79, 424719
0.79, 422731
0.79, 420501
0.79, 415961
0.79, 415483
0.79, 410876
0.79, 406568
0.79, 402236
0.84, 401774
0.84, 401692
0.84, 400983
0.84, 399857
0.84, 397777
0.84, 396683
0.84, 396535
0.85, 393495
0.85, 392330
0.85, 392014
0.85, 390376
0.85, 384415
0.85, 383319
0.85, 381916
0.85, 380253
0.86, 378483
0.86, 376231
0.86, 372898
0.86, 364875
0.86, 364557
0.86, 361693
0.86, 361636
0.86, 357571
0.86, 356895
0.86, 353736
0.86, 347809
0.86, 343408
0.86, 341182
0.86, 337835
0.86, 333977
0.86, 333678
0.87, 326451
0.87, 326200
0.87, 317929
0.87, 316368
0.87, 316334
0.87, 312587
0.87, 309269
0.87, 307445
0.87, 306923
0.87, 305387
0.87, 304827
0.87, 304731
0.87, 304404
0.87, 303969
0.87, 301812
0.87, 301616
0.88, 298455
0.88, 297879
0.88, 294329
0.88, 291996
0.88, 287718
0.88, 285551
0.88, 283687
0.88, 283233
0.88, 279210
0.88, 277385
0.88, 275170
0.88, 272971
0.90, 271446
0.90, 269872
0.90, 264663
0.90, 264335
0.90, 263590
0.90, 262807
0.90, 261603
0.90, 261147
0.91, 260727
0.91, 260104
0.91, 259655
0.91, 257700
0.91, 255811
0.91, 254260
0.91, 253779
0.91, 253174
0.91, 251807
0.91, 251746
0.91, 251326
0.91, 250950
0.91, 248330
0.91, 243486
0.92, 241608
0.92, 239030
0.92, 238514
0.92, 236677
0.92, 234702
0.92, 234199
0.92, 233378
0.92, 233223
0.92, 232915
0.92, 228949
0.92, 226804
0.92, 226703
0.92, 225734
0.93, 225404
0.93, 220663
0.93, 218703
0.93, 217835
0.93, 216668
0.93, 216518
0.93, 215647
0.93, 213951
0.94, 213172
0.94, 212652
0.94, 212618
0.94, 211410
0.94, 211067
0.94, 210563
0.94, 210220
0.94, 210155
0.94, 209806
0.94, 209037
0.94, 207275
0.94, 205418
0.94, 204365
0.94, 203776
0.95, 200665
0.95, 200109
0.95, 199782
0.95, 197895
0.96, 195897
0.96, 195581
0.96, 195338
0.96, 195032
0.96, 191610
0.97, 191463
0.97, 190872
0.97, 190461
0.97, 190046
0.98, 187570
0.98, 184966
0.98, 184433
0.98, 184400
0.98, 184259
0.98, 184258
0.98, 181445
0.98, 180684
0.99, 179283
0.99, 178988
0.99, 178913
0.99, 178874
0.99, 178285
1.00, 178177
1.01, 177623
1.01, 175873
1.01, 175833
1.01, 175253
1.01, 174931
1.02, 173285
1.02, 172533
1.02, 171958
1.03, 171739
1.03, 171694
1.03, 171598
1.03, 171342
1.03, 171264
1.03, 170237
1.04, 169769
1.04, 165775
1.04, 164516
1.04, 162799
1.05, 162778
1.05, 162426
1.05, 162423
1.05, 162371
1.05, 162101
1.05, 161007
1.05, 160898
1.05, 159008
1.06, 158727
1.06, 155872
1.06, 155787
1.06, 154760
1.06, 154651
1.06, 154546
1.06, 153404
1.06, 152194
1.06, 150888
1.06, 150882
1.07, 150055
1.07, 149998
1.07, 149228
1.07, 148660
1.07, 145935
1.07, 145579
1.08, 143398
1.08, 143071
1.08, 141812
1.09, 141591
1.09, 137824
1.10, 136732
1.10, 136696
1.11, 135930
1.11, 135849
1.12, 135257
1.13, 132276
1.14, 131829
1.14, 130376
1.15, 130243
1.16, 129454
1.17, 129359
1.17, 128611
1.17, 128309
1.19, 127485
1.20, 127060
1.22, 126738
1.22, 126706
1.23, 125823
1.23, 124871
1.25, 124835
1.26, 123888
1.29, 123790
1.29, 123749
1.30, 122903
1.30, 122786
1.31, 122130
1.33, 121258
1.36, 120265
1.37, 119899
1.37, 119682
1.39, 119395
1.40, 119291
1.45, 117882
1.50, 117706
1.52, 117593
1.54, 115619
1.55, 115444
1.55, 114872
1.59, 111206
1.69, 110569
1.70, 109944
1.92, 106960
2.04, 106609
32.35, 106098
52.10, 105931
