0.00, 538812
0.00, 535494
0.01, 530984
0.01, 521204
0.01, 519776
0.01, 517939
0.01, 517132
0.01, 508883
0.01, 498093
0.01, 495333
0.01, 491187
0.08, 489499
0.08, 488902
0.08, 482812
0.16, 474958
0.16, 472641
0.67, 470187
0.67, 455127
0.72, 454731
0.72, 454328
0.72, 452174
0.72, 451606
0.72, 450359
0.72, 445923
0.72, 445889
0.75, 441667
0.75, 438970
0.76, 431756
0.76, 420547
0.76, 417693
0.76, 415510
0.77, 413445
0.77, 412783
0.77, 412288
0.77, 408324
0.77, 406903
0.78, 405783
0.78, 405441
0.78, 402270
0.78, 402236
0.78, 400641
0.78, 396590
0.78, 396282
0.78, 392761
0.80, 391107
0.80, 376100
0.80, 374786
0.80, 374297
0.81, 371813
0.81, 370049
0.81, 358849
0.81, 353186
0.81, 353161
0.81, 351944
0.81, 351445
0.81, 350592
0.81, 348161
0.81, 348031
0.81, 341878
0.81, 341714
0.81, 340028
0.81, 339445
0.81, 337441
0.81, 335414
0.81, 334558
0.81, 327817
0.81, 323372
0.81, 320988
0.82, 317969
0.82, 314076
0.82, 313111
0.82, 306974
0.82, 306504
0.82, 301358
0.82, 300031
0.82, 299364
0.82, 298330
0.82, 296975
0.83, 296052
0.83, 295705
0.83, 295478
0.83, 294733
0.83, 293155
0.83, 292237
0.83, 292105
0.83, 288632
0.83, 288018
0.84, 285215
0.84, 283361
0.84, 281991
0.84, 276677
0.84, 275856
0.84, 272135
0.84, 272091
0.84, 271132
0.84, 268271
0.84, 265174
0.84, 258837
0.84, 258697
0.84, 258159
0.84, 256986
0.85, 256822
0.85, 255078
0.85, 254132
0.86, 253733
0.86, 251850
0.86, 249830
0.86, 249007
0.87, 248653
0.87, 248430
0.87, 247921
0.87, 245218
0.87, 243256
0.87, 243046
0.87, 239374
0.87, 239181
0.87, 234766
0.88, 234603
0.88, 234100
0.88, 230555
0.88, 230119
0.88, 226038
0.88, 225844
0.88, 225361
0.88, 224933
0.88, 223878
0.88, 223162
0.88, 220209
0.89, 219447
0.89, 219436
0.89, 214818
0.89, 214794
0.89, 214528
0.89, 213128
0.89, 212192
0.89, 211940
0.89, 211598
0.89, 211438
0.89, 207858
0.90, 207696
0.90, 206335
0.90, 206206
0.90, 206201
0.90, 200152
0.90, 199026
0.91, 195482
0.91, 194110
0.91, 192039
0.91, 191401
0.91, 191265
0.91, 191054
0.91, 190493
0.91, 189676
0.91, 188089
0.91, 187965
0.91, 186141
0.91, 185370
0.92, 185029
0.93, 183419
0.93, 182076
0.93, 181263
0.93, 180743
0.93, 179551
0.93, 179107
0.93, 178809
0.93, 176768
0.93, 175107
0.94, 174766
0.94, 173064
0.94, 173026
0.94, 172724
0.94, 170805
0.94, 169925
0.94, 163732
0.95, 163641
0.95, 162730
0.95, 162508
0.95, 160535
0.95, 159159
0.95, 157212
0.95, 156869
0.95, 156666
0.96, 156092
0.96, 156061
0.96, 156059
0.96, 155721
0.96, 155717
0.96, 155372
0.96, 154921
0.97, 154839
0.97, 153178
0.97, 153066
0.97, 148770
0.97, 148614
0.97, 148063
0.98, 147971
0.98, 145554
0.98, 144068
0.98, 143205
0.98, 142913
0.98, 141751
0.99, 141159
0.99, 141069
0.99, 140664
1.00, 138236
1.00, 137870
1.00, 136978
1.00, 135459
1.01, 135161
1.01, 134257
1.02, 133245
1.02, 131775
1.03, 131633
1.03, 131140
1.05, 131127
1.05, 130102
1.05, 128832
1.05, 128011
1.08, 125494
1.09, 124576
1.09, 123599
1.09, 122776
1.10, 121660
1.11, 120743
1.11, 120714
1.11, 119922
1.11, 118550
1.12, 118415
1.14, 118108
1.15, 117903
1.16, 117384
1.16, 116785
1.17, 116693
1.18, 115917
1.19, 115786
1.21, 115095
1.22, 114442
1.27, 114128
1.28, 112927
1.30, 112210
1.36, 108961
1.36, 108932
1.36, 108928
1.37, 107185
1.40, 107104
1.44, 106432
1.49, 105956
1.57, 105478
1.67, 105335
1.71, 104913
1.81, 104547
1.94, 104355
11.20, 104108
11.29, 103542
11.31, 103321
