0.00, 7194533
0.00, 6987693
0.00, 6913243
0.00, 6904490
0.00, 6901106
0.00, 6758573
0.01, 6666121
0.03, 6643439
0.04, 6640700
0.04, 6608697
0.04, 6608597
0.04, 6599334
0.04, 6553048
0.04, 6550705
0.04, 6548080
0.04, 6497958
0.04, 6463970
0.04, 6387791
0.04, 6342763
0.04, 6312704
0.18, 6301161
0.18, 6293590
0.33, 6135188
0.33, 6082377
0.33, 6012517
0.33, 5853533
0.53, 5825702
0.53, 5777962
0.54, 5676991
0.54, 5494114
0.54, 5391525
0.54, 5380690
0.54, 5340985
0.54, 5192795
0.54, 5175249
0.54, 5162366
0.59, 5149795
0.59, 5138092
0.59, 5106371
0.59, 5090759
0.59, 5067502
0.60, 5060575
0.60, 5059206
0.60, 4929238
0.60, 4914247
0.60, 4867032
0.60, 4850601
0.60, 4841823
0.60, 4703440
0.60, 4568202
0.61, 4520456
0.61, 4492296
0.61, 4389541
0.61, 4384395
0.61, 4379905
0.61, 4363101
0.61, 4356861
0.61, 4342861
0.61, 4264988
0.62, 4250504
0.62, 4249889
0.62, 4238494
0.62, 4213599
0.62, 4173990
0.62, 4171829
0.62, 4114929
0.62, 4114377
0.62, 4055376
0.62, 4048642
0.62, 4047491
0.62, 4013473
0.62, 3968856
0.62, 3879945
0.62, 3853714
0.63, 3767998
0.63, 3576542
0.63, 3569104
0.63, 3446418
0.63, 3434845
0.63, 3422525
0.63, 3405343
0.63, 3377575
0.63, 3368450
0.63, 3325245
0.63, 3324860
0.63, 3290648
0.63, 3280807
0.63, 3280534
0.63, 3182297
0.63, 3178593
0.64, 3153831
0.64, 3128322
0.64, 3066033
0.65, 3005530
0.65, 3003188
0.65, 2980992
0.65, 2966568
0.65, 2913198
0.65, 2855671
0.65, 2810558
0.65, 2783430
0.65, 2771614
0.65, 2752311
0.66, 2747347
0.66, 2742316
0.66, 2730137
0.66, 2709964
0.66, 2704510
0.66, 2700819
0.66, 2657250
0.66, 2657136
0.66, 2596839
0.66, 2580071
0.66, 2578565
0.67, 2538900
0.67, 2530193
0.67, 2529798
0.67, 2527697
0.68, 2526883
0.68, 2514366
0.68, 2478034
0.68, 2477662
0.68, 2451876
0.68, 2448646
0.69, 2417119
0.69, 2416196
0.69, 2412003
0.69, 2409143
0.69, 2389901
0.69, 2387607
0.69, 2371569
0.69, 2371279
0.69, 2366702
0.69, 2356588
0.69, 2343850
0.70, 2341574
0.70, 2320413
0.70, 2302315
0.70, 2297468
0.70, 2264402
0.71, 2248007
0.71, 2234836
0.71, 2230093
0.72, 2227428
0.72, 2225428
0.72, 2219772
0.73, 2216685
0.73, 2214170
0.73, 2204433
0.73, 2201367
0.73, 2198035
0.74, 2180890
0.74, 2172512
0.74, 2165606
0.74, 2164222
0.75, 2157102
0.75, 2087335
0.76, 2073904
0.76, 2069245
0.76, 2043256
0.76, 2041859
0.76, 2019568
0.76, 2007730
0.77, 1979840
0.77, 1957354
0.77, 1952384
0.77, 1939753
0.77, 1929030
0.78, 1925881
0.78, 1908476
0.78, 1874449
0.79, 1868601
0.79, 1865294
0.80, 1861410
0.82, 1851400
0.82, 1850710
0.82, 1849717
0.82, 1849521
0.83, 1844349
0.83, 1844045
0.83, 1835844
0.84, 1830307
0.85, 1829228
0.86, 1828925
0.89, 1823771
0.90, 1809304
0.90, 1804861
0.92, 1797199
0.92, 1783602
0.94, 1780419
0.95, 1770801
0.97, 1769976
0.97, 1768189
0.98, 1766867
0.98, 1766193
0.99, 1765154
1.05, 1758011
1.08, 1749950
1.12, 1732295
1.15, 1732175
1.16, 1732130
1.21, 1730678
1.27, 1728120
1.27, 1670866
1.28, 1666899
3.07, 1662766
3.10, 1654641
3.12, 1648114
3.13, 1645230
3.16, 1644855
3.27, 1640499
3.29, 1618886
9.12, 1612013
9.14, 1599186
9.17, 1599105
9.18, 1598939
9.20, 1596557
9.21, 1594819
9.24, 1575083
9.27, 1574441
9.29, 1573746
9.33, 1567061
