0.00, 6879087
0.00, 6863233
0.00, 6844629
0.00, 6783547
0.02, 6666451
0.06, 6648427
0.06, 6570615
0.06, 6464459
0.06, 6316999
0.06, 6266939
0.06, 6237698
0.28, 6230660
0.28, 6137335
0.48, 6130066
0.48, 6114180
0.50, 6040174
0.51, 5990684
0.51, 5987622
0.51, 5799007
0.51, 5796095
0.51, 5783000
0.51, 5776126
0.51, 5735534
0.51, 5693802
0.51, 5693782
0.51, 5617077
0.51, 5512128
0.52, 5489714
0.52, 5404894
0.52, 5333680
0.52, 5322860
0.52, 5304252
0.52, 5147339
0.54, 5083330
0.54, 5081983
0.54, 5064046
0.54, 5006697
0.54, 4992810
0.54, 4990561
0.54, 4981150
0.56, 4963484
0.56, 4890994
0.56, 4863996
0.56, 4733998
0.56, 4626902
0.56, 4620309
0.56, 4618441
0.56, 4612807
0.56, 4538907
0.56, 4502890
0.56, 4502426
0.56, 4448063
0.56, 4441216
0.56, 4399436
0.56, 4391426
0.56, 4391179
0.56, 4357783
0.56, 4344018
0.56, 4311982
0.56, 4311483
0.57, 4311482
0.57, 4224660
0.57, 4220794
0.57, 4202289
0.57, 4200726
0.57, 4090975
0.57, 4070416
0.57, 4068862
0.57, 4060177
0.57, 4043377
0.57, 4028870
0.57, 3918628
0.57, 3904337
0.59, 3903377
0.59, 3854014
0.59, 3833177
0.59, 3831833
0.59, 3791847
0.59, 3712173
0.60, 3678859
0.60, 3674591
0.60, 3633043
0.60, 3610468
0.60, 3609863
0.60, 3603622
0.60, 3502984
0.60, 3498815
0.60, 3466514
0.60, 3436457
0.60, 3390097
0.60, 3377642
0.60, 3368750
0.61, 3363867
0.61, 3316605
0.61, 3197777
0.61, 3136751
0.61, 3108884
0.61, 3092412
0.61, 3042204
0.61, 3037651
0.61, 3022974
0.61, 2995255
0.61, 2963874
0.62, 2950772
0.62, 2942738
0.63, 2929369
0.63, 2885967
0.63, 2879844
0.63, 2868401
0.63, 2863749
0.63, 2857954
0.63, 2851342
0.64, 2846011
0.64, 2843184
0.64, 2795066
0.64, 2749048
0.64, 2747474
0.64, 2744577
0.64, 2734958
0.64, 2709072
0.64, 2705013
0.64, 2694680
0.64, 2673243
0.65, 2672318
0.65, 2656157
0.65, 2636684
0.65, 2634091
0.65, 2631519
0.65, 2630829
0.65, 2625633
0.65, 2611342
0.65, 2586740
0.66, 2584847
0.66, 2577940
0.66, 2549181
0.67, 2506152
0.67, 2501309
0.67, 2500940
0.67, 2480357
0.67, 2475584
0.67, 2475453
0.68, 2475071
0.68, 2466915
0.68, 2438123
0.68, 2429544
0.68, 2420303
0.68, 2409075
0.68, 2408494
0.68, 2393712
0.69, 2391642
0.69, 2387581
0.69, 2340525
0.69, 2336929
0.69, 2324451
0.69, 2322787
0.69, 2278326
0.69, 2260827
0.69, 2239081
0.69, 2219872
0.70, 2216479
0.70, 2192695
0.70, 2184291
0.70, 2179184
0.70, 2172041
0.70, 2145065
0.70, 2144719
0.70, 2132484
0.71, 2119668
0.71, 2109641
0.71, 2103697
0.71, 2100238
0.72, 2063069
0.72, 2060947
0.72, 2046709
0.72, 2039165
0.72, 2033933
0.73, 2023886
0.73, 2002886
0.73, 2002710
0.73, 1962025
0.73, 1960749
0.74, 1958847
0.74, 1957617
0.74, 1952682
0.74, 1947565
0.74, 1947350
0.74, 1946840
0.74, 1946707
0.74, 1916482
0.74, 1889904
0.74, 1888090
0.74, 1875682
0.74, 1867677
0.75, 1855173
0.75, 1848073
0.76, 1842177
0.76, 1787490
0.79, 1754160
0.80, 1748374
0.80, 1746054
0.80, 1710676
0.82, 1707833
0.84, 1697454
0.86, 1677558
0.86, 1673237
0.87, 1663383
0.88, 1662520
0.88, 1657408
0.90, 1655254
0.90, 1653637
0.91, 1652818
0.94, 1649749
0.98, 1649732
0.98, 1635494
1.15, 1633576
1.32, 1632153
3.19, 1627707
11.40, 1627487
11.57, 1626624
26.24, 1612540
26.41, 1606097
26.47, 1606016
26.67, 1603613
44.43, 1603294
52.85, 1600965
53.30, 1599552
