0.00, 6461806
0.00, 6429763
0.00, 6307166
0.49, 6295420
0.49, 6233420
0.49, 6126248
0.49, 6085743
0.49, 6027930
0.50, 5950484
0.50, 5916897
0.50, 5872512
0.50, 5823210
0.50, 5819273
0.50, 5816801
0.50, 5755819
0.51, 5743431
0.51, 5669608
0.51, 5638209
0.51, 5630265
0.51, 5608867
0.51, 5607920
0.51, 5542589
0.51, 5540682
0.51, 5421325
0.51, 5404704
0.51, 5318078
0.51, 5316464
0.52, 5278808
0.52, 5200985
0.53, 5152071
0.53, 5059559
0.53, 5059477
0.53, 4991042
0.53, 4956257
0.53, 4951463
0.53, 4913012
0.53, 4912631
0.54, 4761317
0.54, 4758302
0.54, 4752240
0.54, 4724432
0.54, 4695635
0.54, 4695305
0.54, 4621127
0.54, 4567188
0.54, 4557365
0.54, 4511814
0.54, 4437018
0.54, 4432400
0.54, 4356102
0.54, 4355264
0.54, 4311300
0.54, 4241783
0.55, 4209323
0.55, 4208479
0.55, 4180606
0.56, 4172529
0.56, 4150993
0.57, 4092455
0.57, 4055966
0.57, 4036740
0.57, 4015893
0.57, 3984759
0.57, 3966761
0.57, 3854516
0.57, 3838621
0.57, 3835486
0.57, 3835378
0.57, 3801692
0.57, 3736413
0.58, 3708047
0.58, 3692226
0.58, 3670234
0.58, 3622608
0.58, 3609505
0.58, 3605481
0.58, 3594626
0.58, 3593147
0.58, 3583261
0.58, 3569527
0.58, 3512320
0.59, 3510409
0.59, 3501210
0.59, 3495797
0.59, 3488374
0.59, 3372186
0.59, 3319059
0.59, 3297139
0.59, 3291274
0.59, 3289596
0.59, 3285618
0.59, 3247653
0.59, 3239760
0.59, 3188444
0.59, 3169459
0.59, 3068372
0.59, 3061306
0.60, 3036571
0.60, 3032033
0.60, 3028960
0.60, 3021399
0.60, 3017708
0.60, 3015581
0.60, 3003895
0.60, 2996669
0.60, 2969159
0.60, 2968133
0.60, 2950010
0.60, 2946831
0.60, 2935151
0.60, 2932298
0.61, 2912656
0.61, 2909230
0.62, 2889304
0.62, 2874020
0.62, 2862784
0.62, 2740838
0.62, 2740108
0.63, 2709521
0.63, 2689337
0.63, 2688132
0.63, 2681853
0.63, 2607796
0.63, 2606008
0.63, 2570762
0.63, 2552587
0.63, 2551941
0.63, 2540836
0.63, 2530015
0.63, 2519335
0.63, 2506953
0.63, 2490943
0.63, 2486138
0.63, 2483952
0.64, 2482701
0.64, 2475022
0.64, 2460071
0.64, 2449286
0.65, 2367864
0.65, 2325370
0.65, 2323584
0.65, 2318705
0.66, 2318190
0.66, 2267885
0.66, 2252938
0.66, 2249281
0.66, 2214947
0.66, 2212722
0.67, 2132845
0.67, 2098646
0.67, 2098461
0.67, 2094826
0.67, 2059068
0.67, 2053872
0.67, 2045257
0.68, 2031233
0.68, 1978657
0.69, 1957877
0.69, 1955729
0.71, 1949501
0.71, 1932396
0.72, 1929602
0.72, 1907323
0.74, 1906261
0.74, 1898827
0.74, 1891684
0.74, 1887013
0.76, 1874402
0.77, 1857444
0.78, 1855906
0.78, 1855752
0.79, 1845419
0.79, 1842251
0.79, 1841105
0.79, 1837215
0.79, 1818368
0.80, 1808267
0.80, 1806304
0.81, 1800313
0.83, 1797831
0.83, 1787812
0.84, 1786761
0.84, 1785960
0.84, 1776128
0.85, 1776078
0.85, 1774210
0.85, 1767402
0.86, 1760247
0.88, 1758915
0.89, 1746910
0.97, 1745510
1.02, 1744262
1.05, 1743087
1.08, 1740551
1.16, 1707410
1.16, 1696038
1.27, 1695392
1.34, 1692474
1.52, 1691731
2.82, 1679245
2.86, 1679052
2.98, 1676732
2.99, 1674942
3.09, 1672813
3.26, 1671638
4.52, 1665492
4.58, 1651365
4.61, 1624525
4.66, 1613399
4.76, 1606244
6.41, 1599294
38.81, 1596067
38.82, 1594835
38.94, 1588135
39.08, 1585732
53.54, 1585484
53.58, 1584252
