0.00, 6331417
0.06, 6300431
0.06, 6298317
0.06, 6174403
0.06, 6003623
0.06, 5919843
0.49, 5893635
0.49, 5766828
0.51, 5747471
0.51, 5729851
0.51, 5662664
0.51, 5627700
0.52, 5562531
0.52, 5528856
0.52, 5441589
0.52, 5438193
0.52, 5427084
0.52, 5330840
0.52, 5288344
0.52, 5264443
0.52, 5248900
0.53, 5241447
0.53, 5204713
0.53, 5176852
0.53, 5175343
0.53, 5100785
0.53, 5052214
0.53, 5002573
0.53, 4941242
0.53, 4896539
0.53, 4866834
0.54, 4865247
0.54, 4837490
0.55, 4791812
0.55, 4787128
0.55, 4774782
0.55, 4765920
0.56, 4669349
0.56, 4619136
0.56, 4611384
0.56, 4601621
0.56, 4558840
0.56, 4538551
0.56, 4495885
0.56, 4458257
0.56, 4453341
0.56, 4358453
0.56, 4341564
0.56, 4314351
0.56, 4296626
0.56, 4287514
0.56, 4286282
0.56, 4261817
0.56, 4232488
0.56, 4230831
0.56, 4214338
0.56, 4186135
0.56, 4133531
0.56, 4130065
0.56, 4043973
0.56, 4026126
0.56, 3919720
0.56, 3916106
0.56, 3908278
0.56, 3894313
0.57, 3870922
0.57, 3857100
0.57, 3827637
0.57, 3802326
0.57, 3800110
0.57, 3798600
0.57, 3770954
0.57, 3769533
0.57, 3766248
0.57, 3732991
0.57, 3723272
0.57, 3720755
0.57, 3720290
0.57, 3697098
0.57, 3654247
0.58, 3552657
0.58, 3531297
0.58, 3510220
0.58, 3464187
0.59, 3461559
0.59, 3458396
0.59, 3442041
0.59, 3441496
0.59, 3353014
0.59, 3340551
0.59, 3329018
0.59, 3311630
0.60, 3293716
0.60, 3285518
0.60, 3281577
0.60, 3250177
0.60, 3127813
0.60, 3116579
0.60, 3112165
0.60, 3103194
0.60, 3102293
0.60, 3085892
0.60, 3075742
0.60, 2947810
0.60, 2940608
0.60, 2920207
0.60, 2908742
0.60, 2894879
0.60, 2871091
0.60, 2844922
0.60, 2844865
0.60, 2820946
0.60, 2805097
0.61, 2802005
0.61, 2795749
0.61, 2770780
0.61, 2741543
0.61, 2740496
0.61, 2730442
0.61, 2702309
0.61, 2693200
0.61, 2684713
0.61, 2682444
0.61, 2660802
0.62, 2653194
0.62, 2641656
0.62, 2638159
0.62, 2608653
0.62, 2596418
0.62, 2584930
0.62, 2572183
0.62, 2570951
0.62, 2556148
0.63, 2532910
0.63, 2500005
0.63, 2494495
0.63, 2462147
0.63, 2455301
0.63, 2451434
0.63, 2440781
0.63, 2439964
0.63, 2416514
0.64, 2388173
0.64, 2373240
0.64, 2351866
0.64, 2326111
0.65, 2226460
0.65, 2217562
0.65, 2216907
0.65, 2199406
0.65, 2196973
0.65, 2189536
0.65, 2181368
0.65, 2132165
0.65, 2118864
0.66, 2111351
0.66, 2108857
0.66, 2086772
0.66, 2083603
0.66, 2081423
0.66, 2065030
0.66, 2055965
0.67, 2034049
0.67, 2027245
0.67, 2021459
0.67, 2008959
0.68, 1974237
0.68, 1958580
0.69, 1953072
0.69, 1938463
0.69, 1931903
0.69, 1930530
0.69, 1927724
0.70, 1924028
0.70, 1917328
0.70, 1904906
0.71, 1897950
0.71, 1882823
0.71, 1870343
0.71, 1865237
0.72, 1827924
0.73, 1812697
0.73, 1811640
0.73, 1807618
0.73, 1806708
0.74, 1805886
0.74, 1802838
0.74, 1796984
0.75, 1794954
0.75, 1791071
0.76, 1789351
0.76, 1786945
0.76, 1776255
0.76, 1752542
0.76, 1752202
0.76, 1742568
0.77, 1727397
0.78, 1725721
0.79, 1718560
0.79, 1698581
0.79, 1698186
0.80, 1690269
0.83, 1675161
0.84, 1662601
0.85, 1662326
0.87, 1654984
0.87, 1650051
0.87, 1630652
0.87, 1626282
0.88, 1619252
0.88, 1616849
0.89, 1613789
0.92, 1606634
0.93, 1605402
0.96, 1603989
0.98, 1595628
1.16, 1594091
1.29, 1591709
39.25, 1590871
39.30, 1586347
