0.00, 7110010
0.00, 7108574
0.00, 7091734
0.00, 7087673
0.01, 7071349
0.01, 7011236
0.01, 6993701
0.01, 6990868
0.01, 6890011
0.01, 6889104
0.01, 6841813
0.01, 6828516
0.01, 6771462
0.01, 6550885
0.01, 6466754
0.01, 6402716
0.14, 6155313
0.53, 6101735
0.53, 6083181
0.53, 6080276
0.55, 6012699
0.55, 5984610
0.56, 5953694
0.56, 5900131
0.56, 5889826
0.57, 5887745
0.57, 5857503
0.57, 5745741
0.57, 5739391
0.57, 5719348
0.57, 5672405
0.59, 5581742
0.59, 5510065
0.59, 5443492
0.59, 5418278
0.59, 5374246
0.59, 5352015
0.59, 5327670
0.59, 5280811
0.59, 5267025
0.59, 5250620
0.60, 5210888
0.60, 5194526
0.60, 5181369
0.60, 5180769
0.60, 5032908
0.60, 4941366
0.60, 4913447
0.60, 4883508
0.60, 4870026
0.60, 4824962
0.60, 4807889
0.61, 4784242
0.61, 4696143
0.62, 4694737
0.62, 4687295
0.62, 4618984
0.62, 4577682
0.62, 4549826
0.63, 4541963
0.64, 4512436
0.64, 4509771
0.64, 4481830
0.64, 4471198
0.64, 4468290
0.64, 4459837
0.64, 4459778
0.64, 4446804
0.64, 4292252
0.64, 4212682
0.64, 4212574
0.64, 4211760
0.64, 4187191
0.64, 4177788
0.64, 4082269
0.65, 4010586
0.65, 3998477
0.65, 3991540
0.65, 3991049
0.65, 3990520
0.65, 3985143
0.65, 3979770
0.65, 3964646
0.65, 3958570
0.65, 3948801
0.65, 3937336
0.65, 3918919
0.65, 3862080
0.65, 3856850
0.65, 3851401
0.65, 3750508
0.66, 3731626
0.66, 3713873
0.66, 3689065
0.66, 3676584
0.66, 3655186
0.66, 3613119
0.66, 3509489
0.66, 3456250
0.66, 3442817
0.66, 3436465
0.66, 3426214
0.66, 3404279
0.66, 3401872
0.66, 3371903
0.67, 3341232
0.67, 3297340
0.67, 3295641
0.67, 3294387
0.67, 3175192
0.67, 3168507
0.67, 3168146
0.67, 3167536
0.67, 3163418
0.67, 3140518
0.67, 3120656
0.67, 3112677
0.67, 3104252
0.67, 3097051
0.67, 3094677
0.67, 3080847
0.67, 3079018
0.67, 3072258
0.67, 3059891
0.67, 3055873
0.67, 3038706
0.67, 3016321
0.67, 3003012
0.67, 2977552
0.68, 2969081
0.68, 2919492
0.68, 2919055
0.68, 2918665
0.68, 2892387
0.68, 2839293
0.68, 2824922
0.68, 2820776
0.68, 2794098
0.68, 2784842
0.69, 2783316
0.69, 2763413
0.69, 2763313
0.69, 2758898
0.69, 2752254
0.69, 2726775
0.69, 2712078
0.69, 2691644
0.69, 2689251
0.69, 2639340
0.69, 2621474
0.69, 2614858
0.69, 2607154
0.69, 2605493
0.69, 2605056
0.69, 2605048
0.69, 2586503
0.69, 2566475
0.69, 2513986
0.69, 2505016
0.70, 2495733
0.70, 2472739
0.70, 2471600
0.70, 2465606
0.70, 2445785
0.70, 2421789
0.70, 2414102
0.70, 2381571
0.70, 2377380
0.70, 2363632
0.72, 2360635
0.72, 2318668
0.73, 2295813
0.73, 2290902
0.73, 2285311
0.73, 2271026
0.73, 2261006
0.73, 2240158
0.73, 2240157
0.74, 2182974
0.74, 2166041
0.74, 2144159
0.74, 2143314
0.74, 2142789
0.74, 2136845
0.75, 2128416
0.75, 2117693
0.76, 2117216
0.76, 2111265
0.76, 2110779
0.77, 2107489
0.77, 2068645
0.77, 2066302
0.77, 2062273
0.78, 2050021
0.78, 2037431
0.78, 2036851
0.79, 2025725
0.81, 2015323
0.81, 1998641
0.82, 1947325
0.83, 1926117
0.84, 1919639
0.85, 1896704
0.85, 1889731
0.85, 1889645
0.86, 1885764
0.89, 1834669
0.90, 1834583
0.90, 1832979
0.90, 1830061
0.91, 1820786
0.99, 1820610
1.00, 1815991
1.05, 1804051
1.08, 1801929
1.10, 1801583
1.12, 1794898
1.12, 1793412
1.13, 1789712
1.15, 1789070
1.16, 1774603
1.16, 1774195
1.17, 1762909
1.17, 1760382
1.18, 1755155
1.19, 1740357
1.20, 1722917
1.22, 1722741
1.24, 1715441
1.27, 1711515
1.43, 1702240
1.68, 1701377
2.97, 1699733
3.04, 1696939
3.06, 1696487
3.15, 1694500
3.18, 1684536
3.19, 1684457
3.21, 1683350
3.37, 1680339
3.43, 1679476
3.44, 1679029
4.90, 1672115
4.91, 1671706
4.93, 1667326
4.98, 1666710
4.99, 1665847
5.06, 1662351
5.11, 1657825
5.16, 1657130
5.17, 1655580
5.28, 1648895
6.82, 1637338
6.97, 1632911
7.07, 1632715
7.15, 1624321
7.20, 1618820
7.21, 1616417
12.80, 1601082
12.80, 1596301
12.85, 1594343
12.92, 1593103
12.98, 1587566
13.06, 1586927
