0.00, 6630567
0.00, 6623876
0.03, 6450845
0.03, 6442430
0.03, 6422507
0.03, 6412694
0.03, 6411169
0.27, 6284290
0.50, 6274333
0.50, 6107403
0.50, 5865125
0.56, 5731324
0.56, 5710395
0.56, 5676070
0.56, 5675200
0.56, 5569896
0.56, 5554051
0.56, 5475765
0.56, 5362111
0.56, 5336932
0.56, 5319416
0.56, 5153059
0.56, 5087408
0.56, 5003504
0.56, 4947415
0.56, 4769433
0.56, 4742715
0.57, 4653142
0.57, 4563001
0.57, 4557412
0.61, 4552588
0.61, 4531580
0.61, 4490555
0.61, 4480377
0.61, 4425647
0.61, 4424250
0.62, 4422091
0.62, 4134928
0.62, 4132183
0.62, 4130252
0.62, 4101355
0.62, 4099595
0.62, 4097187
0.62, 4093064
0.62, 4070572
0.62, 4042450
0.62, 3990461
0.62, 3990000
0.62, 3987931
0.62, 3943313
0.62, 3931302
0.62, 3903501
0.62, 3825902
0.62, 3818482
0.62, 3803674
0.63, 3731540
0.63, 3725390
0.63, 3710973
0.63, 3693308
0.63, 3619288
0.63, 3612851
0.63, 3536042
0.63, 3508987
0.63, 3492625
0.63, 3476299
0.64, 3455267
0.64, 3407731
0.64, 3401726
0.64, 3401573
0.64, 3386258
0.64, 3381528
0.64, 3291449
0.64, 3276579
0.64, 3271307
0.64, 3252140
0.64, 3245021
0.65, 3233051
0.65, 3216825
0.65, 3145167
0.65, 3131735
0.65, 3119581
0.66, 3115771
0.67, 3091429
0.67, 3083584
0.67, 3078444
0.68, 3039234
0.68, 3035977
0.68, 3016661
0.68, 3008087
0.68, 2962312
0.68, 2930236
0.68, 2907191
0.68, 2887732
0.68, 2828770
0.69, 2805244
0.69, 2771679
0.69, 2695762
0.69, 2659108
0.69, 2654663
0.69, 2643077
0.69, 2618362
0.69, 2603683
0.69, 2577413
0.69, 2515701
0.69, 2487546
0.70, 2482643
0.70, 2460721
0.70, 2377702
0.70, 2362769
0.70, 2354758
0.70, 2350858
0.70, 2349988
0.70, 2342441
0.70, 2313109
0.71, 2311681
0.71, 2302959
0.71, 2278289
0.72, 2271999
0.72, 2269680
0.72, 2243361
0.74, 2226395
0.74, 2210260
0.74, 2198359
0.74, 2161839
0.75, 2152384
0.75, 2147653
0.75, 2142872
0.75, 2136481
0.75, 2122588
0.76, 2109775
0.76, 2105345
0.77, 2102645
0.77, 2097950
0.77, 2093529
0.78, 2071163
0.79, 2062001
0.79, 2060766
0.79, 2053611
0.80, 2053192
0.80, 2045845
0.80, 2031192
0.81, 2031034
0.81, 2028953
0.81, 2025397
0.81, 2007481
0.82, 2002957
0.83, 2002027
0.83, 1971113
0.84, 1970661
0.84, 1954455
0.86, 1913416
0.86, 1905043
0.87, 1901571
0.87, 1866047
0.88, 1864678
0.88, 1856941
0.88, 1820072
0.91, 1819763
0.91, 1783048
0.92, 1782820
0.94, 1780631
0.95, 1779835
0.95, 1770844
0.95, 1767302
0.95, 1762901
0.96, 1757756
0.96, 1746135
0.97, 1743598
0.98, 1742735
0.99, 1739019
1.00, 1732528
1.01, 1732397
1.04, 1731613
1.04, 1712971
1.05, 1706807
1.05, 1696850
1.05, 1682723
1.07, 1667446
1.14, 1667420
1.14, 1666778
1.14, 1664375
1.19, 1664282
1.38, 1662891
1.41, 1661839
1.59, 1661314
5.31, 1635837
5.38, 1626845
5.52, 1622137
9.67, 1621630
15.56, 1616668
15.59, 1614933
15.60, 1613881
15.63, 1611676
15.65, 1607165
15.78, 1605202
15.85, 1603073
