0.00, 6864267
0.00, 6862883
0.01, 6829229
0.01, 6761627
0.01, 6744998
0.02, 6720365
0.02, 6713093
0.02, 6701179
0.02, 6696571
0.02, 6691264
0.02, 6626922
0.04, 6609674
0.05, 6539644
0.05, 6501750
0.09, 6417558
0.09, 6377068
0.09, 6299395
0.09, 6251248
0.09, 6154329
0.47, 6102745
0.47, 6026411
0.47, 5992152
0.47, 5812931
0.47, 5789442
0.47, 5700903
0.47, 5679081
0.47, 5647792
0.47, 5644540
0.54, 5635130
0.54, 5602644
0.54, 5594613
0.54, 5576257
0.54, 5559108
0.54, 5548088
0.54, 5362241
0.54, 5291351
0.55, 5254323
0.55, 5211161
0.55, 5201819
0.55, 5191063
0.55, 5156592
0.55, 5155961
0.55, 5052533
0.55, 5035522
0.55, 5015478
0.55, 4961319
0.55, 4948709
0.55, 4889032
0.55, 4793952
0.56, 4761565
0.56, 4730659
0.56, 4648374
0.56, 4634402
0.56, 4625428
0.56, 4624066
0.56, 4619848
0.56, 4608534
0.56, 4560317
0.56, 4460929
0.56, 4437421
0.57, 4426514
0.57, 4421111
0.57, 4416800
0.57, 4412531
0.57, 4321262
0.57, 4321077
0.57, 4313394
0.57, 4220328
0.57, 4217150
0.58, 4201972
0.58, 4201825
0.58, 4166861
0.58, 4099599
0.58, 4044497
0.58, 3912115
0.58, 3900906
0.58, 3872520
0.58, 3872159
0.59, 3871055
0.59, 3867207
0.59, 3853600
0.59, 3853269
0.59, 3848387
0.59, 3844860
0.59, 3831990
0.59, 3780576
0.59, 3747539
0.59, 3744524
0.59, 3713869
0.59, 3708253
0.59, 3665282
0.59, 3661001
0.59, 3603554
0.59, 3599551
0.59, 3592285
0.60, 3584832
0.60, 3577845
0.60, 3555237
0.60, 3470982
0.60, 3432699
0.60, 3402896
0.60, 3388108
0.60, 3382388
0.60, 3338314
0.60, 3327263
0.60, 3283756
0.60, 3277592
0.60, 3276388
0.60, 3262058
0.60, 3204405
0.60, 3181891
0.60, 3175175
0.61, 3165961
0.61, 3112212
0.61, 3104950
0.61, 3095928
0.62, 3094367
0.62, 3088078
0.62, 3061111
0.62, 3020245
0.62, 2976356
0.62, 2973631
0.62, 2963207
0.62, 2938783
0.62, 2937072
0.62, 2916327
0.62, 2897647
0.62, 2850046
0.62, 2813486
0.62, 2797399
0.62, 2783267
0.62, 2771018
0.62, 2767561
0.62, 2722439
0.63, 2679674
0.63, 2666900
0.63, 2643336
0.63, 2633721
0.63, 2619460
0.63, 2616528
0.63, 2613003
0.63, 2611468
0.63, 2560102
0.63, 2538957
0.63, 2532609
0.64, 2512038
0.64, 2506111
0.64, 2503360
0.64, 2491438
0.64, 2476168
0.65, 2475537
0.65, 2451007
0.65, 2434951
0.65, 2421922
0.65, 2411515
0.67, 2403242
0.68, 2399343
0.68, 2377597
0.68, 2366020
0.68, 2359209
0.68, 2326177
0.69, 2323934
0.69, 2259317
0.69, 2248662
0.69, 2060734
0.69, 2057495
0.69, 2018599
0.69, 2013591
0.69, 2011677
0.70, 1992080
0.70, 1990520
0.70, 1987732
0.70, 1984352
0.70, 1978000
0.70, 1966724
0.71, 1965672
0.71, 1964502
0.71, 1951670
0.71, 1946459
0.71, 1943353
0.72, 1932523
0.72, 1931431
0.72, 1924798
0.73, 1919554
0.73, 1907095
0.74, 1896085
0.74, 1885955
0.74, 1885738
0.74, 1885163
0.75, 1882271
0.75, 1863955
0.75, 1854691
0.75, 1839112
0.77, 1819821
0.77, 1798667
0.78, 1797855
0.79, 1794962
0.79, 1793593
0.80, 1779168
0.81, 1775985
0.81, 1771536
0.82, 1752575
0.83, 1739827
0.83, 1739178
0.83, 1702463
0.85, 1694592
0.85, 1692975
0.85, 1692215
0.86, 1679949
0.91, 1662958
0.95, 1617963
1.08, 1611198
1.18, 1610852
1.26, 1605022
1.44, 1594299
4.68, 1592800
4.72, 1590483
4.86, 1586034
4.89, 1576703
