0.02, 6569210
0.02, 6534815
0.02, 6529768
0.04, 6508592
0.04, 6416731
0.12, 6364713
0.12, 6352863
0.12, 6251291
0.32, 6206294
0.32, 6203503
0.37, 6099403
0.49, 6035062
0.49, 6031242
0.49, 6021198
0.49, 5974360
0.49, 5934841
0.49, 5869422
0.49, 5831927
0.49, 5724879
0.51, 5622327
0.53, 5431645
0.53, 5380817
0.53, 5371757
0.53, 5285571
0.53, 5185021
0.53, 5156802
0.54, 5144959
0.54, 5093820
0.54, 5064365
0.54, 5033464
0.54, 4974109
0.54, 4954506
0.54, 4942490
0.54, 4941187
0.54, 4909261
0.54, 4856912
0.54, 4846673
0.55, 4822446
0.56, 4779945
0.56, 4754303
0.56, 4749846
0.56, 4720904
0.56, 4636144
0.56, 4606627
0.56, 4599742
0.56, 4509564
0.56, 4490506
0.56, 4486208
0.56, 4426337
0.56, 4411142
0.56, 4398908
0.56, 4386146
0.56, 4380577
0.58, 4379036
0.58, 4344535
0.58, 4273105
0.58, 4272050
0.58, 4245139
0.58, 4201682
0.58, 4124174
0.59, 4119339
0.59, 4112532
0.59, 4101264
0.59, 4085616
0.59, 4083103
0.59, 4073363
0.59, 4028480
0.59, 4018092
0.59, 4012247
0.59, 4007274
0.59, 3978991
0.59, 3940113
0.59, 3900241
0.59, 3893082
0.59, 3891129
0.59, 3875354
0.59, 3855592
0.59, 3852639
0.59, 3837487
0.59, 3802087
0.59, 3798731
0.59, 3793072
0.59, 3761694
0.59, 3755413
0.59, 3736128
0.59, 3735996
0.59, 3730919
0.60, 3725880
0.60, 3686015
0.60, 3684041
0.60, 3651160
0.60, 3626846
0.60, 3496659
0.60, 3469916
0.60, 3459273
0.60, 3400167
0.60, 3391123
0.60, 3369405
0.60, 3361274
0.60, 3346861
0.60, 3343253
0.60, 3332077
0.61, 3310464
0.61, 3285207
0.61, 3270714
0.61, 3239552
0.61, 3239390
0.61, 3236162
0.61, 3235323
0.61, 3219369
0.61, 3216838
0.61, 3205566
0.63, 3129156
0.63, 3071217
0.63, 3029363
0.63, 3029093
0.63, 3010923
0.63, 3009980
0.63, 2983058
0.63, 2869164
0.63, 2850377
0.63, 2841896
0.63, 2839818
0.64, 2839566
0.64, 2828159
0.64, 2827953
0.64, 2823042
0.64, 2812545
0.64, 2798656
0.64, 2794185
0.64, 2793235
0.64, 2786573
0.64, 2771112
0.64, 2751252
0.64, 2749809
0.65, 2705010
0.65, 2700232
0.65, 2691491
0.65, 2677233
0.65, 2656626
0.65, 2637468
0.65, 2630233
0.66, 2623768
0.66, 2614642
0.66, 2610687
0.66, 2600072
0.66, 2599554
0.66, 2591688
0.66, 2591680
0.66, 2590771
0.66, 2568831
0.66, 2567522
0.66, 2566037
0.67, 2484156
0.67, 2483036
0.67, 2480332
0.67, 2459928
0.67, 2448808
0.67, 2439904
0.67, 2435130
0.67, 2430038
0.68, 2315311
0.68, 2314592
0.68, 2260767
0.68, 2247732
0.68, 2203310
0.68, 2166566
0.69, 2132353
0.69, 2127904
0.69, 2126419
0.69, 2123811
0.69, 2120024
0.69, 2113223
0.70, 2113075
0.70, 2103478
0.70, 2103282
0.70, 2077376
0.70, 2060622
0.70, 2056565
0.70, 2054213
0.70, 2050657
0.71, 2047893
0.71, 2042451
0.71, 2036205
0.72, 1976501
0.73, 1967233
0.75, 1946018
0.75, 1933941
0.75, 1922765
0.76, 1922330
0.76, 1921842
0.77, 1885615
0.77, 1870542
0.77, 1869310
0.77, 1849069
0.78, 1843969
0.78, 1843762
0.80, 1842532
0.83, 1837155
0.83, 1827216
0.85, 1819809
0.85, 1819170
0.86, 1776459
0.86, 1762434
0.87, 1743106
0.87, 1740153
0.87, 1725886
0.95, 1687142
0.97, 1687073
1.01, 1676350
1.06, 1652405
1.06, 1652272
1.07, 1649662
1.15, 1648799
1.17, 1641670
1.26, 1638128
1.34, 1631469
1.36, 1628937
1.40, 1625424
1.40, 1613346
1.46, 1610428
1.51, 1609812
1.53, 1609117
1.56, 1606712
5.30, 1585987
