0.00, 4044785
0.00, 4035721
0.00, 3960420
0.00, 3952495
0.00, 3632749
0.00, 3566914
0.01, 3543398
0.01, 3207267
0.01, 3158278
0.01, 3081346
0.01, 3045919
0.36, 3028250
0.37, 2926746
0.37, 2806783
0.37, 2797297
0.38, 2765268
0.38, 2742653
0.38, 2734892
0.38, 2727451
0.39, 2699040
0.39, 2583846
0.39, 2554462
0.39, 2529482
0.39, 2474606
0.39, 2425891
0.39, 2412608
0.39, 2404342
0.39, 2400542
0.39, 2397876
0.39, 2247904
0.39, 2246439
0.42, 2164126
0.42, 2151877
0.42, 2151780
0.42, 2133305
0.42, 2111816
0.42, 2016208
0.42, 2006044
0.42, 1993134
0.42, 1991273
0.43, 1940609
0.43, 1935995
0.44, 1931814
0.45, 1861693
0.45, 1850833
0.45, 1843495
0.45, 1812291
0.45, 1797398
0.45, 1787830
0.46, 1786472
0.46, 1777273
0.46, 1726627
0.46, 1713238
0.46, 1708877
0.46, 1695738
0.46, 1655813
0.47, 1650618
0.47, 1619090
0.47, 1601902
0.48, 1601116
0.48, 1567365
0.50, 1559691
0.50, 1551332
0.50, 1541104
0.50, 1527653
0.50, 1518876
0.50, 1515696
0.50, 1514313
0.50, 1511286
0.50, 1507322
0.51, 1502899
0.51, 1501142
0.51, 1498840
0.51, 1495308
0.51, 1495277
0.51, 1486738
0.51, 1473667
0.51, 1473654
0.53, 1462721
0.53, 1455255
0.55, 1455167
0.57, 1444862
1.89, 1444636
1.89, 1442167
1.90, 1439411
1.90, 1426107
1.90, 1421737
1.92, 1417320
1.93, 1416151
1.94, 1415583
1.94, 1408768
4.64, 1407425
4.64, 1406301
4.64, 1404001
9.18, 1395981
