0.00, 3931717
0.00, 3759055
0.00, 3677668
0.00, 3676815
0.01, 3561699
0.01, 3521609
0.02, 3333338
0.02, 3287818
0.18, 3281691
0.18, 3279699
0.18, 3275582
0.18, 3245322
0.18, 3143368
0.20, 2866049
0.38, 2863367
0.38, 2842950
0.38, 2841514
0.38, 2835745
0.39, 2831061
0.39, 2768525
0.39, 2753984
0.40, 2750946
0.40, 2721148
0.40, 2502184
0.40, 2493767
0.40, 2462325
0.40, 2452026
0.40, 2448251
0.40, 2214831
0.40, 2195645
0.40, 2045872
0.40, 2030283
0.41, 1978262
0.41, 1937499
0.41, 1935949
0.41, 1929026
0.41, 1882983
0.41, 1875000
0.41, 1867241
0.44, 1861767
0.44, 1853321
0.45, 1842940
0.45, 1710917
0.45, 1691678
0.45, 1691145
0.45, 1680527
0.45, 1666044
0.45, 1662863
0.45, 1652843
0.45, 1642767
0.45, 1642235
0.45, 1638640
0.45, 1634691
0.45, 1623000
0.45, 1621727
0.47, 1621432
0.47, 1597723
0.47, 1595365
0.47, 1582900
0.47, 1570829
0.47, 1562816
0.47, 1561680
0.47, 1555424
0.48, 1547780
0.48, 1515777
0.48, 1509412
0.48, 1506656
0.48, 1479051
0.48, 1465191
0.49, 1453431
0.49, 1437263
0.49, 1434900
0.49, 1433438
0.49, 1425079
0.50, 1420053
0.51, 1416310
0.52, 1404607
0.54, 1403443
0.58, 1402307
1.87, 1401599
1.90, 1395981
