0.00, 4340536
0.00, 4063084
0.00, 3902550
0.00, 3649742
0.00, 3647581
0.00, 3562839
0.02, 3557489
0.02, 3406654
0.03, 3392858
0.03, 3324851
0.03, 3295496
0.05, 3030044
0.05, 2975893
0.23, 2803968
0.28, 2665981
0.28, 2592992
0.43, 2469714
0.44, 2271136
0.44, 2107657
0.45, 2077949
0.45, 2074748
0.45, 2065682
0.45, 2058464
0.45, 2055387
0.45, 2049639
0.45, 2047272
0.45, 2039749
0.45, 2026047
0.45, 1999451
0.45, 1993456
0.45, 1969009
0.45, 1959130
0.45, 1922088
0.45, 1881419
0.45, 1877100
0.45, 1834045
0.45, 1801516
0.46, 1794008
0.46, 1790731
0.46, 1788839
0.46, 1778602
0.46, 1777065
0.46, 1751818
0.46, 1697105
0.46, 1663850
0.46, 1646971
0.46, 1642172
0.49, 1626141
0.50, 1622505
0.50, 1621381
0.50, 1608552
0.50, 1587432
0.50, 1586664
0.50, 1567435
0.50, 1495570
0.50, 1487346
0.50, 1461985
0.53, 1460235
0.53, 1459460
0.53, 1454054
0.53, 1447290
0.54, 1445214
0.54, 1444869
0.54, 1444245
0.55, 1442972
0.55, 1432279
0.55, 1427288
0.55, 1426164
0.56, 1423990
0.57, 1420657
0.63, 1420566
0.66, 1415928
3.48, 1410660
3.48, 1408425
3.49, 1404333
4.87, 1398281
4.93, 1397117
4.93, 1395981
