0.00, 3935053
0.00, 3864752
0.00, 3817120
0.00, 3814062
0.00, 3755558
0.00, 3729018
0.01, 3669472
0.02, 3580329
0.02, 3411599
0.03, 3396784
0.03, 3341850
0.03, 3332008
0.03, 3206894
0.03, 3155298
0.03, 3074424
0.03, 3017334
0.03, 3006410
0.34, 2963413
0.39, 2769802
0.39, 2749137
0.39, 2576724
0.39, 2340944
0.39, 2317057
0.39, 2312268
0.39, 2309004
0.41, 2269150
0.41, 2264713
0.41, 2256578
0.41, 2234765
0.41, 2217975
0.43, 2155623
0.43, 2149241
0.43, 2147918
0.43, 2132213
0.43, 2112940
0.43, 2053572
0.44, 2053083
0.44, 2028582
0.44, 2021141
0.44, 2007035
0.44, 1964041
0.44, 1962565
0.45, 1933320
0.45, 1917332
0.46, 1825838
0.46, 1815847
0.46, 1809201
0.46, 1807192
0.46, 1793395
0.46, 1793370
0.46, 1774217
0.46, 1771877
0.46, 1763375
0.46, 1753361
0.46, 1726608
0.46, 1693151
0.46, 1690973
0.46, 1687325
0.46, 1684146
0.46, 1680927
0.46, 1674293
0.47, 1664221
0.48, 1619754
0.48, 1619234
0.48, 1603985
0.48, 1601434
0.49, 1566987
0.49, 1522343
0.49, 1458063
0.49, 1452874
0.50, 1436949
0.52, 1429880
0.53, 1429446
0.53, 1428878
0.54, 1426493
0.54, 1422123
0.56, 1420262
0.56, 1404279
1.89, 1404001
4.62, 1400046
12.07, 1398999
12.07, 1397685
12.09, 1397117
12.14, 1395981
