0.00, 4484235
0.00, 4472555
0.00, 4318790
0.00, 4317471
0.00, 4143176
0.00, 4138343
0.00, 4126040
0.00, 4064022
0.00, 3816348
0.00, 3748408
0.01, 3709353
0.01, 3700699
0.01, 3695822
0.01, 3674677
0.03, 3618529
0.03, 3616279
0.03, 3491321
0.03, 3474594
0.03, 3353493
0.04, 3293339
0.04, 3282631
0.04, 3275928
0.05, 2857386
0.05, 2847774
0.39, 2814689
0.40, 2674685
0.40, 2661415
0.42, 2546103
0.42, 2509876
0.42, 2493166
0.42, 2484929
0.42, 2482552
0.42, 2478366
0.42, 2472890
0.42, 2450951
0.42, 2355873
0.44, 2314578
0.44, 2286319
0.44, 2273886
0.45, 2204784
0.45, 2172853
0.45, 2148562
0.45, 2141634
0.45, 2100749
0.45, 2084454
0.45, 2025045
0.45, 2011530
0.46, 1978803
0.46, 1950814
0.46, 1808115
0.46, 1793269
0.46, 1785913
0.48, 1755050
0.49, 1729487
0.49, 1726271
0.49, 1712839
0.50, 1702697
0.50, 1702303
0.50, 1701333
0.50, 1688948
0.50, 1653721
0.50, 1652699
0.50, 1649453
0.50, 1615298
0.50, 1612133
0.50, 1592905
0.51, 1587022
0.51, 1586193
0.51, 1585374
0.51, 1572070
0.51, 1561731
0.51, 1558585
0.51, 1547576
0.51, 1541662
0.51, 1534485
0.51, 1531238
0.51, 1527206
0.51, 1519952
0.51, 1499438
0.51, 1485945
0.52, 1478640
0.52, 1478218
0.52, 1475406
0.52, 1457652
0.52, 1456262
0.55, 1448497
0.55, 1445679
0.55, 1439776
0.55, 1438012
0.55, 1437664
0.55, 1436596
0.55, 1427107
0.55, 1425983
0.58, 1423683
0.59, 1422429
0.59, 1420065
1.97, 1417321
1.98, 1415869
2.00, 1414129
2.02, 1409955
2.02, 1409881
2.03, 1409313
4.91, 1407750
4.91, 1406626
4.92, 1403470
4.92, 1402346
4.92, 1400046
6.31, 1399417
6.32, 1398281
6.35, 1395981
