0.00, 3840690
0.00, 3581548
0.00, 3564738
0.01, 3525800
0.01, 3191005
0.09, 3041580
0.09, 3037210
0.11, 2947504
0.11, 2924084
0.38, 2794695
0.38, 2757796
0.38, 2584664
0.38, 2555352
0.38, 2467629
0.38, 2460070
0.38, 2378729
0.38, 2367162
0.38, 2348933
0.38, 2338456
0.38, 2335846
0.41, 2176769
0.41, 2009087
0.41, 1949436
0.41, 1939978
0.41, 1884853
0.41, 1840815
0.43, 1832376
0.43, 1797155
0.44, 1778302
0.44, 1760307
0.44, 1749594
0.44, 1743143
0.44, 1718556
0.45, 1711616
0.45, 1684485
0.45, 1678977
0.45, 1674837
0.45, 1671021
0.46, 1640558
0.46, 1629147
0.46, 1625501
0.47, 1606621
0.47, 1589770
0.47, 1573151
0.47, 1568702
0.47, 1540914
0.47, 1507533
0.48, 1505418
0.48, 1498870
0.48, 1486741
0.48, 1468183
0.51, 1467459
0.51, 1461489
0.51, 1458670
0.51, 1446736
0.52, 1424512
0.52, 1419232
0.52, 1414671
0.53, 1413357
0.53, 1412789
0.54, 1411756
0.54, 1410620
0.55, 1410329
0.55, 1400517
0.56, 1400046
6.68, 1397685
6.69, 1396549
6.69, 1395981
