0.01, 3910496
0.01, 3674007
0.01, 3666876
0.01, 3251505
0.04, 3123061
0.04, 2996375
0.04, 2947147
0.04, 2843538
0.04, 2793437
0.16, 2768919
0.38, 2646268
0.41, 2510454
0.41, 2498901
0.41, 2444760
0.41, 2432657
0.41, 2348964
0.41, 2329665
0.41, 2320310
0.41, 2312519
0.41, 2280194
0.41, 2269523
0.41, 2247255
0.41, 2241731
0.42, 2212604
0.42, 2209419
0.42, 2183934
0.42, 2183245
0.42, 2176670
0.42, 2103355
0.42, 2089470
0.42, 2087020
0.42, 2031683
0.42, 2016793
0.42, 2015254
0.42, 2012292
0.42, 2003311
0.42, 1980957
0.42, 1965800
0.42, 1964365
0.42, 1956259
0.42, 1883412
0.42, 1878794
0.44, 1871177
0.44, 1860349
0.44, 1851054
0.45, 1837512
0.45, 1836200
0.45, 1820049
0.45, 1781541
0.45, 1752356
0.45, 1695739
0.45, 1694804
0.45, 1690784
0.46, 1686584
0.46, 1663380
0.47, 1649044
0.47, 1634773
0.47, 1623359
0.47, 1598753
0.47, 1582598
0.47, 1551435
0.47, 1544541
0.47, 1543473
0.47, 1542728
0.47, 1532755
0.47, 1531465
0.47, 1522942
0.48, 1517322
0.48, 1514485
0.49, 1513809
0.49, 1513423
0.49, 1507641
0.50, 1482597
0.50, 1476049
0.50, 1475103
0.51, 1465197
0.52, 1460618
0.52, 1454607
0.52, 1447090
0.52, 1436821
0.53, 1432451
0.53, 1427194
0.53, 1417890
0.53, 1416029
0.53, 1400046
