0.00, 4291546
0.00, 4290090
0.00, 4275169
0.00, 4271495
0.00, 4200592
0.00, 4184232
0.00, 3985341
0.00, 3854905
0.01, 3835523
0.01, 3761273
0.02, 3712193
0.02, 3702823
0.02, 3677466
0.02, 3669623
0.02, 3586575
0.02, 3580951
0.03, 3458436
0.04, 3347593
0.04, 3334343
0.04, 3012052
0.04, 2745638
0.38, 2742718
0.41, 2500804
0.41, 2437881
0.41, 2424942
0.41, 2359702
0.41, 2250445
0.41, 2248296
0.41, 2236587
0.41, 2233053
0.41, 2192082
0.41, 2162840
0.44, 2022054
0.44, 1978888
0.44, 1962796
0.44, 1914306
0.44, 1911845
0.44, 1905019
0.44, 1898619
0.46, 1896425
0.46, 1765663
0.46, 1747771
0.46, 1744209
0.46, 1719327
0.47, 1719224
0.47, 1709774
0.47, 1635515
0.47, 1612841
0.49, 1590228
0.49, 1589277
0.49, 1586688
0.49, 1573775
0.49, 1567155
0.49, 1565826
0.50, 1532184
0.50, 1525504
0.50, 1518208
0.50, 1516554
0.50, 1511598
0.50, 1510817
0.50, 1502870
0.53, 1496120
0.53, 1481830
0.53, 1475818
0.53, 1457124
0.53, 1453032
0.54, 1450269
0.55, 1448645
0.55, 1447905
0.56, 1443276
0.56, 1438906
0.56, 1434389
0.56, 1433649
3.42, 1432602
3.44, 1431288
3.48, 1430720
3.49, 1429584
8.21, 1427803
8.21, 1419856
9.66, 1419468
9.66, 1418344
9.67, 1416044
9.68, 1408674
9.68, 1406374
9.70, 1404820
11.15, 1404011
11.15, 1403443
11.19, 1402307
15.37, 1400641
15.37, 1398849
15.37, 1398281
15.43, 1396549
15.46, 1395981
