0.00, 4511276
0.00, 4260997
0.00, 4235655
0.00, 4072622
0.00, 4049132
0.00, 4022490
0.00, 3807148
0.00, 3806579
0.00, 3774729
0.00, 3597155
0.00, 3403605
0.00, 3390152
0.00, 2903311
0.00, 2676966
0.35, 2671466
0.38, 2626925
0.38, 2583847
0.38, 2549808
0.38, 2526183
0.38, 2526107
0.40, 2515736
0.40, 2360965
0.40, 2354262
0.40, 2345234
0.40, 2329654
0.40, 2260789
0.40, 2176946
0.42, 2172296
0.42, 2171293
0.42, 2150723
0.42, 2144489
0.42, 2103200
0.42, 2094608
0.42, 2077203
0.42, 2046421
0.43, 2027163
0.43, 2018301
0.43, 1987342
0.43, 1974916
0.43, 1972023
0.44, 1954492
0.44, 1953086
0.44, 1925684
0.44, 1925215
0.44, 1892496
0.44, 1882956
0.44, 1881543
0.44, 1867662
0.44, 1856097
0.44, 1844530
0.44, 1841373
0.44, 1828523
0.44, 1815966
0.44, 1811769
0.44, 1809398
0.44, 1780009
0.44, 1759843
0.44, 1754972
0.44, 1754164
0.44, 1749153
0.44, 1745448
0.44, 1745125
0.44, 1743166
0.44, 1738502
0.44, 1736033
0.44, 1732205
0.45, 1722221
0.45, 1720287
0.45, 1703888
0.45, 1699604
0.45, 1694369
0.45, 1680343
0.45, 1671689
0.45, 1550989
0.45, 1549076
0.45, 1547255
0.45, 1542301
0.45, 1537099
0.45, 1532729
0.46, 1518820
0.46, 1513885
0.46, 1513667
0.47, 1512683
0.47, 1510955
0.47, 1510645
0.47, 1492853
0.47, 1490104
0.47, 1480728
0.47, 1479604
0.48, 1478597
0.48, 1456420
0.48, 1450517
0.49, 1449688
0.49, 1441224
0.49, 1438406
0.50, 1435976
0.52, 1433541
0.53, 1431687
0.53, 1431674
0.53, 1431253
0.53, 1426297
0.54, 1423475
0.54, 1423004
0.54, 1413738
0.54, 1412752
0.54, 1411438
0.54, 1410870
0.55, 1405664
0.58, 1400046
13.45, 1399417
13.45, 1397117
13.50, 1395981
