0.00, 4182385
0.00, 4173973
0.00, 4169486
0.00, 4147910
0.00, 4121612
0.00, 3949036
0.00, 3513219
0.02, 3510619
0.02, 3453697
0.02, 3435839
0.06, 3417042
0.06, 3374375
0.06, 3368489
0.08, 3344187
0.15, 3267358
0.16, 3257376
0.16, 3256723
0.16, 3256256
0.21, 3255323
0.24, 3142135
0.24, 2917788
0.24, 2910916
0.29, 2855712
0.40, 2833856
0.40, 2699794
0.40, 2686610
0.40, 2683793
0.40, 2615345
0.40, 2600659
0.40, 2495112
0.40, 2489155
0.40, 2465770
0.40, 2447439
0.40, 2399068
0.40, 2397964
0.40, 2382457
0.40, 2357575
0.40, 2299131
0.40, 2275507
0.41, 2213063
0.41, 2203694
0.41, 2151194
0.41, 2145607
0.42, 2109773
0.44, 1991910
0.45, 1983199
0.45, 1885161
0.45, 1882512
0.45, 1858059
0.45, 1829442
0.45, 1823981
0.45, 1816286
0.46, 1816259
0.46, 1806610
0.46, 1791490
0.46, 1791400
0.46, 1772663
0.48, 1749856
0.48, 1748048
0.48, 1743172
0.48, 1739908
0.48, 1707791
0.48, 1691097
0.48, 1688742
0.48, 1681961
0.49, 1654318
0.49, 1645448
0.50, 1643735
0.50, 1638833
0.50, 1630821
0.50, 1628129
0.50, 1617797
0.50, 1606987
0.50, 1601357
0.50, 1599140
0.50, 1579472
0.50, 1559848
0.50, 1558884
0.50, 1553704
0.50, 1552332
0.50, 1550644
0.50, 1537636
0.50, 1531162
0.50, 1492974
0.50, 1486777
0.50, 1484538
0.50, 1479449
0.50, 1465392
0.51, 1452133
0.52, 1449316
0.52, 1446171
0.53, 1440270
0.53, 1431164
0.54, 1424408
0.56, 1422892
0.56, 1420592
0.57, 1415070
0.59, 1414381
0.61, 1413813
0.66, 1408344
3.54, 1407007
3.56, 1406439
3.56, 1405303
3.56, 1400046
16.63, 1395981
