0.01, 7107754
0.02, 7097590
0.02, 7097354
0.02, 7089278
0.02, 7088586
0.02, 7079927
0.02, 7036994
0.02, 7015301
0.02, 6969002
0.02, 6955483
0.02, 6941229
0.02, 6930526
0.02, 6929354
0.02, 6925769
0.02, 6925410
0.05, 6918575
0.05, 6911379
0.05, 6907305
0.05, 6901778
0.05, 6897747
0.05, 6893977
0.05, 6893035
0.05, 6888125
0.05, 6887296
0.05, 6884740
0.14, 6877041
0.15, 6863948
0.15, 6848240
0.15, 6828577
0.15, 6808340
0.27, 6797006
0.32, 6741795
0.33, 6717588
0.33, 6714508
0.59, 6713104
0.59, 6678126
0.59, 6675054
0.59, 6664822
0.60, 6660171
0.60, 6647675
0.68, 6636295
0.68, 6573380
1.03, 6569885
1.03, 6545590
1.03, 6540723
1.03, 6523317
1.03, 6514322
1.03, 6508857
1.03, 6505821
1.05, 6498171
1.05, 6496437
1.05, 6480300
1.05, 6415912
1.05, 6392208
1.05, 6389327
1.05, 6381249
1.05, 6348681
1.05, 6322644
1.05, 6322439
1.14, 6271958
1.23, 6248128
1.23, 6221454
1.23, 6213411
1.23, 6210396
1.23, 6210330
1.23, 6172665
1.23, 6160990
1.23, 6152406
1.23, 6151817
1.23, 6148149
1.23, 6144192
1.23, 6137839
1.23, 6113530
1.23, 6075447
1.23, 6071418
1.23, 6011529
1.23, 5985600
1.23, 5922305
1.23, 5915177
1.23, 5893031
1.23, 5889574
1.23, 5888413
1.23, 5885014
1.23, 5856002
1.23, 5847473
1.24, 5826983
1.26, 5823817
1.26, 5736195
1.26, 5735203
1.27, 5689511
1.27, 5677722
1.27, 5669628
1.27, 5664685
1.27, 5663047
1.27, 5631390
1.27, 5630966
1.27, 5626164
1.27, 5618169
1.27, 5594387
1.27, 5541652
1.27, 5541365
1.27, 5540954
1.27, 5515306
1.27, 5515031
1.27, 5514367
1.27, 5504968
1.27, 5478770
1.27, 5477772
1.28, 5472947
1.28, 5472029
1.28, 5464419
1.28, 5456830
1.28, 5456446
1.28, 5454386
1.28, 5443023
1.28, 5436745
1.28, 5417904
1.28, 5397765
1.29, 5360614
1.29, 5360382
1.29, 5353753
1.29, 5345802
1.29, 5331994
1.29, 5321085
1.29, 5281409
1.29, 5276521
1.29, 5237230
1.29, 5223905
1.29, 5221360
1.29, 5216437
1.29, 5200186
1.29, 5192040
1.30, 5168361
1.30, 5159728
1.30, 5138427
1.30, 5079285
1.30, 5068157
1.30, 5065973
1.30, 5062005
1.30, 5035442
1.30, 5031781
1.30, 5029016
1.30, 5014016
1.30, 5012632
1.31, 5007627
1.31, 5007240
1.31, 4996917
1.31, 4994551
1.31, 4992681
1.31, 4979038
1.31, 4970376
1.31, 4967786
1.32, 4965308
1.32, 4964917
1.32, 4962205
1.32, 4945790
1.32, 4940827
1.32, 4927843
1.32, 4927528
1.32, 4927461
1.32, 4902429
1.32, 4902427
1.33, 4861411
1.33, 4861381
1.33, 4840682
1.33, 4839622
1.33, 4838771
1.33, 4809507
1.33, 4794810
1.33, 4790794
1.33, 4789574
1.33, 4786010
1.33, 4769682
1.33, 4759407
1.34, 4758861
1.34, 4755580
1.34, 4739290
1.34, 4734523
1.34, 4711947
1.34, 4711800
1.34, 4692599
1.34, 4668128
1.34, 4663758
1.34, 4632592
1.35, 4620445
1.35, 4619515
1.36, 4619070
1.36, 4598051
1.36, 4596420
1.36, 4583438
1.36, 4570822
1.36, 4557035
1.36, 4548912
1.36, 4546170
1.36, 4538968
1.36, 4538384
1.36, 4529468
1.36, 4529062
1.36, 4499672
1.36, 4482452
1.36, 4477448
1.37, 4477309
1.37, 4445732
1.37, 4445405
1.37, 4441302
1.37, 4408875
1.37, 4400855
1.37, 4391882
1.37, 4379550
1.37, 4377939
1.37, 4375778
1.37, 4375540
1.37, 4361656
1.37, 4357176
1.37, 4355549
1.37, 4345235
1.37, 4326505
1.37, 4315849
1.37, 4315348
1.37, 4314367
1.37, 4313962
1.38, 4304088
1.38, 4297394
1.38, 4297272
1.38, 4295112
1.38, 4288285
1.38, 4287381
1.38, 4287070
1.38, 4283893
1.38, 4283035
1.38, 4271049
1.38, 4262470
1.38, 4258277
1.38, 4258053
1.38, 4257977
1.38, 4250364
1.38, 4241327
1.38, 4235773
1.38, 4235151
1.38, 4222632
1.38, 4220857
1.38, 4210662
1.38, 4209224
1.39, 4194043
1.39, 4175060
1.39, 4173157
1.39, 4126578
1.39, 4117680
1.40, 4111949
1.40, 4106966
1.40, 4098240
1.40, 4097271
1.40, 4062898
1.40, 4057290
1.40, 4054408
1.40, 4043962
1.40, 4036546
1.40, 4036016
1.40, 4028770
1.40, 4019062
1.40, 4016794
1.40, 4010670
1.41, 4000032
1.41, 3999072
1.41, 3980163
1.41, 3978918
1.41, 3978159
1.41, 3957471
1.41, 3954783
1.41, 3943278
1.41, 3942914
1.41, 3940483
1.41, 3938334
1.41, 3929103
1.41, 3925120
1.41, 3918369
1.41, 3908487
1.42, 3908328
1.42, 3896803
1.42, 3890607
1.42, 3890524
1.42, 3852264
1.42, 3851494
1.42, 3850938
1.42, 3848802
1.42, 3847930
1.42, 3843721
1.42, 3842348
1.42, 3841808
1.42, 3838558
1.42, 3828817
1.42, 3816937
1.42, 3746090
1.42, 3721512
1.43, 3675916
1.43, 3627489
1.43, 3627272
1.43, 3619627
1.43, 3609824
1.43, 3609071
1.43, 3586692
1.43, 3573793
1.44, 3573521
1.44, 3573051
1.44, 3567601
1.44, 3556810
1.44, 3556022
1.44, 3551502
1.44, 3551291
1.44, 3548308
1.44, 3547872
1.44, 3546888
1.44, 3544982
1.44, 3528212
1.44, 3468828
1.45, 3466130
1.45, 3456311
1.45, 3447172
1.45, 3443300
1.45, 3442971
1.45, 3440773
1.45, 3437303
1.45, 3395084
1.45, 3393162
1.45, 3387474
1.45, 3367868
1.46, 3367848
1.46, 3366286
1.46, 3365639
1.46, 3361493
1.46, 3360979
1.46, 3357799
1.46, 3351572
1.46, 3348992
1.46, 3344182
1.46, 3339553
1.47, 3286939
1.47, 3282146
1.47, 3278856
1.47, 3278667
1.47, 3278585
1.47, 3271112
1.47, 3255664
1.47, 3246968
1.47, 3241760
1.47, 3235881
1.47, 3233851
1.47, 3208276
1.48, 3163139
1.48, 3150345
1.48, 3147015
1.48, 3140763
1.48, 3137433
1.48, 3134550
1.48, 3131356
1.48, 3128026
1.48, 3126130
1.48, 3124764
1.48, 3123820
1.49, 3122177
1.49, 3108021
1.49, 3106961
1.49, 3088007
1.49, 3083035
1.49, 3073105
1.49, 3070163
1.49, 3067877
1.49, 3064316
1.49, 3063784
1.49, 3057650
1.49, 3042655
1.49, 3038186
1.49, 3035509
1.50, 3031025
1.50, 3023342
1.50, 3023003
1.50, 3022872
1.50, 3021862
1.50, 3007325
1.50, 3006912
1.50, 3005051
1.50, 3002139
1.50, 2991970
1.50, 2990058
1.50, 2989743
1.51, 2931926
1.51, 2924433
1.51, 2924407
1.51, 2924106
1.51, 2920641
1.51, 2918428
1.51, 2918304
1.51, 2917363
1.51, 2917286
1.51, 2912384
1.52, 2911334
1.52, 2911283
1.52, 2903710
1.52, 2884412
1.52, 2870773
1.52, 2870557
1.52, 2870354
1.52, 2862064
1.52, 2861347
1.52, 2861131
1.52, 2854366
1.52, 2854325
1.52, 2851770
1.52, 2847533
1.52, 2843931
1.52, 2841116
1.52, 2841075
1.52, 2838536
1.52, 2838337
1.53, 2835840
1.53, 2833757
1.53, 2833096
1.53, 2828777
1.53, 2823607
1.53, 2820542
1.53, 2818216
1.53, 2813875
1.53, 2812257
1.53, 2802380
1.53, 2799379
1.53, 2797777
1.53, 2797633
1.53, 2763446
1.53, 2762745
1.53, 2762428
1.53, 2761922
1.54, 2759494
1.54, 2758472
1.54, 2755123
1.54, 2754240
1.54, 2741440
1.54, 2733722
1.54, 2732780
1.54, 2731776
1.54, 2721299
1.54, 2721172
1.54, 2717347
1.55, 2700226
1.55, 2695480
1.55, 2694135
1.55, 2691477
1.55, 2688213
1.55, 2683892
1.55, 2683181
1.55, 2674515
1.55, 2670601
1.56, 2670318
1.56, 2668846
1.56, 2668690
1.56, 2667646
1.56, 2658862
1.56, 2658520
1.57, 2649842
1.57, 2647542
1.57, 2646692
1.57, 2643412
1.57, 2640316
1.57, 2640128
1.57, 2639661
1.57, 2637526
1.58, 2617112
1.58, 2609929
1.58, 2605430
1.58, 2604392
1.58, 2603015
1.58, 2602751
1.58, 2587945
1.58, 2586058
1.58, 2583853
1.58, 2579994
1.59, 2574544
1.59, 2560866
1.59, 2560642
1.60, 2560245
1.60, 2555296
1.60, 2554245
1.60, 2553359
1.60, 2551781
1.60, 2550321
1.60, 2550055
1.60, 2547266
1.61, 2545821
1.61, 2545163
1.61, 2544207
1.61, 2541917
1.62, 2537875
1.62, 2536208
1.62, 2535748
1.62, 2535592
1.62, 2535176
1.62, 2533520
1.62, 2531935
1.62, 2530457
1.62, 2530417
1.62, 2528159
1.62, 2526732
1.63, 2524853
1.63, 2519525
1.63, 2517218
1.63, 2512402
1.63, 2512031
1.64, 2509008
1.64, 2508561
1.64, 2508160
1.64, 2503077
1.64, 2485375
1.64, 2474986
1.64, 2471671
1.64, 2468307
1.64, 2466524
1.64, 2465265
1.65, 2465039
1.65, 2464514
1.65, 2444009
1.65, 2404335
1.65, 2359799
1.65, 2359093
1.65, 2347854
1.65, 2346959
1.65, 2346681
1.65, 2345649
1.66, 2345619
1.66, 2341698
1.66, 2340354
1.66, 2336937
1.66, 2317123
1.66, 2314499
1.66, 2307766
1.67, 2300725
1.67, 2299528
1.67, 2296712
1.67, 2287682
1.67, 2287648
1.68, 2286386
1.68, 2285392
1.68, 2242035
1.68, 2241379
1.68, 2240632
1.69, 2240575
1.69, 2239980
1.70, 2239021
1.70, 2224643
1.70, 2220058
1.70, 2219653
1.70, 2219139
1.70, 2219047
1.70, 2217089
1.70, 2215863
1.70, 2214360
1.71, 2212569
1.71, 2204591
1.71, 2199526
1.71, 2197967
1.72, 2197918
1.72, 2197689
1.72, 2194423
1.72, 2193068
1.72, 2185434
1.72, 2180524
1.72, 2160110
1.73, 2158501
1.73, 2150997
1.73, 2150084
1.73, 2148995
1.73, 2144439
1.74, 2143412
1.74, 2137287
1.74, 2133663
1.74, 2133181
1.74, 2130888
1.76, 2109869
1.76, 2109662
1.76, 2109618
1.76, 2109047
1.77, 2108262
1.77, 2107094
1.77, 2104248
1.78, 2102815
1.78, 2093247
1.78, 2057688
1.79, 2057472
1.79, 2055458
1.80, 2055065
1.80, 2054452
1.80, 2054109
1.81, 2046532
1.81, 2039451
1.81, 2029768
1.81, 2019336
1.81, 2018615
1.81, 1972635
1.81, 1964712
1.82, 1964556
1.82, 1959789
1.82, 1959594
1.82, 1959562
1.83, 1958845
1.84, 1957046
1.84, 1956730
1.84, 1934877
1.84, 1934725
1.84, 1932850
1.84, 1930977
1.85, 1929066
1.85, 1928100
1.85, 1926753
1.85, 1925176
1.85, 1924865
1.85, 1924442
1.85, 1923048
1.86, 1922250
1.86, 1920689
1.86, 1919706
1.86, 1864174
1.86, 1862869
1.87, 1862608
1.87, 1859095
1.87, 1853455
1.87, 1850541
1.88, 1849742
1.88, 1849685
1.88, 1849112
1.88, 1833658
1.89, 1832822
1.89, 1832698
1.90, 1832582
1.90, 1832461
1.90, 1828606
1.90, 1826085
1.90, 1824924
1.90, 1823388
1.91, 1823050
1.91, 1821916
1.91, 1740235
1.91, 1736416
1.91, 1736262
1.91, 1730702
1.92, 1723140
1.93, 1720844
1.93, 1720296
1.93, 1717991
1.93, 1716836
1.93, 1713655
1.93, 1711194
1.94, 1705408
1.94, 1705309
1.94, 1704665
1.95, 1693227
1.95, 1692678
1.95, 1686799
1.95, 1685889
1.95, 1684247
1.95, 1683371
1.95, 1663163
1.96, 1660975
1.96, 1660958
1.96, 1656716
1.97, 1654090
1.97, 1653550
1.97, 1650723
1.98, 1650540
1.98, 1646220
1.99, 1644269
1.99, 1643715
2.00, 1643675
2.00, 1640903
2.01, 1638621
2.01, 1637850
2.01, 1637780
2.02, 1637726
2.02, 1635631
2.02, 1629777
2.03, 1590517
2.03, 1582946
2.03, 1582862
2.04, 1579761
2.04, 1578814
2.04, 1571845
2.04, 1565644
2.05, 1562792
2.05, 1551682
2.05, 1551370
2.05, 1551129
2.06, 1548791
2.07, 1548502
2.07, 1548122
2.08, 1531309
2.09, 1526849
2.10, 1525528
2.10, 1523513
2.11, 1522082
2.11, 1519418
2.12, 1517412
2.12, 1517263
2.13, 1514830
2.13, 1514744
2.13, 1512950
2.14, 1511475
2.15, 1507879
2.16, 1506749
2.16, 1504809
2.17, 1504329
2.17, 1503552
2.17, 1503530
2.17, 1503001
2.17, 1499088
2.18, 1498307
2.19, 1497736
2.19, 1459673
2.19, 1455165
2.20, 1454962
2.20, 1450563
2.21, 1448141
2.22, 1445625
2.22, 1439745
2.22, 1437378
2.23, 1437273
2.23, 1435374
2.23, 1427614
2.23, 1426239
2.24, 1425604
2.24, 1419243
2.24, 1418517
2.24, 1417644
2.25, 1417620
2.25, 1417512
2.26, 1413837
2.26, 1411611
2.28, 1407952
2.28, 1406482
2.28, 1403765
2.28, 1400780
2.29, 1400494
2.29, 1400171
2.30, 1399804
2.30, 1398858
2.30, 1394886
2.32, 1393783
2.32, 1381608
2.33, 1375440
2.34, 1374249
2.34, 1366170
2.34, 1362802
2.35, 1351096
2.35, 1348567
2.36, 1347921
2.37, 1342607
2.37, 1339805
2.39, 1339667
2.40, 1337148
2.40, 1335910
2.41, 1335774
2.41, 1335423
2.42, 1333205
2.42, 1333068
2.42, 1332960
2.43, 1313156
2.44, 1312645
2.44, 1311168
2.45, 1309378
2.45, 1307856
2.45, 1307608
2.47, 1307486
2.47, 1303071
2.48, 1302431
2.49, 1302397
2.50, 1300952
2.50, 1300153
2.51, 1300077
2.51, 1299677
2.52, 1297478
2.52, 1296603
2.54, 1295530
2.55, 1291597
2.55, 1290626
2.56, 1283576
2.56, 1283464
2.58, 1267679
2.58, 1267503
2.59, 1267138
2.60, 1264460
2.64, 1264304
2.65, 1260000
2.65, 1259494
2.66, 1258064
2.68, 1258041
2.69, 1258026
2.69, 1256896
2.70, 1255983
2.71, 1255254
2.72, 1254972
2.75, 1245482
2.76, 1243264
2.76, 1243153
2.76, 1241656
2.77, 1240622
2.77, 1240276
2.77, 1239382
2.78, 1237471
2.78, 1226996
2.82, 1226314
2.82, 1224324
2.86, 1223360
2.86, 1221438
2.87, 1219375
2.95, 1217909
2.96, 1216804
2.99, 1215448
2.99, 1215246
3.01, 1210916
3.03, 1205437
3.03, 1204437
3.04, 1204420
3.04, 1203879
3.05, 1203748
3.06, 1202925
3.06, 1202706
3.06, 1195486
3.06, 1194847
3.08, 1183306
3.08, 1182152
3.11, 1181495
3.12, 1172830
3.15, 1172152
3.17, 1172126
3.18, 1162285
3.19, 1161707
3.19, 1158449
3.20, 1158412
3.20, 1157971
3.20, 1157719
3.21, 1153308
3.22, 1153227
3.23, 1152372
3.23, 1148410
3.23, 1130453
3.24, 1129858
3.24, 1129664
3.25, 1127724
3.25, 1127562
3.26, 1126647
3.27, 1126597
3.32, 1125566
3.34, 1125430
3.34, 1124148
3.35, 1123411
3.36, 1112371
3.36, 1111442
3.37, 1110747
3.38, 1110495
3.40, 1108768
3.43, 1089808
3.43, 1086862
3.43, 1086818
3.45, 1085530
3.46, 1084959
3.46, 1084899
3.46, 1084386
3.48, 1082549
3.48, 1082522
3.48, 1082439
3.48, 1082393
3.49, 1081901
3.55, 1081463
3.56, 1081353
3.57, 1080814
3.58, 1078604
3.59, 1077427
7.07, 1076569
7.08, 1075743
7.10, 1075029
7.10, 1074865
7.11, 1073883
7.11, 1072518
7.13, 1072113
7.14, 1070329
7.15, 1070313
7.16, 1070287
7.18, 1069633
7.19, 1069156
18.49, 1062451
18.50, 1062187
18.50, 1051506
18.51, 1050464
18.51, 1047066
18.53, 1046974
18.58, 1046248
18.61, 1045167
18.63, 1045077
18.65, 1044642
18.68, 1040654
18.71, 1039863
18.72, 1039189
18.72, 1008103
18.73, 1007376
18.73, 1006941
18.75, 1006555
18.77, 1004594
18.77, 1004279
18.78, 1002714
18.78, 1000105
18.86, 999964
18.87, 999179
18.88, 997249
18.88, 996483
18.88, 996475
18.89, 996117
18.90, 981840
18.92, 981604
18.96, 981352
18.98, 980847
19.02, 967748
26.51, 963559
26.53, 961379
26.53, 960686
26.53, 959808
26.54, 959295
26.54, 958847
26.54, 956336
26.57, 954705
26.58, 948564
26.60, 946121
26.61, 944973
26.61, 941865
26.61, 940567
26.63, 940274
26.64, 938088
37.82, 938041
37.82, 936089
37.83, 934990
37.86, 931711
37.88, 931696
37.91, 920952
37.91, 919734
37.92, 919517
37.95, 918364
37.96, 918164
37.96, 914066
37.97, 906914
37.98, 906286
38.00, 905854
38.07, 905724
38.07, 901590
38.07, 901556
