0.02, 7046300
0.02, 7019797
0.02, 6951156
0.02, 6951082
0.02, 6930398
0.02, 6892835
0.02, 6808908
0.02, 6805545
0.02, 6805113
0.02, 6796694
0.02, 6781683
0.02, 6776261
0.02, 6775938
0.02, 6775234
0.02, 6687972
0.02, 6630319
0.50, 6584216
0.90, 6561236
0.90, 6555472
0.90, 6527367
1.05, 6490918
1.05, 6474835
1.05, 6474718
1.05, 6473070
1.05, 6455232
1.05, 6435293
1.06, 6428275
1.06, 6422952
1.06, 6406724
1.06, 6402115
1.06, 6332351
1.06, 6328354
1.06, 6307661
1.06, 6306688
1.07, 6284282
1.11, 6268272
1.11, 6261449
1.11, 6261377
1.11, 6231632
1.11, 6214764
1.11, 6168074
1.11, 6166883
1.11, 6150811
1.11, 6123435
1.11, 6120037
1.11, 6118744
1.11, 6100847
1.11, 6082852
1.13, 6069936
1.13, 6063252
1.13, 6050730
1.16, 6050657
1.16, 6035542
1.17, 5971187
1.17, 5964464
1.17, 5933693
1.17, 5932415
1.17, 5930942
1.17, 5921115
1.17, 5910349
1.17, 5907700
1.17, 5900609
1.17, 5898170
1.17, 5873366
1.17, 5871690
1.17, 5778876
1.18, 5776796
1.18, 5769968
1.18, 5769649
1.18, 5689736
1.18, 5683657
1.19, 5664221
1.19, 5661140
1.19, 5624994
1.19, 5617477
1.19, 5591388
1.19, 5590775
1.19, 5583725
1.19, 5571768
1.19, 5559363
1.19, 5557856
1.19, 5533860
1.19, 5532440
1.19, 5532349
1.19, 5531616
1.19, 5470267
1.19, 5461849
1.19, 5455615
1.19, 5453354
1.19, 5431311
1.19, 5410703
1.19, 5399707
1.19, 5384331
1.19, 5380113
1.20, 5373914
1.20, 5366180
1.20, 5360782
1.20, 5323971
1.20, 5315393
1.20, 5311818
1.20, 5242350
1.20, 5239024
1.20, 5218395
1.21, 5216386
1.21, 5193483
1.21, 5184524
1.21, 5179800
1.21, 5143555
1.21, 5135220
1.21, 5130330
1.21, 5092961
1.21, 5083279
1.21, 5071531
1.21, 5059157
1.21, 5053097
1.21, 5020973
1.21, 4986956
1.21, 4959509
1.21, 4959372
1.21, 4942512
1.23, 4937997
1.23, 4908980
1.23, 4906353
1.23, 4906350
1.23, 4884714
1.23, 4870173
1.23, 4851419
1.23, 4844607
1.23, 4816319
1.23, 4815296
1.23, 4810546
1.25, 4810377
1.25, 4810287
1.25, 4809231
1.25, 4792777
1.25, 4783801
1.25, 4731970
1.25, 4723376
1.25, 4722645
1.25, 4710456
1.25, 4710174
1.25, 4708008
1.25, 4699237
1.25, 4697967
1.25, 4695002
1.25, 4662705
1.25, 4645438
1.25, 4642530
1.25, 4641324
1.25, 4632043
1.25, 4622245
1.25, 4621919
1.25, 4614730
1.25, 4601820
1.25, 4598479
1.25, 4574991
1.25, 4558807
1.25, 4554818
1.25, 4536632
1.25, 4531089
1.25, 4523967
1.26, 4523366
1.26, 4518547
1.26, 4515025
1.26, 4513288
1.26, 4497134
1.26, 4497114
1.26, 4457837
1.26, 4457819
1.26, 4445015
1.27, 4437961
1.27, 4437626
1.27, 4429754
1.27, 4406009
1.27, 4403709
1.27, 4403634
1.27, 4401108
1.27, 4397138
1.27, 4380060
1.27, 4366335
1.27, 4359851
1.27, 4347079
1.27, 4320080
1.28, 4319022
1.28, 4310716
1.28, 4310470
1.28, 4300152
1.28, 4294491
1.28, 4292618
1.28, 4279882
1.28, 4270738
1.28, 4269930
1.28, 4267562
1.28, 4266497
1.28, 4266485
1.29, 4259956
1.29, 4259244
1.29, 4258803
1.29, 4256094
1.29, 4255200
1.29, 4231352
1.29, 4225136
1.29, 4221391
1.29, 4204320
1.29, 4193374
1.30, 4188141
1.30, 4184833
1.30, 4164110
1.30, 4155936
1.30, 4144761
1.30, 4143510
1.30, 4143343
1.30, 4140808
1.30, 4131451
1.31, 4130345
1.31, 4125229
1.31, 4122269
1.31, 4118059
1.31, 4115262
1.31, 4106900
1.31, 4103505
1.31, 4088264
1.31, 4079924
1.32, 4079745
1.32, 4079720
1.32, 4079313
1.32, 4074089
1.32, 4043515
1.32, 4031345
1.32, 4029068
1.32, 4029057
1.32, 4027990
1.32, 4008897
1.32, 4001648
1.32, 3998219
1.32, 3913661
1.32, 3870130
1.32, 3865926
1.33, 3865751
1.33, 3865140
1.33, 3862237
1.33, 3859939
1.33, 3858435
1.33, 3847440
1.33, 3822184
1.33, 3814889
1.33, 3812981
1.33, 3811420
1.33, 3803623
1.33, 3791678
1.33, 3784911
1.33, 3784907
1.33, 3780362
1.34, 3776688
1.34, 3775073
1.34, 3767817
1.34, 3766789
1.34, 3765130
1.34, 3760806
1.34, 3760078
1.34, 3755246
1.34, 3730671
1.34, 3730040
1.34, 3698794
1.34, 3688686
1.34, 3688511
1.34, 3686092
1.34, 3682405
1.34, 3681144
1.34, 3674029
1.34, 3665781
1.34, 3642639
1.34, 3641390
1.34, 3640577
1.35, 3639345
1.35, 3630943
1.35, 3567852
1.35, 3561825
1.35, 3560997
1.35, 3551195
1.35, 3542329
1.35, 3525962
1.36, 3525753
1.36, 3505709
1.36, 3495897
1.36, 3492897
1.36, 3465358
1.36, 3453593
1.36, 3436309
1.36, 3428647
1.36, 3426931
1.36, 3425834
1.36, 3420934
1.36, 3419742
1.36, 3415655
1.37, 3415247
1.37, 3385877
1.37, 3385486
1.37, 3383199
1.37, 3369217
1.37, 3362861
1.37, 3360051
1.37, 3333519
1.37, 3331860
1.37, 3326915
1.37, 3324120
1.37, 3320018
1.37, 3320011
1.37, 3319378
1.38, 3318803
1.38, 3314974
1.38, 3314548
1.38, 3312517
1.38, 3310820
1.38, 3310445
1.38, 3310340
1.38, 3309974
1.38, 3309499
1.38, 3304392
1.39, 3303441
1.39, 3292448
1.39, 3280237
1.39, 3279332
1.39, 3274036
1.39, 3274014
1.39, 3273553
1.39, 3259195
1.39, 3258020
1.40, 3257459
1.40, 3245544
1.40, 3239909
1.40, 3238808
1.40, 3236572
1.40, 3228739
1.41, 3228626
1.41, 3226821
1.41, 3221148
1.41, 3220914
1.41, 3219850
1.41, 3207531
1.41, 3188695
1.41, 3176792
1.41, 3164853
1.41, 3135326
1.41, 3134801
1.41, 3132321
1.41, 3129356
1.42, 3128722
1.42, 3119808
1.42, 3118432
1.42, 3117812
1.42, 3117579
1.42, 3117244
1.42, 3109417
1.42, 3105043
1.42, 3103843
1.42, 3081567
1.42, 3078441
1.42, 3040458
1.43, 3023993
1.43, 3021679
1.43, 3018488
1.43, 3016105
1.43, 3001922
1.43, 2999958
1.43, 2998819
1.43, 2993545
1.44, 2956656
1.44, 2945998
1.44, 2945786
1.44, 2944628
1.44, 2837178
1.44, 2835775
1.44, 2834293
1.44, 2832681
1.44, 2824311
1.44, 2817122
1.45, 2816721
1.45, 2815745
1.45, 2814989
1.45, 2814603
1.45, 2813230
1.45, 2809117
1.45, 2808469
1.46, 2802761
1.46, 2798139
1.46, 2788813
1.46, 2748465
1.46, 2736468
1.46, 2734354
1.46, 2734138
1.46, 2721416
1.47, 2720680
1.47, 2705520
1.47, 2705045
1.47, 2700131
1.47, 2698347
1.47, 2651434
1.47, 2651331
1.49, 2643822
1.49, 2643787
1.49, 2626346
1.50, 2623439
1.50, 2619279
1.50, 2582270
1.50, 2573492
1.50, 2568796
1.50, 2568141
1.50, 2561898
1.50, 2561667
1.51, 2560484
1.51, 2559818
1.51, 2559795
1.51, 2559689
1.51, 2554772
1.51, 2554090
1.51, 2548754
1.51, 2546221
1.52, 2538803
1.52, 2517800
1.52, 2517544
1.52, 2515335
1.52, 2514458
1.52, 2511909
1.52, 2508819
1.52, 2468726
1.52, 2466353
1.52, 2464969
1.53, 2464114
1.53, 2460028
1.53, 2413013
1.53, 2410114
1.53, 2409218
1.53, 2408577
1.53, 2407967
1.53, 2398650
1.53, 2383175
1.54, 2382644
1.54, 2379512
1.54, 2377918
1.54, 2372528
1.54, 2370874
1.54, 2369560
1.54, 2362238
1.54, 2354421
1.55, 2348702
1.55, 2345572
1.55, 2342495
1.55, 2341173
1.55, 2324681
1.56, 2323557
1.56, 2323082
1.56, 2322261
1.57, 2318218
1.57, 2306920
1.57, 2262283
1.57, 2261974
1.57, 2261160
1.57, 2259867
1.57, 2256330
1.57, 2254302
1.58, 2245711
1.58, 2245532
1.58, 2242617
1.58, 2239954
1.58, 2239330
1.58, 2237591
1.58, 2235522
1.58, 2235303
1.58, 2229136
1.58, 2223117
1.58, 2213560
1.59, 2211004
1.59, 2209288
1.59, 2204925
1.59, 2199606
1.59, 2199356
1.59, 2197598
1.59, 2119675
1.60, 2119276
1.60, 2116649
1.60, 2114846
1.60, 2113399
1.61, 2111664
1.61, 2110690
1.61, 2110233
1.61, 2101357
1.61, 2101127
1.61, 2099059
1.61, 2096565
1.62, 2093389
1.62, 2091438
1.62, 2090051
1.62, 2080945
1.62, 2079499
1.63, 2076022
1.63, 2075668
1.63, 2071424
1.64, 2036799
1.64, 2036793
1.64, 2030779
1.64, 2030549
1.64, 2022895
1.64, 2019297
1.64, 2016756
1.65, 2011248
1.65, 2010666
1.65, 1997645
1.65, 1996650
1.65, 1991170
1.65, 1989929
1.65, 1989912
1.65, 1987716
1.65, 1977689
1.65, 1973283
1.65, 1909793
1.65, 1905775
1.66, 1904373
1.66, 1903843
1.66, 1883727
1.67, 1882575
1.67, 1882461
1.67, 1882273
1.67, 1880783
1.67, 1879229
1.67, 1874038
1.68, 1872560
1.68, 1871275
1.68, 1870036
1.68, 1868151
1.68, 1862615
1.68, 1857562
1.69, 1857006
1.69, 1856923
1.69, 1852429
1.69, 1834637
1.69, 1828160
1.70, 1822617
1.71, 1800228
1.71, 1779843
1.71, 1768073
1.72, 1767332
1.72, 1764913
1.72, 1761960
1.72, 1752502
1.73, 1750221
1.73, 1748441
1.73, 1747041
1.73, 1746201
1.74, 1745817
1.74, 1744679
1.75, 1741035
1.75, 1732904
1.75, 1731144
1.75, 1730286
1.75, 1683153
1.75, 1682133
1.76, 1679019
1.76, 1675889
1.76, 1674125
1.77, 1653640
1.77, 1653534
1.77, 1651657
1.78, 1647077
1.78, 1620719
1.78, 1619310
1.78, 1618598
1.78, 1618510
1.79, 1607313
1.79, 1603195
1.79, 1599414
1.80, 1599389
1.80, 1594883
1.81, 1592267
1.81, 1588494
1.81, 1585823
1.81, 1584595
1.82, 1584203
1.82, 1547446
1.82, 1541653
1.82, 1541002
1.83, 1539304
1.84, 1539224
1.84, 1538632
1.85, 1537958
1.85, 1537832
1.86, 1537788
1.86, 1537474
1.86, 1534863
1.86, 1533385
1.86, 1531686
1.87, 1531271
1.87, 1529182
1.88, 1522223
1.88, 1520593
1.88, 1520546
1.88, 1520422
1.88, 1520007
1.89, 1519100
1.90, 1518517
1.90, 1516705
1.90, 1513786
1.90, 1512134
1.91, 1511797
1.91, 1504512
1.91, 1503856
1.92, 1495713
1.92, 1495633
1.93, 1493179
1.95, 1491635
1.95, 1491401
1.95, 1490671
1.96, 1489908
1.96, 1480735
1.97, 1480238
1.97, 1458160
1.98, 1450677
1.98, 1449339
1.98, 1449324
1.98, 1449088
1.98, 1449062
1.99, 1429634
1.99, 1425599
2.00, 1422477
2.00, 1422313
2.00, 1412738
2.00, 1412500
2.01, 1411088
2.01, 1407205
2.02, 1406973
2.02, 1404551
2.03, 1399730
2.03, 1391372
2.04, 1388450
2.04, 1387450
2.04, 1387327
2.05, 1386196
2.05, 1385894
2.06, 1385037
2.06, 1384188
2.07, 1382607
2.07, 1381973
2.07, 1376538
2.08, 1375363
2.09, 1375052
2.09, 1371150
2.09, 1371100
2.10, 1368329
2.11, 1367664
2.11, 1367567
2.11, 1365896
2.11, 1360897
2.12, 1358626
2.12, 1358299
2.12, 1357247
2.12, 1356752
2.12, 1356735
2.14, 1334782
2.14, 1330211
2.14, 1329774
2.15, 1329508
2.15, 1328791
2.16, 1327980
2.16, 1327118
2.16, 1326966
2.16, 1316886
2.17, 1316184
2.17, 1316167
2.18, 1313628
2.19, 1312051
2.20, 1309715
2.21, 1309691
2.22, 1309448
2.22, 1305179
2.22, 1304381
2.23, 1303399
2.24, 1302995
2.24, 1302677
2.25, 1301154
2.26, 1294079
2.26, 1294061
2.27, 1286482
2.28, 1285910
2.28, 1280409
2.28, 1280068
2.28, 1274384
2.29, 1267948
2.29, 1266729
2.30, 1265766
2.33, 1261464
2.34, 1257748
2.34, 1255301
2.35, 1254281
2.35, 1250624
2.35, 1249508
2.37, 1249011
2.38, 1248190
2.39, 1247806
2.39, 1243551
2.40, 1243404
2.40, 1243057
2.41, 1241992
2.43, 1240441
2.44, 1234255
2.44, 1230769
2.45, 1230747
2.49, 1225777
2.49, 1224330
2.51, 1224083
2.51, 1219792
2.51, 1218590
2.52, 1217947
2.52, 1202210
2.53, 1201997
2.53, 1200111
2.54, 1199755
2.54, 1198633
2.54, 1197850
2.55, 1196394
2.55, 1184795
2.56, 1183026
2.57, 1181323
2.58, 1180813
2.58, 1180492
2.58, 1180276
2.59, 1177535
2.59, 1177306
2.60, 1173118
2.60, 1171719
2.60, 1171184
2.61, 1169444
2.61, 1167729
2.62, 1166030
2.63, 1162440
2.63, 1159963
2.64, 1155278
2.66, 1154546
2.67, 1154001
2.68, 1148298
2.68, 1148002
2.69, 1145494
2.69, 1144061
2.71, 1142811
2.72, 1142011
2.73, 1141261
2.76, 1140080
2.77, 1139684
2.78, 1139412
2.78, 1138208
2.79, 1137842
2.79, 1136649
2.80, 1136249
2.82, 1135195
2.84, 1132793
2.85, 1130609
2.86, 1130463
2.87, 1130248
2.89, 1129676
2.89, 1129385
2.90, 1129009
2.91, 1128917
2.91, 1127422
2.94, 1126893
2.95, 1122230
2.96, 1121327
2.96, 1120345
2.97, 1116610
2.98, 1114924
2.98, 1114428
2.99, 1111249
3.00, 1110818
3.00, 1110693
3.02, 1101933
3.03, 1101895
3.03, 1101595
3.05, 1099461
3.11, 1099124
3.15, 1098855
3.17, 1098819
3.19, 1098620
3.20, 1098567
3.25, 1095992
3.27, 1092559
3.27, 1092138
3.28, 1084834
3.28, 1082645
3.29, 1076497
3.30, 1073629
3.30, 1072838
3.32, 1071874
3.32, 1070813
3.33, 1070594
23.61, 1070184
23.61, 1069579
23.63, 1068940
23.63, 1067523
23.65, 1067468
26.43, 1066133
26.44, 1063021
26.45, 1061249
26.46, 1059297
26.47, 1058189
26.48, 1058117
26.51, 1055261
26.52, 1054512
26.54, 1053721
26.55, 1050795
26.56, 1048549
26.56, 1048068
26.57, 1044293
26.58, 1042976
26.58, 1041932
26.61, 1041559
26.61, 1041123
26.62, 1039039
26.66, 1037832
26.67, 1030184
26.67, 1029042
26.68, 1028993
26.68, 1028899
26.70, 1026174
26.72, 1025116
26.73, 1024479
26.74, 1021283
26.75, 1020254
26.76, 1018584
26.78, 1016909
26.81, 1014101
26.81, 1013346
26.83, 1012770
26.85, 1011993
26.87, 1010947
26.90, 1009233
26.91, 1008745
26.93, 1007341
26.94, 1004504
26.94, 996871
26.95, 994803
26.95, 994344
26.97, 992996
26.98, 992970
26.98, 991696
27.03, 991613
27.03, 990636
27.05, 990533
27.06, 990382
27.07, 989801
27.09, 983941
27.09, 983162
27.10, 982964
27.14, 982759
27.17, 982703
27.21, 982436
