0.02, 7094651
0.02, 7092004
0.02, 7088797
0.02, 7080836
0.02, 7056864
0.02, 7048347
0.02, 7044753
0.02, 7034893
0.02, 7020908
0.02, 7010902
0.02, 7003458
0.02, 7001595
0.02, 6991010
0.02, 6950593
0.03, 6947442
0.03, 6932824
0.03, 6922525
0.03, 6898533
0.03, 6882835
0.03, 6872726
0.03, 6871257
0.03, 6861218
0.05, 6851455
0.05, 6832895
0.05, 6777905
0.05, 6771365
0.05, 6759062
0.05, 6737215
0.05, 6711305
0.05, 6707613
0.05, 6700255
0.05, 6698614
0.05, 6691858
0.05, 6689189
0.05, 6673562
0.05, 6669429
0.05, 6659647
0.05, 6657815
0.05, 6649238
0.17, 6625911
0.17, 6619851
0.17, 6594308
0.17, 6585700
0.17, 6569818
0.17, 6562562
0.17, 6492770
0.49, 6471550
0.49, 6445097
0.49, 6443957
0.49, 6409924
1.01, 6374756
1.13, 6366479
1.13, 6360887
1.13, 6313501
1.13, 6303345
1.15, 6302654
1.15, 6294801
1.15, 6292765
1.15, 6290320
1.15, 6264568
1.15, 6256278
1.15, 6250113
1.15, 6244492
1.15, 6239918
1.15, 6233541
1.15, 6213308
1.16, 6207944
1.16, 6202228
1.16, 6199893
1.16, 6145919
1.16, 6094103
1.16, 6088795
1.16, 6081514
1.16, 6022754
1.16, 5999992
1.16, 5975163
1.16, 5967256
1.16, 5954222
1.16, 5951917
1.16, 5945312
1.16, 5930660
1.16, 5930312
1.16, 5909460
1.16, 5898655
1.16, 5892127
1.16, 5889617
1.16, 5883547
1.16, 5843445
1.16, 5839355
1.16, 5800776
1.17, 5794850
1.17, 5794121
1.18, 5792065
1.18, 5783190
1.18, 5774330
1.18, 5768463
1.18, 5739496
1.18, 5735024
1.18, 5734102
1.18, 5714813
1.18, 5707509
1.18, 5672939
1.18, 5671435
1.18, 5663256
1.18, 5660334
1.18, 5659087
1.19, 5625621
1.19, 5595907
1.19, 5530583
1.19, 5517556
1.19, 5493571
1.20, 5479234
1.20, 5475305
1.20, 5474493
1.20, 5469542
1.20, 5469473
1.20, 5463008
1.20, 5459787
1.20, 5458034
1.20, 5457467
1.20, 5456865
1.20, 5453846
1.20, 5447417
1.20, 5423164
1.20, 5422938
1.20, 5415231
1.20, 5412670
1.20, 5404062
1.20, 5369602
1.20, 5365542
1.20, 5336239
1.20, 5329301
1.20, 5315988
1.20, 5310159
1.21, 5220259
1.21, 5217717
1.21, 5203840
1.21, 5197969
1.21, 5196860
1.21, 5184164
1.21, 5169066
1.21, 5078265
1.21, 5065499
1.21, 5048431
1.21, 5042770
1.21, 5036098
1.21, 5030942
1.21, 5012414
1.21, 5011510
1.21, 4964135
1.21, 4963848
1.22, 4963516
1.22, 4959056
1.22, 4956204
1.22, 4954144
1.22, 4948740
1.22, 4948650
1.22, 4948129
1.22, 4948128
1.22, 4934305
1.22, 4932280
1.22, 4931410
1.22, 4916379
1.22, 4910339
1.23, 4907254
1.23, 4898507
1.23, 4894289
1.23, 4877050
1.23, 4865020
1.23, 4846541
1.23, 4845904
1.23, 4845529
1.23, 4834692
1.24, 4810859
1.24, 4806795
1.24, 4805105
1.24, 4790653
1.24, 4784267
1.24, 4771230
1.24, 4769848
1.24, 4751075
1.24, 4746509
1.24, 4741731
1.24, 4696341
1.24, 4693079
1.24, 4691932
1.24, 4690768
1.24, 4690328
1.24, 4690202
1.24, 4689176
1.26, 4681803
1.26, 4661687
1.26, 4643812
1.27, 4643574
1.27, 4643541
1.27, 4639273
1.27, 4624545
1.27, 4612655
1.27, 4612532
1.27, 4588569
1.27, 4588355
1.27, 4588319
1.27, 4586788
1.27, 4583835
1.27, 4575133
1.27, 4574462
1.27, 4564527
1.27, 4564463
1.27, 4562109
1.27, 4560910
1.27, 4538372
1.27, 4532570
1.27, 4508528
1.27, 4504067
1.28, 4494472
1.28, 4491353
1.28, 4490399
1.28, 4490337
1.28, 4489016
1.28, 4484263
1.28, 4483044
1.28, 4469588
1.28, 4461871
1.28, 4460630
1.28, 4456055
1.28, 4438719
1.29, 4393688
1.29, 4390301
1.29, 4389753
1.29, 4378917
1.29, 4377678
1.29, 4371005
1.29, 4369018
1.29, 4358244
1.29, 4355427
1.29, 4300384
1.29, 4299291
1.29, 4298315
1.29, 4290425
1.29, 4277693
1.29, 4276536
1.30, 4262968
1.30, 4261105
1.30, 4260136
1.30, 4258372
1.30, 4245680
1.30, 4242707
1.30, 4239155
1.30, 4230586
1.30, 4212365
1.30, 4209276
1.30, 4195737
1.30, 4182754
1.30, 4181883
1.30, 4181663
1.30, 4163886
1.30, 4161805
1.30, 4152792
1.30, 4152430
1.30, 4149688
1.30, 4124407
1.30, 4103932
1.31, 4036423
1.31, 4010992
1.31, 3995491
1.31, 3993374
1.31, 3992414
1.31, 3989551
1.31, 3906682
1.31, 3832810
1.31, 3830523
1.31, 3827408
1.31, 3802535
1.31, 3786955
1.31, 3759763
1.31, 3759614
1.31, 3751133
1.32, 3721238
1.32, 3718279
1.32, 3693361
1.32, 3686315
1.32, 3671674
1.32, 3662311
1.32, 3630631
1.32, 3628333
1.32, 3621648
1.33, 3586420
1.33, 3586171
1.33, 3585051
1.33, 3578786
1.33, 3574627
1.33, 3569694
1.33, 3565439
1.33, 3553241
1.33, 3546062
1.34, 3534931
1.34, 3531891
1.34, 3529177
1.35, 3521399
1.35, 3520470
1.35, 3514785
1.35, 3507664
1.35, 3507195
1.35, 3492424
1.35, 3488178
1.35, 3480890
1.35, 3480786
1.35, 3458709
1.36, 3443233
1.36, 3441344
1.36, 3440532
1.36, 3439854
1.36, 3437599
1.36, 3430276
1.36, 3418864
1.36, 3362304
1.36, 3362134
1.36, 3357247
1.36, 3341932
1.36, 3339094
1.36, 3331636
1.36, 3329837
1.36, 3329509
1.36, 3327981
1.36, 3318030
1.36, 3314009
1.37, 3300256
1.37, 3299880
1.37, 3295845
1.37, 3293824
1.37, 3292725
1.37, 3285603
1.37, 3284307
1.37, 3277244
1.37, 3265458
1.37, 3257398
1.37, 3256215
1.37, 3244577
1.37, 3239386
1.37, 3234394
1.37, 3222668
1.37, 3217813
1.37, 3216325
1.37, 3213300
1.37, 3198739
1.37, 3196528
1.37, 3188933
1.38, 3182549
1.38, 3179400
1.38, 3176527
1.38, 3174419
1.38, 3173645
1.39, 3149652
1.39, 3142535
1.39, 3140443
1.39, 3137193
1.40, 3131494
1.40, 3131398
1.40, 3129662
1.40, 3129591
1.40, 3103393
1.40, 3102022
1.40, 3101788
1.40, 3091989
1.40, 3091813
1.40, 3091333
1.40, 3084230
1.40, 3072071
1.40, 3071919
1.40, 3068404
1.40, 3067421
1.41, 3062407
1.41, 3052285
1.41, 3052128
1.41, 3051413
1.41, 3049587
1.41, 2994900
1.41, 2991943
1.41, 2987563
1.41, 2987027
1.41, 2983452
1.42, 2972559
1.42, 2967751
1.42, 2963463
1.42, 2961353
1.42, 2957488
1.43, 2919757
1.43, 2918373
1.43, 2912037
1.43, 2905193
1.43, 2904322
1.43, 2900889
1.44, 2897491
1.44, 2887609
1.44, 2856206
1.44, 2854839
1.44, 2796947
1.44, 2795139
1.44, 2794870
1.44, 2787230
1.44, 2784847
1.44, 2780875
1.45, 2751704
1.45, 2750985
1.45, 2750232
1.45, 2732464
1.45, 2725893
1.45, 2720937
1.45, 2720214
1.45, 2719149
1.46, 2716691
1.46, 2699312
1.46, 2699091
1.46, 2693443
1.46, 2690170
1.46, 2679961
1.46, 2674263
1.46, 2673499
1.46, 2663679
1.46, 2661240
1.47, 2659477
1.48, 2659472
1.48, 2637994
1.48, 2637981
1.48, 2589223
1.48, 2575801
1.48, 2572956
1.48, 2570319
1.48, 2562037
1.48, 2557912
1.48, 2556675
1.49, 2554688
1.49, 2547394
1.49, 2544685
1.49, 2542086
1.49, 2538909
1.49, 2532761
1.49, 2529540
1.49, 2517742
1.49, 2509568
1.49, 2501557
1.49, 2500762
1.50, 2498292
1.50, 2497825
1.50, 2493422
1.50, 2476724
1.50, 2470351
1.50, 2466993
1.51, 2463657
1.51, 2461653
1.51, 2458693
1.51, 2457564
1.51, 2455357
1.51, 2454993
1.51, 2451524
1.51, 2451480
1.51, 2449958
1.51, 2442665
1.52, 2433364
1.52, 2433330
1.52, 2431754
1.52, 2420139
1.53, 2419364
1.53, 2414129
1.53, 2413970
1.53, 2403928
1.53, 2397010
1.53, 2391252
1.53, 2384951
1.53, 2384949
1.54, 2383184
1.54, 2374619
1.54, 2374382
1.54, 2351257
1.54, 2339629
1.54, 2338420
1.54, 2337887
1.54, 2327558
1.54, 2324308
1.55, 2323611
1.55, 2321036
1.55, 2320736
1.55, 2320706
1.55, 2319816
1.55, 2319515
1.55, 2319043
1.55, 2316824
1.55, 2316401
1.56, 2310974
1.56, 2310802
1.56, 2309091
1.57, 2296297
1.57, 2286878
1.57, 2285636
1.57, 2250767
1.57, 2249327
1.57, 2229752
1.57, 2215497
1.58, 2213895
1.58, 2213850
1.58, 2198960
1.58, 2191347
1.59, 2189436
1.59, 2186408
1.59, 2184319
1.60, 2184036
1.60, 2183082
1.60, 2181771
1.60, 2181694
1.61, 2178147
1.61, 2177644
1.61, 2176674
1.61, 2173511
1.61, 2172633
1.61, 2123377
1.62, 2122325
1.62, 2119079
1.62, 2115312
1.62, 2115124
1.62, 2114293
1.63, 2109294
1.63, 2107907
1.63, 2095274
1.64, 2083321
1.64, 2078215
1.64, 2076006
1.64, 2075626
1.64, 2061885
1.64, 2055007
1.64, 2048398
1.64, 2044185
1.65, 2042785
1.65, 2041889
1.65, 2040421
1.66, 2004434
1.66, 2002308
1.66, 1999812
1.66, 1994860
1.66, 1992767
1.66, 1991486
1.67, 1989936
1.67, 1987452
1.67, 1986336
1.67, 1972553
1.67, 1972358
1.68, 1971034
1.68, 1969462
1.69, 1968947
1.69, 1961696
1.69, 1944992
1.69, 1944758
1.69, 1943566
1.69, 1943466
1.70, 1939732
1.71, 1932133
1.71, 1926744
1.71, 1924791
1.71, 1924764
1.71, 1922846
1.72, 1922409
1.72, 1919597
1.72, 1918921
1.72, 1918497
1.72, 1887646
1.73, 1869467
1.73, 1869212
1.73, 1868928
1.73, 1868844
1.73, 1848956
1.73, 1847559
1.73, 1845071
1.74, 1839160
1.74, 1838006
1.74, 1831536
1.74, 1831112
1.74, 1829682
1.74, 1801718
1.75, 1799478
1.75, 1799059
1.76, 1798234
1.76, 1794711
1.77, 1790799
1.77, 1789535
1.78, 1788255
1.78, 1787231
1.79, 1786196
1.79, 1786124
1.80, 1784666
1.80, 1783405
1.80, 1777047
1.80, 1772767
1.81, 1771654
1.81, 1770794
1.81, 1713883
1.82, 1712495
1.82, 1711607
1.82, 1699989
1.83, 1699148
1.83, 1685141
1.83, 1684301
1.83, 1682167
1.84, 1681581
1.85, 1678589
1.85, 1677297
1.85, 1670820
1.85, 1670683
1.86, 1668955
1.86, 1668128
1.87, 1668122
1.87, 1667805
1.87, 1667129
1.88, 1666918
1.88, 1646673
1.88, 1646557
1.88, 1646467
1.88, 1644135
1.89, 1640891
1.89, 1638236
1.90, 1631761
1.90, 1631739
1.91, 1631377
1.91, 1585434
1.91, 1580243
1.91, 1577426
1.91, 1570648
1.92, 1570544
1.92, 1570209
1.92, 1567705
1.92, 1560471
1.93, 1559598
1.93, 1558702
1.93, 1555048
1.93, 1554771
1.94, 1553460
1.94, 1551656
1.94, 1549025
1.94, 1546728
1.94, 1546303
1.95, 1537675
1.95, 1537641
1.95, 1536774
1.95, 1535924
1.96, 1535910
1.96, 1520317
1.97, 1516815
1.98, 1514370
1.98, 1513226
1.98, 1510344
1.98, 1508587
1.99, 1501783
1.99, 1499775
2.00, 1489875
2.01, 1489171
2.01, 1485526
2.01, 1480788
2.02, 1477471
2.03, 1474415
2.03, 1474406
2.03, 1463931
2.04, 1463370
2.04, 1452043
2.04, 1448784
2.05, 1448375
2.05, 1436760
2.05, 1434070
2.05, 1431610
2.06, 1420603
2.06, 1419858
2.06, 1419806
2.08, 1413742
2.08, 1413108
2.09, 1411559
2.10, 1409702
2.10, 1409499
2.11, 1407823
2.12, 1406475
2.14, 1398486
2.14, 1397175
2.15, 1396950
2.16, 1395199
2.16, 1393585
2.16, 1392412
2.16, 1391598
2.17, 1391195
2.17, 1389181
2.18, 1386148
2.18, 1373279
2.19, 1372857
2.19, 1370902
2.19, 1367552
2.19, 1360816
2.20, 1358834
2.20, 1352939
2.20, 1351663
2.20, 1344505
2.21, 1319080
2.22, 1317295
2.22, 1317255
2.22, 1316167
2.22, 1314475
2.22, 1298529
2.23, 1295722
2.23, 1295716
2.23, 1293426
2.23, 1293234
2.24, 1288399
2.24, 1287890
2.24, 1287857
2.24, 1287030
2.25, 1282762
2.25, 1281329
2.25, 1280540
2.26, 1264957
2.26, 1264408
2.27, 1264341
2.28, 1264327
2.28, 1264263
2.29, 1260206
2.30, 1258858
2.30, 1258512
2.31, 1252457
2.33, 1251138
2.33, 1250992
2.33, 1243666
2.33, 1242874
2.36, 1242766
2.36, 1242245
2.37, 1239197
2.40, 1237802
2.40, 1237289
2.41, 1237173
2.42, 1235341
2.42, 1234568
2.43, 1234260
2.44, 1234019
2.45, 1232809
2.45, 1230433
2.45, 1222830
2.45, 1222402
2.46, 1221232
2.46, 1221054
2.47, 1220726
2.47, 1219346
2.50, 1215283
2.50, 1214814
2.50, 1210821
2.51, 1207464
2.51, 1204464
2.54, 1203778
2.58, 1202093
2.58, 1196060
2.60, 1195632
2.60, 1195215
2.61, 1194787
2.62, 1192686
2.62, 1192634
2.66, 1191557
2.66, 1188579
2.66, 1188524
2.67, 1187548
2.68, 1137696
2.68, 1136768
2.69, 1136217
2.72, 1136187
2.72, 1131448
2.79, 1130685
2.80, 1130561
2.80, 1128729
2.80, 1124522
2.81, 1119229
2.81, 1110072
2.81, 1077969
2.82, 1065695
2.84, 1063345
2.86, 1062905
2.87, 1062035
2.90, 1048099
2.91, 1046502
2.92, 1042290
2.94, 1041383
2.96, 1036914
2.98, 1034700
2.99, 1018443
2.99, 1017126
3.00, 1014401
3.00, 1013322
3.01, 1011535
3.01, 1011131
3.02, 1006810
3.02, 1004275
3.04, 1003007
3.07, 1002255
3.07, 1001873
3.08, 1001720
3.10, 1000159
3.14, 999318
3.14, 998132
3.15, 997946
3.17, 997759
3.18, 997250
3.21, 995543
3.21, 995287
3.23, 993017
3.23, 991521
3.23, 991487
3.23, 990346
3.26, 989408
3.26, 983229
3.26, 982786
3.27, 982773
3.28, 981525
3.30, 981004
3.32, 979827
3.32, 979378
3.34, 979075
3.34, 978019
3.34, 977704
3.35, 977657
3.36, 975600
3.39, 975052
3.40, 974160
3.40, 974148
3.40, 973980
3.42, 973671
3.44, 970515
3.49, 967958
3.49, 967820
3.50, 964792
3.50, 964430
3.51, 963201
3.52, 962407
3.53, 962156
3.55, 960799
3.56, 960445
3.60, 960124
