0.02, 7238173
0.02, 7203870
0.02, 7144811
0.02, 7063755
0.02, 7060477
0.02, 7057858
0.02, 7031844
0.02, 7029969
0.02, 7029908
0.02, 7011244
0.02, 7004126
0.02, 6920871
0.02, 6918262
0.02, 6907850
0.02, 6895082
0.02, 6858998
0.02, 6858996
0.02, 6827613
0.02, 6820268
0.03, 6794840
0.03, 6775203
0.03, 6750413
0.03, 6714316
0.03, 6708499
0.07, 6672648
0.07, 6668733
0.07, 6644045
0.07, 6643531
0.07, 6641839
0.07, 6613600
0.07, 6596281
0.07, 6585759
0.07, 6577391
0.92, 6564288
0.92, 6564131
0.94, 6548574
0.94, 6541630
0.94, 6528477
1.14, 6526369
1.14, 6519864
1.14, 6517341
1.14, 6515515
1.14, 6512237
1.15, 6488691
1.15, 6478937
1.15, 6477245
1.15, 6476757
1.15, 6416960
1.15, 6405589
1.15, 6373202
1.15, 6371491
1.15, 6369111
1.15, 6366586
1.15, 6358289
1.15, 6355729
1.15, 6351672
1.15, 6349392
1.15, 6337263
1.15, 6333683
1.15, 6304430
1.15, 6286125
1.15, 6253264
1.15, 6253224
1.15, 6233377
1.18, 6209780
1.18, 6208222
1.18, 6172141
1.19, 6153439
1.22, 6083545
1.22, 6071904
1.22, 6069092
1.22, 6050090
1.22, 6043821
1.22, 6043460
1.22, 6040502
1.22, 6032690
1.22, 6027394
1.25, 6019578
1.25, 6017404
1.25, 6004494
1.25, 5999279
1.25, 5958810
1.25, 5953192
1.25, 5950901
1.25, 5950889
1.26, 5912766
1.26, 5910433
1.26, 5896293
1.26, 5894802
1.26, 5871740
1.26, 5861165
1.26, 5853139
1.26, 5845899
1.26, 5845652
1.26, 5837113
1.26, 5831367
1.26, 5820610
1.26, 5819015
1.26, 5777649
1.26, 5767761
1.26, 5764715
1.27, 5747926
1.27, 5733579
1.27, 5732536
1.27, 5719807
1.28, 5677561
1.28, 5669714
1.28, 5660144
1.28, 5552896
1.28, 5542448
1.28, 5539348
1.28, 5539003
1.28, 5537969
1.28, 5536477
1.28, 5536233
1.28, 5520515
1.28, 5516816
1.28, 5515188
1.29, 5474264
1.29, 5413329
1.29, 5412871
1.29, 5408906
1.29, 5402652
1.29, 5400342
1.29, 5394800
1.29, 5384609
1.29, 5380055
1.29, 5375590
1.29, 5368709
1.29, 5365798
1.29, 5359554
1.29, 5359213
1.30, 5354986
1.30, 5328366
1.30, 5280160
1.30, 5234488
1.30, 5226815
1.30, 5224487
1.30, 5216634
1.30, 5209664
1.30, 5207612
1.30, 5198190
1.30, 5158491
1.31, 5151380
1.32, 5150978
1.32, 5150170
1.32, 5148164
1.32, 5143413
1.32, 5126947
1.32, 5111077
1.32, 5110776
1.32, 5110105
1.32, 5104048
1.32, 5088928
1.32, 5088889
1.33, 5082717
1.33, 5075082
1.33, 5072053
1.33, 5068286
1.33, 5047265
1.33, 5044218
1.33, 5034388
1.33, 5031931
1.33, 5022031
1.33, 5021942
1.33, 5018838
1.33, 5009007
1.33, 4958800
1.33, 4956504
1.33, 4928389
1.33, 4921466
1.33, 4918849
1.33, 4913051
1.34, 4883569
1.34, 4880903
1.34, 4875507
1.34, 4862818
1.34, 4861561
1.34, 4826972
1.34, 4810525
1.34, 4806299
1.34, 4803287
1.34, 4803258
1.34, 4803046
1.34, 4801981
1.34, 4796972
1.34, 4796819
1.35, 4790797
1.35, 4790743
1.35, 4783096
1.35, 4781258
1.35, 4768528
1.35, 4759605
1.35, 4759285
1.35, 4749183
1.35, 4742661
1.35, 4739324
1.35, 4734183
1.35, 4721161
1.35, 4721146
1.35, 4719623
1.35, 4647036
1.35, 4643970
1.36, 4638403
1.36, 4636774
1.36, 4629986
1.36, 4622727
1.36, 4615118
1.36, 4613682
1.36, 4595550
1.36, 4574019
1.36, 4550606
1.36, 4549770
1.36, 4541954
1.36, 4535582
1.37, 4532444
1.37, 4530258
1.37, 4526569
1.37, 4523034
1.37, 4522985
1.37, 4510048
1.37, 4506530
1.37, 4505604
1.37, 4501319
1.37, 4493026
1.37, 4489261
1.37, 4489224
1.37, 4482494
1.37, 4469467
1.38, 4469042
1.38, 4457263
1.38, 4437517
1.38, 4425445
1.38, 4425006
1.38, 4422972
1.38, 4419241
1.38, 4319786
1.38, 4316091
1.38, 4307504
1.38, 4276854
1.38, 4275582
1.38, 4273455
1.38, 4269717
1.38, 4240846
1.38, 4240513
1.38, 4238350
1.38, 4236587
1.38, 4227946
1.39, 4227688
1.39, 4225895
1.39, 4220276
1.39, 4219088
1.39, 4211819
1.39, 4210691
1.39, 4191118
1.39, 4189461
1.39, 4155214
1.39, 4152155
1.39, 4146790
1.39, 4139429
1.39, 4131738
1.39, 4124606
1.39, 4123228
1.39, 4116022
1.39, 4112175
1.39, 4097524
1.39, 4088685
1.39, 4087838
1.39, 4084288
1.39, 4064506
1.39, 4062707
1.39, 3921205
1.39, 3921131
1.40, 3918645
1.40, 3870304
1.40, 3865285
1.40, 3836999
1.40, 3829436
1.40, 3822906
1.40, 3814261
1.40, 3813970
1.40, 3810411
1.40, 3806804
1.41, 3805195
1.41, 3803242
1.41, 3795734
1.41, 3793105
1.41, 3770125
1.41, 3758757
1.41, 3756804
1.41, 3754654
1.41, 3754607
1.41, 3752081
1.41, 3707435
1.41, 3694384
1.41, 3693495
1.41, 3692107
1.41, 3685021
1.41, 3675096
1.41, 3657070
1.41, 3656813
1.42, 3654107
1.42, 3646559
1.42, 3646376
1.42, 3643981
1.42, 3630078
1.42, 3630070
1.42, 3628227
1.42, 3627810
1.42, 3626699
1.42, 3624138
1.42, 3594644
1.43, 3582350
1.43, 3581656
1.43, 3576115
1.43, 3566166
1.43, 3555140
1.43, 3550170
1.43, 3548758
1.43, 3547683
1.43, 3546812
1.43, 3545663
1.43, 3542170
1.43, 3520632
1.43, 3519209
1.44, 3518833
1.44, 3517973
1.44, 3515845
1.44, 3512977
1.45, 3505247
1.45, 3503071
1.45, 3500357
1.45, 3497205
1.45, 3494275
1.45, 3492020
1.45, 3489297
1.45, 3488207
1.45, 3486640
1.45, 3471398
1.45, 3454581
1.45, 3449496
1.45, 3434617
1.45, 3433471
1.46, 3431224
1.46, 3428070
1.46, 3426322
1.46, 3425997
1.46, 3422195
1.46, 3418776
1.46, 3418420
1.46, 3416455
1.46, 3410467
1.46, 3409633
1.47, 3400114
1.47, 3395941
1.47, 3387755
1.47, 3384437
1.47, 3382414
1.47, 3365184
1.47, 3364643
1.47, 3363386
1.47, 3340708
1.47, 3335829
1.47, 3329157
1.47, 3326170
1.47, 3324683
1.47, 3322548
1.47, 3303591
1.47, 3293808
1.47, 3286793
1.47, 3277602
1.47, 3274760
1.47, 3273486
1.48, 3270722
1.48, 3262986
1.48, 3232282
1.48, 3224210
1.48, 3223780
1.48, 3209935
1.48, 3195874
1.48, 3191454
1.48, 3188219
1.48, 3186779
1.49, 3172051
1.49, 3163927
1.49, 3163216
1.49, 3162044
1.49, 3156960
1.49, 3156049
1.49, 3145828
1.49, 3144143
1.49, 3130879
1.49, 3129016
1.49, 3125448
1.49, 3125311
1.49, 3118034
1.49, 3092201
1.49, 3080435
1.49, 3071384
1.50, 3068715
1.50, 3016521
1.50, 3006927
1.50, 3006090
1.50, 3004929
1.50, 3003869
1.51, 3003553
1.52, 2981461
1.52, 2979806
1.52, 2979374
1.52, 2970476
1.52, 2968453
1.52, 2968127
1.52, 2954416
1.53, 2953938
1.53, 2953749
1.53, 2953677
1.53, 2950930
1.53, 2938220
1.53, 2885514
1.53, 2881651
1.53, 2878741
1.53, 2877130
1.53, 2876405
1.53, 2834795
1.54, 2823506
1.54, 2822536
1.54, 2821466
1.54, 2820970
1.54, 2820336
1.54, 2815649
1.55, 2814231
1.55, 2813434
1.55, 2812111
1.55, 2803792
1.55, 2791934
1.55, 2786654
1.55, 2780358
1.55, 2741728
1.55, 2729609
1.55, 2728952
1.55, 2728015
1.55, 2719836
1.56, 2703343
1.56, 2702479
1.56, 2701500
1.56, 2700632
1.56, 2700500
1.56, 2699755
1.56, 2699687
1.56, 2698963
1.56, 2680561
1.56, 2668902
1.56, 2666539
1.56, 2664460
1.56, 2647626
1.57, 2595021
1.57, 2594744
1.57, 2589809
1.57, 2582504
1.57, 2582218
1.57, 2563708
1.58, 2553350
1.58, 2548483
1.58, 2545462
1.58, 2535536
1.58, 2533177
1.58, 2524807
1.58, 2522106
1.58, 2519497
1.59, 2513709
1.59, 2513462
1.59, 2501393
1.59, 2501216
1.59, 2499660
1.60, 2497682
1.60, 2496949
1.60, 2492654
1.60, 2489002
1.61, 2487900
1.61, 2486470
1.61, 2485379
1.61, 2482376
1.61, 2478443
1.61, 2470100
1.61, 2470011
1.62, 2434619
1.62, 2426642
1.62, 2420538
1.62, 2419401
1.63, 2415962
1.63, 2415534
1.63, 2412952
1.63, 2389075
1.63, 2389051
1.63, 2381363
1.63, 2376435
1.63, 2374177
1.63, 2374127
1.64, 2373258
1.64, 2371934
1.64, 2371410
1.65, 2369387
1.65, 2367857
1.65, 2357664
1.65, 2355273
1.65, 2355046
1.66, 2353300
1.66, 2352996
1.67, 2352658
1.67, 2349679
1.67, 2340627
1.67, 2338866
1.67, 2338483
1.67, 2337424
1.67, 2332802
1.68, 2332091
1.68, 2329729
1.68, 2329728
1.68, 2328249
1.69, 2326774
1.69, 2326511
1.69, 2322238
1.69, 2318280
1.70, 2317690
1.70, 2317544
1.70, 2316816
1.70, 2315743
1.70, 2315355
1.70, 2313268
1.70, 2308879
1.71, 2303179
1.71, 2299333
1.71, 2296243
1.72, 2295347
1.72, 2292474
1.72, 2273180
1.72, 2272096
1.72, 2199559
1.72, 2197494
1.72, 2197451
1.72, 2196267
1.72, 2195824
1.73, 2193924
1.73, 2193064
1.74, 2192259
1.74, 2158993
1.74, 2158415
1.74, 2152110
1.74, 2150353
1.74, 2148258
1.74, 2147438
1.75, 2146421
1.75, 2146294
1.75, 2146037
1.75, 2139296
1.75, 2135097
1.76, 2132179
1.76, 2130354
1.76, 2129914
1.76, 2129620
1.77, 2121580
1.77, 2112391
1.77, 2112316
1.77, 2112218
1.77, 2111974
1.78, 2109071
1.78, 2108303
1.78, 2105846
1.78, 2104513
1.78, 2102929
1.78, 2090657
1.78, 2090310
1.79, 2090295
1.79, 2086375
1.79, 2084192
1.79, 2083402
1.80, 2082334
1.80, 2082165
1.80, 2081926
1.80, 2040143
1.80, 2038340
1.80, 2038200
1.80, 2034919
1.81, 2033122
1.81, 2031043
1.81, 2030556
1.81, 2028601
1.81, 2028246
1.81, 2027011
1.81, 2026912
1.81, 2026709
1.82, 2025055
1.82, 2024162
1.82, 2023598
1.82, 2021673
1.82, 2020884
1.83, 2020222
1.83, 2019644
1.83, 2015117
1.84, 2012867
1.84, 2012845
1.84, 2012634
1.84, 2011595
1.85, 2007646
1.86, 2006056
1.86, 2003049
1.86, 1998786
1.86, 1998597
1.87, 1997077
1.87, 1995057
1.87, 1994711
1.87, 1993591
1.87, 1993379
1.88, 1993148
1.88, 1992017
1.88, 1989933
1.89, 1989052
1.89, 1981767
1.89, 1979548
1.89, 1974647
1.89, 1974608
1.90, 1974146
1.90, 1970198
1.90, 1938656
1.90, 1936854
1.90, 1932883
1.90, 1931899
1.91, 1930801
1.91, 1930583
1.91, 1929758
1.92, 1929051
1.92, 1928185
1.92, 1926165
1.92, 1926042
1.92, 1926013
1.92, 1925382
1.92, 1918081
1.92, 1913923
1.93, 1913335
1.93, 1912643
1.94, 1910934
1.94, 1910878
1.95, 1905206
1.95, 1903883
1.95, 1902756
1.96, 1895130
1.96, 1860119
1.96, 1858839
1.96, 1858690
1.97, 1850521
1.97, 1849793
1.97, 1849504
1.98, 1849180
1.98, 1848977
1.98, 1847512
1.98, 1846260
1.98, 1844908
2.00, 1843215
2.01, 1837425
2.02, 1836160
2.03, 1833500
2.03, 1831738
2.04, 1829075
2.04, 1828566
2.04, 1827200
2.05, 1827107
2.05, 1810348
2.05, 1810123
2.06, 1806138
2.08, 1805889
2.08, 1803816
2.08, 1797738
2.09, 1796486
2.09, 1795941
2.09, 1794419
2.10, 1793866
2.10, 1793753
2.11, 1792933
2.11, 1790076
2.11, 1790067
2.12, 1789657
2.12, 1779703
2.13, 1779640
2.13, 1778855
2.14, 1777855
2.14, 1776451
2.14, 1775617
2.16, 1772657
2.17, 1771680
2.17, 1768704
2.17, 1768515
2.17, 1762978
2.18, 1762651
2.18, 1760493
2.18, 1759997
2.18, 1759277
2.18, 1757908
2.18, 1756652
2.18, 1754251
2.19, 1753035
2.20, 1751933
2.20, 1750154
2.20, 1749639
2.21, 1746872
2.21, 1745789
2.21, 1745683
2.22, 1745681
2.22, 1743947
2.22, 1732655
2.23, 1731374
2.23, 1731109
2.23, 1728827
2.24, 1728321
2.24, 1728093
2.25, 1724818
2.25, 1722339
2.27, 1721851
2.28, 1721257
2.29, 1720648
2.29, 1717614
2.29, 1716746
2.30, 1712888
2.30, 1709189
2.31, 1703699
2.32, 1703312
2.33, 1701218
2.34, 1700566
2.35, 1698130
2.36, 1696839
2.36, 1696815
2.37, 1665666
2.37, 1664604
2.38, 1664572
2.38, 1658378
2.38, 1655349
2.39, 1653576
2.39, 1653454
2.44, 1650048
2.45, 1637385
2.45, 1636710
2.46, 1633420
2.47, 1631360
2.47, 1631333
2.47, 1627794
2.47, 1626576
2.47, 1625802
2.49, 1625729
2.49, 1623343
2.50, 1622694
2.51, 1622328
2.51, 1621138
2.51, 1619312
2.51, 1619274
2.52, 1617779
2.52, 1615769
2.52, 1615604
2.52, 1615601
2.54, 1610775
2.54, 1604257
2.55, 1598485
2.56, 1598102
2.57, 1595054
2.57, 1594529
2.57, 1593063
2.58, 1591673
2.59, 1589170
2.59, 1547867
2.61, 1547659
2.62, 1540787
2.62, 1535916
2.63, 1534571
2.63, 1521461
2.63, 1520528
2.65, 1518151
2.65, 1517973
2.65, 1516364
2.66, 1515383
2.66, 1513439
2.68, 1512691
2.68, 1511201
2.68, 1509897
2.69, 1505635
2.71, 1503253
2.71, 1498313
2.73, 1497399
2.74, 1493960
2.76, 1491796
2.77, 1485133
2.77, 1470070
2.78, 1462638
2.78, 1462369
2.80, 1457653
2.80, 1451216
2.80, 1442427
2.82, 1437788
2.83, 1436429
2.84, 1431297
2.84, 1429610
2.84, 1415591
2.87, 1415149
2.88, 1407463
2.91, 1407226
2.92, 1384709
2.92, 1380888
2.93, 1380806
2.93, 1354631
2.94, 1353368
2.94, 1331559
2.94, 1331164
2.94, 1330795
2.95, 1330410
2.96, 1330031
2.97, 1329705
2.99, 1323567
3.01, 1323461
3.06, 1323196
3.09, 1311138
3.09, 1310880
3.10, 1310172
3.11, 1310105
3.11, 1306757
3.14, 1306591
3.14, 1301637
3.15, 1289801
3.15, 1288524
3.20, 1287178
3.26, 1286150
3.26, 1284828
3.26, 1275952
3.27, 1270592
3.28, 1269806
3.28, 1268941
3.29, 1268628
3.29, 1268417
3.30, 1268025
3.30, 1266788
3.31, 1247028
3.32, 1246082
3.33, 1246011
3.34, 1241254
3.34, 1240903
3.35, 1238471
3.36, 1236276
3.38, 1216010
3.40, 1215865
3.40, 1213101
3.42, 1209669
3.43, 1209156
3.45, 1207802
3.45, 1206041
3.45, 1193736
3.48, 1188959
3.50, 1188823
3.52, 1187703
3.53, 1187040
3.54, 1182813
3.54, 1181419
3.55, 1181050
3.57, 1180871
3.58, 1180115
6.87, 1175821
6.87, 1175206
6.88, 1175201
6.90, 1174622
6.91, 1173557
6.93, 1173135
6.93, 1172844
6.94, 1171606
6.95, 1171032
6.95, 1170147
6.96, 1168262
6.96, 1168192
6.97, 1163999
6.97, 1159240
6.99, 1151256
6.99, 1145338
7.01, 1143990
7.01, 1143800
7.02, 1143466
7.05, 1143269
7.10, 1142144
7.10, 1140523
7.12, 1140444
7.13, 1139860
7.14, 1136348
7.17, 1128929
7.17, 1128925
7.17, 1127850
7.18, 1127706
7.20, 1120929
7.20, 1120217
7.21, 1118980
7.33, 1116469
7.34, 1113579
7.36, 1113534
7.36, 1112189
7.38, 1111711
7.39, 1109404
7.39, 1109253
7.39, 1108959
7.41, 1105174
7.42, 1104283
7.42, 1104222
7.42, 1104035
7.42, 1103737
7.43, 1098243
7.43, 1098116
7.44, 1097833
15.30, 1097600
15.31, 1096049
15.32, 1095964
15.33, 1095956
15.35, 1095505
15.35, 1095479
15.39, 1095465
15.40, 1092941
15.40, 1092721
15.41, 1090893
15.41, 1090455
15.46, 1090121
15.46, 1089418
15.46, 1089387
15.47, 1088876
15.49, 1088676
18.73, 1079852
18.76, 1076648
18.77, 1075761
18.77, 1055274
18.79, 1040731
18.80, 1032385
18.81, 1030642
18.81, 1023800
18.81, 1022900
18.82, 1021635
18.84, 1021452
18.85, 1020876
18.85, 1019968
18.86, 1019446
18.87, 1018696
18.91, 1018283
18.94, 1018176
18.97, 1018001
19.00, 1011473
19.00, 1011174
19.01, 1006685
19.02, 1005684
19.03, 1005336
19.03, 1004823
19.04, 1004311
19.05, 1003728
19.07, 1003317
19.11, 997285
19.13, 997201
19.13, 995639
19.14, 995570
19.15, 978284
19.16, 976269
19.21, 975743
19.22, 973757
