0.02, 7201113
0.02, 7196999
0.02, 7148494
0.02, 7053184
0.02, 7050235
0.02, 7036796
0.02, 7031439
0.03, 7026498
0.03, 7014066
0.03, 7013436
0.03, 7013153
0.03, 7012594
0.03, 7011845
0.03, 7007118
0.03, 6992660
0.03, 6990608
0.03, 6943553
0.03, 6900451
0.03, 6899684
0.03, 6827879
0.03, 6790968
0.12, 6772706
0.12, 6769935
0.12, 6764685
0.12, 6753546
0.20, 6748645
0.20, 6731835
0.20, 6704812
0.20, 6676265
0.20, 6664384
0.20, 6656551
0.20, 6635343
0.20, 6633479
0.20, 6612818
0.20, 6585218
0.20, 6568747
0.20, 6568687
1.08, 6543058
1.08, 6542241
1.09, 6542054
1.09, 6525108
1.09, 6524971
1.09, 6514912
1.11, 6511087
1.11, 6509020
1.11, 6505940
1.11, 6498636
1.11, 6498608
1.11, 6485308
1.11, 6470015
1.12, 6468998
1.12, 6464910
1.12, 6461316
1.12, 6460888
1.13, 6453321
1.13, 6416995
1.13, 6416974
1.18, 6416018
1.18, 6415705
1.18, 6388655
1.18, 6363672
1.18, 6361940
1.18, 6344597
1.18, 6328678
1.18, 6313612
1.18, 6311305
1.19, 6298514
1.19, 6293291
1.19, 6267143
1.19, 6262133
1.19, 6152339
1.19, 6144182
1.19, 6136570
1.19, 6136557
1.19, 6133210
1.19, 6126661
1.19, 6121968
1.19, 6110395
1.19, 6110318
1.19, 6110053
1.19, 6107586
1.19, 6089841
1.19, 6085499
1.19, 6083640
1.19, 6059901
1.19, 6050767
1.19, 6041284
1.19, 6035841
1.19, 6025393
1.19, 6017201
1.20, 5999108
1.20, 5989968
1.20, 5989048
1.20, 5979244
1.20, 5961647
1.20, 5948756
1.20, 5926008
1.23, 5899215
1.23, 5873424
1.23, 5867698
1.23, 5858721
1.23, 5844150
1.23, 5838212
1.23, 5820758
1.23, 5815802
1.23, 5814101
1.23, 5803413
1.23, 5802804
1.23, 5775126
1.23, 5770154
1.23, 5759546
1.23, 5758926
1.25, 5752886
1.25, 5725075
1.25, 5721064
1.25, 5630757
1.25, 5620639
1.25, 5610453
1.25, 5608290
1.26, 5602158
1.26, 5601716
1.26, 5599221
1.26, 5590962
1.26, 5585564
1.26, 5565859
1.26, 5564348
1.26, 5562808
1.27, 5539808
1.27, 5519048
1.27, 5513196
1.27, 5506882
1.27, 5506343
1.27, 5500356
1.27, 5493912
1.27, 5490070
1.27, 5484325
1.27, 5478836
1.27, 5474413
1.27, 5410838
1.27, 5407052
1.27, 5406504
1.28, 5299276
1.28, 5279533
1.28, 5258177
1.28, 5249532
1.28, 5202381
1.28, 5181338
1.28, 5178437
1.28, 5156328
1.28, 5139466
1.28, 5137929
1.28, 5137350
1.28, 5134897
1.28, 5130162
1.28, 5128028
1.28, 5113801
1.28, 5110023
1.28, 5099397
1.28, 5096514
1.28, 5093332
1.28, 5085857
1.29, 5069427
1.29, 5063174
1.29, 5063087
1.29, 5048357
1.29, 5037526
1.29, 5033825
1.29, 5025167
1.29, 5024142
1.29, 5016278
1.29, 5013535
1.29, 4937125
1.29, 4930546
1.29, 4925723
1.29, 4924010
1.29, 4921909
1.29, 4910426
1.29, 4903138
1.29, 4889295
1.29, 4883626
1.29, 4882039
1.30, 4842193
1.30, 4831937
1.30, 4817005
1.30, 4810697
1.30, 4773711
1.30, 4760009
1.30, 4736225
1.30, 4722950
1.30, 4722573
1.30, 4712070
1.30, 4707222
1.30, 4704076
1.30, 4701650
1.30, 4692057
1.30, 4663805
1.30, 4662925
1.30, 4650858
1.30, 4649725
1.31, 4630906
1.31, 4608066
1.31, 4605959
1.31, 4601733
1.31, 4596694
1.31, 4591031
1.31, 4589035
1.31, 4582942
1.31, 4580917
1.31, 4579949
1.31, 4576765
1.31, 4575888
1.31, 4554645
1.31, 4540100
1.31, 4531267
1.31, 4520134
1.31, 4518454
1.31, 4511563
1.31, 4495207
1.32, 4485024
1.32, 4471894
1.32, 4471076
1.32, 4466782
1.32, 4461189
1.32, 4451824
1.32, 4451027
1.32, 4430747
1.32, 4428582
1.32, 4422974
1.32, 4408658
1.32, 4408609
1.33, 4368210
1.33, 4366783
1.33, 4359881
1.33, 4345587
1.33, 4340614
1.33, 4313067
1.33, 4310698
1.33, 4294254
1.34, 4289887
1.34, 4284712
1.34, 4283109
1.34, 4276038
1.34, 4271240
1.34, 4270547
1.34, 4253987
1.34, 4250926
1.34, 4216528
1.35, 4215947
1.35, 4214773
1.35, 4196943
1.35, 4194765
1.35, 4188855
1.35, 4187570
1.35, 4186940
1.35, 4182870
1.35, 4171310
1.35, 4164551
1.35, 4164254
1.35, 4150940
1.35, 4126916
1.35, 4113314
1.35, 4100310
1.35, 4097890
1.35, 4084421
1.36, 4080517
1.36, 4076711
1.36, 4074050
1.36, 4067586
1.36, 4055194
1.36, 4045343
1.36, 4021823
1.36, 4019977
1.36, 4015710
1.36, 3999513
1.37, 3957799
1.37, 3952902
1.37, 3952695
1.37, 3868832
1.37, 3863447
1.37, 3857607
1.37, 3853369
1.37, 3833796
1.37, 3830283
1.37, 3829514
1.37, 3824773
1.37, 3817216
1.37, 3806460
1.37, 3805122
1.37, 3802740
1.37, 3794135
1.39, 3791882
1.39, 3782832
1.39, 3782628
1.39, 3770569
1.39, 3762105
1.39, 3760857
1.39, 3738878
1.39, 3729560
1.39, 3710541
1.39, 3708946
1.40, 3706589
1.40, 3706435
1.40, 3704903
1.40, 3701705
1.40, 3661908
1.40, 3651886
1.40, 3651176
1.40, 3650963
1.40, 3636211
1.40, 3620892
1.40, 3619205
1.40, 3585711
1.40, 3583211
1.40, 3579091
1.40, 3575198
1.41, 3562880
1.41, 3555953
1.41, 3555263
1.41, 3554797
1.41, 3554452
1.41, 3531239
1.41, 3530297
1.41, 3529829
1.41, 3527375
1.41, 3525758
1.42, 3523602
1.42, 3522924
1.42, 3520904
1.42, 3514411
1.42, 3487770
1.42, 3487072
1.42, 3477059
1.43, 3476928
1.43, 3474282
1.43, 3474274
1.43, 3455152
1.43, 3454454
1.43, 3454100
1.43, 3432793
1.43, 3431406
1.43, 3417305
1.43, 3414937
1.43, 3406753
1.43, 3405061
1.43, 3373664
1.43, 3367027
1.43, 3364017
1.44, 3356964
1.44, 3344550
1.44, 3307650
1.44, 3278262
1.44, 3277606
1.44, 3276755
1.44, 3276548
1.44, 3274497
1.44, 3272501
1.44, 3269239
1.44, 3262721
1.44, 3251760
1.44, 3249570
1.44, 3245878
1.45, 3245455
1.45, 3242721
1.45, 3242705
1.45, 3241976
1.45, 3227491
1.45, 3225486
1.45, 3215282
1.46, 3210688
1.46, 3157064
1.47, 3113251
1.47, 3111290
1.47, 3110060
1.47, 3109565
1.47, 3084235
1.47, 3083983
1.47, 3082556
1.47, 3082498
1.47, 3080219
1.47, 3077453
1.47, 3059764
1.47, 3026288
1.48, 3024841
1.48, 3016821
1.48, 3016235
1.48, 3010783
1.48, 3008073
1.48, 3008049
1.48, 3005303
1.48, 3003848
1.48, 3003507
1.48, 3003247
1.48, 2993492
1.48, 2990813
1.48, 2983006
1.48, 2980146
1.48, 2977678
1.49, 2974850
1.49, 2967986
1.49, 2966087
1.49, 2960797
1.49, 2951013
1.49, 2949220
1.49, 2946181
1.49, 2943507
1.49, 2939599
1.49, 2931145
1.49, 2928063
1.49, 2922200
1.49, 2860368
1.49, 2856738
1.49, 2855937
1.49, 2854929
1.50, 2846735
1.50, 2841552
1.50, 2839426
1.50, 2838997
1.50, 2837621
1.50, 2826683
1.50, 2825544
1.50, 2820182
1.50, 2814901
1.50, 2809627
1.50, 2807642
1.50, 2806666
1.50, 2804124
1.51, 2800281
1.51, 2777097
1.51, 2777052
1.51, 2772994
1.51, 2771996
1.51, 2771667
1.51, 2771564
1.51, 2770326
1.51, 2763511
1.51, 2760873
1.51, 2757815
1.51, 2751150
1.51, 2751032
1.51, 2720041
1.52, 2719952
1.52, 2718537
1.52, 2705902
1.52, 2677799
1.52, 2677694
1.52, 2677294
1.52, 2673827
1.52, 2673230
1.52, 2672182
1.52, 2671947
1.52, 2671797
1.52, 2666132
1.52, 2666097
1.52, 2666091
1.53, 2663528
1.53, 2650377
1.53, 2644191
1.53, 2643284
1.53, 2642518
1.53, 2639163
1.53, 2638629
1.53, 2608477
1.53, 2608068
1.53, 2607189
1.53, 2600391
1.53, 2597800
1.53, 2597231
1.53, 2581272
1.53, 2580091
1.53, 2576301
1.54, 2574874
1.54, 2571634
1.54, 2564492
1.54, 2561062
1.54, 2554974
1.54, 2554464
1.54, 2553140
1.55, 2549112
1.55, 2548256
1.55, 2548122
1.55, 2546028
1.55, 2543697
1.55, 2529212
1.55, 2528159
1.55, 2528007
1.55, 2526424
1.56, 2515910
1.56, 2514308
1.56, 2510439
1.56, 2508769
1.56, 2508241
1.57, 2507611
1.57, 2503251
1.57, 2495091
1.57, 2492899
1.57, 2480748
1.57, 2480461
1.57, 2478745
1.57, 2476232
1.57, 2474937
1.57, 2465451
1.58, 2465326
1.58, 2462687
1.58, 2461614
1.58, 2458102
1.58, 2453505
1.58, 2447434
1.59, 2446840
1.59, 2445842
1.59, 2438693
1.59, 2428093
1.59, 2426117
1.59, 2415211
1.59, 2410848
1.60, 2409886
1.60, 2409801
1.60, 2408052
1.60, 2406487
1.60, 2403946
1.60, 2402073
1.60, 2387498
1.60, 2387233
1.60, 2376600
1.61, 2375465
1.61, 2368353
1.62, 2368257
1.62, 2367103
1.62, 2366679
1.62, 2361039
1.62, 2357563
1.62, 2356241
1.63, 2353750
1.63, 2352522
1.63, 2349021
1.63, 2343814
1.64, 2342884
1.64, 2342605
1.64, 2333439
1.64, 2333012
1.64, 2332247
1.64, 2332114
1.65, 2329969
1.65, 2328227
1.65, 2327826
1.65, 2304205
1.65, 2301863
1.65, 2267792
1.66, 2265174
1.66, 2264088
1.66, 2262969
1.66, 2262797
1.66, 2262293
1.66, 2252302
1.67, 2252042
1.67, 2242481
1.67, 2226368
1.68, 2225667
1.68, 2222248
1.68, 2221233
1.69, 2216347
1.69, 2214820
1.69, 2214581
1.69, 2211868
1.69, 2211623
1.69, 2202120
1.69, 2201963
1.69, 2198923
1.69, 2195516
1.69, 2191750
1.69, 2189095
1.70, 2187808
1.70, 2185199
1.70, 2185106
1.70, 2184992
1.70, 2178292
1.70, 2178118
1.70, 2161802
1.70, 2161776
1.70, 2161698
1.70, 2157165
1.71, 2154957
1.71, 2089776
1.71, 2089664
1.72, 2082084
1.72, 2081388
1.72, 2068529
1.72, 2068203
1.73, 2065977
1.73, 2063540
1.73, 2044698
1.73, 2043189
1.73, 2032364
1.74, 2015867
1.74, 2015069
1.74, 2007602
1.74, 2006035
1.74, 2005367
1.75, 2000922
1.75, 1998635
1.75, 1985697
1.75, 1983885
1.75, 1982165
1.75, 1961272
1.76, 1959919
1.76, 1958926
1.76, 1955463
1.76, 1952607
1.76, 1951951
1.77, 1950983
1.77, 1948542
1.77, 1948430
1.78, 1947611
1.78, 1947028
1.78, 1935784
1.78, 1935549
1.78, 1934388
1.78, 1933472
1.79, 1932840
1.80, 1932448
1.80, 1928356
1.80, 1926297
1.81, 1907537
1.81, 1905438
1.82, 1901335
1.83, 1898792
1.83, 1897609
1.83, 1878379
1.83, 1875436
1.83, 1874322
1.83, 1871861
1.83, 1869826
1.84, 1865688
1.84, 1861824
1.84, 1844107
1.84, 1842526
1.85, 1841962
1.85, 1841712
1.85, 1840656
1.85, 1838960
1.86, 1833107
1.86, 1830473
1.86, 1829393
1.87, 1827591
1.87, 1827487
1.88, 1818274
1.88, 1818025
1.88, 1814311
1.88, 1814029
1.89, 1809319
1.89, 1809291
1.89, 1780957
1.89, 1780832
1.90, 1739083
1.90, 1738597
1.91, 1738268
1.91, 1733109
1.91, 1724300
1.91, 1722142
1.92, 1719655
1.92, 1711364
1.92, 1711192
1.92, 1708356
1.93, 1708355
1.93, 1705483
1.93, 1705151
1.93, 1703094
1.94, 1701644
1.94, 1700368
1.94, 1698798
1.94, 1697838
1.95, 1697233
1.95, 1695505
1.95, 1694922
1.95, 1692255
1.95, 1691721
1.96, 1690891
1.96, 1689655
1.96, 1685477
1.96, 1684855
1.97, 1677427
1.97, 1677391
1.98, 1674661
1.98, 1673027
1.99, 1672493
1.99, 1669355
1.99, 1668995
1.99, 1667699
2.00, 1660909
2.00, 1660181
2.00, 1657697
2.00, 1648568
2.00, 1646830
2.00, 1646775
2.01, 1646341
2.02, 1643428
2.02, 1643215
2.02, 1642670
2.02, 1640481
2.02, 1629781
2.02, 1629354
2.03, 1627585
2.03, 1625441
2.03, 1624324
2.03, 1623114
2.04, 1623075
2.05, 1622190
2.06, 1610625
2.07, 1610077
2.07, 1608147
2.07, 1602306
2.07, 1583773
2.08, 1583766
2.08, 1579555
2.09, 1577773
2.09, 1561865
2.09, 1560431
2.10, 1556261
2.10, 1549539
2.10, 1549368
2.10, 1546729
2.10, 1545449
2.10, 1544511
2.12, 1543112
2.13, 1535817
2.13, 1535765
2.14, 1524634
2.14, 1517186
2.14, 1513498
2.14, 1509803
2.15, 1507622
2.15, 1507567
2.15, 1500957
2.16, 1498853
2.16, 1497454
2.16, 1497264
2.17, 1493885
2.18, 1492333
2.18, 1487105
2.18, 1486625
2.18, 1482413
2.18, 1480268
2.18, 1477955
2.19, 1472271
2.19, 1471699
2.20, 1463619
2.20, 1459428
2.20, 1458662
2.20, 1424024
2.20, 1421878
2.21, 1421230
2.21, 1420285
2.21, 1419002
2.22, 1418056
2.22, 1418003
2.22, 1412005
2.22, 1411517
2.23, 1411192
2.23, 1411162
2.24, 1410478
2.25, 1407417
2.26, 1405883
2.26, 1404928
2.27, 1402509
2.28, 1401840
2.29, 1401211
2.30, 1400362
2.31, 1387394
2.31, 1386631
2.31, 1386348
2.32, 1384633
2.32, 1384536
2.32, 1376771
2.33, 1372453
2.34, 1370586
2.35, 1367973
2.35, 1365364
2.35, 1364861
2.36, 1359956
2.37, 1359440
2.37, 1359252
2.38, 1321453
2.39, 1321270
2.39, 1318305
2.40, 1317367
2.40, 1313863
2.40, 1313538
2.40, 1313340
2.40, 1306395
2.40, 1305910
2.40, 1302209
2.41, 1302014
2.42, 1301631
2.42, 1299981
2.43, 1299976
2.43, 1298553
2.44, 1293366
2.44, 1293149
2.45, 1289966
2.46, 1289662
2.47, 1288897
2.48, 1283885
2.48, 1283356
2.49, 1282979
2.49, 1282393
2.50, 1281874
2.51, 1281814
2.52, 1280789
2.53, 1280775
2.54, 1273595
2.54, 1273450
2.54, 1273142
2.55, 1271851
2.55, 1263347
2.56, 1249736
2.57, 1248040
2.57, 1247736
2.57, 1242770
2.57, 1242482
2.58, 1240120
2.58, 1235557
2.60, 1234305
2.60, 1200032
2.61, 1199268
2.63, 1198815
2.63, 1198431
2.63, 1194020
2.64, 1193654
2.64, 1191251
2.67, 1188325
2.67, 1187143
2.67, 1186916
2.67, 1186294
2.67, 1186120
2.70, 1169131
2.70, 1168751
2.71, 1165864
2.72, 1164836
2.72, 1159513
2.75, 1158863
2.78, 1158404
2.79, 1158037
2.80, 1148944
2.80, 1142827
2.80, 1142720
2.81, 1142639
2.82, 1142224
2.82, 1142022
2.84, 1102789
2.85, 1102424
2.85, 1102190
2.88, 1102146
2.89, 1101309
2.89, 1099431
2.90, 1097101
2.90, 1090293
2.90, 1089891
2.90, 1088723
2.91, 1088483
2.91, 1087936
2.92, 1087864
2.93, 1087787
2.93, 1086506
2.95, 1086242
2.95, 1086194
3.00, 1083793
3.02, 1083000
3.05, 1081802
3.05, 1081642
3.06, 1079636
3.09, 1079535
3.10, 1046143
3.12, 1044915
3.13, 1044070
3.14, 1042805
3.15, 1042711
3.15, 1042694
3.16, 1026811
3.17, 1026467
3.17, 1026463
3.17, 1024155
3.17, 1022376
3.17, 1021792
3.18, 1021699
3.19, 1021608
3.20, 1020458
3.21, 1019174
3.21, 1018871
3.25, 1018102
3.26, 1016500
3.28, 1015718
3.29, 1013935
3.31, 1013719
3.35, 1009746
3.35, 1007563
3.36, 1007359
3.37, 1007141
3.38, 996403
3.39, 992135
3.44, 989521
