0.02, 7176407
0.02, 7176354
0.02, 7121918
0.02, 7121099
0.02, 7071719
0.07, 7055715
0.07, 7045412
0.07, 7038144
0.07, 7031300
0.07, 7023008
0.07, 7013865
0.07, 6975684
0.07, 6960204
0.07, 6959121
0.07, 6946869
0.07, 6945337
0.07, 6945253
0.07, 6937135
0.08, 6841512
0.09, 6822797
0.09, 6783215
0.14, 6735586
0.14, 6718372
0.14, 6711503
0.14, 6634687
0.14, 6632369
0.14, 6630389
0.14, 6620212
0.14, 6619776
0.14, 6605139
0.14, 6589083
0.63, 6587608
0.63, 6579988
0.64, 6578947
0.75, 6561941
0.75, 6549812
0.76, 6492344
0.76, 6475468
0.76, 6457498
0.76, 6446716
0.76, 6397275
0.76, 6396408
0.76, 6393195
1.08, 6380979
1.09, 6375967
1.10, 6350877
1.10, 6345437
1.11, 6343271
1.11, 6332925
1.12, 6320249
1.12, 6313763
1.12, 6305825
1.12, 6299446
1.12, 6292136
1.12, 6285411
1.12, 6282543
1.12, 6278242
1.12, 6278241
1.12, 6276167
1.12, 6271320
1.12, 6259790
1.12, 6256097
1.12, 6252208
1.14, 6248799
1.14, 6247075
1.14, 6234898
1.14, 6219110
1.14, 6203315
1.14, 6135287
1.14, 6134776
1.14, 6119195
1.14, 6107074
1.14, 6106931
1.14, 6096825
1.17, 6090097
1.17, 6088710
1.17, 6088667
1.17, 6020171
1.17, 5986365
1.17, 5971727
1.17, 5950971
1.17, 5950036
1.17, 5919616
1.17, 5899007
1.17, 5866761
1.17, 5851091
1.17, 5816600
1.17, 5814770
1.18, 5796281
1.18, 5772690
1.18, 5764286
1.18, 5758807
1.18, 5749350
1.18, 5733869
1.18, 5653756
1.18, 5621100
1.18, 5620003
1.18, 5603916
1.18, 5593498
1.18, 5592953
1.18, 5528369
1.19, 5490792
1.19, 5486311
1.19, 5475948
1.19, 5454598
1.19, 5447403
1.19, 5443568
1.19, 5435696
1.19, 5435042
1.19, 5398269
1.19, 5393534
1.19, 5391053
1.21, 5368548
1.21, 5367922
1.21, 5362606
1.21, 5352978
1.21, 5350064
1.21, 5284092
1.21, 5281083
1.21, 5261406
1.21, 5257045
1.22, 5251730
1.22, 5250383
1.22, 5238473
1.22, 5236983
1.22, 5205702
1.22, 5202634
1.22, 5198755
1.22, 5195618
1.22, 5193610
1.22, 5188566
1.22, 5175571
1.22, 5171445
1.22, 5169556
1.22, 5162935
1.22, 5160393
1.22, 5158329
1.22, 5155635
1.22, 5137719
1.22, 5104771
1.23, 5096262
1.23, 5090441
1.23, 5086765
1.23, 5085493
1.24, 5051125
1.24, 5042079
1.24, 5034997
1.24, 5034501
1.24, 4999403
1.24, 4983034
1.24, 4980787
1.24, 4967660
1.24, 4956584
1.24, 4937134
1.24, 4936929
1.24, 4935336
1.24, 4923468
1.24, 4919703
1.24, 4906839
1.24, 4905211
1.24, 4898385
1.24, 4898121
1.24, 4886910
1.24, 4886871
1.24, 4885159
1.24, 4867538
1.24, 4810694
1.24, 4805031
1.25, 4788659
1.25, 4780910
1.25, 4762838
1.25, 4756984
1.25, 4756023
1.25, 4746009
1.25, 4742093
1.25, 4738350
1.25, 4735965
1.25, 4682618
1.25, 4680305
1.26, 4674453
1.26, 4643733
1.26, 4635162
1.26, 4630262
1.27, 4627123
1.28, 4625362
1.28, 4622685
1.28, 4620752
1.28, 4619787
1.28, 4617798
1.28, 4616437
1.28, 4595451
1.28, 4593317
1.28, 4590531
1.28, 4586666
1.28, 4575102
1.28, 4568068
1.28, 4536096
1.28, 4529583
1.28, 4528306
1.28, 4528032
1.29, 4511353
1.29, 4500758
1.29, 4495225
1.29, 4491383
1.29, 4484266
1.29, 4481420
1.29, 4480041
1.29, 4477201
1.29, 4447730
1.29, 4446578
1.30, 4445094
1.30, 4434579
1.30, 4433466
1.30, 4414967
1.30, 4409504
1.30, 4406454
1.30, 4402428
1.30, 4391175
1.30, 4381014
1.30, 4376336
1.30, 4360601
1.30, 4344999
1.31, 4344407
1.31, 4339101
1.31, 4335610
1.31, 4314751
1.31, 4266958
1.31, 4264059
1.31, 4261636
1.31, 4260399
1.31, 4247121
1.31, 4227371
1.31, 4223650
1.31, 4218956
1.31, 4216976
1.31, 4189061
1.31, 4185919
1.31, 4183485
1.32, 4176962
1.32, 4176882
1.32, 4173404
1.32, 4172680
1.32, 4168391
1.32, 4146786
1.32, 4140475
1.32, 4138396
1.32, 4134584
1.32, 4121010
1.32, 4120826
1.32, 4115321
1.32, 4112671
1.32, 4072297
1.32, 4069277
1.32, 4053862
1.32, 4045627
1.32, 3989960
1.32, 3989856
1.32, 3982792
1.33, 3921302
1.33, 3918986
1.33, 3917342
1.33, 3872864
1.33, 3857605
1.33, 3855713
1.33, 3855654
1.33, 3854754
1.33, 3834684
1.33, 3833935
1.33, 3818978
1.33, 3815537
1.33, 3811263
1.33, 3809523
1.33, 3808897
1.33, 3804937
1.33, 3799250
1.33, 3798892
1.33, 3791726
1.33, 3773124
1.34, 3761164
1.34, 3755212
1.34, 3630789
1.34, 3622192
1.34, 3603837
1.34, 3596771
1.34, 3596523
1.34, 3581320
1.34, 3578859
1.34, 3571265
1.35, 3553341
1.35, 3549143
1.35, 3547794
1.35, 3494255
1.35, 3494088
1.35, 3484430
1.35, 3480358
1.35, 3452666
1.35, 3451127
1.35, 3446190
1.35, 3444090
1.35, 3424420
1.35, 3421393
1.35, 3417234
1.35, 3413482
1.36, 3409163
1.36, 3385996
1.36, 3381869
1.36, 3378366
1.36, 3350838
1.36, 3347503
1.36, 3347205
1.36, 3345097
1.36, 3344923
1.36, 3343208
1.36, 3339073
1.36, 3323727
1.36, 3321367
1.37, 3320846
1.37, 3313124
1.37, 3310592
1.37, 3309275
1.37, 3295245
1.37, 3291591
1.37, 3291045
1.37, 3245818
1.37, 3240306
1.37, 3206106
1.37, 3201749
1.37, 3200384
1.37, 3198399
1.37, 3196263
1.37, 3181047
1.37, 3180736
1.37, 3140946
1.37, 3137781
1.37, 3137760
1.38, 3120694
1.39, 3118897
1.39, 3103795
1.39, 3103733
1.39, 3103518
1.39, 3101674
1.39, 3100714
1.39, 3100711
1.39, 3098054
1.39, 3097575
1.39, 3097545
1.39, 3088126
1.39, 3079597
1.39, 3077439
1.39, 3076113
1.39, 3071814
1.39, 3042462
1.39, 3041734
1.39, 3038428
1.39, 3038379
1.39, 3020932
1.39, 3020439
1.40, 3019092
1.40, 3015542
1.40, 3012490
1.40, 3010703
1.40, 3009694
1.40, 3009672
1.40, 3007953
1.40, 2999386
1.40, 2993692
1.40, 2972572
1.40, 2966848
1.40, 2966538
1.40, 2964746
1.40, 2956616
1.40, 2955722
1.40, 2924840
1.40, 2918800
1.41, 2917925
1.41, 2913043
1.41, 2908682
1.41, 2908392
1.41, 2905199
1.41, 2904047
1.41, 2887967
1.41, 2885800
1.41, 2884548
1.41, 2883538
1.41, 2877645
1.41, 2877304
1.42, 2876032
1.43, 2814468
1.43, 2813313
1.43, 2813270
1.43, 2807854
1.43, 2804459
1.43, 2781927
1.43, 2772106
1.43, 2770721
1.43, 2770334
1.43, 2766776
1.43, 2760387
1.43, 2758136
1.43, 2757683
1.44, 2749294
1.44, 2748965
1.44, 2748622
1.44, 2743566
1.44, 2743537
1.44, 2743076
1.44, 2736652
1.44, 2728987
1.45, 2728091
1.45, 2725263
1.45, 2724796
1.45, 2723213
1.45, 2722905
1.45, 2715404
1.45, 2715132
1.45, 2712606
1.45, 2711444
1.46, 2708980
1.46, 2707993
1.46, 2703088
1.46, 2699444
1.46, 2697266
1.46, 2695726
1.46, 2693870
1.46, 2686382
1.46, 2685586
1.46, 2684193
1.46, 2683470
1.47, 2677902
1.47, 2677613
1.47, 2675781
1.47, 2670757
1.47, 2670295
1.47, 2669332
1.47, 2669298
1.47, 2668414
1.48, 2655736
1.48, 2646911
1.48, 2645262
1.48, 2645045
1.48, 2638119
1.48, 2636977
1.48, 2636841
1.49, 2635872
1.49, 2635805
1.49, 2629640
1.49, 2626583
1.49, 2618889
1.49, 2610211
1.50, 2609362
1.50, 2608991
1.50, 2606028
1.50, 2605981
1.50, 2603124
1.50, 2602211
1.51, 2598561
1.51, 2598420
1.51, 2597563
1.51, 2590640
1.51, 2590575
1.51, 2567145
1.52, 2566740
1.52, 2551025
1.52, 2547987
1.52, 2546724
1.52, 2544485
1.52, 2543391
1.53, 2542023
1.54, 2538227
1.54, 2534317
1.54, 2525149
1.54, 2516765
1.54, 2516348
1.54, 2515382
1.55, 2514403
1.55, 2508476
1.55, 2508395
1.55, 2474326
1.55, 2467991
1.55, 2467588
1.55, 2466640
1.56, 2466369
1.56, 2465269
1.56, 2463860
1.56, 2449396
1.56, 2447619
1.56, 2445803
1.56, 2445548
1.56, 2443274
1.56, 2434561
1.56, 2405522
1.57, 2405418
1.57, 2404685
1.57, 2398438
1.57, 2397712
1.57, 2396537
1.57, 2372340
1.57, 2365010
1.57, 2364753
1.57, 2363227
1.57, 2363012
1.57, 2311394
1.57, 2304973
1.57, 2295562
1.58, 2295152
1.58, 2263870
1.58, 2263766
1.58, 2261315
1.58, 2257748
1.58, 2251188
1.58, 2249425
1.58, 2248642
1.58, 2233464
1.59, 2226796
1.59, 2211379
1.59, 2211297
1.59, 2206453
1.59, 2198509
1.60, 2191857
1.60, 2189686
1.60, 2189281
1.60, 2171546
1.60, 2140383
1.60, 2126767
1.60, 2126506
1.61, 2125792
1.61, 2125713
1.61, 2122322
1.61, 2122032
1.61, 2121352
1.62, 2118389
1.62, 2117774
1.62, 2117319
1.62, 2116709
1.62, 2116199
1.63, 2114836
1.63, 2113775
1.63, 2110899
1.63, 2110888
1.63, 2109869
1.63, 2108366
1.63, 2108265
1.63, 2103437
1.64, 2102097
1.64, 2101893
1.64, 2101854
1.65, 2101187
1.65, 2097824
1.65, 2097778
1.65, 2096111
1.65, 2090640
1.65, 2089093
1.65, 2085843
1.66, 2085821
1.66, 2085337
1.66, 2080293
1.66, 2079305
1.66, 2078853
1.66, 2076690
1.66, 2073581
1.66, 2053299
1.66, 2053043
1.66, 2029712
1.67, 2023556
1.67, 2023253
1.67, 2013889
1.67, 2012000
1.67, 1996367
1.68, 1994043
1.68, 1993283
1.69, 1993213
1.69, 1979192
1.69, 1978857
1.69, 1978756
1.70, 1978139
1.70, 1976998
1.70, 1974833
1.70, 1972768
1.70, 1930060
1.70, 1929308
1.71, 1929188
1.71, 1927891
1.71, 1925898
1.71, 1925607
1.71, 1923999
1.72, 1914795
1.72, 1913523
1.72, 1913381
1.72, 1911285
1.72, 1909628
1.72, 1906088
1.73, 1900067
1.73, 1900050
1.73, 1895114
1.73, 1889826
1.74, 1879977
1.74, 1879647
1.74, 1878927
1.74, 1877791
1.74, 1875091
1.74, 1875069
1.75, 1874731
1.75, 1872954
1.75, 1872704
1.75, 1872094
1.76, 1868074
1.76, 1866317
1.76, 1865667
1.77, 1865324
1.77, 1864111
1.77, 1855438
1.78, 1841843
1.78, 1841748
1.78, 1840382
1.78, 1840272
1.78, 1840054
1.78, 1839364
1.79, 1836747
1.79, 1832465
1.79, 1831200
1.79, 1829678
1.79, 1828471
1.79, 1827382
1.79, 1826834
1.80, 1826813
1.80, 1807253
1.80, 1806189
1.80, 1791459
1.80, 1784839
1.81, 1784136
1.81, 1780132
1.81, 1779055
1.82, 1777581
1.82, 1755694
1.83, 1755176
1.83, 1737468
1.83, 1737111
1.84, 1736544
1.84, 1735402
1.85, 1735249
1.85, 1735075
1.85, 1734475
1.85, 1726939
1.85, 1723804
1.85, 1722797
1.85, 1722015
1.85, 1719160
1.85, 1718582
1.85, 1715650
1.86, 1715312
1.86, 1692374
1.86, 1691621
1.87, 1687233
1.87, 1686850
1.87, 1684651
1.87, 1684184
1.87, 1679091
1.87, 1678422
1.88, 1676386
1.88, 1673229
1.89, 1656969
1.89, 1656940
1.89, 1649880
1.90, 1647775
1.90, 1645551
1.90, 1644990
1.91, 1643603
1.91, 1638687
1.91, 1635604
1.91, 1585752
1.91, 1584746
1.92, 1574131
1.92, 1567140
1.94, 1566297
1.94, 1565658
1.95, 1565189
1.95, 1565146
1.96, 1563360
1.96, 1562147
1.97, 1561341
1.97, 1560772
1.97, 1559312
1.98, 1559249
1.99, 1556777
1.99, 1556373
2.00, 1555793
2.00, 1549311
2.00, 1548946
2.00, 1545503
2.00, 1545000
2.00, 1513217
2.02, 1511900
2.03, 1510659
2.04, 1510249
2.04, 1509690
2.04, 1501657
2.05, 1501136
2.05, 1495551
2.05, 1494810
2.05, 1493943
2.05, 1493538
2.05, 1493535
2.07, 1488820
2.07, 1488270
2.08, 1487003
2.08, 1486501
2.08, 1485500
2.09, 1481917
2.09, 1481004
2.09, 1477028
2.10, 1476075
2.10, 1475414
2.11, 1474270
2.11, 1470092
2.11, 1470060
2.12, 1469489
2.13, 1451411
2.14, 1450994
2.14, 1450353
2.14, 1442658
2.15, 1441783
2.15, 1440548
2.17, 1434281
2.17, 1433646
2.17, 1430747
2.18, 1430242
2.18, 1429524
2.19, 1427489
2.20, 1426744
2.20, 1425044
2.21, 1424104
2.21, 1422151
2.23, 1421155
2.23, 1420281
2.24, 1419491
2.24, 1419465
2.24, 1418939
2.24, 1418578
2.25, 1417770
2.26, 1410021
2.26, 1409919
2.26, 1402455
2.27, 1400549
2.27, 1399960
2.28, 1399348
2.28, 1399262
2.29, 1395003
2.29, 1394715
2.29, 1363319
2.30, 1363254
2.31, 1355833
2.32, 1353471
2.32, 1351856
2.32, 1350218
2.32, 1348552
2.32, 1338590
2.33, 1338576
2.34, 1336290
2.35, 1335917
2.35, 1335545
2.36, 1334378
2.36, 1333165
2.36, 1333067
2.36, 1331559
2.36, 1330210
2.36, 1330115
2.37, 1329928
2.37, 1329238
2.37, 1328746
2.37, 1325600
2.39, 1325258
2.42, 1323667
2.43, 1311183
2.43, 1300295
2.43, 1300158
2.43, 1295189
2.43, 1294203
2.43, 1293605
2.43, 1293391
2.44, 1293086
2.45, 1293064
2.46, 1284299
2.46, 1284029
2.48, 1283532
2.49, 1281273
2.50, 1280173
2.51, 1279745
2.51, 1278120
2.52, 1277940
2.53, 1274930
2.54, 1274852
2.54, 1274595
2.54, 1272961
2.54, 1272114
2.57, 1260122
2.58, 1257061
2.61, 1256472
2.61, 1255550
2.63, 1255515
2.63, 1253764
2.63, 1244954
2.64, 1244602
2.64, 1244009
2.65, 1243129
2.66, 1236791
2.67, 1236155
2.68, 1234498
2.72, 1234251
2.72, 1230930
2.73, 1230425
2.73, 1227535
2.76, 1225474
2.78, 1220264
2.78, 1218835
2.79, 1218744
2.80, 1214333
2.84, 1183788
2.84, 1161361
2.84, 1160568
2.85, 1157914
2.87, 1157872
2.87, 1157072
2.88, 1156531
2.88, 1156350
2.88, 1155318
2.90, 1155226
2.91, 1153569
2.92, 1152785
2.92, 1143175
2.97, 1116476
2.97, 1116193
2.99, 1113046
3.01, 1112309
3.01, 1110941
3.02, 1110569
3.04, 1110404
3.07, 1108778
3.08, 1108331
3.08, 1108234
3.08, 1104683
3.09, 1104399
3.09, 1103277
3.11, 1102872
3.11, 1102256
3.12, 1102033
3.12, 1101212
3.14, 1101133
3.14, 1085327
3.14, 1084284
3.14, 1083333
3.16, 1081765
3.17, 1081397
3.18, 1079425
3.19, 1079286
3.19, 1067428
3.31, 1066782
3.32, 1065786
3.35, 1064623
3.36, 1064223
3.39, 1060732
10.46, 1059365
10.47, 1057552
10.48, 1054978
10.48, 1054725
10.49, 1054532
10.49, 1053473
10.52, 1052174
10.52, 1051748
10.52, 1050898
10.54, 1050349
10.55, 1047740
10.56, 1047034
10.58, 1046970
10.58, 1046808
10.61, 1045530
10.61, 1044655
10.62, 1040942
10.63, 1040064
10.64, 1036426
10.64, 1034623
10.65, 1033226
10.67, 1033052
10.68, 1032263
10.69, 1031956
10.69, 1030471
10.70, 988593
10.70, 988185
10.71, 986451
10.73, 980612
10.73, 972246
35.16, 970475
35.16, 970357
35.17, 969658
35.21, 968746
35.22, 968655
35.24, 967565
35.24, 967258
35.25, 967004
35.27, 961936
35.29, 961123
35.29, 960226
35.30, 959160
35.36, 958022
35.37, 957357
35.38, 955599
35.43, 954583
35.44, 947641
35.49, 946835
35.50, 946506
35.50, 946199
35.55, 944569
