0.02, 7131199
0.02, 7124659
0.02, 7107736
0.02, 7068748
0.02, 7068608
0.02, 7065089
0.02, 7064319
0.02, 7063630
0.02, 7047184
0.02, 7043377
0.02, 6963296
0.02, 6956129
0.02, 6909932
0.03, 6907678
0.03, 6846648
0.09, 6774308
0.09, 6761534
0.09, 6757537
0.09, 6740725
0.45, 6739813
0.45, 6716391
0.45, 6705255
0.45, 6699238
0.45, 6697871
0.45, 6668361
0.45, 6647515
0.45, 6646557
0.45, 6642661
0.45, 6635062
0.46, 6605602
0.80, 6570912
1.08, 6542733
1.08, 6537784
1.08, 6462911
1.08, 6441602
1.08, 6439612
1.08, 6435248
1.08, 6416268
1.08, 6390036
1.08, 6376849
1.08, 6372394
1.11, 6357720
1.11, 6342750
1.11, 6338180
1.12, 6334215
1.12, 6324191
1.12, 6320879
1.12, 6318438
1.12, 6307765
1.12, 6293511
1.12, 6288885
1.12, 6280534
1.12, 6278811
1.12, 6278157
1.12, 6276643
1.12, 6258611
1.12, 6256524
1.12, 6254408
1.12, 6245739
1.12, 6245617
1.12, 6119477
1.13, 6117174
1.13, 6108165
1.13, 6108009
1.13, 6107541
1.13, 6105799
1.13, 6076755
1.13, 6076538
1.13, 6069620
1.13, 6045826
1.13, 6039633
1.18, 6039570
1.18, 6038111
1.18, 6037127
1.18, 6035763
1.18, 5979826
1.18, 5956354
1.18, 5951968
1.18, 5948708
1.18, 5947481
1.18, 5889294
1.18, 5813546
1.18, 5808351
1.18, 5798543
1.18, 5787584
1.18, 5784536
1.18, 5776337
1.18, 5775427
1.18, 5770009
1.18, 5768851
1.18, 5767786
1.18, 5764215
1.18, 5763295
1.18, 5749305
1.18, 5738258
1.18, 5711819
1.18, 5694470
1.18, 5690196
1.18, 5672642
1.18, 5666744
1.18, 5656249
1.18, 5629230
1.18, 5627733
1.18, 5612948
1.19, 5601031
1.19, 5577884
1.19, 5566927
1.19, 5561749
1.19, 5552140
1.19, 5537790
1.19, 5537089
1.19, 5535776
1.19, 5534472
1.20, 5458111
1.20, 5453917
1.20, 5453668
1.20, 5439228
1.20, 5439186
1.20, 5437591
1.20, 5436868
1.20, 5436204
1.20, 5414494
1.20, 5405269
1.20, 5399832
1.20, 5395385
1.20, 5390077
1.20, 5371258
1.20, 5370693
1.20, 5357150
1.21, 5356533
1.21, 5356425
1.21, 5356412
1.21, 5356299
1.21, 5354667
1.21, 5314371
1.21, 5311828
1.21, 5281346
1.21, 5218926
1.21, 5213153
1.21, 5134468
1.21, 5116964
1.22, 5113173
1.22, 5109680
1.22, 5109305
1.22, 5108603
1.22, 5083687
1.22, 5078986
1.22, 5075738
1.22, 5075310
1.22, 5065925
1.22, 5062531
1.22, 5041770
1.22, 5040419
1.22, 5020924
1.23, 5018810
1.23, 5002793
1.23, 4972305
1.23, 4969642
1.23, 4961984
1.23, 4924628
1.23, 4909776
1.23, 4906357
1.23, 4902526
1.23, 4902101
1.23, 4901441
1.23, 4900857
1.23, 4900382
1.23, 4895678
1.23, 4894897
1.24, 4872718
1.24, 4872629
1.24, 4862209
1.24, 4828945
1.24, 4804048
1.24, 4797960
1.24, 4795359
1.24, 4774649
1.24, 4774024
1.24, 4763535
1.24, 4756239
1.25, 4751957
1.25, 4750965
1.25, 4743371
1.25, 4718248
1.25, 4708509
1.25, 4704188
1.25, 4687034
1.25, 4685194
1.25, 4669278
1.25, 4667862
1.26, 4666697
1.26, 4657701
1.26, 4651359
1.26, 4651229
1.26, 4646257
1.26, 4621223
1.26, 4621028
1.26, 4619075
1.26, 4608916
1.26, 4574120
1.26, 4570216
1.26, 4568467
1.26, 4521604
1.26, 4518504
1.26, 4492515
1.26, 4492510
1.26, 4490119
1.27, 4487476
1.27, 4486570
1.27, 4463093
1.27, 4404908
1.27, 4399738
1.27, 4399282
1.27, 4384433
1.27, 4383714
1.27, 4382822
1.27, 4366487
1.27, 4366234
1.27, 4363076
1.27, 4354818
1.27, 4300753
1.27, 4296804
1.27, 4295875
1.27, 4280338
1.27, 4279003
1.27, 4261849
1.27, 4247407
1.27, 4244548
1.27, 4242733
1.27, 4241084
1.27, 4239962
1.27, 4239754
1.27, 4239324
1.27, 4217490
1.27, 4213885
1.27, 4200424
1.27, 4190906
1.28, 4177551
1.28, 4170460
1.29, 4157758
1.29, 4154397
1.29, 4152539
1.29, 4117571
1.30, 4083944
1.30, 4075417
1.30, 4070084
1.30, 4069659
1.30, 4069467
1.30, 4046423
1.30, 4015080
1.30, 4006337
1.30, 4005256
1.30, 4000781
1.30, 3974625
1.30, 3958291
1.30, 3952994
1.30, 3946569
1.30, 3946420
1.30, 3934442
1.30, 3933185
1.30, 3904742
1.30, 3898115
1.30, 3875368
1.30, 3871010
1.30, 3870864
1.30, 3864878
1.31, 3863852
1.31, 3862851
1.31, 3850694
1.31, 3850531
1.31, 3841696
1.31, 3829653
1.31, 3826807
1.31, 3787482
1.31, 3786391
1.31, 3775904
1.31, 3769592
1.31, 3763774
1.31, 3740640
1.31, 3733255
1.31, 3731977
1.32, 3721984
1.32, 3716065
1.32, 3712014
1.32, 3709461
1.32, 3705264
1.32, 3704226
1.32, 3704224
1.32, 3692711
1.32, 3691657
1.32, 3688980
1.32, 3684677
1.32, 3681452
1.32, 3668162
1.32, 3667257
1.32, 3661187
1.33, 3644704
1.33, 3643927
1.33, 3640399
1.33, 3638595
1.33, 3632971
1.33, 3614790
1.33, 3613621
1.33, 3593892
1.33, 3591980
1.33, 3482925
1.33, 3470896
1.33, 3454025
1.34, 3442543
1.35, 3442306
1.36, 3435786
1.36, 3425570
1.36, 3420047
1.36, 3419376
1.36, 3419260
1.36, 3409293
1.36, 3405961
1.36, 3405647
1.36, 3403261
1.36, 3402256
1.36, 3401441
1.36, 3396380
1.36, 3394532
1.37, 3370211
1.37, 3368013
1.37, 3367881
1.37, 3366532
1.37, 3366176
1.37, 3364096
1.37, 3363890
1.37, 3352056
1.37, 3349033
1.37, 3347658
1.37, 3347221
1.37, 3342511
1.37, 3341337
1.37, 3340559
1.37, 3333481
1.37, 3313400
1.37, 3312112
1.37, 3310637
1.38, 3304240
1.38, 3302240
1.38, 3302088
1.38, 3301363
1.38, 3298063
1.38, 3297256
1.38, 3286194
1.38, 3285472
1.38, 3283704
1.38, 3279662
1.38, 3277439
1.38, 3271464
1.38, 3269495
1.38, 3268633
1.38, 3268194
1.39, 3267770
1.39, 3262035
1.39, 3260636
1.39, 3253444
1.39, 3250843
1.39, 3247891
1.39, 3202519
1.39, 3195707
1.39, 3193996
1.39, 3192429
1.40, 3191567
1.40, 3189315
1.40, 3186689
1.40, 3124477
1.40, 3117300
1.40, 3109511
1.40, 3108833
1.40, 3107295
1.40, 3100196
1.40, 3086475
1.41, 3084903
1.41, 3081324
1.41, 3065094
1.41, 3064663
1.41, 3060365
1.41, 3053114
1.41, 3052697
1.41, 3052353
1.41, 3046192
1.41, 3033862
1.41, 3018932
1.41, 3005508
1.41, 2993183
1.41, 2990807
1.41, 2981766
1.41, 2969720
1.41, 2968966
1.42, 2968333
1.42, 2965697
1.42, 2960706
1.42, 2959820
1.42, 2959683
1.42, 2955515
1.42, 2950930
1.42, 2950370
1.42, 2949051
1.42, 2944287
1.42, 2942320
1.42, 2937573
1.42, 2937384
1.42, 2926512
1.42, 2926131
1.42, 2922880
1.43, 2918359
1.43, 2904701
1.43, 2896316
1.43, 2895747
1.43, 2893109
1.43, 2892710
1.44, 2891004
1.44, 2890907
1.44, 2890205
1.44, 2884157
1.44, 2870821
1.44, 2837867
1.44, 2836618
1.44, 2830493
1.45, 2804386
1.45, 2775564
1.45, 2767214
1.45, 2757126
1.45, 2749348
1.45, 2747196
1.45, 2725332
1.45, 2722194
1.45, 2707653
1.45, 2707450
1.46, 2700436
1.46, 2699941
1.46, 2699784
1.47, 2699402
1.47, 2699340
1.47, 2694041
1.47, 2691314
1.47, 2689088
1.47, 2687492
1.47, 2683441
1.47, 2666945
1.47, 2655051
1.47, 2642223
1.47, 2641283
1.47, 2621901
1.48, 2621633
1.48, 2621490
1.48, 2565054
1.48, 2564252
1.48, 2563796
1.48, 2563684
1.48, 2563526
1.48, 2561112
1.48, 2560656
1.48, 2559728
1.49, 2551957
1.49, 2551486
1.49, 2551366
1.49, 2546161
1.49, 2520195
1.49, 2517315
1.49, 2514961
1.50, 2501501
1.50, 2499438
1.50, 2498367
1.50, 2498344
1.50, 2496107
1.50, 2453446
1.51, 2452201
1.51, 2452016
1.51, 2434266
1.51, 2431592
1.51, 2431195
1.51, 2430010
1.51, 2429104
1.51, 2425744
1.51, 2419768
1.51, 2418725
1.51, 2418073
1.51, 2417274
1.51, 2412214
1.52, 2411305
1.52, 2409422
1.52, 2408540
1.52, 2407907
1.52, 2406024
1.53, 2405828
1.53, 2402577
1.53, 2400976
1.53, 2395272
1.53, 2395203
1.53, 2389769
1.53, 2388536
1.53, 2388341
1.53, 2387493
1.53, 2385866
1.53, 2383808
1.53, 2377561
1.54, 2375989
1.54, 2322705
1.54, 2312556
1.54, 2311036
1.54, 2309607
1.54, 2309015
1.54, 2308245
1.54, 2304375
1.54, 2304005
1.55, 2300223
1.55, 2298137
1.55, 2297823
1.55, 2296700
1.55, 2296466
1.55, 2282734
1.55, 2282655
1.55, 2278592
1.55, 2273491
1.55, 2271045
1.55, 2270438
1.56, 2269816
1.56, 2264237
1.56, 2263682
1.56, 2263097
1.56, 2255829
1.56, 2255628
1.56, 2233716
1.57, 2233691
1.57, 2233016
1.57, 2227641
1.57, 2211851
1.57, 2211599
1.58, 2210270
1.58, 2210189
1.58, 2207965
1.58, 2188898
1.58, 2188310
1.59, 2185744
1.59, 2184321
1.59, 2181242
1.59, 2178552
1.60, 2174933
1.60, 2172381
1.60, 2171025
1.60, 2164956
1.60, 2163141
1.60, 2161092
1.61, 2161019
1.61, 2160630
1.61, 2155823
1.61, 2153578
1.61, 2151781
1.61, 2151296
1.61, 2150855
1.61, 2150478
1.61, 2149548
1.62, 2146736
1.62, 2145506
1.62, 2143729
1.62, 2141479
1.62, 2135267
1.62, 2133051
1.62, 2132619
1.63, 2130629
1.63, 2109106
1.63, 2097339
1.63, 2097006
1.64, 2095833
1.64, 2078924
1.64, 2077014
1.64, 2076248
1.64, 2075725
1.64, 2035232
1.64, 2033521
1.64, 2033331
1.64, 2032292
1.64, 2030067
1.65, 2016879
1.65, 2015761
1.65, 2014839
1.65, 2013780
1.66, 2009326
1.66, 2006669
1.66, 2006609
1.67, 2001549
1.67, 2001529
1.67, 2001211
1.67, 2000915
1.67, 1999178
1.67, 1998694
1.68, 1998108
1.68, 1991905
1.68, 1991107
1.68, 1990490
1.69, 1990183
1.69, 1989797
1.70, 1986557
1.70, 1986201
1.70, 1983994
1.70, 1982783
1.70, 1968236
1.70, 1966474
1.70, 1963625
1.71, 1963124
1.71, 1960362
1.71, 1958842
1.71, 1955643
1.71, 1955482
1.71, 1954795
1.72, 1952272
1.72, 1951281
1.72, 1945535
1.73, 1940875
1.73, 1940148
1.73, 1937152
1.73, 1937150
1.73, 1928100
1.73, 1925802
1.73, 1924721
1.74, 1920602
1.74, 1906074
1.74, 1906036
1.74, 1897666
1.74, 1895017
1.75, 1891703
1.75, 1891681
1.75, 1889062
1.75, 1885837
1.75, 1873669
1.76, 1872264
1.76, 1872057
1.76, 1870825
1.76, 1866289
1.77, 1864889
1.77, 1862535
1.77, 1862060
1.77, 1861090
1.77, 1859553
1.78, 1822600
1.78, 1816238
1.78, 1815295
1.78, 1811874
1.78, 1811841
1.79, 1811617
1.79, 1810735
1.79, 1810328
1.79, 1810117
1.79, 1809004
1.79, 1808753
1.80, 1804776
1.80, 1800999
1.80, 1797330
1.81, 1784121
1.81, 1783285
1.81, 1782001
1.82, 1780317
1.82, 1776890
1.82, 1775677
1.82, 1773612
1.83, 1773529
1.83, 1769390
1.83, 1768985
1.83, 1768614
1.83, 1766051
1.83, 1765713
1.84, 1765081
1.84, 1763654
1.84, 1760023
1.84, 1755427
1.85, 1703965
1.85, 1700897
1.85, 1696503
1.85, 1696386
1.85, 1695660
1.86, 1694575
1.86, 1685273
1.86, 1678745
1.87, 1677175
1.87, 1675723
1.87, 1672388
1.87, 1669070
1.87, 1669051
1.87, 1667655
1.88, 1657587
1.88, 1652833
1.89, 1652089
1.89, 1651709
1.89, 1647422
1.89, 1646579
1.90, 1644281
1.90, 1641120
1.90, 1638187
1.90, 1625477
1.91, 1624714
1.91, 1624544
1.91, 1616127
1.92, 1616087
1.93, 1614779
1.94, 1614088
1.94, 1602950
1.95, 1602629
1.95, 1591701
1.95, 1589736
1.95, 1588398
1.96, 1586148
1.96, 1565097
1.96, 1562080
1.96, 1557703
1.96, 1550356
1.98, 1550076
1.98, 1546769
1.99, 1541198
1.99, 1540152
1.99, 1539036
1.99, 1536667
1.99, 1535696
1.99, 1533608
2.00, 1531947
2.00, 1529228
2.00, 1526869
2.00, 1522743
2.00, 1522390
2.00, 1522131
2.01, 1516885
2.02, 1516861
2.02, 1504783
2.03, 1498319
2.04, 1498119
2.04, 1491593
2.05, 1489674
2.05, 1488726
2.06, 1487081
2.07, 1486410
2.07, 1485474
2.07, 1485052
2.08, 1484967
2.09, 1484172
2.09, 1479103
2.09, 1475637
2.10, 1471853
2.10, 1468114
2.10, 1466702
2.11, 1466673
2.11, 1466435
2.11, 1465356
2.12, 1464464
2.13, 1463328
2.13, 1463105
2.13, 1462703
2.13, 1461957
2.13, 1461201
2.15, 1460690
2.15, 1459595
2.15, 1459435
2.15, 1459414
2.16, 1459004
2.16, 1458884
2.16, 1450591
2.17, 1449981
2.18, 1448729
2.19, 1440903
2.20, 1438654
2.21, 1437692
2.21, 1435528
2.21, 1435479
2.21, 1428438
2.21, 1427873
2.22, 1426879
2.22, 1426841
2.22, 1414417
2.22, 1413163
2.23, 1410004
2.23, 1409703
2.24, 1409686
2.25, 1407599
2.26, 1400376
2.26, 1400162
2.28, 1398485
2.29, 1392791
2.29, 1392397
2.29, 1390410
2.30, 1388763
2.30, 1359324
2.31, 1358740
2.31, 1357386
2.32, 1357239
2.32, 1357082
2.34, 1346736
2.35, 1346251
2.35, 1346079
2.36, 1344175
2.37, 1343589
2.37, 1341437
2.39, 1340569
2.42, 1338361
2.42, 1337975
2.43, 1337692
2.43, 1337395
2.44, 1336842
2.44, 1336760
2.45, 1336759
2.45, 1336709
2.45, 1333788
2.46, 1333638
2.46, 1331553
2.46, 1330900
2.46, 1330599
2.49, 1330206
2.50, 1329954
2.53, 1328710
2.53, 1328205
2.54, 1328140
2.55, 1328081
2.55, 1280558
2.55, 1269663
2.56, 1263111
2.56, 1262067
2.57, 1260919
2.58, 1260794
2.59, 1249326
2.60, 1248886
2.61, 1248768
2.61, 1245799
2.62, 1244591
2.63, 1243826
2.63, 1242912
2.65, 1228446
2.66, 1226896
2.68, 1225852
2.70, 1222049
2.70, 1220834
2.70, 1220660
2.71, 1220453
2.72, 1220366
2.73, 1220260
2.73, 1220149
2.76, 1219536
2.78, 1199747
2.79, 1194427
2.79, 1191834
2.79, 1190980
2.79, 1190371
2.80, 1189923
2.80, 1182247
2.81, 1181739
2.83, 1180380
2.87, 1179244
2.89, 1176752
2.90, 1175192
2.90, 1175036
2.90, 1167305
2.92, 1166353
2.93, 1156806
2.93, 1155236
2.93, 1154678
2.95, 1154404
2.95, 1128686
3.04, 1128616
3.05, 1127646
3.05, 1126627
3.06, 1118745
3.06, 1117437
3.06, 1098778
3.07, 1098563
3.08, 1097114
3.08, 1096420
3.11, 1096245
3.11, 1095788
3.12, 1094439
3.13, 1093570
3.13, 1091513
3.14, 1090945
3.19, 1090189
3.21, 1089953
3.23, 1089800
3.23, 1087161
3.23, 1086069
3.24, 1086064
3.24, 1085476
3.25, 1085044
3.28, 1084238
3.30, 1071951
3.32, 1071399
3.32, 1062514
3.32, 1062248
3.33, 1062150
3.33, 1061021
3.33, 1057199
3.34, 1056768
6.75, 1054371
6.76, 1054351
6.77, 1053425
6.77, 1052042
6.78, 1051211
6.78, 1050932
6.80, 1048703
6.83, 1044132
6.86, 1043774
6.86, 1043715
6.87, 1043703
6.88, 1042995
18.14, 1033577
18.15, 1033519
18.16, 999839
18.16, 999672
18.25, 997758
18.27, 997499
25.71, 990063
25.74, 989957
25.74, 988441
25.75, 988097
25.76, 986315
25.76, 986104
25.77, 985769
25.79, 977332
25.79, 976746
25.80, 976717
25.81, 976687
25.82, 976241
25.82, 974657
25.83, 970689
