0.01, 7145194
0.01, 7144920
0.01, 7144667
0.02, 7077267
0.02, 7025705
0.02, 7011773
0.02, 7002729
0.02, 6978620
0.02, 6975467
0.02, 6963450
0.02, 6956349
0.02, 6947418
0.03, 6942585
0.03, 6935319
0.03, 6928322
0.03, 6927410
0.03, 6925708
0.03, 6915402
0.03, 6909590
0.03, 6902854
0.03, 6893574
0.03, 6833537
0.03, 6808176
0.03, 6807977
0.03, 6791753
0.03, 6764538
0.05, 6744291
0.05, 6702329
0.05, 6694397
0.05, 6694394
0.05, 6694245
0.05, 6671914
0.06, 6668593
0.06, 6667160
0.06, 6647934
0.06, 6647518
0.31, 6512409
0.31, 6508147
0.31, 6498124
0.31, 6488574
0.31, 6408065
0.31, 6403720
0.31, 6396972
0.31, 6362327
0.31, 6345353
1.19, 6313494
1.19, 6308203
1.19, 6307126
1.19, 6295362
1.19, 6285539
1.19, 6257406
1.20, 6254637
1.20, 6251672
1.20, 6235671
1.20, 6208364
1.20, 6197037
1.20, 6191705
1.21, 6156471
1.21, 6144489
1.21, 6143657
1.21, 6076493
1.22, 6073446
1.22, 6061876
1.22, 6054839
1.22, 6054591
1.22, 6051518
1.22, 6036574
1.22, 6032726
1.23, 5983679
1.23, 5973157
1.23, 5973111
1.23, 5947128
1.23, 5940906
1.23, 5903776
1.23, 5899295
1.23, 5899027
1.23, 5891282
1.23, 5878259
1.23, 5859548
1.23, 5852603
1.23, 5850513
1.23, 5848920
1.23, 5839760
1.23, 5837669
1.23, 5823259
1.23, 5788986
1.23, 5786793
1.23, 5785199
1.23, 5773505
1.23, 5716135
1.23, 5704546
1.23, 5677309
1.23, 5676271
1.25, 5629357
1.25, 5625371
1.25, 5599602
1.25, 5580442
1.25, 5556626
1.25, 5490315
1.25, 5447347
1.25, 5437464
1.25, 5423815
1.25, 5418993
1.25, 5418777
1.26, 5411984
1.26, 5408999
1.26, 5398884
1.26, 5397410
1.26, 5395736
1.26, 5393993
1.26, 5392839
1.27, 5390373
1.27, 5374502
1.27, 5372026
1.27, 5336609
1.27, 5327028
1.27, 5319361
1.27, 5311697
1.28, 5301222
1.28, 5299669
1.28, 5291089
1.28, 5287964
1.28, 5262423
1.28, 5259523
1.28, 5245977
1.28, 5242057
1.28, 5239649
1.28, 5214631
1.28, 5214550
1.28, 5191027
1.28, 5190822
1.28, 5186243
1.28, 5185359
1.28, 5181540
1.28, 5180534
1.28, 5163171
1.28, 5142214
1.28, 5125451
1.29, 5123502
1.29, 5115415
1.29, 5042823
1.29, 5000151
1.29, 4996357
1.29, 4982439
1.30, 4967581
1.30, 4918382
1.30, 4917304
1.30, 4906693
1.30, 4894875
1.30, 4894629
1.30, 4894531
1.30, 4893921
1.30, 4887658
1.30, 4885894
1.30, 4858685
1.30, 4855122
1.31, 4829858
1.31, 4826455
1.31, 4825543
1.31, 4817185
1.31, 4813979
1.31, 4802137
1.31, 4802073
1.31, 4801964
1.31, 4782332
1.31, 4742503
1.31, 4740122
1.31, 4739066
1.31, 4734098
1.31, 4731787
1.31, 4731398
1.32, 4725756
1.32, 4719725
1.32, 4701759
1.32, 4681914
1.32, 4677292
1.32, 4660286
1.32, 4639080
1.32, 4637694
1.32, 4637543
1.32, 4633885
1.32, 4490182
1.32, 4489630
1.32, 4482698
1.32, 4465924
1.32, 4456449
1.32, 4454580
1.32, 4448679
1.32, 4433133
1.33, 4411384
1.33, 4370125
1.33, 4366971
1.33, 4344091
1.33, 4338655
1.33, 4333447
1.33, 4324649
1.33, 4291786
1.34, 4287453
1.34, 4235367
1.34, 4234311
1.34, 4223493
1.34, 4223255
1.34, 4220649
1.34, 4219689
1.34, 4219394
1.34, 4215218
1.34, 4202892
1.34, 4198239
1.34, 4197309
1.34, 4193407
1.34, 4186326
1.34, 4180424
1.34, 4178536
1.34, 4177595
1.34, 4177138
1.34, 4176676
1.34, 4174669
1.34, 4165359
1.34, 4164017
1.34, 4153711
1.34, 4144790
1.34, 4138106
1.34, 4136864
1.34, 4111334
1.35, 4110790
1.35, 4103517
1.35, 4086511
1.35, 4081738
1.35, 4076292
1.35, 4073697
1.35, 4072351
1.35, 4071557
1.35, 4071400
1.35, 4069019
1.35, 4062448
1.35, 4062277
1.35, 4061029
1.35, 4057843
1.35, 4057827
1.35, 4052744
1.35, 4035719
1.35, 4032454
1.35, 4032389
1.35, 4031572
1.35, 4024024
1.36, 4022498
1.36, 3989602
1.36, 3987583
1.36, 3987491
1.36, 3986150
1.36, 3978668
1.36, 3977271
1.36, 3975169
1.36, 3974399
1.36, 3971457
1.36, 3968280
1.36, 3963870
1.36, 3963502
1.36, 3944582
1.36, 3938512
1.36, 3937781
1.37, 3911190
1.37, 3903322
1.37, 3901851
1.37, 3890860
1.37, 3876566
1.37, 3872548
1.37, 3871467
1.37, 3840642
1.37, 3840154
1.37, 3835314
1.37, 3833937
1.38, 3831561
1.38, 3827648
1.38, 3826960
1.38, 3807186
1.38, 3798209
1.38, 3792013
1.39, 3790302
1.39, 3788848
1.39, 3787902
1.39, 3785247
1.39, 3727929
1.39, 3715313
1.39, 3712213
1.39, 3709622
1.39, 3708886
1.39, 3705441
1.39, 3704211
1.39, 3701907
1.39, 3697915
1.40, 3687278
1.40, 3679735
1.40, 3673417
1.40, 3673280
1.40, 3666357
1.40, 3666248
1.41, 3645563
1.41, 3603494
1.41, 3601583
1.41, 3598773
1.41, 3592237
1.41, 3584891
1.41, 3562374
1.42, 3547662
1.42, 3545775
1.42, 3541151
1.42, 3536329
1.42, 3531193
1.42, 3527199
1.42, 3478717
1.42, 3477214
1.42, 3470190
1.42, 3468890
1.42, 3460382
1.42, 3449705
1.42, 3440993
1.42, 3433379
1.43, 3432771
1.43, 3382981
1.43, 3380255
1.43, 3379978
1.43, 3379754
1.43, 3372871
1.43, 3372841
1.43, 3367744
1.43, 3360270
1.43, 3359412
1.43, 3234428
1.44, 3227412
1.44, 3225090
1.44, 3225069
1.44, 3218255
1.44, 3217860
1.44, 3216567
1.44, 3213690
1.44, 3210555
1.44, 3210436
1.44, 3205788
1.44, 3202403
1.44, 3189596
1.44, 3187323
1.44, 3177384
1.44, 3175408
1.44, 3173900
1.44, 3167222
1.45, 3166558
1.45, 3159909
1.45, 3159118
1.45, 3155573
1.45, 3149666
1.45, 3125926
1.45, 3119298
1.45, 3117384
1.45, 3113423
1.45, 3112566
1.46, 3060661
1.46, 3059199
1.46, 3049322
1.46, 3047634
1.46, 3038833
1.46, 3036795
1.46, 3031900
1.46, 3030502
1.46, 3030337
1.46, 3024471
1.46, 3023937
1.47, 3015291
1.47, 3013858
1.47, 3004433
1.47, 3003279
1.47, 3000271
1.47, 2998573
1.48, 2987648
1.48, 2985754
1.48, 2979235
1.48, 2977784
1.48, 2977630
1.48, 2972677
1.49, 2965491
1.49, 2965150
1.49, 2961751
1.49, 2953240
1.49, 2951817
1.49, 2951585
1.49, 2951262
1.49, 2945131
1.49, 2932283
1.49, 2923047
1.49, 2917951
1.50, 2917185
1.50, 2916200
1.50, 2913798
1.50, 2912273
1.50, 2909012
1.50, 2906380
1.50, 2906204
1.50, 2857098
1.50, 2854720
1.50, 2849469
1.51, 2847019
1.51, 2846696
1.51, 2844415
1.51, 2838472
1.51, 2831920
1.51, 2828586
1.51, 2815615
1.51, 2814714
1.51, 2811240
1.52, 2801871
1.52, 2798802
1.52, 2797218
1.53, 2779758
1.53, 2763670
1.53, 2763308
1.53, 2757450
1.53, 2755647
1.53, 2754850
1.54, 2753739
1.54, 2752953
1.54, 2751105
1.54, 2749821
1.54, 2747405
1.54, 2746595
1.54, 2742720
1.54, 2730127
1.54, 2729591
1.54, 2728914
1.54, 2725594
1.55, 2722973
1.55, 2702577
1.55, 2702313
1.55, 2701593
1.55, 2694048
1.55, 2694003
1.55, 2693938
1.55, 2691575
1.55, 2690479
1.55, 2688352
1.56, 2680005
1.56, 2677410
1.56, 2677374
1.56, 2676574
1.56, 2675892
1.56, 2674928
1.56, 2673953
1.56, 2673064
1.56, 2672228
1.57, 2664729
1.57, 2657248
1.57, 2656782
1.57, 2653336
1.57, 2652996
1.57, 2649174
1.57, 2645087
1.57, 2644850
1.57, 2644156
1.57, 2642008
1.58, 2638894
1.58, 2634323
1.59, 2622778
1.59, 2546507
1.59, 2546411
1.59, 2546381
1.59, 2545433
1.59, 2534923
1.59, 2529997
1.60, 2521666
1.60, 2520632
1.60, 2518608
1.60, 2509558
1.60, 2492889
1.60, 2492210
1.60, 2491890
1.61, 2469412
1.61, 2469100
1.61, 2468946
1.61, 2461482
1.61, 2451609
1.62, 2450777
1.62, 2450479
1.62, 2435152
1.62, 2429121
1.62, 2423863
1.62, 2422816
1.62, 2421019
1.62, 2418326
1.62, 2404133
1.63, 2403897
1.63, 2400269
1.63, 2400241
1.63, 2395271
1.63, 2394971
1.63, 2394137
1.63, 2382370
1.63, 2379195
1.63, 2370651
1.63, 2369352
1.63, 2361900
1.63, 2358480
1.64, 2355231
1.64, 2337523
1.64, 2319443
1.64, 2318788
1.64, 2310105
1.64, 2302787
1.64, 2300469
1.64, 2288696
1.65, 2286198
1.65, 2284736
1.65, 2282449
1.65, 2281038
1.65, 2278746
1.65, 2276334
1.66, 2273843
1.66, 2272484
1.66, 2271194
1.66, 2269619
1.66, 2264083
1.66, 2262009
1.66, 2261688
1.67, 2246093
1.67, 2243751
1.67, 2243386
1.67, 2243139
1.67, 2238644
1.67, 2238600
1.67, 2234745
1.67, 2222278
1.68, 2213589
1.68, 2155283
1.68, 2154256
1.68, 2152475
1.68, 2149329
1.69, 2146064
1.69, 2145068
1.69, 2139625
1.69, 2137602
1.69, 2137592
1.70, 2137432
1.70, 2137345
1.70, 2136330
1.70, 2132246
1.71, 2100523
1.71, 2099712
1.71, 2096740
1.71, 2087222
1.71, 2087006
1.71, 2084925
1.71, 2082416
1.71, 2082390
1.71, 2081301
1.71, 2080085
1.71, 2079161
1.72, 2077827
1.72, 2072760
1.72, 2071431
1.72, 2070981
1.73, 2069977
1.73, 2062963
1.73, 2060115
1.73, 2058742
1.74, 2058723
1.74, 2057079
1.75, 2055879
1.76, 2055009
1.76, 2054834
1.76, 2054583
1.76, 2053535
1.76, 2052555
1.77, 2051700
1.77, 2050805
1.77, 2038209
1.77, 2031479
1.78, 2028751
1.78, 2027158
1.78, 2026061
1.78, 2025175
1.79, 2024043
1.79, 2023622
1.79, 2022190
1.79, 2019969
1.79, 2019958
1.79, 2019031
1.79, 2016089
1.79, 2010368
1.80, 2009835
1.80, 2009734
1.80, 2007585
1.80, 2005717
1.80, 2004443
1.81, 2004400
1.81, 1995809
1.81, 1994379
1.81, 1993442
1.81, 1991355
1.82, 1988571
1.82, 1988538
1.82, 1988499
1.82, 1988232
1.82, 1984012
1.83, 1980997
1.83, 1980040
1.83, 1979974
1.83, 1974802
1.83, 1972582
1.83, 1972213
1.83, 1971910
1.83, 1970665
1.83, 1964979
1.83, 1964115
1.84, 1962624
1.84, 1961996
1.84, 1960694
1.84, 1956923
1.85, 1956434
1.86, 1956404
1.86, 1956130
1.86, 1954173
1.86, 1952189
1.86, 1950798
1.86, 1948912
1.87, 1946980
1.87, 1935024
1.87, 1934873
1.88, 1934503
1.88, 1934474
1.89, 1931919
1.89, 1931472
1.90, 1929037
1.91, 1928916
1.91, 1928019
1.91, 1927269
1.91, 1927194
1.91, 1925763
1.92, 1891675
1.92, 1891326
1.92, 1887943
1.92, 1877294
1.93, 1867326
1.93, 1866712
1.94, 1866704
1.94, 1856445
1.94, 1852244
1.94, 1830590
1.94, 1815561
1.95, 1786576
1.96, 1786238
1.96, 1784915
1.97, 1784900
1.97, 1784203
1.97, 1781547
1.97, 1779573
1.98, 1779512
1.98, 1775768
1.98, 1773890
1.99, 1771608
1.99, 1771023
2.00, 1770962
2.00, 1770698
2.00, 1770679
2.01, 1770551
2.01, 1770342
2.01, 1764533
2.01, 1761296
2.01, 1752846
2.02, 1721141
2.02, 1720931
2.02, 1719597
2.03, 1718957
2.05, 1718409
2.05, 1716321
2.05, 1716314
2.07, 1715828
2.07, 1715757
2.07, 1715327
2.08, 1714440
2.08, 1700607
2.09, 1699709
2.09, 1686049
2.11, 1685886
2.11, 1684083
2.11, 1683441
2.11, 1682573
2.11, 1678615
2.12, 1678558
2.12, 1676186
2.12, 1669813
2.12, 1666870
2.12, 1666320
2.12, 1649757
2.13, 1649441
2.13, 1648873
2.13, 1647609
2.13, 1646762
2.13, 1644944
2.14, 1644723
2.14, 1644104
2.14, 1643876
2.15, 1615705
2.15, 1615667
2.15, 1612025
2.15, 1609555
2.15, 1609058
2.16, 1603105
2.16, 1602180
2.16, 1599780
2.16, 1599598
2.16, 1596604
2.16, 1593483
2.16, 1593183
2.17, 1593145
2.17, 1587544
2.17, 1587444
2.17, 1586656
2.17, 1586042
2.18, 1581653
2.19, 1579301
2.19, 1578807
2.20, 1575334
2.20, 1574332
2.21, 1573486
2.21, 1572008
2.22, 1571861
2.22, 1569839
2.23, 1569515
2.23, 1568798
2.23, 1567518
2.23, 1564176
2.25, 1563853
2.25, 1563549
2.26, 1563450
2.26, 1563227
2.26, 1553164
2.27, 1552202
2.28, 1550186
2.29, 1547712
2.29, 1546138
2.29, 1542579
2.29, 1541167
2.31, 1540792
2.32, 1538453
2.32, 1537251
2.32, 1536122
2.32, 1535654
2.33, 1535383
2.33, 1533641
2.33, 1533166
2.35, 1531266
2.35, 1531092
2.35, 1498660
2.38, 1498023
2.38, 1457783
2.39, 1456537
2.40, 1453601
2.41, 1453175
2.42, 1453041
2.44, 1452614
2.44, 1452195
2.45, 1437301
2.46, 1437068
2.46, 1433503
2.47, 1433209
2.47, 1432517
2.48, 1432375
2.48, 1431034
2.48, 1427532
2.50, 1425992
2.50, 1425720
2.50, 1419442
2.51, 1415084
2.52, 1409573
2.53, 1406333
2.53, 1403765
2.53, 1402511
2.54, 1400604
2.55, 1398166
2.55, 1397135
2.56, 1396752
2.57, 1396037
2.57, 1395272
2.57, 1388968
2.57, 1388904
2.58, 1386717
2.58, 1385642
2.58, 1382299
2.59, 1381100
2.61, 1381011
2.61, 1379492
2.62, 1378859
2.62, 1377293
2.62, 1375770
2.64, 1375588
2.65, 1375564
2.65, 1375106
2.67, 1374574
2.67, 1374095
2.69, 1373017
2.72, 1371074
2.72, 1369772
2.73, 1365814
2.73, 1365775
2.74, 1359994
2.74, 1359675
2.74, 1335781
2.75, 1335622
2.75, 1334433
2.75, 1333910
2.77, 1333232
2.77, 1328404
2.77, 1328257
2.79, 1326326
2.79, 1325895
2.83, 1316944
2.85, 1316940
2.87, 1316022
2.87, 1315234
2.88, 1314732
2.88, 1312968
2.89, 1311243
2.90, 1311157
2.91, 1310881
2.93, 1310391
2.93, 1310140
2.93, 1309844
2.94, 1309198
2.96, 1308403
2.96, 1306962
2.96, 1304536
2.97, 1296860
2.98, 1293328
3.00, 1291932
3.00, 1288460
3.01, 1287971
3.03, 1287933
3.04, 1280134
3.04, 1278975
3.05, 1278571
3.05, 1278032
3.07, 1277215
3.07, 1276803
3.07, 1275819
3.11, 1275799
3.11, 1275600
3.11, 1271430
3.13, 1270980
3.13, 1267912
3.14, 1256229
3.16, 1256112
3.17, 1254885
3.20, 1254346
3.21, 1253960
3.22, 1253585
3.23, 1246845
3.24, 1214156
3.25, 1213175
3.25, 1190525
3.27, 1182483
3.30, 1182393
3.31, 1174693
3.31, 1173592
3.33, 1169963
3.34, 1167587
3.36, 1166845
3.36, 1161100
3.37, 1154278
3.39, 1153927
3.41, 1153290
3.42, 1142359
3.44, 1141590
3.45, 1139494
3.46, 1138682
10.77, 1132798
10.78, 1132694
10.80, 1131039
10.81, 1130046
10.83, 1129170
10.83, 1123832
10.84, 1123664
10.84, 1112488
10.84, 1112078
10.85, 1109985
10.87, 1090444
10.88, 1090438
10.89, 1086722
10.90, 1086311
10.90, 1085982
10.91, 1069491
10.92, 1067020
10.92, 1066466
10.92, 1066437
10.93, 1056195
10.95, 1053304
10.96, 1052483
10.96, 1036429
10.98, 1035860
10.98, 1035775
10.98, 1035477
10.99, 1034684
10.99, 1034565
11.03, 1031005
11.09, 1029446
11.10, 1028620
11.10, 1027183
11.11, 1023771
11.12, 1021713
11.13, 1021649
11.13, 1020809
11.15, 1020326
11.15, 1020229
11.16, 1009642
11.18, 996343
11.23, 995393
11.23, 991719
11.24, 991669
11.26, 987365
11.27, 984924
