0.02, 7104002
0.02, 7101958
0.03, 7058961
0.03, 7048601
0.06, 7040498
0.06, 6977660
0.06, 6958923
0.06, 6941723
0.06, 6903551
0.06, 6873762
0.06, 6865760
0.06, 6862873
0.06, 6854852
0.06, 6852271
0.06, 6851484
0.06, 6803232
0.15, 6734516
0.15, 6731103
0.15, 6717477
0.15, 6688003
0.15, 6684715
0.15, 6683546
0.15, 6683027
0.15, 6681793
0.15, 6680151
0.15, 6676767
0.20, 6665280
0.23, 6615010
0.23, 6612153
0.23, 6579491
0.23, 6568723
0.23, 6562652
0.23, 6554377
0.23, 6550863
0.23, 6523660
0.23, 6522746
0.23, 6508561
0.23, 6504650
0.24, 6502541
0.24, 6360519
0.24, 6358473
0.24, 6346312
0.24, 6337571
0.24, 6227083
1.13, 6225529
1.13, 6216070
1.13, 6178758
1.13, 6156340
1.16, 6142297
1.16, 6111857
1.16, 6018887
1.16, 6013755
1.16, 6007158
1.16, 6003361
1.16, 6002768
1.17, 6002756
1.17, 6002186
1.17, 6000613
1.17, 5996414
1.17, 5993283
1.17, 5991928
1.17, 5968692
1.17, 5963658
1.17, 5960098
1.17, 5957988
1.17, 5949939
1.17, 5948253
1.17, 5947115
1.17, 5924631
1.17, 5920238
1.17, 5917864
1.17, 5915183
1.17, 5884905
1.17, 5833254
1.18, 5826730
1.18, 5825856
1.18, 5802398
1.18, 5772856
1.18, 5762210
1.18, 5691183
1.18, 5681829
1.18, 5681300
1.18, 5666927
1.18, 5640889
1.18, 5633820
1.18, 5594806
1.18, 5586112
1.18, 5555110
1.18, 5547090
1.18, 5545554
1.18, 5545553
1.18, 5544364
1.18, 5543382
1.18, 5538588
1.18, 5536188
1.19, 5535496
1.19, 5520243
1.19, 5482661
1.20, 5472115
1.20, 5454956
1.20, 5441793
1.20, 5365839
1.20, 5364918
1.20, 5364259
1.20, 5341004
1.20, 5332393
1.20, 5304333
1.20, 5298551
1.20, 5286302
1.20, 5280276
1.20, 5279884
1.23, 5267750
1.23, 5239085
1.23, 5237984
1.23, 5235767
1.23, 5220891
1.23, 5217277
1.23, 5212240
1.23, 5195268
1.23, 5188137
1.23, 5180169
1.23, 5125348
1.23, 5085338
1.24, 5069325
1.24, 5064095
1.24, 5029312
1.24, 5027688
1.24, 4982331
1.24, 4968956
1.24, 4949537
1.24, 4940714
1.24, 4928949
1.24, 4923999
1.24, 4921186
1.24, 4916983
1.24, 4895169
1.24, 4892038
1.24, 4890570
1.24, 4875650
1.24, 4869614
1.24, 4859583
1.24, 4846799
1.24, 4826118
1.24, 4820313
1.25, 4819706
1.25, 4811460
1.25, 4811440
1.25, 4804472
1.25, 4802332
1.25, 4799495
1.25, 4798549
1.25, 4796198
1.25, 4779939
1.25, 4774182
1.26, 4700009
1.26, 4688898
1.26, 4688247
1.26, 4687935
1.27, 4687840
1.27, 4681864
1.27, 4674293
1.27, 4669267
1.27, 4650583
1.27, 4649848
1.27, 4615942
1.27, 4610279
1.27, 4610167
1.27, 4609694
1.27, 4606021
1.27, 4605894
1.27, 4603849
1.27, 4602219
1.27, 4567240
1.27, 4566016
1.27, 4561040
1.27, 4558738
1.28, 4552177
1.28, 4548602
1.28, 4523717
1.28, 4520996
1.28, 4520703
1.28, 4520607
1.28, 4519875
1.28, 4516987
1.28, 4510177
1.28, 4506218
1.28, 4506111
1.28, 4506006
1.28, 4503057
1.29, 4498538
1.29, 4490153
1.29, 4485876
1.29, 4479938
1.29, 4472397
1.29, 4461630
1.29, 4455837
1.29, 4443890
1.29, 4443494
1.29, 4433511
1.29, 4429062
1.29, 4420112
1.29, 4418524
1.29, 4415948
1.29, 4406790
1.29, 4403352
1.30, 4401257
1.30, 4395432
1.30, 4379823
1.30, 4377110
1.30, 4362714
1.30, 4358302
1.30, 4355801
1.30, 4355756
1.30, 4352846
1.30, 4351248
1.30, 4326709
1.30, 4321584
1.30, 4318552
1.30, 4318210
1.30, 4288112
1.30, 4280840
1.30, 4280800
1.30, 4280227
1.31, 4267152
1.31, 4261873
1.31, 4201232
1.31, 4194808
1.31, 4184352
1.31, 4182969
1.31, 4161352
1.31, 4158651
1.31, 4151736
1.31, 4149399
1.31, 4149059
1.31, 4147871
1.31, 4146929
1.31, 4140358
1.31, 4132757
1.31, 4126270
1.32, 4117440
1.32, 4113509
1.32, 4111714
1.32, 4111629
1.32, 4102809
1.32, 4087281
1.32, 4083691
1.32, 4077890
1.32, 4064759
1.32, 4049297
1.32, 4044051
1.32, 3938699
1.32, 3937503
1.32, 3935100
1.32, 3906214
1.32, 3905251
1.32, 3899202
1.33, 3896578
1.33, 3870998
1.33, 3864624
1.33, 3861661
1.33, 3858264
1.33, 3851771
1.33, 3844083
1.33, 3835942
1.33, 3751779
1.33, 3748229
1.33, 3743047
1.33, 3735885
1.33, 3666288
1.33, 3663827
1.34, 3661173
1.34, 3658947
1.34, 3658705
1.34, 3622341
1.34, 3621948
1.34, 3618958
1.34, 3617721
1.34, 3613373
1.34, 3609281
1.34, 3608040
1.34, 3601078
1.34, 3599497
1.35, 3597676
1.35, 3597181
1.35, 3594210
1.35, 3589219
1.35, 3584683
1.35, 3580618
1.35, 3580145
1.35, 3579219
1.35, 3578008
1.35, 3577957
1.36, 3569236
1.36, 3557243
1.36, 3554553
1.36, 3529743
1.36, 3529735
1.36, 3528138
1.36, 3519080
1.36, 3515117
1.36, 3514929
1.36, 3514231
1.36, 3513725
1.36, 3511882
1.36, 3510529
1.36, 3504279
1.36, 3502679
1.36, 3497181
1.36, 3480334
1.37, 3459186
1.37, 3458285
1.37, 3455459
1.37, 3449436
1.37, 3441157
1.37, 3435826
1.37, 3404070
1.37, 3399032
1.37, 3398207
1.37, 3397951
1.37, 3396941
1.37, 3392459
1.37, 3391474
1.37, 3390171
1.38, 3386875
1.38, 3385655
1.38, 3381585
1.38, 3357528
1.38, 3345269
1.38, 3338484
1.39, 3331997
1.39, 3326717
1.39, 3323323
1.39, 3322608
1.39, 3293329
1.39, 3217796
1.39, 3200172
1.39, 3178886
1.40, 3178800
1.40, 3176201
1.40, 3164311
1.40, 3163539
1.40, 3160236
1.40, 3158487
1.40, 3150037
1.40, 3138107
1.40, 3135456
1.40, 3132938
1.40, 3098822
1.40, 3095810
1.40, 3093848
1.40, 3086837
1.41, 3086735
1.41, 3085020
1.41, 3079552
1.41, 3073662
1.41, 3072846
1.41, 3067999
1.41, 3067173
1.41, 3065522
1.41, 3063763
1.41, 3063200
1.41, 3059430
1.41, 3058675
1.41, 3057302
1.41, 3055327
1.41, 3049684
1.41, 3049361
1.41, 3048857
1.42, 3048244
1.42, 3044442
1.42, 3042278
1.42, 3041170
1.42, 3039483
1.42, 3036232
1.42, 3031678
1.42, 3031597
1.42, 3016207
1.42, 3015681
1.43, 3008997
1.43, 3004666
1.43, 3004252
1.43, 3001208
1.43, 3000469
1.43, 2997065
1.43, 2976549
1.43, 2971911
1.43, 2967733
1.43, 2964811
1.44, 2957102
1.44, 2957049
1.45, 2952857
1.45, 2951378
1.45, 2941702
1.45, 2936960
1.45, 2932602
1.45, 2931566
1.45, 2931528
1.45, 2927332
1.45, 2924404
1.46, 2919836
1.46, 2916608
1.46, 2914897
1.46, 2914296
1.46, 2913728
1.46, 2889121
1.46, 2881696
1.46, 2880405
1.46, 2874614
1.46, 2866578
1.47, 2860477
1.47, 2860257
1.47, 2858416
1.47, 2850576
1.47, 2848651
1.47, 2842888
1.48, 2815249
1.48, 2814177
1.48, 2800441
1.49, 2798691
1.49, 2796754
1.49, 2793393
1.49, 2790191
1.49, 2784243
1.49, 2783531
1.50, 2781588
1.50, 2781134
1.50, 2778714
1.50, 2778685
1.50, 2776621
1.50, 2769758
1.50, 2763804
1.51, 2759470
1.51, 2758827
1.51, 2756199
1.51, 2755911
1.51, 2755319
1.51, 2740339
1.51, 2738512
1.51, 2730866
1.52, 2727328
1.52, 2719770
1.52, 2717392
1.52, 2709092
1.52, 2698921
1.52, 2696415
1.52, 2696373
1.53, 2690686
1.53, 2680652
1.53, 2680349
1.53, 2679841
1.53, 2675579
1.53, 2674185
1.53, 2673788
1.53, 2664026
1.54, 2656730
1.54, 2656399
1.54, 2654673
1.54, 2654491
1.54, 2652485
1.54, 2651952
1.54, 2643871
1.54, 2643273
1.54, 2642649
1.54, 2627286
1.54, 2625521
1.54, 2605410
1.54, 2604864
1.55, 2603761
1.55, 2603704
1.55, 2602277
1.55, 2596324
1.55, 2545235
1.55, 2545084
1.55, 2544197
1.55, 2544145
1.55, 2542321
1.56, 2538882
1.56, 2535417
1.56, 2520572
1.56, 2502453
1.56, 2472383
1.56, 2472312
1.56, 2468559
1.56, 2468079
1.56, 2461595
1.57, 2459730
1.57, 2452330
1.57, 2450831
1.57, 2450737
1.57, 2449711
1.58, 2433666
1.58, 2431347
1.58, 2430403
1.58, 2368049
1.58, 2367122
1.58, 2366167
1.58, 2366143
1.59, 2363464
1.59, 2356621
1.59, 2355417
1.59, 2354250
1.59, 2352936
1.59, 2352051
1.60, 2349528
1.60, 2317945
1.60, 2307614
1.60, 2307430
1.60, 2274976
1.60, 2272815
1.60, 2269814
1.60, 2268038
1.60, 2266348
1.60, 2264351
1.60, 2261295
1.60, 2237592
1.61, 2232866
1.61, 2232518
1.61, 2230412
1.62, 2228489
1.62, 2219370
1.62, 2219034
1.62, 2216384
1.62, 2214815
1.62, 2210586
1.62, 2207353
1.62, 2206020
1.63, 2205446
1.63, 2204691
1.63, 2191539
1.63, 2189709
1.63, 2188296
1.63, 2186565
1.63, 2186012
1.63, 2185799
1.63, 2185136
1.64, 2147888
1.64, 2143663
1.64, 2141893
1.64, 2141095
1.65, 2139666
1.65, 2138448
1.65, 2138254
1.65, 2134797
1.65, 2133737
1.65, 2132113
1.66, 2131892
1.66, 2129314
1.66, 2127206
1.67, 2123797
1.67, 2123630
1.67, 2114783
1.67, 2114138
1.68, 2104819
1.68, 2104467
1.68, 2101762
1.68, 2099027
1.68, 2098773
1.68, 2097601
1.68, 2096937
1.68, 2095622
1.68, 2073469
1.68, 2070806
1.68, 2062343
1.68, 2052377
1.68, 2049280
1.69, 2047094
1.69, 2038531
1.69, 2036356
1.69, 2035550
1.69, 2033561
1.69, 2032928
1.69, 2028513
1.70, 2027432
1.70, 2025239
1.70, 2021942
1.70, 2020349
1.70, 2019961
1.71, 2018735
1.71, 2010497
1.71, 2009213
1.71, 2007329
1.71, 2007044
1.72, 2005437
1.72, 2004695
1.72, 1994777
1.72, 1992991
1.72, 1991318
1.72, 1987655
1.73, 1985945
1.74, 1985387
1.74, 1983119
1.74, 1981290
1.74, 1979084
1.74, 1968156
1.75, 1968120
1.75, 1900683
1.76, 1898301
1.76, 1897370
1.77, 1895494
1.78, 1894446
1.78, 1892165
1.78, 1891536
1.78, 1891415
1.78, 1877324
1.79, 1876425
1.79, 1875631
1.79, 1839019
1.79, 1825314
1.79, 1825218
1.79, 1820923
1.80, 1820030
1.80, 1819254
1.80, 1819122
1.80, 1815667
1.81, 1814250
1.81, 1814183
1.81, 1811138
1.82, 1806316
1.82, 1805109
1.83, 1803876
1.83, 1801943
1.83, 1801397
1.84, 1781743
1.84, 1779916
1.84, 1779711
1.84, 1774756
1.85, 1771947
1.85, 1771816
1.85, 1770181
1.85, 1769922
1.85, 1764719
1.86, 1763914
1.86, 1761179
1.87, 1760518
1.87, 1758885
1.87, 1758023
1.87, 1758014
1.88, 1738035
1.88, 1737605
1.88, 1730797
1.88, 1729064
1.88, 1727022
1.88, 1726578
1.88, 1726351
1.89, 1725856
1.89, 1725389
1.89, 1724780
1.90, 1724721
1.91, 1723990
1.91, 1723007
1.91, 1722896
1.91, 1722243
1.91, 1720674
1.91, 1719319
1.91, 1719187
1.92, 1718697
1.92, 1717442
1.92, 1714026
1.92, 1669841
1.93, 1669177
1.93, 1668483
1.93, 1667527
1.94, 1667428
1.94, 1666985
1.95, 1657422
1.96, 1657168
1.97, 1655587
1.97, 1653838
1.97, 1647455
1.98, 1645876
1.98, 1643627
1.98, 1641951
1.98, 1641423
1.98, 1641400
1.98, 1632583
1.98, 1632361
1.99, 1631131
2.00, 1629140
2.00, 1628646
2.00, 1627209
2.01, 1623095
2.01, 1622710
2.02, 1617665
2.02, 1615744
2.03, 1613798
2.04, 1613289
2.04, 1612438
2.04, 1608607
2.04, 1606902
2.05, 1605521
2.07, 1605472
2.08, 1596573
2.09, 1595537
2.09, 1595126
2.09, 1577343
2.10, 1575848
2.11, 1575000
2.12, 1574403
2.12, 1571727
2.12, 1569185
2.13, 1568458
2.13, 1567869
2.13, 1566828
2.13, 1565818
2.14, 1564810
2.14, 1564435
2.14, 1562779
2.15, 1543211
2.16, 1534167
2.17, 1526708
2.17, 1523933
2.17, 1521831
2.18, 1520795
2.18, 1520189
2.18, 1520144
2.18, 1518210
2.18, 1508259
2.19, 1507970
2.21, 1507872
2.21, 1503819
2.21, 1502756
2.22, 1499286
2.23, 1499081
2.23, 1497707
2.24, 1492120
2.25, 1482201
2.25, 1482189
2.25, 1480402
2.26, 1479134
2.26, 1478854
2.27, 1478447
2.27, 1478389
2.27, 1473204
2.28, 1471314
2.28, 1470396
2.29, 1470232
2.30, 1467880
2.30, 1463470
2.31, 1462439
2.31, 1460438
2.31, 1459977
2.32, 1455576
2.33, 1452946
2.33, 1451560
2.33, 1450809
2.34, 1449608
2.36, 1449427
2.36, 1448837
2.36, 1448176
2.38, 1447839
2.38, 1445308
2.38, 1410474
2.39, 1409282
2.39, 1409260
2.40, 1409048
2.42, 1406166
2.42, 1404607
2.44, 1402763
2.44, 1402298
2.45, 1401334
2.45, 1400798
2.48, 1395298
2.48, 1394536
2.50, 1392756
2.50, 1392661
2.52, 1389576
2.52, 1374226
2.53, 1371557
2.53, 1368155
2.54, 1367933
2.55, 1365237
2.56, 1364639
2.57, 1364474
2.58, 1364335
2.58, 1364254
2.58, 1361873
2.59, 1361765
2.60, 1361505
2.60, 1359818
2.61, 1355525
2.61, 1354927
2.62, 1353924
2.63, 1352623
2.64, 1351758
2.64, 1350370
2.65, 1349795
2.65, 1345105
2.66, 1344437
2.68, 1344351
2.68, 1343883
2.68, 1342779
2.70, 1339041
2.70, 1338014
2.70, 1318617
2.70, 1317911
2.72, 1313252
2.73, 1312103
2.75, 1308480
2.76, 1308475
2.76, 1305626
2.77, 1305601
2.77, 1297624
2.77, 1297106
2.77, 1294841
2.77, 1293572
2.78, 1292982
2.82, 1292429
2.82, 1291971
2.83, 1270260
2.84, 1266672
2.84, 1266480
2.84, 1265815
2.85, 1265759
2.88, 1265561
2.88, 1264753
2.89, 1264452
2.90, 1264331
2.95, 1263756
2.96, 1263696
2.97, 1263672
2.98, 1263144
2.98, 1261669
2.98, 1260816
2.98, 1211932
2.99, 1174032
3.02, 1173795
3.05, 1172759
3.07, 1172670
3.08, 1172599
3.09, 1171069
3.10, 1170551
3.11, 1169257
3.12, 1168025
3.13, 1166283
3.14, 1164165
3.14, 1162859
3.15, 1156909
3.17, 1155824
3.17, 1148032
3.19, 1147726
3.19, 1145375
3.21, 1145307
3.22, 1135851
3.22, 1134243
3.25, 1134001
3.25, 1132778
3.28, 1132744
3.29, 1131982
3.30, 1130902
3.31, 1115048
3.31, 1094627
3.34, 1093284
3.34, 1091788
3.34, 1077941
3.35, 1071297
3.35, 1070612
3.37, 1070396
3.40, 1070355
3.40, 1057293
10.31, 1036549
10.32, 1036162
10.32, 1034601
10.33, 1021311
10.33, 1020327
10.37, 1019711
10.39, 1018712
10.40, 1018696
10.42, 1018299
10.42, 1017551
10.43, 1017491
10.47, 1016037
10.50, 1016034
10.50, 1014295
10.52, 1013962
10.52, 1013259
10.53, 1013081
10.56, 1010455
10.57, 1010330
10.62, 1009075
10.62, 1003699
10.64, 999104
10.66, 999046
43.98, 998448
43.98, 997089
44.00, 996512
44.00, 996496
44.01, 994741
44.01, 994729
44.02, 994643
44.02, 990018
44.02, 986753
44.04, 986686
44.04, 986513
44.05, 986136
44.05, 982113
44.08, 981796
44.10, 981006
44.10, 980132
44.10, 976181
44.11, 975567
44.15, 974702
44.16, 974568
44.19, 973970
44.19, 972517
44.25, 966065
44.27, 961494
44.28, 954224
44.29, 951765
44.29, 951665
44.30, 951490
44.31, 950942
44.36, 949134
44.36, 946258
44.36, 945871
44.37, 940959
44.38, 939842
44.39, 938946
44.40, 934834
44.41, 934829
44.41, 932323
44.41, 931139
44.42, 928221
44.42, 925804
44.43, 925103
