0.01, 7222400
0.01, 7172428
0.01, 7150575
0.01, 7149456
0.02, 7144341
0.02, 7143564
0.02, 7133467
0.03, 7093413
0.03, 7043256
0.03, 6937749
0.03, 6881416
0.03, 6878227
0.03, 6845104
0.03, 6842720
0.03, 6827917
0.03, 6824281
0.03, 6804557
0.03, 6804135
0.03, 6767319
0.03, 6763876
0.17, 6691259
0.17, 6687068
0.17, 6626808
0.17, 6610954
0.17, 6570917
0.17, 6561900
0.17, 6532847
0.20, 6525793
0.21, 6509184
0.21, 6497023
0.21, 6466872
0.21, 6465986
1.03, 6463901
1.04, 6462062
1.04, 6428944
1.04, 6424577
1.04, 6404768
1.07, 6367067
1.10, 6363852
1.10, 6362000
1.11, 6312509
1.11, 6312496
1.11, 6308774
1.11, 6296922
1.11, 6295691
1.11, 6229014
1.11, 6199976
1.11, 6182336
1.11, 6180733
1.11, 6179057
1.11, 6176533
1.11, 6176166
1.11, 6121444
1.11, 6120295
1.12, 6116238
1.12, 6114171
1.12, 6100535
1.12, 6086893
1.12, 6082801
1.12, 6081053
1.12, 6076957
1.12, 6076046
1.12, 6062543
1.12, 6031774
1.12, 5996169
1.12, 5989052
1.12, 5969810
1.12, 5967513
1.12, 5863737
1.12, 5835697
1.12, 5828612
1.12, 5827909
1.13, 5802826
1.13, 5799515
1.13, 5796089
1.13, 5795836
1.13, 5792853
1.13, 5784785
1.13, 5759221
1.14, 5758377
1.14, 5754537
1.14, 5745394
1.14, 5717852
1.14, 5716349
1.14, 5680703
1.14, 5674992
1.15, 5673766
1.15, 5669505
1.15, 5620444
1.15, 5586614
1.15, 5586602
1.15, 5586043
1.15, 5570467
1.15, 5570448
1.15, 5569368
1.15, 5561574
1.15, 5555579
1.15, 5554145
1.15, 5531836
1.15, 5505735
1.15, 5491096
1.15, 5488324
1.15, 5474960
1.15, 5470665
1.15, 5463333
1.15, 5458843
1.15, 5456963
1.16, 5456413
1.16, 5455982
1.16, 5452394
1.16, 5448722
1.16, 5448628
1.16, 5445005
1.16, 5429703
1.16, 5428042
1.16, 5362676
1.16, 5361958
1.16, 5323428
1.16, 5306500
1.16, 5302526
1.16, 5259332
1.16, 5251301
1.17, 5231074
1.17, 5228260
1.18, 5220087
1.18, 5204052
1.18, 5202687
1.18, 5201804
1.18, 5200150
1.18, 5189063
1.18, 5183334
1.18, 5175958
1.18, 5175391
1.19, 5162007
1.19, 5159981
1.19, 5153956
1.19, 5150313
1.19, 5149977
1.19, 5140108
1.19, 5134865
1.19, 5132747
1.19, 5126140
1.19, 5125321
1.19, 5123060
1.19, 5099930
1.19, 5049828
1.19, 5049331
1.19, 5044634
1.19, 5044050
1.20, 5032015
1.20, 5031929
1.20, 5027195
1.20, 5025316
1.20, 5021987
1.20, 4993982
1.20, 4988633
1.20, 4969870
1.20, 4889162
1.21, 4887967
1.21, 4868354
1.21, 4836263
1.21, 4830311
1.21, 4828888
1.21, 4813533
1.21, 4785485
1.21, 4780597
1.21, 4778841
1.21, 4775425
1.21, 4763568
1.21, 4763053
1.21, 4761594
1.21, 4757322
1.21, 4756769
1.21, 4756686
1.21, 4749526
1.21, 4748532
1.21, 4745743
1.21, 4744887
1.21, 4743329
1.21, 4742646
1.21, 4741978
1.21, 4730871
1.21, 4730568
1.21, 4727918
1.22, 4718948
1.22, 4711814
1.22, 4619511
1.22, 4616852
1.22, 4612281
1.22, 4610817
1.22, 4610236
1.22, 4609695
1.22, 4609614
1.22, 4594082
1.22, 4585013
1.22, 4515497
1.22, 4509171
1.23, 4485028
1.23, 4455438
1.23, 4435162
1.23, 4429570
1.23, 4425465
1.25, 4396731
1.25, 4390261
1.25, 4387421
1.25, 4373793
1.25, 4369303
1.25, 4353791
1.25, 4343112
1.25, 4335689
1.25, 4330494
1.25, 4317932
1.25, 4251249
1.25, 4250377
1.25, 4232650
1.25, 4231318
1.25, 4209109
1.25, 4204737
1.25, 4201495
1.26, 4195555
1.26, 4176668
1.26, 4170402
1.26, 4140609
1.26, 4140291
1.26, 4139664
1.26, 4113657
1.26, 4112664
1.26, 4109642
1.26, 4107114
1.26, 4096716
1.27, 4090331
1.27, 4061338
1.27, 4055491
1.27, 4052491
1.27, 4048966
1.27, 4042775
1.27, 4039515
1.27, 4030156
1.27, 4010907
1.27, 4005469
1.27, 3984971
1.27, 3981850
1.27, 3980052
1.27, 3977927
1.27, 3977627
1.27, 3959774
1.27, 3948087
1.27, 3946854
1.27, 3944846
1.27, 3944452
1.27, 3944269
1.27, 3944117
1.28, 3928855
1.28, 3927925
1.28, 3921997
1.28, 3920162
1.28, 3916954
1.28, 3909126
1.28, 3855890
1.28, 3850435
1.28, 3849757
1.29, 3844073
1.29, 3817632
1.29, 3817556
1.29, 3814899
1.29, 3800800
1.29, 3783519
1.29, 3758331
1.29, 3758263
1.29, 3757657
1.29, 3746337
1.29, 3744292
1.29, 3744188
1.29, 3743595
1.29, 3714316
1.29, 3713733
1.29, 3699863
1.29, 3698167
1.30, 3689757
1.30, 3686302
1.30, 3656584
1.30, 3646325
1.30, 3644026
1.30, 3642016
1.30, 3641564
1.30, 3641291
1.30, 3638930
1.30, 3635526
1.30, 3620557
1.30, 3613890
1.30, 3613330
1.30, 3611173
1.30, 3602803
1.30, 3598644
1.30, 3595971
1.30, 3593387
1.31, 3583666
1.31, 3582448
1.31, 3573763
1.31, 3573510
1.31, 3569795
1.31, 3569647
1.31, 3563768
1.31, 3544095
1.31, 3533847
1.31, 3530700
1.31, 3529904
1.31, 3527409
1.31, 3525607
1.31, 3476540
1.31, 3470447
1.32, 3469522
1.32, 3465665
1.32, 3404067
1.32, 3400981
1.32, 3397897
1.32, 3396520
1.32, 3394089
1.33, 3368120
1.33, 3367745
1.33, 3363100
1.33, 3362191
1.33, 3356264
1.33, 3349085
1.33, 3342764
1.33, 3337824
1.33, 3336027
1.33, 3335201
1.33, 3329754
1.33, 3329383
1.33, 3321543
1.33, 3315845
1.34, 3309685
1.34, 3298999
1.34, 3298102
1.34, 3293235
1.34, 3292708
1.34, 3290284
1.34, 3287005
1.34, 3283999
1.34, 3278120
1.35, 3275903
1.35, 3273707
1.35, 3261314
1.35, 3258754
1.35, 3250566
1.35, 3250432
1.35, 3230690
1.35, 3229111
1.35, 3197823
1.35, 3185761
1.35, 3182369
1.35, 3178503
1.35, 3177805
1.35, 3171370
1.36, 3170908
1.36, 3168821
1.36, 3159776
1.36, 3158386
1.36, 3158223
1.36, 3151291
1.36, 3149637
1.36, 3141853
1.36, 3109535
1.36, 3105975
1.36, 3105414
1.37, 3103778
1.37, 3100511
1.37, 3097469
1.37, 3093183
1.37, 3089527
1.37, 3087182
1.37, 3082850
1.37, 3081826
1.37, 3080136
1.37, 3076594
1.37, 3060614
1.37, 3060317
1.37, 3055734
1.37, 3049288
1.37, 3043835
1.37, 3035942
1.38, 3025285
1.38, 3024232
1.38, 3022204
1.38, 3013113
1.38, 3012540
1.38, 3009064
1.38, 3007393
1.38, 3007282
1.38, 3007220
1.38, 3001467
1.38, 2995654
1.39, 2972462
1.39, 2970559
1.39, 2967639
1.39, 2966032
1.39, 2965621
1.39, 2964812
1.39, 2964515
1.40, 2952339
1.40, 2949918
1.40, 2949904
1.40, 2949611
1.40, 2947479
1.40, 2947153
1.40, 2946519
1.40, 2946279
1.40, 2944312
1.40, 2944256
1.41, 2943661
1.41, 2939667
1.41, 2937070
1.41, 2936993
1.41, 2936802
1.42, 2934638
1.42, 2934544
1.42, 2934188
1.42, 2925090
1.42, 2918785
1.42, 2916557
1.42, 2912312
1.42, 2896121
1.42, 2894946
1.42, 2894678
1.42, 2890242
1.43, 2890186
1.43, 2885189
1.43, 2882256
1.43, 2881908
1.43, 2843789
1.43, 2838376
1.43, 2793296
1.43, 2786789
1.43, 2781619
1.43, 2781184
1.43, 2780574
1.43, 2780312
1.43, 2779509
1.43, 2763280
1.43, 2725090
1.44, 2721736
1.44, 2721131
1.44, 2715530
1.44, 2712158
1.44, 2696840
1.44, 2693170
1.44, 2691786
1.44, 2689205
1.44, 2689194
1.45, 2687536
1.45, 2685413
1.45, 2684958
1.45, 2627350
1.45, 2623387
1.45, 2614929
1.45, 2597948
1.45, 2565386
1.45, 2563688
1.46, 2560249
1.46, 2552286
1.46, 2551663
1.46, 2551361
1.46, 2551353
1.47, 2548810
1.47, 2544705
1.47, 2544645
1.47, 2538765
1.47, 2538582
1.47, 2535324
1.48, 2533531
1.48, 2529160
1.48, 2525047
1.48, 2523539
1.48, 2520435
1.49, 2505193
1.49, 2504493
1.49, 2503883
1.49, 2503829
1.49, 2493494
1.50, 2490939
1.50, 2489017
1.50, 2485728
1.50, 2482241
1.50, 2481417
1.50, 2481274
1.50, 2480562
1.50, 2473079
1.50, 2471966
1.50, 2469407
1.50, 2468628
1.50, 2462806
1.51, 2459441
1.51, 2454356
1.51, 2453152
1.51, 2450804
1.51, 2448564
1.51, 2448529
1.51, 2394039
1.51, 2393772
1.51, 2393701
1.51, 2393682
1.51, 2385078
1.52, 2380477
1.52, 2379647
1.52, 2377559
1.52, 2372890
1.52, 2371750
1.52, 2371461
1.53, 2370584
1.53, 2368742
1.53, 2367248
1.53, 2355197
1.53, 2352873
1.53, 2347615
1.53, 2347094
1.53, 2346501
1.53, 2337961
1.53, 2335900
1.53, 2333465
1.53, 2330699
1.53, 2329504
1.53, 2329367
1.54, 2328879
1.54, 2328566
1.54, 2324080
1.54, 2318170
1.54, 2314505
1.55, 2314199
1.55, 2312683
1.55, 2311634
1.55, 2307361
1.55, 2304466
1.55, 2304200
1.55, 2300624
1.55, 2291500
1.55, 2288386
1.55, 2284456
1.55, 2284081
1.55, 2283423
1.55, 2278336
1.56, 2275212
1.56, 2271375
1.56, 2271119
1.56, 2266154
1.56, 2264973
1.56, 2246059
1.57, 2245999
1.57, 2180912
1.57, 2180222
1.57, 2178485
1.57, 2176133
1.57, 2171887
1.57, 2160600
1.57, 2160226
1.57, 2160061
1.58, 2159096
1.58, 2158208
1.58, 2150587
1.58, 2136136
1.58, 2135726
1.58, 2135208
1.58, 2134412
1.58, 2130575
1.58, 2125957
1.58, 2124209
1.58, 2118154
1.58, 2112034
1.59, 2101028
1.59, 2100583
1.59, 2099258
1.59, 2089906
1.59, 2089817
1.59, 2072645
1.59, 2071817
1.59, 2071583
1.59, 2069830
1.60, 2065321
1.60, 2063861
1.60, 2059197
1.60, 2058420
1.60, 2054512
1.60, 2053318
1.60, 2046768
1.61, 2042751
1.61, 2041426
1.62, 2039190
1.62, 2035622
1.62, 2033726
1.62, 2032549
1.62, 2026576
1.62, 2022795
1.62, 2019845
1.63, 2019215
1.63, 2018560
1.63, 1984725
1.63, 1979351
1.63, 1979250
1.64, 1979071
1.65, 1977438
1.65, 1977392
1.65, 1977077
1.65, 1976709
1.66, 1972416
1.66, 1971486
1.66, 1969461
1.66, 1968746
1.66, 1959364
1.66, 1957121
1.67, 1956915
1.67, 1952866
1.67, 1949134
1.67, 1945437
1.67, 1940313
1.67, 1939935
1.67, 1939735
1.68, 1936445
1.68, 1934421
1.68, 1934042
1.69, 1901477
1.69, 1900425
1.69, 1898347
1.69, 1896630
1.69, 1891138
1.69, 1889714
1.69, 1880156
1.69, 1879388
1.70, 1878733
1.70, 1870822
1.71, 1864887
1.71, 1848260
1.71, 1847469
1.71, 1839479
1.72, 1752820
1.73, 1751614
1.73, 1732337
1.74, 1720670
1.74, 1719126
1.74, 1717817
1.75, 1715144
1.76, 1709779
1.76, 1708901
1.76, 1708467
1.76, 1706545
1.76, 1705295
1.76, 1699703
1.77, 1698873
1.77, 1698714
1.78, 1698005
1.78, 1684404
1.78, 1683226
1.78, 1676331
1.78, 1676125
1.79, 1676077
1.79, 1673296
1.79, 1672596
1.79, 1671278
1.80, 1669589
1.80, 1668718
1.81, 1660555
1.81, 1659519
1.81, 1659205
1.81, 1652972
1.81, 1651732
1.82, 1649292
1.82, 1646082
1.82, 1637015
1.83, 1636631
1.83, 1635380
1.83, 1619717
1.84, 1618130
1.84, 1617145
1.84, 1615544
1.84, 1614814
1.85, 1614146
1.85, 1613915
1.85, 1611496
1.85, 1607641
1.85, 1607223
1.86, 1606471
1.86, 1604892
1.86, 1604122
1.86, 1600207
1.86, 1598434
1.86, 1594764
1.86, 1580557
1.87, 1579927
1.87, 1573851
1.87, 1567613
1.87, 1567445
1.87, 1566789
1.87, 1541853
1.88, 1540909
1.88, 1518186
1.88, 1517865
1.90, 1516846
1.90, 1516062
1.91, 1513651
1.91, 1513366
1.92, 1513229
1.92, 1508940
1.92, 1507658
1.92, 1506563
1.93, 1475733
1.94, 1465094
1.94, 1461885
1.94, 1451473
1.94, 1451162
1.95, 1446045
1.95, 1445971
1.96, 1445961
1.96, 1445959
1.96, 1442975
1.96, 1437688
1.96, 1435580
1.97, 1435417
1.97, 1433645
1.98, 1426762
1.98, 1423262
1.99, 1419574
1.99, 1419369
1.99, 1418079
1.99, 1414765
2.00, 1412772
2.01, 1412677
2.01, 1412571
2.01, 1409542
2.01, 1406688
2.02, 1406303
2.03, 1405657
2.03, 1403764
2.04, 1401377
2.04, 1399345
2.04, 1370781
2.04, 1369124
2.04, 1367944
2.05, 1367811
2.05, 1367622
2.05, 1367530
2.06, 1364272
2.06, 1358981
2.07, 1358094
2.07, 1356931
2.07, 1356739
2.08, 1340065
2.08, 1339582
2.08, 1339116
2.08, 1338776
2.08, 1338570
2.08, 1336700
2.09, 1336538
2.09, 1335951
2.09, 1334525
2.09, 1333758
2.09, 1332843
2.10, 1332458
2.10, 1332140
2.10, 1329939
2.10, 1323779
2.10, 1321243
2.11, 1321071
2.11, 1320499
2.12, 1319586
2.13, 1319538
2.13, 1316970
2.14, 1315939
2.15, 1314088
2.16, 1312218
2.16, 1310571
2.16, 1308984
2.16, 1298780
2.17, 1298481
2.17, 1298203
2.18, 1297924
2.18, 1296197
2.18, 1295811
2.19, 1273047
2.21, 1273031
2.21, 1262724
2.22, 1262496
2.22, 1261430
2.22, 1260193
2.22, 1259184
2.23, 1257887
2.23, 1256693
2.23, 1256053
2.24, 1255521
2.24, 1249138
2.25, 1249001
2.25, 1248884
2.26, 1247322
2.26, 1244990
2.27, 1244693
2.27, 1230943
2.27, 1230904
2.28, 1230786
2.28, 1227455
2.28, 1224227
2.28, 1224035
2.29, 1223792
2.29, 1223286
2.30, 1222582
2.30, 1219503
2.30, 1207600
2.31, 1207301
2.31, 1204955
2.31, 1204507
2.31, 1204281
2.31, 1204223
2.34, 1202706
2.34, 1199775
2.35, 1196027
2.36, 1196018
2.36, 1190069
2.36, 1181427
2.36, 1180789
2.37, 1179753
2.37, 1179651
2.38, 1178884
2.40, 1178650
2.40, 1178404
2.41, 1178053
2.42, 1175136
2.42, 1137205
2.43, 1135364
2.44, 1134247
2.45, 1132964
2.45, 1132709
2.47, 1132476
2.47, 1132400
2.47, 1130805
2.48, 1129776
2.48, 1128944
2.48, 1127659
2.48, 1127529
2.48, 1126918
2.51, 1126860
2.51, 1125427
2.52, 1123184
2.53, 1123115
2.53, 1122747
2.54, 1118741
2.55, 1117723
2.55, 1117715
2.56, 1117250
2.56, 1117195
2.57, 1116527
2.57, 1103057
2.58, 1101775
2.62, 1101317
2.62, 1100410
2.64, 1090307
2.66, 1089537
2.67, 1088493
2.67, 1087503
2.68, 1085778
2.69, 1084074
2.73, 1083980
2.73, 1083245
2.74, 1082077
2.75, 1082034
2.75, 1081852
2.76, 1078933
2.80, 1078084
2.80, 1077219
2.80, 1075486
2.81, 1075180
2.82, 1071376
2.82, 1070090
2.82, 1065986
2.83, 1065505
2.84, 1063590
2.85, 1056500
2.86, 1055309
2.88, 1054427
2.89, 1053069
2.91, 1051714
2.94, 1049428
2.94, 1048658
2.95, 1042464
2.96, 1041992
2.97, 1041790
2.97, 1041659
2.98, 1041637
3.00, 1041398
3.00, 1032387
3.00, 1031139
3.01, 1027840
3.01, 1027394
3.02, 1019089
3.05, 1018966
3.08, 1005988
3.10, 1004678
3.12, 1004389
3.17, 1003277
3.18, 999965
3.20, 990225
3.21, 989716
3.27, 989659
3.29, 988251
3.29, 986520
3.31, 986237
