0.00, 6031404
0.00, 6007635
0.00, 5936518
0.00, 5926600
0.00, 5918881
0.00, 5864376
0.00, 5848291
0.00, 5791021
0.00, 5746741
0.00, 5746404
0.00, 5670015
0.01, 5620529
0.01, 5616726
0.01, 5590732
0.01, 5440074
0.01, 5436893
0.01, 5432960
0.01, 5412542
0.01, 5397194
0.05, 5356693
0.06, 5332715
0.08, 5307441
0.08, 5261784
0.10, 5196431
0.33, 5185002
0.33, 5150780
0.33, 5144462
0.33, 5134201
0.33, 5133017
0.57, 5112269
0.57, 5091411
0.57, 5082970
0.57, 5080025
0.57, 5067953
0.57, 5066797
0.63, 5061408
0.63, 5026769
0.63, 5025895
0.65, 5002738
0.65, 5001698
0.65, 4914936
0.65, 4911229
0.65, 4905051
0.65, 4904826
0.65, 4884797
0.65, 4849418
0.65, 4840442
0.65, 4785303
0.66, 4757184
0.66, 4734987
0.66, 4698381
0.66, 4650132
0.66, 4633504
0.66, 4585819
0.66, 4555555
0.66, 4552005
0.67, 4550058
0.67, 4524603
0.67, 4512440
0.67, 4492603
0.67, 4476606
0.67, 4288850
0.67, 4270046
0.67, 4268909
0.68, 4268285
0.68, 4259232
0.68, 4235713
0.68, 4212670
0.68, 4189175
0.68, 4120640
0.68, 4118991
0.68, 4104785
0.68, 4007413
0.69, 3925192
0.69, 3874908
0.69, 3831639
0.69, 3814899
0.70, 3806859
0.70, 3791949
0.70, 3721697
0.70, 3699938
0.70, 3645032
0.72, 3627371
0.72, 3576823
0.72, 3563267
0.72, 3559961
0.72, 3505640
0.72, 3486449
0.72, 3461932
0.72, 3450127
0.72, 3422984
0.73, 3417968
0.73, 3384025
0.73, 3340943
0.73, 3330186
0.73, 3320002
0.73, 3215689
0.73, 3208833
0.73, 3181332
0.73, 3142847
0.73, 3108799
0.73, 3096994
0.73, 3088034
0.73, 3086715
0.73, 3084537
0.73, 3077427
0.73, 3070471
0.73, 3063257
0.74, 3039174
0.74, 3037131
0.74, 3035118
0.74, 3019045
0.74, 3011557
0.74, 3003047
0.74, 2983045
0.74, 2946196
0.74, 2927502
0.74, 2921493
0.74, 2917831
0.74, 2910629
0.74, 2877823
0.74, 2864262
0.74, 2863301
0.74, 2850361
0.74, 2845945
0.74, 2812457
0.75, 2809688
0.75, 2739342
0.75, 2738469
0.75, 2700451
0.75, 2696111
0.75, 2686383
0.75, 2670160
0.75, 2669145
0.75, 2656695
0.75, 2656457
0.75, 2653058
0.75, 2652737
0.75, 2617480
0.75, 2596149
0.75, 2594462
0.75, 2527354
0.75, 2512600
0.75, 2476600
0.75, 2473338
0.75, 2464153
0.75, 2395789
0.75, 2391053
0.76, 2375652
0.76, 2339706
0.76, 2316005
0.76, 2305936
0.76, 2282934
0.76, 2276664
0.76, 2260063
0.78, 2231314
0.78, 2225856
0.78, 2216788
0.78, 2194785
0.78, 2177719
0.78, 2176622
0.79, 2175372
0.79, 2174176
0.79, 2140947
0.79, 2138908
0.79, 2138580
0.79, 2132121
0.79, 2130951
0.80, 2128118
0.80, 2122744
0.80, 2120190
0.80, 2113071
0.80, 2107512
0.80, 2097806
0.80, 2065328
0.80, 2063409
0.80, 2049861
0.80, 2027350
0.81, 2024756
0.81, 2016931
0.81, 2013206
0.81, 1977608
0.82, 1943810
0.82, 1942514
0.82, 1939583
0.82, 1929269
0.82, 1929183
0.82, 1925358
0.82, 1906326
0.82, 1900342
0.82, 1882672
0.82, 1882244
0.83, 1867999
0.83, 1854021
0.83, 1847990
0.83, 1843548
0.83, 1834667
0.84, 1834411
0.84, 1831584
0.84, 1830186
0.84, 1810132
0.84, 1801776
0.84, 1794658
0.85, 1785834
0.85, 1766023
0.85, 1763479
0.85, 1737263
0.85, 1728129
0.85, 1710320
0.85, 1704712
0.85, 1702209
0.86, 1700876
0.86, 1695527
0.86, 1692315
0.86, 1692014
0.86, 1692012
0.87, 1691509
0.87, 1687008
0.87, 1668469
0.87, 1664780
0.87, 1653821
0.87, 1653019
0.88, 1629729
0.88, 1627587
0.88, 1599170
0.88, 1595606
0.88, 1595604
0.88, 1566533
0.88, 1528767
0.89, 1520514
0.89, 1518849
0.89, 1503057
0.90, 1490412
0.90, 1486557
0.90, 1486019
0.91, 1483624
0.91, 1475353
0.92, 1462335
0.92, 1450868
0.92, 1447817
0.92, 1442065
0.92, 1423727
0.92, 1423492
0.92, 1415204
0.93, 1414556
0.93, 1414390
0.94, 1409901
0.94, 1401298
0.94, 1396477
0.94, 1391092
0.94, 1385137
0.95, 1384247
0.95, 1369000
0.95, 1368619
0.96, 1367508
0.97, 1366884
0.97, 1334807
0.98, 1326421
0.98, 1318923
0.99, 1314108
0.99, 1306403
0.99, 1306283
1.00, 1292363
1.00, 1283319
1.00, 1283140
1.00, 1279676
1.01, 1273634
1.04, 1273411
1.04, 1257844
1.05, 1241937
1.05, 1230629
1.05, 1220583
1.05, 1207732
1.06, 1207543
1.06, 1185675
1.09, 1181937
1.10, 1181518
1.10, 1181130
1.10, 1181128
1.11, 1179321
1.11, 1175806
1.24, 1175657
1.25, 1167868
1.26, 1157889
1.27, 1155615
1.27, 1153959
1.29, 1151606
1.29, 1151373
1.31, 1144321
1.32, 1141351
1.32, 1140428
1.32, 1133010
1.34, 1131632
1.34, 1131435
1.35, 1120403
1.36, 1112719
1.36, 1111549
1.38, 1110768
1.38, 1110094
1.40, 1102401
1.43, 1100757
1.47, 1052282
1.48, 1050911
1.50, 1045555
1.54, 1038101
1.54, 1037970
1.54, 1026736
1.55, 1008815
1.56, 998209
1.64, 996638
1.65, 996005
1.70, 988170
1.74, 962538
1.74, 959460
1.82, 949481
1.86, 943867
1.91, 936726
1.92, 933380
1.94, 928233
2.00, 922926
2.02, 903357
2.04, 903318
13.69, 893490
13.71, 891335
13.71, 881315
13.76, 880378
13.87, 880083
13.96, 879629
14.02, 877049
14.03, 871120
14.03, 867336
14.04, 866413
14.07, 866400
14.07, 860561
14.17, 857227
14.20, 857190
14.35, 856973
14.41, 856934
48.23, 850683
48.42, 843224
