0.00, 6029990
0.00, 5959531
0.01, 5958349
0.01, 5954461
0.01, 5853743
0.01, 5852090
0.01, 5836893
0.01, 5770493
0.01, 5653237
0.01, 5521616
0.01, 5507877
0.03, 5495743
0.03, 5428873
0.03, 5399939
0.03, 5397254
0.03, 5267381
0.03, 5231660
0.03, 5215215
0.08, 5187171
0.08, 5163491
0.08, 5103576
0.09, 5028994
0.09, 4978733
0.38, 4977388
0.38, 4908154
0.59, 4899142
0.59, 4881240
0.63, 4855726
0.63, 4841774
0.63, 4753943
0.63, 4664905
0.63, 4578535
0.63, 4540494
0.63, 4518846
0.63, 4482726
0.63, 4470569
0.63, 4404094
0.65, 4325964
0.65, 4303169
0.65, 4259741
0.65, 4229500
0.68, 4196742
0.68, 4192725
0.68, 4186817
0.69, 4170698
0.69, 4140686
0.69, 4131772
0.69, 4116270
0.70, 4113737
0.70, 4101518
0.70, 4059221
0.70, 3992337
0.70, 3983548
0.70, 3963854
0.70, 3921909
0.70, 3841131
0.70, 3816627
0.70, 3808483
0.70, 3785839
0.71, 3751784
0.71, 3687000
0.71, 3623522
0.71, 3590385
0.71, 3580732
0.71, 3572050
0.71, 3548627
0.71, 3517867
0.71, 3516271
0.71, 3514945
0.71, 3509405
0.71, 3505507
0.72, 3500062
0.72, 3488049
0.72, 3484328
0.72, 3484215
0.72, 3475958
0.72, 3467360
0.72, 3454703
0.72, 3422162
0.72, 3417254
0.72, 3380228
0.72, 3357191
0.72, 3341900
0.72, 3336205
0.72, 3330726
0.72, 3328282
0.72, 3326724
0.72, 3270834
0.73, 3255817
0.73, 3220291
0.73, 3176971
0.73, 3176869
0.73, 3174200
0.73, 3172051
0.73, 3152864
0.74, 3114544
0.74, 3088462
0.74, 3082881
0.74, 3074212
0.74, 3068902
0.74, 3067818
0.74, 3067384
0.74, 3060362
0.74, 3057482
0.74, 3017623
0.74, 3013717
0.74, 2935199
0.74, 2893609
0.74, 2876066
0.74, 2856054
0.74, 2848623
0.74, 2816567
0.74, 2768269
0.74, 2759279
0.74, 2752991
0.74, 2744519
0.75, 2735919
0.75, 2721721
0.75, 2688896
0.75, 2672212
0.75, 2668101
0.75, 2660357
0.75, 2636713
0.76, 2626665
0.76, 2621869
0.76, 2603435
0.76, 2598775
0.76, 2597368
0.76, 2595535
0.76, 2591564
0.76, 2570913
0.76, 2560680
0.76, 2551303
0.76, 2546240
0.77, 2541421
0.77, 2491290
0.77, 2489231
0.77, 2456386
0.77, 2453012
0.77, 2433330
0.77, 2431829
0.77, 2429945
0.77, 2423202
0.77, 2389540
0.77, 2368738
0.77, 2361748
0.78, 2347334
0.78, 2327474
0.78, 2309588
0.78, 2290563
0.78, 2287616
0.78, 2276013
0.78, 2274008
0.78, 2259965
0.78, 2254125
0.78, 2237180
0.78, 2215714
0.78, 2208549
0.78, 2202426
0.78, 2192461
0.79, 2191407
0.79, 2191169
0.79, 2189842
0.79, 2185525
0.79, 2171383
0.79, 2159941
0.79, 2158549
0.79, 2152283
0.79, 2136063
0.80, 2132775
0.80, 2125758
0.80, 2104074
0.80, 2103190
0.80, 2102028
0.80, 2101578
0.80, 2073752
0.80, 2057242
0.80, 2053161
0.80, 1993964
0.80, 1974306
0.80, 1964459
0.81, 1944020
0.81, 1915977
0.81, 1913912
0.81, 1913110
0.81, 1912263
0.81, 1881579
0.81, 1877989
0.81, 1875249
0.82, 1868887
0.82, 1865006
0.82, 1864257
0.82, 1836669
0.83, 1830443
0.83, 1801261
0.83, 1794648
0.83, 1783387
0.83, 1782909
0.83, 1777719
0.83, 1776124
0.83, 1748902
0.83, 1747234
0.83, 1705181
0.83, 1704591
0.83, 1688725
0.83, 1686463
0.83, 1684179
0.83, 1652841
0.84, 1642202
0.85, 1614760
0.85, 1613515
0.85, 1602039
0.85, 1576737
0.85, 1565266
0.86, 1565227
0.86, 1564026
0.86, 1550115
0.86, 1541802
0.86, 1541658
0.86, 1524567
0.87, 1523502
0.87, 1518353
0.88, 1503808
0.88, 1502631
0.88, 1501282
0.88, 1499344
0.89, 1473316
0.89, 1471647
0.89, 1463824
0.89, 1462352
0.89, 1448097
0.89, 1447551
0.90, 1431669
0.90, 1424307
0.90, 1402936
0.90, 1401795
0.91, 1400945
0.91, 1393928
0.92, 1374892
0.92, 1354199
0.93, 1336729
0.93, 1336102
0.94, 1335210
0.94, 1333291
0.94, 1329784
0.94, 1329738
0.95, 1327094
0.95, 1326439
0.95, 1312992
0.95, 1305605
0.95, 1301559
0.95, 1299540
0.96, 1295000
0.96, 1288670
0.96, 1287211
0.97, 1275714
0.97, 1261745
0.99, 1253471
0.99, 1252409
0.99, 1250786
1.00, 1248027
1.00, 1244914
1.01, 1238949
1.02, 1235249
1.03, 1220387
1.03, 1207498
1.03, 1206598
1.03, 1201594
1.04, 1193998
1.05, 1193952
1.05, 1190329
1.06, 1175195
1.06, 1170629
1.06, 1169247
1.06, 1168067
1.07, 1162097
1.07, 1160223
1.08, 1154955
1.09, 1150630
1.10, 1123690
1.10, 1122957
1.10, 1120997
1.11, 1113703
1.12, 1111767
1.12, 1110493
1.14, 1094690
1.14, 1092310
1.14, 1078954
1.14, 1078427
1.15, 1070581
1.15, 1052424
1.16, 1050088
1.18, 1039924
1.19, 1039668
1.20, 1038714
1.21, 1019052
1.23, 1015949
1.24, 1015732
1.26, 1014390
1.26, 1012131
1.26, 1007749
1.27, 1006463
1.28, 1006187
1.30, 1005527
1.32, 1004467
1.36, 999921
1.40, 985317
1.44, 977625
1.56, 974642
1.57, 969270
1.58, 968661
1.65, 960862
1.68, 956773
1.69, 927802
1.70, 924894
1.74, 924083
1.75, 918899
1.79, 917652
1.90, 916630
2.03, 904302
13.97, 902703
14.00, 902486
14.03, 902447
14.13, 901884
14.15, 901769
14.15, 897765
14.20, 893923
14.21, 879439
14.22, 878514
14.27, 875355
14.27, 869876
14.30, 868548
14.34, 868005
29.67, 864078
29.70, 863335
