0.00, 6036908
0.01, 6034813
0.01, 6024022
0.01, 6012458
0.01, 5927718
0.01, 5913087
0.01, 5893624
0.01, 5890881
0.01, 5875308
0.01, 5873031
0.01, 5870237
0.01, 5819631
0.03, 5805341
0.03, 5803259
0.03, 5753312
0.03, 5748348
0.03, 5747408
0.03, 5590592
0.03, 5519439
0.03, 5518038
0.03, 5502142
0.05, 5494698
0.08, 5325292
0.08, 5294117
0.08, 5276256
0.09, 5245864
0.44, 5223810
0.44, 5222241
0.44, 5163813
0.44, 5137979
0.47, 5067465
0.66, 5036780
0.66, 5016591
0.66, 5016454
0.66, 4983694
0.66, 4983075
0.66, 4982591
0.66, 4897386
0.68, 4850757
0.68, 4789176
0.68, 4773807
0.68, 4756055
0.68, 4634996
0.68, 4621688
0.68, 4619444
0.68, 4526701
0.69, 4484768
0.69, 4483697
0.69, 4479156
0.69, 4450341
0.69, 4430740
0.69, 4409764
0.69, 4393626
0.69, 4353935
0.69, 4308600
0.69, 4306478
0.69, 4269370
0.69, 4255663
0.69, 4248332
0.69, 4247995
0.69, 4222420
0.69, 4180077
0.71, 4163830
0.71, 4144194
0.71, 4136381
0.71, 4131387
0.71, 4125866
0.72, 4082968
0.72, 4079142
0.72, 4016893
0.72, 3990034
0.72, 3963083
0.72, 3918921
0.73, 3896524
0.73, 3884019
0.74, 3876745
0.74, 3856243
0.75, 3829669
0.75, 3758581
0.75, 3749394
0.75, 3738247
0.75, 3715410
0.75, 3650076
0.75, 3634470
0.75, 3630670
0.75, 3584480
0.75, 3567031
0.76, 3524253
0.76, 3505032
0.76, 3460794
0.76, 3456267
0.76, 3418518
0.76, 3375144
0.76, 3331909
0.77, 3322798
0.77, 3310353
0.77, 3280801
0.77, 3242574
0.77, 3215958
0.77, 3210377
0.78, 3100391
0.78, 3077512
0.78, 3074243
0.78, 3053844
0.78, 2947459
0.78, 2912966
0.78, 2880479
0.78, 2871398
0.78, 2830775
0.78, 2824929
0.78, 2817377
0.78, 2816490
0.78, 2814552
0.78, 2795273
0.79, 2780304
0.79, 2756842
0.79, 2755080
0.79, 2749489
0.79, 2709825
0.79, 2706175
0.79, 2699559
0.82, 2667284
0.82, 2656932
0.82, 2644489
0.82, 2634916
0.82, 2578239
0.82, 2570170
0.82, 2560568
0.82, 2502839
0.82, 2502778
0.82, 2497751
0.82, 2485631
0.82, 2444029
0.82, 2434820
0.82, 2434698
0.83, 2400520
0.83, 2385091
0.83, 2372117
0.83, 2342868
0.84, 2334372
0.84, 2307572
0.84, 2303309
0.84, 2260918
0.84, 2196215
0.84, 2192024
0.84, 2176834
0.84, 2166054
0.85, 2163611
0.85, 2135164
0.85, 2120981
0.85, 2117162
0.85, 2115239
0.85, 2098368
0.85, 2093460
0.86, 2071209
0.86, 2066249
0.86, 2044836
0.86, 2041107
0.86, 2024686
0.86, 2017309
0.86, 2017247
0.87, 2015536
0.87, 2005359
0.87, 1990912
0.87, 1958230
0.87, 1894078
0.87, 1885473
0.87, 1873868
0.87, 1865015
0.87, 1847873
0.87, 1832486
0.88, 1781960
0.88, 1780194
0.88, 1779924
0.88, 1769473
0.88, 1760853
0.89, 1760617
0.89, 1760083
0.89, 1754979
0.89, 1749217
0.89, 1730800
0.89, 1717699
0.89, 1715818
0.89, 1701982
0.89, 1674897
0.90, 1671681
0.90, 1669643
0.90, 1618271
0.91, 1615980
0.91, 1610275
0.91, 1601232
0.92, 1593726
0.92, 1591938
0.92, 1591810
0.92, 1585262
0.92, 1585037
0.92, 1579847
0.92, 1567398
0.93, 1563496
0.93, 1563269
0.93, 1562703
0.93, 1552641
0.93, 1549889
0.93, 1541182
0.93, 1537186
0.93, 1531977
0.93, 1528853
0.93, 1528640
0.94, 1496165
0.94, 1486954
0.94, 1463803
0.95, 1462869
0.95, 1461735
0.95, 1444748
0.95, 1440919
0.97, 1440863
0.97, 1438210
0.97, 1434604
0.97, 1425999
0.98, 1391876
0.98, 1383129
0.99, 1376851
0.99, 1371444
1.00, 1363323
1.02, 1358439
1.02, 1350080
1.02, 1344227
1.03, 1334091
1.03, 1333836
1.03, 1333179
1.03, 1332465
1.03, 1332408
1.03, 1306916
1.04, 1281495
1.04, 1280324
1.04, 1264165
1.05, 1264162
1.06, 1248699
1.07, 1237953
1.08, 1234850
1.08, 1232227
1.08, 1231704
1.08, 1215297
1.09, 1213121
1.09, 1207639
1.10, 1205900
1.10, 1205738
1.10, 1201819
1.11, 1196217
1.12, 1194747
1.13, 1194349
1.14, 1192217
1.15, 1176603
1.16, 1172009
1.16, 1161302
1.18, 1161221
1.20, 1146570
1.21, 1145367
1.21, 1145248
1.22, 1142513
1.22, 1141355
1.22, 1139553
1.23, 1139255
1.23, 1136804
1.25, 1132252
1.25, 1129546
1.28, 1128193
1.29, 1124568
1.29, 1124004
1.30, 1122369
1.30, 1120387
1.31, 1120290
1.33, 1119802
1.33, 1103644
1.34, 1079883
1.36, 1078597
1.36, 1076941
1.39, 1076901
1.40, 1076771
1.40, 1076734
1.40, 1073036
1.42, 1072582
1.43, 1072137
1.44, 1064131
1.44, 1050570
1.45, 1048759
1.46, 1043097
1.47, 1042877
1.52, 1034656
1.53, 1033387
1.54, 1029420
1.54, 1026380
1.56, 1018245
1.63, 1018165
1.65, 1014138
1.66, 1011923
1.67, 1008194
1.68, 1006487
1.68, 1004332
1.75, 1002543
1.77, 1000850
1.77, 1000509
1.84, 995931
1.84, 991212
1.93, 976472
1.98, 975541
2.02, 972853
2.13, 966723
4.35, 959588
4.36, 959549
4.36, 949281
4.40, 937759
4.41, 932573
4.41, 932340
4.44, 928259
4.46, 927960
4.52, 926349
4.57, 925626
4.58, 921870
4.76, 920899
6.84, 909513
6.89, 900470
30.38, 891664
30.42, 890978
30.57, 890563
