0.00, 5911504
0.01, 5898251
0.01, 5834975
0.01, 5750538
0.01, 5694095
0.01, 5688635
0.01, 5558175
0.01, 5520231
0.01, 5480726
0.01, 5380229
0.05, 5358319
0.05, 5330475
0.05, 5294647
0.05, 5293506
0.05, 5275424
0.05, 5275025
0.05, 5212397
0.05, 5202989
0.05, 5071228
0.05, 5019330
0.05, 4990377
0.17, 4983492
0.17, 4955611
0.59, 4948062
0.59, 4914841
0.59, 4914708
0.65, 4878057
0.65, 4874325
0.65, 4843797
0.65, 4808720
0.65, 4807306
0.65, 4807038
0.65, 4804308
0.65, 4763397
0.65, 4726221
0.65, 4687416
0.65, 4654247
0.65, 4630555
0.65, 4596286
0.65, 4589287
0.66, 4560773
0.66, 4524702
0.66, 4521155
0.66, 4420645
0.66, 4347859
0.66, 4333492
0.66, 4328865
0.66, 4307554
0.66, 4262372
0.67, 4238165
0.67, 4197550
0.67, 4167864
0.67, 4159868
0.67, 4151902
0.67, 4128107
0.68, 4093890
0.68, 4069231
0.68, 4025994
0.68, 4000225
0.68, 3990923
0.69, 3941761
0.69, 3941606
0.69, 3937986
0.69, 3928695
0.69, 3911410
0.69, 3878816
0.69, 3843819
0.69, 3682800
0.69, 3677704
0.69, 3643727
0.69, 3640111
0.69, 3638766
0.69, 3634799
0.70, 3597559
0.70, 3590618
0.70, 3588654
0.70, 3583940
0.70, 3571061
0.70, 3569207
0.70, 3555548
0.70, 3555500
0.70, 3535653
0.71, 3522485
0.71, 3521721
0.71, 3521388
0.71, 3500731
0.71, 3434896
0.71, 3429655
0.71, 3409061
0.71, 3407486
0.71, 3405194
0.71, 3400627
0.71, 3396571
0.71, 3385663
0.71, 3348697
0.71, 3347122
0.71, 3315518
0.71, 3281189
0.71, 3221181
0.71, 3161679
0.71, 3158203
0.71, 3137841
0.71, 3124784
0.71, 3118953
0.72, 3101192
0.72, 3095524
0.72, 3050916
0.72, 3000463
0.72, 2999308
0.72, 2995520
0.72, 2983795
0.72, 2977466
0.72, 2976705
0.72, 2976597
0.72, 2974223
0.72, 2959300
0.72, 2938958
0.72, 2915621
0.73, 2907379
0.73, 2899007
0.73, 2895621
0.73, 2895613
0.73, 2891120
0.73, 2879164
0.73, 2875277
0.73, 2863792
0.73, 2859115
0.73, 2837431
0.73, 2824600
0.73, 2817967
0.73, 2803335
0.73, 2755237
0.73, 2724219
0.74, 2722431
0.74, 2718388
0.74, 2689539
0.74, 2667090
0.74, 2660634
0.75, 2599370
0.75, 2599077
0.75, 2593020
0.75, 2591608
0.75, 2568275
0.75, 2562749
0.75, 2561203
0.75, 2544153
0.75, 2516349
0.75, 2483382
0.75, 2467926
0.75, 2453528
0.75, 2445002
0.75, 2429657
0.76, 2422304
0.76, 2398735
0.76, 2393373
0.76, 2393323
0.76, 2359076
0.76, 2312471
0.76, 2308098
0.76, 2308066
0.76, 2305327
0.76, 2293918
0.76, 2288032
0.76, 2249610
0.76, 2233741
0.76, 2202846
0.77, 2176868
0.77, 2158590
0.77, 2153839
0.78, 2152661
0.78, 2143925
0.78, 2133808
0.78, 2112190
0.78, 2105162
0.78, 2052717
0.78, 2052705
0.78, 2038751
0.78, 2036280
0.79, 2018649
0.79, 1998986
0.79, 1997896
0.79, 1991569
0.79, 1990168
0.79, 1987518
0.79, 1980043
0.79, 1970530
0.80, 1967014
0.80, 1959863
0.80, 1923284
0.80, 1919278
0.80, 1916637
0.80, 1908783
0.80, 1906379
0.80, 1896702
0.80, 1891700
0.81, 1885798
0.81, 1884616
0.81, 1883209
0.81, 1861780
0.81, 1829980
0.82, 1794678
0.83, 1789153
0.83, 1784687
0.83, 1781474
0.83, 1779665
0.83, 1754471
0.83, 1729532
0.83, 1721800
0.84, 1719200
0.84, 1694981
0.84, 1684521
0.84, 1638908
0.84, 1638612
0.84, 1636751
0.84, 1601835
0.84, 1597074
0.84, 1575554
0.85, 1570028
0.85, 1563092
0.85, 1554419
0.85, 1547109
0.85, 1546475
0.85, 1544070
0.86, 1529216
0.86, 1526169
0.86, 1514592
0.86, 1511723
0.86, 1475200
0.87, 1449561
0.87, 1428199
0.87, 1426592
0.87, 1425038
0.87, 1408805
0.87, 1400063
0.87, 1395024
0.88, 1389856
0.88, 1387861
0.88, 1384837
0.88, 1358747
0.89, 1358395
0.89, 1356851
0.89, 1354298
0.89, 1351920
0.89, 1340443
0.90, 1340253
0.90, 1336650
0.90, 1336642
0.90, 1331333
0.90, 1327684
0.90, 1289611
0.90, 1289001
0.90, 1274972
0.91, 1272246
0.91, 1261195
0.91, 1250445
0.91, 1250058
0.92, 1245695
0.92, 1244206
0.92, 1241097
0.92, 1241089
0.93, 1240214
0.94, 1238632
0.94, 1238119
0.95, 1230456
0.95, 1220598
0.96, 1210644
0.98, 1178294
0.98, 1175628
0.98, 1175566
1.00, 1171582
1.00, 1163340
1.02, 1162947
1.02, 1161703
1.02, 1161509
1.02, 1145556
1.03, 1144507
1.04, 1143046
1.04, 1143044
1.05, 1142034
1.05, 1141657
1.05, 1139214
1.06, 1138926
1.06, 1136021
1.09, 1133425
1.09, 1128618
1.10, 1127787
1.10, 1120581
1.11, 1108871
1.11, 1105583
1.12, 1103265
1.13, 1102226
1.13, 1101263
1.14, 1100794
1.15, 1100410
1.15, 1096995
1.15, 1091177
1.15, 1090071
1.16, 1074224
1.16, 1073459
1.18, 1069648
1.19, 1066302
1.19, 1065114
1.20, 1062284
1.23, 1061888
1.24, 1060559
1.24, 1052578
1.25, 1044433
1.27, 1032804
1.27, 1032797
1.28, 1024386
1.29, 1021774
1.30, 1020016
1.31, 1014885
1.31, 1014652
1.31, 997876
1.31, 996632
1.36, 979688
1.37, 979675
1.38, 968248
1.39, 964741
1.40, 963841
1.42, 962904
1.42, 959568
1.42, 952830
1.44, 951896
1.51, 950571
1.51, 942973
1.53, 941560
1.56, 939755
1.57, 939715
1.57, 938333
1.58, 931553
1.58, 931546
1.60, 930389
1.63, 925333
1.66, 923195
1.66, 922943
1.74, 916493
1.76, 912312
1.78, 908984
1.84, 907656
1.84, 901081
1.85, 892153
1.86, 891230
1.86, 883772
1.88, 882486
1.91, 879660
1.98, 879133
2.01, 875864
19.87, 875691
