0.00, 6047782
0.00, 5944326
0.00, 5907309
0.00, 5856848
0.00, 5741909
0.02, 5634487
0.02, 5559306
0.02, 5542621
0.02, 5426076
0.02, 5413908
0.02, 5344901
0.02, 5337370
0.08, 5325357
0.08, 5283570
0.09, 5241588
0.09, 5222930
0.09, 5214272
0.09, 5209063
0.09, 5208841
0.09, 5154527
0.18, 5144174
0.25, 5088131
0.28, 5080993
0.28, 5039185
0.36, 4995183
0.61, 4964904
0.61, 4919626
0.61, 4910449
0.61, 4890777
0.61, 4884435
0.61, 4768385
0.61, 4765652
0.61, 4765580
0.61, 4762922
0.61, 4762489
0.66, 4757407
0.66, 4754931
0.66, 4597438
0.66, 4588498
0.66, 4574453
0.66, 4571429
0.66, 4561601
0.66, 4521573
0.66, 4506251
0.66, 4460823
0.66, 4455990
0.66, 4391731
0.66, 4373179
0.66, 4349280
0.66, 4310169
0.67, 4300549
0.67, 4292299
0.67, 4231701
0.67, 4217097
0.67, 4190271
0.67, 4119494
0.69, 4092594
0.69, 4087878
0.69, 4070959
0.69, 4068492
0.69, 4068285
0.69, 4063691
0.69, 4011610
0.69, 3892102
0.69, 3889730
0.69, 3830042
0.69, 3819644
0.70, 3777267
0.70, 3767674
0.70, 3763058
0.70, 3753724
0.70, 3750438
0.70, 3711768
0.70, 3683605
0.70, 3670324
0.71, 3668984
0.71, 3658451
0.71, 3603229
0.71, 3568411
0.71, 3539033
0.71, 3531517
0.72, 3501314
0.72, 3483488
0.72, 3481943
0.72, 3458034
0.72, 3436505
0.72, 3425073
0.72, 3422610
0.72, 3395329
0.73, 3368770
0.73, 3360160
0.73, 3352981
0.73, 3352979
0.73, 3243071
0.73, 3243070
0.73, 3242701
0.73, 3235046
0.73, 3230974
0.73, 3230553
0.73, 3203102
0.74, 3201728
0.74, 3199204
0.74, 3191317
0.74, 3184842
0.74, 3157087
0.74, 3146880
0.74, 3139079
0.74, 3130891
0.74, 3120959
0.74, 3114839
0.74, 3098475
0.74, 3065173
0.74, 3043109
0.75, 3030740
0.75, 3013318
0.75, 2983383
0.75, 2982698
0.75, 2956061
0.75, 2923392
0.75, 2897614
0.75, 2895474
0.75, 2895037
0.75, 2888858
0.75, 2886519
0.75, 2826627
0.75, 2808654
0.75, 2770309
0.75, 2766718
0.75, 2761615
0.75, 2761024
0.75, 2713324
0.75, 2677771
0.75, 2672988
0.75, 2660372
0.75, 2623530
0.75, 2619284
0.75, 2619135
0.75, 2586968
0.75, 2574810
0.76, 2537552
0.76, 2537291
0.76, 2479802
0.76, 2475319
0.76, 2474317
0.76, 2455227
0.76, 2449416
0.76, 2447689
0.76, 2413236
0.76, 2385993
0.77, 2376074
0.77, 2369826
0.77, 2334008
0.77, 2321877
0.77, 2310771
0.78, 2258740
0.78, 2252501
0.78, 2251537
0.78, 2244935
0.78, 2213143
0.78, 2185661
0.78, 2176157
0.79, 2169537
0.79, 2163840
0.79, 2160504
0.79, 2094596
0.79, 2079256
0.79, 2070959
0.79, 2058081
0.79, 2040888
0.79, 2038570
0.79, 2034965
0.79, 2033506
0.80, 2017794
0.80, 2012686
0.80, 2010715
0.80, 2009160
0.80, 1976277
0.80, 1957784
0.81, 1953924
0.81, 1951335
0.81, 1941296
0.81, 1931587
0.81, 1925731
0.82, 1906434
0.83, 1900815
0.83, 1900802
0.83, 1889795
0.83, 1880857
0.83, 1869317
0.83, 1861505
0.84, 1847235
0.84, 1846759
0.84, 1815275
0.84, 1814451
0.84, 1801719
0.84, 1796354
0.84, 1787099
0.84, 1784456
0.84, 1758293
0.84, 1752827
0.85, 1751408
0.85, 1720361
0.85, 1720345
0.85, 1705683
0.85, 1702630
0.85, 1677700
0.85, 1645539
0.85, 1619711
0.85, 1613768
0.85, 1598153
0.86, 1597515
0.86, 1592852
0.86, 1589835
0.86, 1583536
0.87, 1573569
0.87, 1540045
0.87, 1536932
0.87, 1533046
0.87, 1532543
0.88, 1524805
0.88, 1502592
0.88, 1495953
0.88, 1482583
0.88, 1479689
0.88, 1475438
0.88, 1471849
0.88, 1463314
0.88, 1454516
0.89, 1447819
0.89, 1445648
0.89, 1438318
0.89, 1428930
0.89, 1420271
0.90, 1419305
0.90, 1419212
0.90, 1405566
0.90, 1404185
0.91, 1401094
0.92, 1394524
0.92, 1393965
0.92, 1384096
0.92, 1383968
0.93, 1383954
0.94, 1376110
0.94, 1365792
0.95, 1362940
0.95, 1359682
0.95, 1357287
0.95, 1356993
0.96, 1351511
0.96, 1350611
0.96, 1343466
0.97, 1343434
0.97, 1327695
0.97, 1326120
0.97, 1323187
0.98, 1321040
0.98, 1317460
0.98, 1316640
1.00, 1311934
1.00, 1309379
1.00, 1291255
1.01, 1281441
1.01, 1280326
1.01, 1274562
1.01, 1244622
1.01, 1241353
1.02, 1240343
1.02, 1228004
1.02, 1226060
1.03, 1225979
1.04, 1197008
1.04, 1196550
1.07, 1193812
1.07, 1175179
1.08, 1155336
1.08, 1145594
1.09, 1139539
1.10, 1136670
1.10, 1135705
1.11, 1130961
1.11, 1129933
1.12, 1129137
1.12, 1123930
1.14, 1122681
1.16, 1119971
1.16, 1104263
1.18, 1100843
1.18, 1086110
1.23, 1083626
1.25, 1082753
1.27, 1080105
1.27, 1079773
1.30, 1078499
1.31, 1073797
1.32, 1070638
1.33, 1069811
1.35, 1067288
1.39, 1062167
1.39, 1045347
1.40, 1042762
1.40, 1037630
1.42, 1027273
1.42, 1027040
1.43, 1025563
1.45, 1024058
1.45, 1019082
1.45, 1014026
1.48, 1012698
1.50, 1004561
1.53, 998360
1.54, 998143
1.54, 998013
1.56, 997974
1.58, 991219
1.58, 987559
1.60, 982605
1.60, 980154
1.61, 968352
1.62, 968092
1.63, 958514
1.66, 958421
1.72, 958115
1.72, 957627
1.72, 955793
1.72, 940181
1.72, 939732
1.74, 936261
1.79, 934385
1.81, 929315
1.82, 925742
1.86, 924512
1.87, 920023
1.88, 910154
1.95, 908721
1.95, 907522
1.95, 902506
1.98, 900961
2.03, 897898
20.09, 883927
