0.01, 5887764
0.01, 5874362
0.01, 5812871
0.01, 5775523
0.01, 5687560
0.01, 5641155
0.01, 5637314
0.01, 5495971
0.01, 5467373
0.01, 5442972
0.09, 5415405
0.09, 5402382
0.09, 5334627
0.09, 5304660
0.09, 5239206
0.16, 5113916
0.17, 5067858
0.17, 5053302
0.17, 5022412
0.17, 4988470
0.70, 4976922
0.70, 4955349
0.70, 4936782
0.70, 4908162
0.70, 4902143
0.70, 4839686
0.70, 4791153
0.71, 4776936
0.71, 4765216
0.71, 4708406
0.71, 4602869
0.71, 4535157
0.71, 4522432
0.71, 4519875
0.71, 4500286
0.71, 4447421
0.76, 4385686
0.76, 4365128
0.76, 4350073
0.76, 4332132
0.76, 4255453
0.76, 4214431
0.76, 4189547
0.76, 4172774
0.76, 4155148
0.76, 4110532
0.76, 4109159
0.76, 4106187
0.76, 4102228
0.76, 4075586
0.76, 3992471
0.76, 3937726
0.76, 3872041
0.76, 3867680
0.76, 3799553
0.76, 3796339
0.76, 3796235
0.77, 3764828
0.77, 3762226
0.77, 3757212
0.77, 3720186
0.77, 3707356
0.77, 3646129
0.77, 3613652
0.77, 3575649
0.77, 3574896
0.77, 3570590
0.78, 3545480
0.78, 3516136
0.78, 3512760
0.78, 3500363
0.78, 3483862
0.78, 3478714
0.78, 3428797
0.78, 3400592
0.78, 3399612
0.78, 3386343
0.78, 3361831
0.78, 3281415
0.78, 3276926
0.78, 3231185
0.78, 3216490
0.78, 3200472
0.78, 3180008
0.78, 3177930
0.78, 3158793
0.78, 3144809
0.78, 3136882
0.78, 3134110
0.79, 3133211
0.79, 3121509
0.79, 3111151
0.79, 3087136
0.79, 3059258
0.79, 3056642
0.79, 3054839
0.80, 3033822
0.80, 3028138
0.80, 3007600
0.80, 2988194
0.80, 2982180
0.80, 2947343
0.80, 2946203
0.81, 2945259
0.81, 2936995
0.81, 2936627
0.81, 2929294
0.81, 2916960
0.81, 2915903
0.81, 2878492
0.81, 2877550
0.81, 2871808
0.81, 2871801
0.81, 2866556
0.81, 2817220
0.81, 2810840
0.81, 2806147
0.81, 2775859
0.82, 2764849
0.82, 2745999
0.82, 2735817
0.82, 2719960
0.82, 2710601
0.82, 2700862
0.82, 2697376
0.83, 2691708
0.83, 2668340
0.83, 2662277
0.83, 2645035
0.83, 2639435
0.83, 2638757
0.83, 2636234
0.83, 2628124
0.83, 2624148
0.83, 2620471
0.83, 2580026
0.83, 2575229
0.83, 2564911
0.83, 2554692
0.83, 2546705
0.83, 2536813
0.83, 2519771
0.83, 2516245
0.83, 2498936
0.84, 2493357
0.84, 2481240
0.84, 2477630
0.84, 2471365
0.84, 2457335
0.84, 2449750
0.84, 2422022
0.84, 2419696
0.84, 2396999
0.84, 2369523
0.84, 2359635
0.84, 2306933
0.84, 2305653
0.84, 2256330
0.84, 2247144
0.84, 2228812
0.84, 2214419
0.85, 2206002
0.85, 2203955
0.85, 2196818
0.85, 2163686
0.85, 2152998
0.85, 2128070
0.85, 2126103
0.85, 2121656
0.85, 2093006
0.86, 2092225
0.86, 2092173
0.86, 2090938
0.86, 2077832
0.87, 2077527
0.87, 2071978
0.87, 2071672
0.87, 2067682
0.87, 2066169
0.87, 2066152
0.87, 2058715
0.87, 2058036
0.87, 2051005
0.88, 2036491
0.88, 2030486
0.88, 2019885
0.88, 2014719
0.88, 2014324
0.88, 2010796
0.88, 2009260
0.88, 1987882
0.89, 1982268
0.89, 1981087
0.89, 1970872
0.89, 1923978
0.89, 1923581
0.89, 1917918
0.89, 1889833
0.89, 1888478
0.90, 1873413
0.90, 1872723
0.90, 1868396
0.90, 1858141
0.90, 1837644
0.90, 1833471
0.90, 1831731
0.90, 1831159
0.91, 1829881
0.91, 1822726
0.91, 1821485
0.91, 1786216
0.91, 1777783
0.91, 1754144
0.91, 1753596
0.91, 1739375
0.91, 1729360
0.91, 1721740
0.92, 1716132
0.92, 1707533
0.92, 1707275
0.92, 1692769
0.93, 1688601
0.93, 1675877
0.93, 1673535
0.93, 1670333
0.93, 1668830
0.93, 1667275
0.93, 1661744
0.93, 1661363
0.93, 1652438
0.93, 1625067
0.93, 1624703
0.93, 1605632
0.94, 1585154
0.94, 1582217
0.94, 1576306
0.94, 1574990
0.94, 1569968
0.94, 1567077
0.95, 1556563
0.95, 1527350
0.95, 1525999
0.95, 1518720
0.95, 1518134
0.95, 1509085
0.95, 1504467
0.96, 1493861
0.96, 1493530
0.96, 1490826
0.96, 1489644
0.96, 1479667
0.96, 1479434
0.96, 1476972
0.97, 1475887
0.97, 1475651
0.97, 1467419
0.97, 1467294
0.97, 1448514
0.97, 1444158
0.97, 1442622
0.98, 1439466
0.98, 1428730
0.98, 1388764
0.98, 1387930
0.98, 1367838
0.99, 1308093
0.99, 1301509
0.99, 1293777
1.00, 1286301
1.00, 1282549
1.00, 1276297
1.01, 1275896
1.01, 1274710
1.01, 1268110
1.02, 1266179
1.02, 1263729
1.03, 1258330
1.04, 1251599
1.05, 1239813
1.05, 1232510
1.05, 1232472
1.06, 1230251
1.07, 1228597
1.07, 1214841
1.07, 1214794
1.07, 1212776
1.08, 1200636
1.08, 1198186
1.09, 1190658
1.09, 1187677
1.09, 1187107
1.10, 1187099
1.10, 1185427
1.11, 1177785
1.12, 1177557
1.12, 1173941
1.13, 1170157
1.13, 1169702
1.13, 1167247
1.14, 1161768
1.14, 1159069
1.14, 1155905
1.14, 1154821
1.14, 1151415
1.15, 1135050
1.15, 1129374
1.15, 1115455
1.16, 1111204
1.19, 1108221
1.22, 1108143
1.22, 1100135
1.25, 1100128
1.27, 1091017
1.28, 1088575
1.28, 1084561
1.28, 1083373
1.30, 1078245
1.30, 1074828
1.38, 1065014
1.42, 1063188
1.44, 1058081
1.44, 1053659
1.45, 1048075
1.46, 1031872
1.46, 1030858
1.47, 1019624
1.51, 1017551
1.52, 1016796
1.54, 1002267
1.55, 1001252
1.55, 998446
1.55, 991683
1.61, 989528
1.62, 987186
1.69, 986767
1.74, 975230
1.74, 974842
1.75, 969542
1.83, 968917
1.83, 956578
1.94, 938003
1.98, 936560
2.08, 934482
2.11, 928847
2.13, 928258
2.16, 927854
14.09, 926032
14.11, 925723
14.13, 919758
14.13, 911703
14.19, 900621
14.20, 899684
14.23, 896427
14.24, 893158
14.28, 891781
14.32, 880112
