0.01, 5974007
0.01, 5933238
0.01, 5875280
0.01, 5797923
0.01, 5695171
0.01, 5679929
0.01, 5669755
0.01, 5604021
0.01, 5549947
0.01, 5517870
0.01, 5484298
0.02, 5461480
0.02, 5439534
0.03, 5392381
0.03, 5392286
0.03, 5297595
0.03, 5295408
0.03, 5200055
0.16, 5155838
0.16, 5154931
0.16, 5127052
0.44, 4997276
0.44, 4961492
0.44, 4951014
0.44, 4936594
0.44, 4915944
0.44, 4885395
0.44, 4858978
0.64, 4854143
0.64, 4849266
0.64, 4848063
0.64, 4804845
0.66, 4756976
0.66, 4749795
0.66, 4707202
0.67, 4684552
0.67, 4633425
0.67, 4628188
0.67, 4598502
0.67, 4560775
0.68, 4549103
0.68, 4536291
0.68, 4492688
0.68, 4483848
0.68, 4474496
0.68, 4467503
0.68, 4453890
0.68, 4422659
0.68, 4419148
0.68, 4401553
0.68, 4363216
0.68, 4311394
0.68, 4279932
0.68, 4179808
0.68, 4126849
0.68, 4118871
0.68, 4097645
0.68, 4078587
0.68, 4026553
0.68, 3990209
0.68, 3958743
0.68, 3950818
0.68, 3906627
0.68, 3885352
0.68, 3840534
0.68, 3806245
0.68, 3790515
0.68, 3789190
0.68, 3782687
0.68, 3742896
0.68, 3692399
0.68, 3687071
0.68, 3609921
0.69, 3597769
0.70, 3583764
0.70, 3524468
0.70, 3518082
0.70, 3475934
0.70, 3440682
0.70, 3420846
0.70, 3401927
0.71, 3367555
0.73, 3351652
0.73, 3351462
0.73, 3350057
0.73, 3324305
0.73, 3323161
0.73, 3308121
0.73, 3247342
0.73, 3246089
0.73, 3230269
0.73, 3191489
0.73, 3185368
0.73, 3176034
0.74, 3168335
0.74, 3156270
0.74, 3153407
0.74, 3063886
0.74, 3055845
0.74, 3032692
0.74, 2999268
0.74, 2967643
0.74, 2937062
0.74, 2927906
0.74, 2916691
0.74, 2912774
0.75, 2897239
0.75, 2887922
0.75, 2859147
0.75, 2855825
0.75, 2855279
0.75, 2854887
0.75, 2831656
0.75, 2828688
0.75, 2824300
0.76, 2806440
0.76, 2759534
0.76, 2737658
0.76, 2722591
0.76, 2715852
0.76, 2686279
0.76, 2684883
0.76, 2665091
0.76, 2638357
0.76, 2628313
0.76, 2620939
0.76, 2587159
0.77, 2577560
0.77, 2542995
0.77, 2533611
0.77, 2458618
0.77, 2422366
0.78, 2422350
0.78, 2412060
0.78, 2386369
0.78, 2366755
0.78, 2365013
0.78, 2355446
0.78, 2326215
0.78, 2325027
0.78, 2307190
0.78, 2261638
0.78, 2260139
0.78, 2255229
0.79, 2249234
0.79, 2247225
0.79, 2239917
0.79, 2208703
0.79, 2178060
0.79, 2171857
0.80, 2165464
0.80, 2157214
0.80, 2149478
0.80, 2107619
0.80, 2099831
0.80, 2095591
0.80, 2094122
0.80, 2082373
0.80, 2068627
0.80, 2063791
0.80, 2060137
0.80, 2008453
0.80, 1974699
0.80, 1957759
0.80, 1948655
0.80, 1931964
0.80, 1930033
0.80, 1893659
0.81, 1868982
0.81, 1868193
0.81, 1851050
0.81, 1850895
0.81, 1844555
0.81, 1822654
0.81, 1817493
0.81, 1816401
0.81, 1811463
0.81, 1796480
0.81, 1786232
0.81, 1774489
0.81, 1767411
0.82, 1751311
0.82, 1742120
0.82, 1729997
0.82, 1722291
0.82, 1693553
0.82, 1688075
0.82, 1688059
0.82, 1683138
0.82, 1671267
0.82, 1656507
0.82, 1656010
0.83, 1646505
0.83, 1646275
0.83, 1645387
0.83, 1635743
0.83, 1632082
0.83, 1620886
0.83, 1620131
0.84, 1611692
0.84, 1611561
0.84, 1607138
0.84, 1584279
0.84, 1573492
0.84, 1572567
0.85, 1525869
0.85, 1510588
0.85, 1499306
0.86, 1497987
0.86, 1494611
0.86, 1481910
0.86, 1476137
0.86, 1463890
0.87, 1463885
0.87, 1460102
0.87, 1456812
0.87, 1456203
0.87, 1452957
0.87, 1452567
0.88, 1438162
0.88, 1432733
0.88, 1432689
0.88, 1432234
0.88, 1416859
0.88, 1415228
0.88, 1414913
0.89, 1407615
0.89, 1407300
0.89, 1386851
0.89, 1386465
0.89, 1376112
0.90, 1366098
0.90, 1363364
0.92, 1354734
0.93, 1341985
0.94, 1339399
0.94, 1333901
0.94, 1332226
0.94, 1331911
0.95, 1320462
0.95, 1318495
0.95, 1317629
0.96, 1312025
0.96, 1288300
0.96, 1282881
0.97, 1265165
0.97, 1259604
0.97, 1257708
0.97, 1256173
0.98, 1244555
0.99, 1239802
0.99, 1238692
1.01, 1238158
1.01, 1230615
1.01, 1228844
1.02, 1228102
1.02, 1222950
1.02, 1215242
1.03, 1208912
1.03, 1193500
1.04, 1187661
1.04, 1186222
1.05, 1174734
1.05, 1174694
1.05, 1163356
1.06, 1133371
1.07, 1132055
1.07, 1131771
1.09, 1121725
1.09, 1117668
1.09, 1115791
1.10, 1102751
1.10, 1101635
1.13, 1101617
1.16, 1091942
1.16, 1091532
1.18, 1084110
1.19, 1069258
1.19, 1069218
1.22, 1065890
1.25, 1062523
1.25, 1060337
1.26, 1057363
1.27, 1054323
1.27, 1054283
1.27, 1048908
1.28, 1048214
1.29, 1047722
1.29, 1034263
1.30, 1033962
1.32, 1030791
1.33, 1029548
1.33, 1027152
1.33, 1025340
1.37, 1022487
1.38, 1022130
1.38, 1017949
1.40, 1017558
1.43, 1017486
1.50, 1015378
1.52, 1013562
1.55, 1001804
1.58, 1001684
1.60, 995682
1.63, 975932
1.66, 974361
1.66, 971238
1.75, 968259
1.75, 962181
1.79, 959938
1.80, 956535
1.85, 949856
1.88, 949299
1.95, 948369
1.96, 948277
2.02, 947968
2.03, 933228
2.04, 930951
2.06, 922797
10.49, 922318
10.51, 920707
10.54, 908786
10.57, 904698
10.69, 897916
10.72, 889595
