0.01, 5751580
0.01, 5747299
0.01, 5729319
0.01, 5583086
0.01, 5542837
0.01, 5518363
0.01, 5514144
0.07, 5504973
0.07, 5491324
0.07, 5408338
0.07, 5280007
0.07, 5237643
0.07, 5181719
0.07, 5097257
0.07, 5085668
0.52, 5077981
0.52, 5077297
0.52, 5067986
0.52, 5062700
0.57, 4911894
0.57, 4908547
0.57, 4869651
0.57, 4834839
0.57, 4798416
0.57, 4796611
0.63, 4793343
0.64, 4779241
0.64, 4746563
0.64, 4745450
0.64, 4732206
0.65, 4680075
0.65, 4670063
0.65, 4618520
0.65, 4613261
0.65, 4535493
0.65, 4524964
0.66, 4450505
0.66, 4446741
0.66, 4391000
0.66, 4362451
0.66, 4360976
0.66, 4353586
0.67, 4351548
0.67, 4324501
0.67, 4281566
0.67, 4257401
0.67, 4219426
0.67, 4217016
0.67, 4204424
0.67, 4183979
0.67, 4165422
0.67, 4135333
0.68, 4111836
0.68, 4094910
0.68, 4074450
0.68, 4050623
0.68, 4025124
0.68, 4003158
0.68, 3987217
0.68, 3971306
0.68, 3966739
0.68, 3939379
0.68, 3885702
0.68, 3863391
0.68, 3829922
0.68, 3794327
0.69, 3703010
0.69, 3647677
0.69, 3558514
0.69, 3530379
0.69, 3472657
0.69, 3416570
0.69, 3362800
0.69, 3353490
0.69, 3334192
0.69, 3326054
0.70, 3249835
0.70, 3206583
0.70, 3204311
0.70, 3204131
0.70, 3166497
0.70, 3091676
0.70, 3078019
0.70, 3058422
0.70, 3056746
0.71, 3046701
0.71, 3029539
0.71, 3007310
0.71, 3006478
0.71, 2999445
0.71, 2961808
0.71, 2918746
0.71, 2895131
0.71, 2884855
0.72, 2880133
0.72, 2819935
0.72, 2817942
0.72, 2811064
0.72, 2809770
0.72, 2779054
0.72, 2773215
0.72, 2749065
0.72, 2725234
0.72, 2723912
0.72, 2720445
0.72, 2719117
0.72, 2719103
0.72, 2712793
0.72, 2704011
0.73, 2696918
0.73, 2691873
0.73, 2659639
0.73, 2619640
0.73, 2617343
0.74, 2603429
0.74, 2576844
0.74, 2575623
0.74, 2574278
0.74, 2561653
0.74, 2544191
0.74, 2484509
0.74, 2479011
0.74, 2469764
0.74, 2441583
0.74, 2437402
0.74, 2434858
0.74, 2399660
0.75, 2396064
0.75, 2344020
0.75, 2298702
0.76, 2296272
0.76, 2265014
0.76, 2263120
0.76, 2260199
0.76, 2255499
0.76, 2247235
0.76, 2226846
0.76, 2181637
0.76, 2175174
0.76, 2155666
0.76, 2137689
0.76, 2128740
0.77, 2119654
0.77, 2113002
0.77, 2111554
0.77, 2109668
0.77, 2106182
0.77, 2100423
0.77, 2096889
0.77, 2072986
0.77, 2067857
0.78, 2067288
0.78, 2051371
0.78, 2048005
0.78, 2036697
0.78, 2011228
0.78, 2001165
0.78, 2000138
0.78, 1967068
0.78, 1921099
0.79, 1911115
0.79, 1910443
0.79, 1906034
0.79, 1895250
0.79, 1870931
0.79, 1866131
0.79, 1866066
0.79, 1858374
0.79, 1850049
0.79, 1846260
0.79, 1845387
0.80, 1841219
0.80, 1838095
0.81, 1795081
0.81, 1784038
0.81, 1779135
0.81, 1778240
0.81, 1774911
0.82, 1771076
0.82, 1761043
0.82, 1741031
0.82, 1737518
0.82, 1733572
0.82, 1732315
0.82, 1723486
0.83, 1718022
0.83, 1704697
0.83, 1703582
0.83, 1701129
0.83, 1690369
0.83, 1688378
0.83, 1671473
0.83, 1669350
0.84, 1669062
0.84, 1655609
0.85, 1633249
0.85, 1619094
0.85, 1616986
0.85, 1603332
0.85, 1592725
0.85, 1584081
0.86, 1583276
0.86, 1575666
0.86, 1573534
0.86, 1567756
0.86, 1553374
0.86, 1535843
0.86, 1534669
0.86, 1521007
0.87, 1518267
0.87, 1515346
0.87, 1483110
0.87, 1479776
0.88, 1479619
0.88, 1479429
0.88, 1477764
0.88, 1476187
0.88, 1472997
0.89, 1472741
0.89, 1452140
0.89, 1447633
0.89, 1440652
0.89, 1439483
0.89, 1438951
0.90, 1436476
0.90, 1434569
0.90, 1433740
0.90, 1433655
0.90, 1433360
0.91, 1428305
0.91, 1414897
0.91, 1408693
0.92, 1389103
0.93, 1380472
0.93, 1376598
0.93, 1369663
0.94, 1369067
0.94, 1366529
0.94, 1357917
0.94, 1347738
0.94, 1344095
0.95, 1341827
0.95, 1341632
0.95, 1337519
0.95, 1332447
0.95, 1310302
0.96, 1308379
0.96, 1304203
0.96, 1302048
0.96, 1301928
0.97, 1297083
0.97, 1266648
0.98, 1247063
0.98, 1236137
0.98, 1233558
0.98, 1228642
0.99, 1220186
0.99, 1218328
1.00, 1212214
1.00, 1211280
1.00, 1210963
1.00, 1196770
1.01, 1192475
1.02, 1190122
1.02, 1171010
1.03, 1160700
1.03, 1155550
1.04, 1154117
1.04, 1150860
1.07, 1150858
1.07, 1147804
1.11, 1133997
1.11, 1109967
1.11, 1107643
1.15, 1097888
1.16, 1080730
1.16, 1074473
1.18, 1071072
1.19, 1068536
1.21, 1047961
1.22, 1046473
1.25, 1046173
1.27, 1040820
1.27, 1040600
1.28, 1038160
1.30, 1035854
1.33, 1034451
1.37, 1018723
1.37, 1017785
1.37, 1011106
1.38, 1011099
1.38, 1008726
1.41, 1006500
1.45, 1005459
1.53, 995524
1.54, 991687
1.55, 991270
1.59, 984507
1.59, 982551
1.59, 981709
1.65, 980421
1.67, 980002
1.69, 979259
1.71, 977443
1.76, 968043
1.81, 957319
1.81, 951730
1.85, 948066
1.86, 920899
1.90, 915285
1.98, 914200
3.91, 909694
3.96, 899254
3.99, 896520
3.99, 895326
4.00, 895286
4.06, 894363
8.21, 891657
8.24, 887232
8.27, 885014
8.35, 884981
8.36, 877338
8.37, 875183
8.42, 872568
8.46, 862819
8.50, 862769
36.02, 854907
