0.00, 6025957
0.00, 5979683
0.00, 5934664
0.00, 5822971
0.03, 5799434
0.03, 5732897
0.03, 5702091
0.03, 5559461
0.03, 5506892
0.03, 5480485
0.03, 5452470
0.03, 5417677
0.03, 5388521
0.03, 5231174
0.03, 5224701
0.03, 5221935
0.03, 5215695
0.03, 5170633
0.04, 5137501
0.14, 5131505
0.14, 5116153
0.14, 5092470
0.15, 5036899
0.15, 4982403
0.15, 4976789
0.63, 4948465
0.63, 4943664
0.63, 4941681
0.64, 4894238
0.64, 4890943
0.64, 4874883
0.64, 4863081
0.64, 4858130
0.64, 4857461
0.65, 4800989
0.65, 4791350
0.65, 4766274
0.65, 4656273
0.65, 4620423
0.65, 4589068
0.65, 4563203
0.66, 4539639
0.66, 4531671
0.66, 4527317
0.66, 4518752
0.66, 4461409
0.66, 4443816
0.66, 4422037
0.66, 4414158
0.66, 4357297
0.66, 4325845
0.67, 4189266
0.67, 4180525
0.67, 4153970
0.67, 4144660
0.67, 4143632
0.67, 4143569
0.67, 4122777
0.67, 4103035
0.67, 4078004
0.67, 4064459
0.67, 4055070
0.67, 3996923
0.67, 3960361
0.69, 3949737
0.69, 3868260
0.69, 3865506
0.69, 3865081
0.69, 3841266
0.69, 3835280
0.69, 3825615
0.69, 3803457
0.70, 3767581
0.70, 3765184
0.70, 3748750
0.70, 3733752
0.70, 3682029
0.70, 3675042
0.70, 3673777
0.70, 3652697
0.70, 3609068
0.70, 3600455
0.70, 3540273
0.70, 3460730
0.70, 3450011
0.70, 3422873
0.70, 3419866
0.70, 3415390
0.70, 3377999
0.70, 3374034
0.70, 3355534
0.70, 3344472
0.70, 3334185
0.70, 3295996
0.71, 3289642
0.71, 3273220
0.71, 3237441
0.71, 3235403
0.71, 3217603
0.71, 3217273
0.71, 3204901
0.71, 3203759
0.71, 3171849
0.71, 3148605
0.71, 3089099
0.71, 3074075
0.72, 3067965
0.72, 3065558
0.72, 3050447
0.72, 3018554
0.72, 3013206
0.72, 2994890
0.72, 2993825
0.72, 2991279
0.72, 2943645
0.72, 2842307
0.73, 2833258
0.73, 2828713
0.73, 2792863
0.73, 2790692
0.73, 2788831
0.73, 2759519
0.73, 2712704
0.73, 2693769
0.74, 2682094
0.74, 2646131
0.75, 2625775
0.75, 2625715
0.75, 2623372
0.75, 2606587
0.75, 2597686
0.75, 2596058
0.75, 2593193
0.75, 2569192
0.75, 2559026
0.75, 2555958
0.75, 2555458
0.75, 2518676
0.75, 2505939
0.75, 2496579
0.75, 2478438
0.75, 2465727
0.76, 2447548
0.76, 2433876
0.76, 2413047
0.76, 2407328
0.76, 2398550
0.76, 2398143
0.76, 2376138
0.76, 2354099
0.76, 2339808
0.76, 2330505
0.76, 2313140
0.76, 2298592
0.76, 2289252
0.76, 2286674
0.76, 2284207
0.76, 2272377
0.76, 2269093
0.76, 2267072
0.76, 2265986
0.76, 2253605
0.76, 2223863
0.76, 2221236
0.77, 2180290
0.77, 2157927
0.77, 2153507
0.77, 2146206
0.77, 2120994
0.77, 2112071
0.77, 2110993
0.77, 2103615
0.77, 2099502
0.77, 2089565
0.77, 2063732
0.77, 2051578
0.78, 2047666
0.78, 2033366
0.78, 2032333
0.78, 2023102
0.78, 1977416
0.78, 1970120
0.79, 1969816
0.79, 1966697
0.79, 1953784
0.79, 1952981
0.79, 1946818
0.79, 1944430
0.79, 1918449
0.79, 1918047
0.79, 1912806
0.79, 1883201
0.80, 1882000
0.80, 1881538
0.80, 1832366
0.80, 1831429
0.80, 1822171
0.80, 1821036
0.80, 1806826
0.80, 1806123
0.80, 1802876
0.80, 1777757
0.81, 1762231
0.82, 1752738
0.82, 1739284
0.82, 1735781
0.82, 1735017
0.82, 1700900
0.82, 1697610
0.82, 1687871
0.82, 1686704
0.82, 1686494
0.83, 1682368
0.83, 1670333
0.83, 1666566
0.83, 1656994
0.83, 1654888
0.84, 1651740
0.84, 1643751
0.84, 1641788
0.84, 1633780
0.84, 1632368
0.84, 1625745
0.85, 1619667
0.85, 1615295
0.85, 1614357
0.86, 1614341
0.86, 1589289
0.86, 1584211
0.86, 1583778
0.86, 1572089
0.87, 1571974
0.87, 1569091
0.87, 1562258
0.87, 1553454
0.87, 1538028
0.87, 1503964
0.87, 1503490
0.87, 1457953
0.88, 1448837
0.88, 1445890
0.88, 1443824
0.88, 1440459
0.88, 1440378
0.89, 1427327
0.89, 1416972
0.89, 1416417
0.89, 1408775
0.89, 1403419
0.89, 1403411
0.90, 1398202
0.90, 1376809
0.90, 1359279
0.91, 1356771
0.91, 1355401
0.91, 1335069
0.92, 1326404
0.92, 1324786
0.93, 1322801
0.93, 1317270
0.93, 1315742
0.95, 1313651
0.95, 1313248
0.95, 1308540
0.96, 1307226
0.97, 1303650
0.97, 1298996
0.97, 1295023
0.97, 1294924
0.98, 1292912
0.98, 1292459
0.98, 1282853
0.99, 1268580
0.99, 1263538
1.00, 1261138
1.00, 1256573
1.01, 1255519
1.01, 1253217
1.01, 1243246
1.01, 1241507
1.02, 1239398
1.02, 1235402
1.02, 1234091
1.02, 1233658
1.03, 1202720
1.03, 1189364
1.05, 1178182
1.05, 1174601
1.05, 1169410
1.06, 1162724
1.06, 1156594
1.06, 1151921
1.09, 1147994
1.10, 1146581
1.12, 1137383
1.12, 1136948
1.12, 1127519
1.13, 1120275
1.14, 1117676
1.16, 1105052
1.16, 1102134
1.17, 1085976
1.19, 1079074
1.20, 1074649
1.22, 1069167
1.24, 1061016
1.37, 1049367
1.37, 1048962
1.38, 1048087
1.42, 1030759
1.42, 1022649
1.46, 1019031
1.60, 1010407
1.62, 1005594
1.64, 1004851
1.85, 1003067
1.88, 987847
1.89, 985883
1.92, 985045
1.94, 980660
1.98, 979723
2.01, 978165
2.05, 977069
2.06, 976245
4.40, 970336
4.44, 969974
4.45, 967497
4.46, 967337
4.47, 966748
4.52, 949374
4.52, 931250
4.54, 929769
4.56, 925128
4.56, 920301
4.57, 918678
4.63, 915068
4.64, 908726
4.69, 904942
4.71, 903631
4.72, 901647
4.80, 901430
9.41, 896941
16.35, 891333
16.36, 890791
16.39, 887965
20.82, 881931
20.90, 881041
20.98, 880960
30.19, 877884
30.20, 876984
