0.00, 9673242
0.00, 9662351
0.00, 9618309
0.02, 9513821
0.02, 9412753
0.02, 9272052
0.02, 9248642
0.02, 9218944
0.02, 9153541
0.02, 9110536
0.02, 9025114
0.18, 9001076
0.28, 8890414
0.28, 8838023
0.28, 8822622
0.60, 8727776
0.63, 8726506
0.63, 8715055
0.63, 8687776
0.63, 8680182
0.63, 8580156
0.63, 8568160
0.63, 8338433
0.66, 8166273
0.66, 8068205
0.66, 8064488
0.66, 8049422
0.66, 7889293
0.66, 7838407
0.66, 7834853
0.66, 7718031
0.66, 7692491
0.66, 7685073
0.66, 7639548
0.66, 7502495
0.69, 7498620
0.69, 7488186
0.69, 7364068
0.69, 7328327
0.69, 7309012
0.69, 7169166
0.69, 6919616
0.69, 6804718
0.69, 6746227
0.69, 6739755
0.69, 6681359
0.69, 6577923
0.69, 6529452
0.69, 6528455
0.69, 6497229
0.69, 6425394
0.70, 6372837
0.70, 6308550
0.70, 6274708
0.70, 6246933
0.70, 6245066
0.70, 6237647
0.71, 6230288
0.71, 6216659
0.71, 6215773
0.71, 5986043
0.71, 5905940
0.71, 5881987
0.71, 5861543
0.71, 5860820
0.71, 5843166
0.71, 5742630
0.71, 5723487
0.71, 5687605
0.71, 5653734
0.71, 5638496
0.71, 5564979
0.71, 5564917
0.71, 5555109
0.71, 5529227
0.71, 5510413
0.71, 5501519
0.71, 5483815
0.71, 5449542
0.71, 5424483
0.71, 5396831
0.71, 5391678
0.72, 5298888
0.72, 5298212
0.72, 5294192
0.72, 5251762
0.72, 5233382
0.72, 5211720
0.72, 5192679
0.72, 5188624
0.72, 5166152
0.72, 5131289
0.72, 5127947
0.73, 5104495
0.73, 5103362
0.73, 5101707
0.73, 5069579
0.73, 5067653
0.73, 5067247
0.73, 5060202
0.74, 5060120
0.74, 5044219
0.74, 5031821
0.74, 5000011
0.74, 4998782
0.74, 4876581
0.74, 4859048
0.74, 4830180
0.75, 4796204
0.75, 4789949
0.75, 4778211
0.75, 4673276
0.75, 4659650
0.75, 4659485
0.75, 4601074
0.76, 4596607
0.76, 4580851
0.76, 4507848
0.76, 4505475
0.76, 4485859
0.76, 4445201
0.76, 4440787
0.76, 4434636
0.76, 4431411
0.76, 4417335
0.76, 4408474
0.76, 4395352
0.76, 4377399
0.76, 4369046
0.76, 4324497
0.76, 4288646
0.77, 4236623
0.77, 4185085
0.77, 4182287
0.77, 4130587
0.78, 4126824
0.78, 4124195
0.78, 4085864
0.78, 4038570
0.78, 4038472
0.78, 4037981
0.78, 4036709
0.78, 4035197
0.78, 4032764
0.79, 4028235
0.79, 4028202
0.79, 4023644
0.79, 3993505
0.79, 3992082
0.79, 3974801
0.79, 3949827
0.80, 3814831
0.80, 3758406
0.80, 3698834
0.80, 3689144
0.80, 3654400
0.80, 3614434
0.80, 3613387
0.81, 3612922
0.81, 3610233
0.81, 3550271
0.81, 3532883
0.81, 3531401
0.81, 3513778
0.81, 3489701
0.82, 3483914
0.83, 3475646
0.83, 3430911
0.83, 3424962
0.83, 3411657
0.83, 3405736
0.83, 3397425
0.83, 3337258
0.84, 3331026
0.84, 3328938
0.84, 3321977
0.84, 3317729
0.84, 3316509
0.84, 3308741
0.84, 3308384
0.84, 3305984
0.84, 3301050
0.84, 3287380
0.84, 3286640
0.85, 3247288
0.85, 3246716
0.85, 3240445
0.85, 3225715
0.85, 3225280
0.85, 3198669
0.85, 3195867
0.85, 3193759
0.85, 3193178
0.85, 3167047
0.86, 3166403
0.86, 3152059
0.86, 3106063
0.86, 3105469
0.86, 3086748
0.86, 3084330
0.86, 3082071
0.86, 3062371
0.86, 3017384
0.86, 3013427
0.87, 3001826
0.87, 3001823
0.87, 2974209
0.87, 2961418
0.87, 2957296
0.87, 2923221
0.87, 2916588
0.87, 2879636
0.87, 2873611
0.88, 2839309
0.88, 2812852
0.88, 2807997
0.88, 2807672
0.88, 2763104
0.88, 2749243
0.88, 2748562
0.88, 2746252
0.88, 2727821
0.88, 2713872
0.88, 2712273
0.89, 2704818
0.89, 2691198
0.89, 2684026
0.90, 2680386
0.90, 2677615
0.90, 2651071
0.90, 2614794
0.90, 2614231
0.90, 2614204
0.90, 2605310
0.90, 2598162
0.90, 2577687
0.91, 2471377
0.91, 2459419
0.91, 2449450
0.92, 2445579
0.92, 2445578
0.92, 2431496
0.92, 2408340
0.92, 2399933
0.93, 2394529
0.93, 2342581
0.93, 2341232
0.93, 2338510
0.94, 2337912
0.94, 2333931
0.94, 2320618
0.95, 2320175
0.95, 2317853
0.95, 2313823
0.95, 2313579
0.95, 2312979
0.96, 2310515
0.96, 2288699
0.97, 2283383
0.98, 2273067
0.98, 2238667
0.98, 2231904
0.98, 2231036
0.99, 2231033
0.99, 2230864
0.99, 2230744
0.99, 2230328
0.99, 2227606
1.00, 2213476
1.01, 2211758
1.01, 2211578
1.01, 2198103
1.02, 2190680
1.02, 2190512
1.03, 2183199
1.03, 2180960
1.03, 2180618
1.03, 2135713
1.04, 2134813
1.04, 2117501
1.05, 2112807
1.05, 2108631
1.06, 2106981
1.06, 2106691
1.07, 2100263
1.07, 2088772
1.08, 2082704
1.09, 2024610
1.09, 2020764
1.10, 2014996
1.10, 2014582
1.10, 2010089
1.10, 2009852
1.11, 2008709
1.11, 2005558
1.14, 2004132
1.15, 2003810
1.16, 2003337
1.17, 1986986
1.17, 1963842
1.17, 1944089
1.17, 1943985
1.17, 1943932
1.17, 1941139
1.18, 1936484
1.18, 1936426
1.19, 1910391
1.19, 1888268
1.19, 1880719
1.21, 1874041
1.21, 1852813
1.21, 1849868
1.21, 1849267
1.21, 1849145
1.22, 1848928
1.22, 1848576
1.22, 1847727
1.22, 1835385
1.22, 1834293
1.23, 1829229
1.23, 1828972
1.23, 1828860
1.24, 1828823
1.26, 1822160
1.28, 1820428
1.28, 1818202
1.28, 1817898
1.29, 1776021
1.29, 1773521
1.30, 1771227
1.31, 1768628
1.32, 1729525
1.32, 1721577
1.32, 1715404
1.32, 1711663
1.34, 1700718
1.34, 1684794
1.34, 1680995
1.35, 1680098
1.36, 1669955
1.40, 1651112
1.41, 1650777
1.42, 1642685
1.42, 1639545
1.42, 1637271
1.44, 1634033
1.47, 1623129
1.49, 1612951
1.49, 1610973
1.49, 1607486
1.50, 1603708
1.52, 1575351
1.55, 1574212
1.58, 1570528
1.61, 1566552
1.61, 1566455
1.62, 1536770
1.65, 1525950
1.65, 1525268
1.66, 1523871
1.68, 1522485
1.70, 1518887
1.70, 1512669
1.70, 1512645
1.71, 1500350
1.75, 1488453
1.78, 1486814
1.79, 1486646
1.80, 1481550
1.80, 1481153
1.82, 1480333
1.83, 1476471
1.83, 1474946
1.84, 1473854
1.85, 1473803
1.85, 1472917
1.86, 1454504
1.90, 1449174
1.96, 1448894
1.96, 1448883
1.97, 1448113
2.01, 1447386
2.04, 1447153
2.05, 1441016
2.09, 1437612
2.12, 1437505
2.14, 1437454
4.18, 1429180
4.18, 1427574
4.18, 1427068
4.22, 1425717
4.22, 1413422
4.28, 1404137
4.35, 1401540
4.35, 1400763
6.04, 1352461
6.04, 1349848
6.08, 1349817
6.10, 1345132
6.10, 1344506
6.11, 1338220
6.12, 1337802
6.13, 1337723
6.14, 1316656
6.14, 1315728
6.17, 1311972
6.18, 1310662
6.32, 1300896
6.33, 1300806
6.33, 1299530
6.33, 1278202
6.35, 1275549
6.40, 1274094
6.48, 1274012
6.49, 1272878
6.56, 1268779
