0.01, 9582561
0.01, 9551537
0.01, 9498256
0.01, 9373352
0.01, 9230483
0.01, 9229310
0.01, 9085021
0.01, 9037473
0.01, 9036993
0.01, 8966941
0.59, 8946069
0.59, 8886931
0.59, 8727872
0.60, 8725820
0.63, 8723968
0.63, 8703421
0.63, 8698228
0.63, 8695861
0.63, 8631293
0.65, 8621739
0.65, 8546400
0.65, 8541872
0.65, 8509284
0.65, 8381425
0.65, 8368800
0.65, 8306867
0.65, 8290290
0.65, 8234663
0.65, 8219948
0.65, 8219365
0.65, 8217447
0.65, 8088432
0.65, 8071678
0.68, 8007993
0.68, 7942452
0.68, 7821201
0.68, 7799484
0.68, 7789999
0.68, 7788440
0.70, 7735312
0.70, 7672136
0.70, 7637118
0.70, 7449054
0.70, 7408820
0.70, 7358497
0.70, 7315690
0.71, 7178897
0.71, 7174668
0.71, 7167937
0.71, 7167697
0.71, 7149966
0.71, 7138854
0.71, 7090056
0.71, 7060833
0.71, 7053221
0.71, 7051545
0.71, 7029585
0.71, 7016377
0.71, 6938191
0.71, 6899213
0.71, 6897475
0.71, 6891474
0.71, 6823365
0.71, 6822257
0.71, 6810013
0.71, 6720019
0.71, 6713821
0.71, 6711315
0.71, 6505004
0.72, 6474079
0.72, 6436962
0.72, 6378297
0.72, 6371102
0.72, 6279346
0.72, 6269520
0.72, 6249286
0.72, 6245507
0.72, 6241161
0.72, 6241022
0.72, 6225530
0.72, 6197893
0.72, 6197504
0.72, 6184528
0.72, 6103563
0.72, 6052186
0.72, 6044335
0.73, 6034930
0.73, 5982261
0.73, 5937267
0.74, 5932954
0.74, 5913470
0.74, 5889503
0.74, 5889179
0.74, 5887281
0.74, 5832675
0.74, 5831446
0.74, 5823255
0.74, 5822963
0.74, 5822449
0.74, 5759320
0.74, 5757374
0.75, 5725187
0.75, 5724151
0.75, 5413418
0.75, 5403382
0.75, 5378385
0.75, 5310557
0.75, 5283650
0.75, 5283628
0.75, 5283320
0.75, 5276419
0.75, 5166432
0.75, 5163298
0.75, 5144078
0.75, 5143782
0.75, 5143347
0.75, 5138686
0.75, 5124869
0.75, 5069301
0.76, 5064183
0.76, 5021114
0.76, 4907591
0.76, 4899731
0.76, 4879522
0.76, 4866262
0.76, 4865798
0.76, 4862716
0.76, 4846847
0.77, 4791362
0.77, 4749732
0.78, 4629940
0.78, 4627648
0.78, 4596186
0.78, 4449335
0.78, 4424011
0.78, 4383663
0.78, 4378832
0.78, 4365163
0.78, 4309217
0.78, 4248826
0.78, 4225980
0.78, 4225784
0.78, 4213439
0.78, 4175189
0.78, 4165556
0.78, 4109521
0.78, 4089207
0.78, 4088912
0.79, 4054788
0.79, 4007868
0.79, 4005969
0.79, 4005276
0.79, 3990111
0.79, 3984503
0.80, 3979100
0.80, 3946511
0.80, 3940105
0.80, 3939327
0.80, 3933165
0.80, 3914529
0.80, 3896511
0.81, 3863915
0.81, 3851082
0.81, 3846692
0.81, 3836053
0.81, 3821313
0.81, 3818995
0.81, 3813625
0.81, 3812563
0.81, 3802188
0.81, 3800363
0.81, 3800013
0.81, 3798949
0.81, 3798696
0.82, 3766710
0.82, 3759416
0.82, 3755480
0.82, 3741604
0.82, 3740829
0.82, 3677649
0.82, 3673253
0.82, 3654719
0.82, 3625415
0.82, 3593416
0.82, 3564568
0.82, 3554263
0.82, 3544969
0.82, 3539268
0.83, 3538199
0.83, 3533737
0.83, 3527721
0.83, 3522943
0.83, 3520092
0.83, 3515546
0.83, 3508379
0.83, 3478343
0.84, 3475925
0.84, 3413910
0.84, 3413858
0.84, 3369771
0.84, 3353423
0.84, 3352377
0.84, 3350832
0.84, 3329202
0.84, 3322693
0.84, 3298783
0.84, 3294412
0.84, 3274233
0.84, 3236202
0.84, 3227191
0.84, 3223385
0.85, 3184999
0.85, 3120885
0.85, 3099489
0.85, 3095874
0.85, 3062115
0.85, 3047081
0.85, 2988022
0.85, 2983280
0.85, 2975942
0.85, 2967589
0.85, 2962703
0.85, 2959361
0.85, 2953028
0.85, 2857418
0.86, 2844015
0.86, 2839711
0.86, 2819516
0.86, 2808942
0.86, 2800388
0.86, 2788142
0.86, 2775855
0.87, 2767640
0.87, 2731174
0.87, 2728575
0.88, 2723257
0.88, 2721761
0.88, 2717501
0.88, 2711984
0.88, 2711378
0.88, 2710316
0.88, 2707658
0.88, 2705424
0.88, 2705291
0.88, 2695362
0.88, 2694144
0.89, 2687666
0.89, 2684669
0.89, 2681367
0.89, 2666698
0.90, 2645300
0.90, 2640117
0.90, 2627254
0.90, 2608177
0.90, 2572957
0.90, 2528915
0.90, 2515427
0.91, 2511271
0.91, 2509893
0.91, 2509148
0.91, 2508359
0.92, 2466674
0.92, 2448256
0.92, 2416503
0.92, 2409618
0.92, 2406820
0.93, 2405639
0.93, 2403070
0.93, 2394681
0.94, 2394302
0.94, 2381962
0.95, 2380017
0.95, 2377233
0.95, 2329431
0.95, 2327691
0.96, 2308334
0.96, 2307114
0.96, 2306631
0.96, 2300512
0.96, 2300413
0.96, 2264679
0.97, 2258350
0.97, 2256052
0.97, 2241181
0.97, 2240493
0.98, 2235789
0.98, 2235020
0.98, 2232620
0.98, 2221378
0.98, 2198715
0.98, 2198470
0.99, 2197410
0.99, 2196278
0.99, 2174606
0.99, 2170868
1.00, 2169494
1.00, 2169280
1.00, 2168839
1.00, 2146464
1.01, 2142182
1.01, 2141554
1.01, 2139349
1.02, 2137087
1.02, 2132679
1.02, 2131096
1.02, 2129807
1.02, 2122509
1.03, 2114817
1.04, 2109033
1.06, 2102786
1.06, 2080657
1.06, 2080053
1.07, 2075239
1.07, 2073789
1.07, 2068886
1.07, 2065225
1.07, 2064682
1.08, 2062801
1.08, 2047803
1.08, 2045725
1.08, 2044499
1.09, 2032759
1.09, 2024678
1.10, 2013459
1.10, 2010374
1.10, 2002601
1.11, 2002134
1.12, 1999640
1.12, 1999605
1.13, 1997386
1.14, 1991746
1.14, 1989425
1.15, 1988423
1.15, 1987928
1.17, 1985073
1.17, 1977897
1.18, 1970172
1.19, 1962201
1.20, 1959382
1.20, 1950339
1.21, 1940299
1.21, 1914222
1.21, 1913088
1.22, 1903778
1.23, 1902038
1.23, 1900465
1.23, 1896744
1.24, 1896696
1.24, 1864259
1.25, 1858188
1.26, 1848146
1.26, 1847947
1.26, 1840858
1.27, 1824577
1.27, 1824512
1.28, 1799166
1.29, 1798267
1.30, 1790255
1.30, 1783877
1.30, 1783553
1.31, 1782379
1.31, 1781559
1.33, 1781551
1.35, 1770114
1.36, 1752272
1.41, 1748179
1.41, 1733459
1.43, 1732009
1.47, 1728923
1.49, 1718563
1.49, 1716349
1.52, 1685441
1.52, 1685336
1.54, 1672050
1.55, 1667783
1.57, 1667128
1.57, 1641378
1.58, 1627227
1.59, 1624771
1.61, 1624614
1.62, 1611057
1.62, 1610506
1.66, 1609905
1.68, 1609733
1.69, 1541123
1.70, 1540971
1.73, 1507412
1.79, 1485312
1.80, 1483557
1.83, 1475282
1.83, 1474383
1.84, 1472834
1.85, 1472706
1.86, 1471597
1.88, 1469323
1.92, 1468875
1.92, 1466883
1.92, 1465239
1.92, 1456186
1.93, 1455156
1.93, 1446658
1.96, 1445490
1.97, 1445348
2.00, 1440933
2.06, 1438084
2.17, 1433902
2.19, 1430103
6.74, 1428205
6.76, 1419297
6.76, 1418491
6.77, 1418342
6.80, 1417970
6.80, 1401041
6.86, 1389412
6.89, 1388595
11.66, 1388519
11.70, 1388377
11.71, 1387348
11.81, 1384490
16.38, 1372703
16.45, 1366325
16.46, 1365261
16.52, 1363622
16.52, 1356308
16.57, 1356023
16.57, 1355273
16.58, 1352361
16.58, 1351924
16.58, 1351607
16.58, 1350944
16.59, 1350817
16.59, 1350690
16.60, 1346356
16.61, 1345758
16.63, 1343938
20.89, 1334516
20.93, 1330932
21.00, 1330331
21.04, 1329039
21.05, 1328945
21.07, 1326951
21.14, 1321434
21.15, 1320827
21.16, 1314357
21.35, 1314292
21.36, 1309346
31.06, 1300703
31.10, 1291253
31.12, 1290714
31.15, 1290534
31.25, 1289969
33.69, 1283709
33.70, 1283567
33.70, 1283224
33.70, 1280616
33.74, 1276902
33.78, 1276865
33.80, 1276817
