0.00, 9508562
0.01, 9504072
0.01, 9495363
0.08, 9473693
0.08, 9367746
0.08, 9365962
0.08, 9346810
0.08, 9345692
0.08, 9187865
0.08, 9175452
0.08, 9173315
0.08, 9170743
0.08, 9169613
0.08, 9109609
0.08, 9089517
0.08, 9073292
0.08, 9046510
0.08, 9042910
0.08, 9035863
0.09, 8953830
0.09, 8953697
0.09, 8799493
0.40, 8750844
0.50, 8691798
0.62, 8681697
0.62, 8643340
0.62, 8588033
0.62, 8551134
0.62, 8466196
0.62, 8350013
0.62, 8319555
0.62, 8306222
0.62, 8295871
0.62, 8099923
0.62, 8023337
0.62, 7997299
0.62, 7899470
0.62, 7706744
0.62, 7700125
0.62, 7659685
0.65, 7615045
0.67, 7590422
0.67, 7473076
0.67, 7465964
0.67, 7438533
0.67, 7437644
0.67, 7432122
0.67, 7305279
0.67, 7280167
0.67, 7278031
0.67, 7218466
0.67, 7087609
0.67, 7078515
0.67, 6984816
0.67, 6940363
0.67, 6773742
0.67, 6747775
0.67, 6713733
0.68, 6708134
0.68, 6654879
0.68, 6642745
0.68, 6533106
0.68, 6456241
0.68, 6348660
0.68, 6316719
0.68, 6275830
0.68, 6221547
0.68, 6212389
0.68, 6199139
0.68, 6185402
0.68, 6089982
0.68, 6089531
0.68, 5979858
0.69, 5871161
0.69, 5867345
0.69, 5866697
0.69, 5851936
0.69, 5847269
0.69, 5846110
0.69, 5823233
0.69, 5821479
0.69, 5787938
0.69, 5781003
0.69, 5731577
0.70, 5715669
0.70, 5690074
0.70, 5615413
0.70, 5611051
0.70, 5589735
0.70, 5510294
0.70, 5500014
0.70, 5478761
0.70, 5452905
0.70, 5448205
0.70, 5412395
0.70, 5412016
0.70, 5386683
0.70, 5329404
0.71, 5302991
0.71, 5268752
0.73, 5239057
0.73, 5236891
0.73, 5212031
0.73, 5167300
0.73, 5155701
0.73, 5110441
0.73, 5059657
0.73, 5053825
0.73, 5037649
0.73, 5035786
0.73, 5027945
0.73, 5023308
0.74, 4954105
0.74, 4928244
0.74, 4898131
0.74, 4897653
0.74, 4858229
0.74, 4828543
0.74, 4774105
0.74, 4729048
0.74, 4698972
0.74, 4696919
0.74, 4695129
0.74, 4694734
0.74, 4678733
0.74, 4675664
0.74, 4585486
0.74, 4580157
0.74, 4560676
0.75, 4528294
0.75, 4521981
0.75, 4505350
0.75, 4503530
0.75, 4484063
0.75, 4480545
0.75, 4465445
0.75, 4438767
0.75, 4430768
0.75, 4356158
0.75, 4350807
0.75, 4347489
0.75, 4339171
0.75, 4248764
0.75, 4234406
0.75, 4231004
0.75, 4230462
0.75, 4193847
0.75, 4190165
0.75, 4184359
0.76, 4146493
0.76, 4089649
0.76, 4085605
0.76, 4069250
0.76, 4048129
0.76, 4029025
0.76, 4002026
0.76, 3993070
0.76, 3990480
0.76, 3986695
0.76, 3979151
0.76, 3925454
0.76, 3889782
0.76, 3882884
0.76, 3845263
0.76, 3843581
0.76, 3834227
0.76, 3832607
0.76, 3831060
0.76, 3823107
0.76, 3821308
0.77, 3765122
0.77, 3759982
0.77, 3738040
0.77, 3732722
0.77, 3716432
0.77, 3712280
0.77, 3706469
0.77, 3682427
0.77, 3675706
0.77, 3675615
0.77, 3675545
0.77, 3674848
0.77, 3671800
0.77, 3662907
0.77, 3658989
0.77, 3635507
0.77, 3632407
0.78, 3631952
0.78, 3609334
0.78, 3594909
0.78, 3594182
0.78, 3585325
0.78, 3572238
0.78, 3560786
0.78, 3559432
0.78, 3536637
0.78, 3520907
0.78, 3489584
0.78, 3489157
0.78, 3488658
0.78, 3485293
0.78, 3459839
0.78, 3451232
0.78, 3420051
0.79, 3419900
0.79, 3357241
0.79, 3357029
0.79, 3327878
0.79, 3326937
0.79, 3305679
0.79, 3305186
0.79, 3304885
0.79, 3289920
0.79, 3270190
0.79, 3259096
0.79, 3250551
0.80, 3249819
0.80, 3236905
0.80, 3203170
0.80, 3180967
0.80, 3149687
0.80, 3147435
0.80, 3146544
0.80, 3136373
0.80, 3074687
0.80, 3069309
0.81, 3066258
0.81, 3063467
0.81, 3023642
0.81, 2956259
0.81, 2955382
0.81, 2942938
0.81, 2935987
0.81, 2931842
0.81, 2861444
0.81, 2860012
0.81, 2857570
0.82, 2856900
0.82, 2856647
0.82, 2854362
0.82, 2848034
0.82, 2847658
0.82, 2846098
0.82, 2790703
0.83, 2740146
0.83, 2712092
0.83, 2673680
0.83, 2652815
0.83, 2634299
0.83, 2611773
0.83, 2605833
0.83, 2559808
0.83, 2558820
0.83, 2550929
0.83, 2550642
0.84, 2546347
0.84, 2538618
0.84, 2535228
0.84, 2533675
0.85, 2524869
0.85, 2521110
0.85, 2519412
0.85, 2517470
0.85, 2514874
0.86, 2502710
0.86, 2497598
0.86, 2493793
0.86, 2476918
0.86, 2475110
0.86, 2474103
0.86, 2473921
0.86, 2472776
0.86, 2471168
0.86, 2470943
0.87, 2470655
0.87, 2465228
0.87, 2464746
0.87, 2436042
0.88, 2433628
0.88, 2432888
0.88, 2432427
0.88, 2426275
0.88, 2424232
0.88, 2423911
0.89, 2421044
0.89, 2406904
0.89, 2406498
0.89, 2404254
0.89, 2404220
0.89, 2400664
0.90, 2394875
0.90, 2394466
0.91, 2386930
0.91, 2386648
0.91, 2363769
0.91, 2363437
0.91, 2363387
0.91, 2359519
0.92, 2356816
0.92, 2349714
0.92, 2340014
0.92, 2337315
0.92, 2336274
0.92, 2335565
0.93, 2335445
0.93, 2334115
0.93, 2302732
0.93, 2302712
0.93, 2300924
0.93, 2295096
0.94, 2295010
0.94, 2290358
0.94, 2283962
0.94, 2283829
0.94, 2268298
0.94, 2266186
0.94, 2263197
0.95, 2262746
0.95, 2260620
0.96, 2260501
0.96, 2259984
0.96, 2256002
0.97, 2255042
0.97, 2255038
0.97, 2251864
0.97, 2250520
0.97, 2249213
0.97, 2240167
0.98, 2239664
0.98, 2238177
0.98, 2206046
0.98, 2206011
0.98, 2205549
0.99, 2204080
0.99, 2201589
0.99, 2197481
0.99, 2196545
0.99, 2184591
0.99, 2182641
0.99, 2061953
0.99, 2060532
1.00, 2051860
1.00, 2051698
1.00, 2038789
1.00, 2038274
1.00, 2038174
1.01, 2037395
1.01, 2036944
1.01, 2036915
1.01, 2035060
1.01, 2009874
1.02, 2009398
1.02, 2008961
1.03, 2008917
1.03, 2008292
1.03, 2006664
1.03, 2004299
1.03, 2003822
1.03, 2001386
1.04, 1999095
1.04, 1998154
1.05, 1992322
1.05, 1991481
1.05, 1990013
1.05, 1977508
1.05, 1972695
1.06, 1957536
1.07, 1956753
1.07, 1954470
1.08, 1954426
1.08, 1952760
1.08, 1948067
1.08, 1869412
1.09, 1869284
1.09, 1866012
1.11, 1862222
1.11, 1862188
1.11, 1856934
1.12, 1845248
1.12, 1837294
1.13, 1836865
1.14, 1825314
1.16, 1825072
1.16, 1805883
1.16, 1778091
1.16, 1688326
1.17, 1688218
1.17, 1682552
1.17, 1672719
1.17, 1666133
1.18, 1662667
1.19, 1654830
1.19, 1650629
1.21, 1650028
1.22, 1646988
1.22, 1639541
1.22, 1632675
1.23, 1618770
1.25, 1618134
1.26, 1607911
1.27, 1598838
1.28, 1596532
1.29, 1595876
1.30, 1593630
1.30, 1589468
1.32, 1587092
1.32, 1586066
1.34, 1585794
1.34, 1570199
1.36, 1561221
1.37, 1560336
1.38, 1559151
1.39, 1558994
1.40, 1557789
1.41, 1513441
1.43, 1513184
1.44, 1513114
1.45, 1512980
1.46, 1512527
1.48, 1511721
1.49, 1504361
1.49, 1490135
1.50, 1488359
1.51, 1480655
1.53, 1455740
1.53, 1447499
1.55, 1446837
1.56, 1446067
1.57, 1444413
1.58, 1440742
1.59, 1430897
1.62, 1429696
1.65, 1387869
1.67, 1385695
1.68, 1382255
1.73, 1353429
1.74, 1353131
1.76, 1350514
1.76, 1349360
1.78, 1340809
1.78, 1340791
1.80, 1340419
1.86, 1339355
1.87, 1338302
1.95, 1338160
2.07, 1335489
4.25, 1328390
19.79, 1325776
19.81, 1325349
19.82, 1325240
48.36, 1324372
48.37, 1322663
48.41, 1316249
48.45, 1316094
48.47, 1302154
48.49, 1296060
48.56, 1294965
48.61, 1294159
48.61, 1293279
48.66, 1291985
48.68, 1290321
51.09, 1288154
