0.01, 9562311
0.01, 9516547
0.01, 9484807
0.02, 9405131
0.02, 9343280
0.02, 9326065
0.02, 9216912
0.02, 9160321
0.02, 9148674
0.02, 9141206
0.02, 9135176
0.10, 9027002
0.10, 8979079
0.10, 8924329
0.10, 8896959
0.10, 8705378
0.10, 8675723
0.64, 8578725
0.64, 8568611
0.64, 8517827
0.64, 8474819
0.64, 8443576
0.64, 8430100
0.64, 8404528
0.64, 8311605
0.64, 8051482
0.64, 7942115
0.64, 7939083
0.70, 7884013
0.70, 7825553
0.70, 7587722
0.70, 7577370
0.70, 7573814
0.70, 7539969
0.70, 7532050
0.71, 7459057
0.72, 7410680
0.72, 7312138
0.72, 7231523
0.72, 7203033
0.72, 7191776
0.73, 7137814
0.73, 7114564
0.73, 7109917
0.73, 7053088
0.73, 7036498
0.73, 6961192
0.73, 6960228
0.73, 6953022
0.73, 6940207
0.73, 6935295
0.73, 6913239
0.73, 6778506
0.73, 6770542
0.73, 6605801
0.74, 6380583
0.74, 6364787
0.74, 6362992
0.74, 6267588
0.74, 6176391
0.74, 6104789
0.74, 6085015
0.75, 6063496
0.75, 5970002
0.75, 5965175
0.75, 5961999
0.75, 5958376
0.75, 5954043
0.75, 5823847
0.75, 5790389
0.75, 5786133
0.75, 5760751
0.76, 5735897
0.76, 5666357
0.76, 5618667
0.76, 5617976
0.76, 5559350
0.76, 5559149
0.76, 5550004
0.76, 5444792
0.76, 5391222
0.76, 5313428
0.76, 5259012
0.77, 5234560
0.77, 5219747
0.77, 5186903
0.77, 5186152
0.77, 5152652
0.77, 5101002
0.78, 5071518
0.78, 4991230
0.78, 4939331
0.78, 4873231
0.78, 4811098
0.78, 4802647
0.78, 4798775
0.78, 4785722
0.78, 4775223
0.78, 4763610
0.78, 4755407
0.78, 4747549
0.78, 4747212
0.78, 4746215
0.78, 4697704
0.78, 4645709
0.78, 4643077
0.78, 4617729
0.78, 4615126
0.79, 4578136
0.79, 4560369
0.79, 4533006
0.79, 4532692
0.79, 4520396
0.79, 4475560
0.79, 4475320
0.79, 4444260
0.79, 4412578
0.79, 4396565
0.79, 4395936
0.79, 4374491
0.79, 4372900
0.80, 4333976
0.80, 4330255
0.80, 4323517
0.80, 4323354
0.80, 4318783
0.80, 4313725
0.80, 4244344
0.80, 4244215
0.80, 4240030
0.80, 4226592
0.80, 4213273
0.80, 4165132
0.81, 4123841
0.81, 4122418
0.81, 4122373
0.81, 4110745
0.81, 4110708
0.81, 4103171
0.81, 4089380
0.81, 3998925
0.81, 3996777
0.81, 3989095
0.81, 3964260
0.81, 3962066
0.81, 3954391
0.81, 3945173
0.81, 3928334
0.81, 3926277
0.81, 3921866
0.81, 3916053
0.82, 3806537
0.82, 3803175
0.82, 3788410
0.82, 3743962
0.82, 3741876
0.82, 3736729
0.82, 3735643
0.82, 3717784
0.82, 3660724
0.82, 3658648
0.82, 3656879
0.82, 3655524
0.82, 3637566
0.82, 3629415
0.83, 3612909
0.83, 3597708
0.83, 3580908
0.83, 3571564
0.83, 3567325
0.83, 3543061
0.83, 3476213
0.84, 3465398
0.84, 3457028
0.84, 3411675
0.84, 3348682
0.84, 3328058
0.84, 3326815
0.84, 3312945
0.84, 3310925
0.85, 3310371
0.85, 3299952
0.85, 3269094
0.85, 3266443
0.85, 3264712
0.85, 3256027
0.85, 3241426
0.85, 3227796
0.85, 3220831
0.85, 3213173
0.85, 3187173
0.85, 3181335
0.85, 3136430
0.86, 3129588
0.86, 3120876
0.86, 3112687
0.86, 3107383
0.86, 3105796
0.86, 3105144
0.86, 3102208
0.86, 3088869
0.86, 3082973
0.86, 3081315
0.86, 3078415
0.86, 3075627
0.86, 3068805
0.87, 3042590
0.87, 3037802
0.87, 3032046
0.87, 3001749
0.87, 2996058
0.88, 2983964
0.89, 2975150
0.89, 2964218
0.89, 2960266
0.89, 2948979
0.89, 2948585
0.89, 2942853
0.90, 2934875
0.90, 2930941
0.90, 2914892
0.90, 2909127
0.90, 2908139
0.90, 2900342
0.90, 2899216
0.90, 2896307
0.90, 2894341
0.91, 2883164
0.91, 2878678
0.91, 2852141
0.91, 2833887
0.91, 2830462
0.91, 2826710
0.92, 2825984
0.92, 2825032
0.92, 2817798
0.92, 2801232
0.92, 2729493
0.93, 2679482
0.93, 2668508
0.93, 2610125
0.93, 2609349
0.93, 2581946
0.93, 2579752
0.94, 2579657
0.94, 2572639
0.94, 2568224
0.94, 2544962
0.95, 2544843
0.95, 2538921
0.95, 2526539
0.95, 2525357
0.95, 2524332
0.95, 2519624
0.96, 2501693
0.96, 2403205
0.96, 2396185
0.96, 2396181
0.96, 2395719
0.96, 2395075
0.98, 2387211
0.98, 2372772
0.98, 2366026
0.98, 2365916
0.99, 2364860
0.99, 2356959
0.99, 2343844
0.99, 2343105
0.99, 2329254
0.99, 2329144
0.99, 2324993
1.00, 2319567
1.00, 2318304
1.00, 2302218
1.00, 2300699
1.00, 2297397
1.01, 2297020
1.02, 2282647
1.02, 2271586
1.02, 2264654
1.02, 2237936
1.03, 2234926
1.04, 2228355
1.04, 2222033
1.04, 2216385
1.04, 2211098
1.05, 2207060
1.05, 2206171
1.05, 2202428
1.06, 2201955
1.06, 2128944
1.06, 2121964
1.06, 2109528
1.06, 2087841
1.06, 2085035
1.06, 2067797
1.06, 2065398
1.07, 2064104
1.08, 2040956
1.08, 2035286
1.08, 2019185
1.09, 1976834
1.09, 1975088
1.09, 1975041
1.12, 1969233
1.12, 1964338
1.12, 1964261
1.12, 1964157
1.13, 1957928
1.13, 1940627
1.13, 1921858
1.14, 1920685
1.14, 1908596
1.15, 1908545
1.15, 1906775
1.16, 1906369
1.17, 1887574
1.17, 1778504
1.17, 1776106
1.18, 1765869
1.20, 1758645
1.20, 1731881
1.20, 1725084
1.20, 1718680
1.21, 1711046
1.22, 1708355
1.22, 1674718
1.23, 1669611
1.24, 1658322
1.24, 1657715
1.25, 1641628
1.25, 1639093
1.26, 1637876
1.26, 1637734
1.26, 1636507
1.27, 1635514
1.28, 1627113
1.28, 1619158
1.28, 1618814
1.29, 1614946
1.29, 1602221
1.30, 1601284
1.30, 1599981
1.32, 1599642
1.34, 1563460
1.35, 1560589
1.36, 1560246
1.38, 1557259
1.39, 1552910
1.40, 1540472
1.40, 1537864
1.41, 1533571
1.42, 1533125
1.43, 1502613
1.43, 1502360
1.44, 1502113
1.44, 1501742
1.44, 1499675
1.44, 1499568
1.46, 1492880
1.47, 1491855
1.48, 1487465
1.48, 1486821
1.49, 1486292
1.49, 1486231
1.49, 1479802
1.49, 1474484
1.50, 1473157
1.51, 1472875
1.51, 1458686
1.53, 1441238
1.56, 1434151
1.56, 1427598
1.63, 1426789
1.67, 1426478
1.70, 1425954
1.70, 1422839
1.70, 1422625
1.82, 1404741
1.84, 1401820
1.86, 1401037
1.90, 1400810
2.01, 1394383
2.15, 1374081
2.17, 1369859
6.46, 1369343
6.49, 1368948
6.50, 1367406
6.51, 1364986
6.52, 1352954
6.52, 1351924
6.54, 1347371
6.60, 1344241
6.62, 1325202
6.65, 1322772
6.66, 1321607
6.66, 1320463
6.71, 1316781
6.74, 1316484
6.78, 1316452
6.79, 1315971
6.94, 1315074
6.95, 1311104
6.96, 1310761
7.00, 1307890
7.00, 1300622
7.03, 1297520
7.05, 1294641
