0.00, 9866626
0.00, 9703168
0.00, 9661948
0.00, 9613898
0.01, 9610213
0.01, 9569712
0.01, 9487507
0.01, 9486452
0.01, 9484215
0.01, 9479090
0.01, 9393388
0.01, 9219587
0.01, 9079962
0.13, 9065642
0.13, 9064810
0.32, 9044013
0.32, 9038757
0.46, 9036313
0.46, 9012328
0.46, 8930764
0.46, 8856001
0.46, 8854023
0.46, 8801160
0.46, 8769720
0.46, 8736198
0.46, 8694110
0.57, 8658189
0.57, 8622692
0.57, 8574437
0.57, 8574018
0.57, 8554603
0.60, 8493705
0.60, 8490445
0.65, 8439985
0.65, 8338803
0.65, 8332664
0.66, 8332580
0.66, 8234336
0.66, 8202613
0.66, 8120650
0.66, 7959407
0.66, 7953805
0.67, 7783307
0.67, 7755676
0.67, 7746081
0.69, 7722340
0.69, 7719248
0.69, 7660604
0.69, 7649398
0.69, 7624406
0.69, 7611298
0.69, 7498332
0.69, 7476105
0.69, 7466214
0.69, 7401449
0.69, 7399318
0.70, 7326178
0.70, 7316080
0.70, 7313970
0.71, 7291538
0.71, 7166975
0.71, 7165493
0.71, 7012729
0.71, 6958232
0.71, 6955291
0.71, 6880052
0.71, 6836911
0.73, 6824196
0.73, 6736156
0.73, 6714611
0.73, 6649861
0.73, 6645278
0.73, 6579998
0.73, 6547267
0.73, 6526770
0.73, 6477649
0.73, 6446773
0.73, 6438814
0.73, 6409456
0.73, 6404980
0.74, 6323994
0.74, 6296774
0.74, 6233802
0.74, 6187666
0.74, 6150410
0.75, 6145462
0.75, 6052175
0.75, 6036959
0.75, 6034719
0.75, 6032758
0.75, 6027410
0.75, 6006048
0.75, 5996424
0.75, 5962226
0.75, 5956853
0.75, 5891238
0.75, 5875112
0.75, 5849558
0.75, 5846282
0.75, 5818595
0.75, 5815025
0.75, 5805303
0.75, 5785997
0.75, 5758894
0.75, 5720766
0.75, 5719987
0.75, 5686543
0.75, 5628822
0.75, 5617846
0.75, 5604147
0.75, 5600791
0.76, 5567166
0.76, 5565539
0.76, 5561402
0.76, 5554679
0.76, 5554391
0.76, 5548356
0.76, 5542986
0.77, 5493151
0.77, 5451945
0.77, 5441703
0.77, 5425846
0.77, 5405404
0.77, 5292790
0.77, 5291087
0.77, 5288461
0.77, 5275258
0.77, 5221380
0.77, 5216637
0.77, 5214114
0.77, 5148838
0.77, 5128016
0.77, 5122651
0.77, 5121098
0.77, 5106825
0.77, 5102553
0.77, 5101412
0.78, 5090021
0.78, 5079319
0.78, 5024907
0.78, 5023392
0.78, 4957160
0.78, 4929155
0.78, 4923520
0.78, 4922455
0.78, 4772678
0.78, 4765966
0.78, 4742577
0.78, 4711294
0.78, 4676795
0.79, 4668470
0.79, 4624282
0.79, 4551980
0.79, 4549714
0.79, 4545711
0.79, 4524434
0.79, 4480784
0.79, 4479931
0.79, 4463105
0.79, 4426938
0.79, 4424569
0.79, 4416506
0.79, 4403227
0.79, 4400379
0.79, 4346099
0.79, 4293321
0.79, 4287973
0.79, 4230397
0.79, 4221713
0.79, 4218478
0.80, 4214720
0.80, 4152562
0.80, 4144186
0.80, 4140412
0.80, 4139850
0.80, 4133063
0.80, 4072533
0.80, 4030573
0.80, 4021933
0.80, 3986325
0.80, 3983758
0.80, 3983393
0.80, 3980293
0.80, 3972390
0.80, 3970368
0.81, 3956579
0.81, 3942581
0.81, 3942156
0.82, 3918874
0.82, 3891872
0.82, 3831957
0.82, 3774852
0.82, 3758208
0.82, 3740550
0.83, 3723609
0.83, 3656572
0.83, 3642843
0.83, 3621030
0.83, 3620492
0.83, 3620465
0.83, 3618234
0.83, 3603871
0.83, 3600858
0.83, 3536750
0.83, 3531396
0.83, 3525818
0.83, 3509058
0.83, 3496628
0.83, 3494413
0.83, 3341686
0.83, 3336366
0.83, 3315091
0.84, 3314554
0.84, 3309110
0.84, 3292924
0.84, 3285878
0.84, 3257670
0.84, 3228844
0.84, 3221214
0.84, 3211727
0.84, 3190116
0.84, 3189011
0.85, 3150151
0.85, 3145711
0.85, 3140824
0.85, 3128502
0.85, 3127690
0.85, 3124647
0.85, 3024572
0.85, 3023688
0.85, 3023028
0.85, 3020894
0.85, 3016720
0.85, 3001339
0.85, 2998726
0.85, 2982212
0.85, 2959379
0.85, 2958979
0.86, 2952150
0.86, 2949724
0.86, 2949667
0.86, 2947431
0.86, 2946388
0.86, 2939206
0.86, 2866389
0.86, 2865190
0.86, 2859216
0.87, 2859043
0.87, 2858097
0.87, 2852838
0.87, 2841027
0.87, 2832342
0.87, 2828025
0.87, 2807037
0.87, 2803328
0.87, 2802866
0.87, 2789940
0.88, 2784066
0.88, 2781184
0.88, 2772017
0.88, 2768637
0.88, 2753090
0.89, 2739605
0.89, 2727222
0.90, 2725200
0.90, 2723269
0.90, 2720203
0.90, 2718978
0.90, 2700013
0.90, 2592905
0.90, 2591486
0.90, 2591262
0.90, 2591059
0.90, 2590937
0.91, 2565231
0.91, 2546659
0.91, 2544640
0.91, 2518230
0.91, 2517653
0.91, 2508736
0.91, 2465644
0.91, 2442998
0.91, 2413119
0.92, 2411344
0.92, 2409248
0.93, 2402579
0.93, 2402461
0.93, 2402186
0.93, 2397254
0.93, 2349296
0.94, 2346314
0.94, 2346289
0.94, 2341609
0.94, 2339064
0.94, 2336819
0.94, 2335078
0.94, 2328472
0.94, 2320354
0.95, 2319335
0.95, 2290706
0.95, 2278809
0.95, 2269716
0.95, 2268355
0.96, 2194059
0.96, 2185393
0.96, 2184588
0.97, 2183108
0.97, 2180977
0.97, 2172576
0.98, 2172568
0.99, 2172338
0.99, 2169645
1.00, 2151455
1.00, 2126622
1.00, 2126465
1.01, 2116172
1.01, 2104514
1.02, 2100371
1.02, 2081245
1.02, 2081040
1.02, 2072174
1.02, 2063935
1.03, 2063296
1.03, 2063048
1.03, 2061855
1.03, 2060144
1.04, 2054493
1.04, 2053394
1.04, 2050897
1.04, 2050771
1.04, 2050730
1.05, 2048722
1.05, 2025004
1.05, 2024899
1.05, 1999056
1.05, 1987266
1.06, 1986562
1.06, 1985778
1.07, 1984577
1.07, 1982308
1.08, 1973995
1.08, 1973742
1.08, 1966826
1.09, 1966589
1.09, 1963933
1.09, 1962909
1.10, 1959802
1.10, 1956823
1.10, 1955235
1.10, 1947364
1.11, 1947222
1.11, 1944078
1.11, 1943053
1.12, 1935349
1.12, 1934040
1.13, 1929356
1.15, 1917900
1.15, 1909286
1.16, 1904751
1.17, 1880619
1.18, 1873862
1.18, 1872909
1.19, 1872255
1.19, 1855326
1.20, 1853052
1.20, 1830591
1.20, 1826277
1.22, 1821916
1.23, 1810450
1.24, 1803462
1.25, 1792422
1.26, 1783474
1.27, 1781464
1.28, 1781427
1.29, 1779483
1.29, 1769026
1.29, 1769015
1.30, 1768709
1.31, 1768443
1.33, 1748306
1.33, 1747084
1.35, 1736079
1.36, 1726379
1.37, 1726326
1.37, 1724857
1.39, 1721637
1.40, 1700576
1.41, 1674155
1.42, 1667696
1.43, 1659117
1.43, 1657952
1.44, 1644271
1.45, 1638568
1.46, 1624975
1.46, 1624382
1.48, 1618938
1.49, 1618072
1.49, 1617518
1.50, 1616463
1.51, 1615384
1.51, 1614763
1.52, 1604270
1.52, 1603983
1.53, 1603064
1.54, 1602962
1.55, 1601682
1.56, 1595443
1.57, 1594865
1.57, 1585218
1.58, 1582453
1.58, 1581610
1.58, 1575857
1.59, 1558428
1.59, 1558390
1.62, 1552013
1.65, 1453001
1.66, 1443645
1.67, 1435989
1.68, 1434694
1.69, 1432706
1.70, 1427599
1.88, 1427520
1.88, 1426060
1.90, 1425484
1.90, 1423645
1.91, 1423610
1.91, 1423213
1.92, 1419875
1.95, 1419804
1.95, 1418774
1.96, 1417890
1.96, 1413792
1.96, 1412485
2.00, 1410057
2.01, 1400047
2.06, 1395823
2.07, 1394177
2.15, 1393861
4.36, 1382710
4.37, 1378434
4.44, 1377564
4.46, 1366260
4.49, 1365254
4.52, 1364410
6.47, 1363985
6.47, 1363150
6.48, 1361485
6.49, 1360900
6.50, 1359246
6.50, 1354862
6.50, 1353902
6.54, 1338040
6.57, 1318814
6.61, 1318134
6.65, 1302010
6.68, 1298765
6.71, 1298129
6.71, 1298078
6.75, 1296293
6.76, 1295082
6.76, 1294802
6.82, 1293855
19.51, 1283696
19.53, 1283692
19.63, 1283666
