0.01, 10083016
0.01, 10057018
0.01, 10011021
0.01, 9871573
0.01, 9797329
0.01, 9709364
0.01, 9509832
0.01, 9461700
0.01, 9456726
0.19, 9207107
0.19, 9128818
0.19, 9090301
0.19, 9059727
0.19, 9055827
0.19, 9009737
0.36, 8991827
0.37, 8885469
0.61, 8864423
0.61, 8833099
0.61, 8770050
0.61, 8747025
0.61, 8729283
0.63, 8718166
0.63, 8498088
0.66, 8369598
0.66, 8311173
0.66, 8296091
0.66, 8250115
0.66, 8249050
0.67, 8210084
0.67, 8085153
0.67, 8008688
0.67, 7907538
0.67, 7867109
0.67, 7780095
0.67, 7730409
0.67, 7658657
0.70, 7657553
0.70, 7620703
0.70, 7605368
0.70, 7523845
0.70, 7470502
0.70, 7466451
0.70, 7382747
0.70, 7178557
0.70, 7163859
0.70, 7121421
0.70, 7077545
0.70, 7060062
0.70, 7059805
0.70, 7003463
0.70, 7000262
0.70, 6986845
0.70, 6869091
0.70, 6588446
0.71, 6477795
0.71, 6439453
0.71, 6386634
0.71, 6364549
0.71, 6340988
0.71, 6338871
0.71, 6205008
0.72, 6149400
0.73, 6147140
0.73, 6117016
0.73, 6079666
0.73, 6063708
0.73, 6056378
0.73, 5995852
0.73, 5980735
0.73, 5970806
0.73, 5866650
0.73, 5856382
0.73, 5839637
0.73, 5779084
0.73, 5762885
0.73, 5723119
0.73, 5721498
0.73, 5681008
0.73, 5659584
0.74, 5523088
0.74, 5516583
0.74, 5469824
0.74, 5468172
0.74, 5447684
0.74, 5409327
0.74, 5377796
0.74, 5368998
0.74, 5368560
0.75, 5255603
0.75, 5252551
0.75, 5237638
0.75, 5190973
0.75, 5152990
0.75, 5141962
0.75, 5139087
0.75, 5115537
0.75, 5106826
0.76, 5095107
0.76, 5003912
0.76, 4995655
0.76, 4957733
0.77, 4952945
0.77, 4951898
0.77, 4894687
0.77, 4889305
0.77, 4887882
0.77, 4884296
0.77, 4873997
0.77, 4849618
0.77, 4828410
0.77, 4827372
0.77, 4819195
0.77, 4816952
0.77, 4806264
0.77, 4757168
0.77, 4754617
0.77, 4729851
0.78, 4729471
0.78, 4612496
0.78, 4577965
0.78, 4572139
0.78, 4555819
0.78, 4534758
0.78, 4533528
0.78, 4514278
0.78, 4513494
0.78, 4511314
0.78, 4493549
0.78, 4492722
0.79, 4469183
0.79, 4459587
0.79, 4458793
0.79, 4458599
0.79, 4446895
0.79, 4444838
0.79, 4408371
0.79, 4355736
0.79, 4354047
0.79, 4327834
0.79, 4322068
0.79, 4289298
0.79, 4288039
0.79, 4251310
0.79, 4226422
0.79, 4218753
0.80, 4172664
0.80, 4170881
0.80, 4167984
0.80, 4163692
0.80, 4120469
0.80, 4112512
0.80, 4110874
0.80, 4108923
0.80, 4108356
0.80, 4076696
0.80, 4064868
0.80, 4046270
0.81, 4042835
0.81, 4042662
0.81, 4039692
0.81, 4030009
0.81, 3994158
0.81, 3985597
0.81, 3983317
0.81, 3962733
0.81, 3961746
0.81, 3959617
0.81, 3926232
0.81, 3907017
0.81, 3899805
0.81, 3892624
0.81, 3891584
0.81, 3870697
0.82, 3839508
0.82, 3776630
0.82, 3740527
0.82, 3661711
0.82, 3654048
0.82, 3650613
0.82, 3650379
0.82, 3643050
0.82, 3633432
0.83, 3459546
0.83, 3452720
0.83, 3452575
0.83, 3436170
0.83, 3412088
0.84, 3348494
0.84, 3324814
0.84, 3322948
0.84, 3319147
0.84, 3307431
0.84, 3244244
0.84, 3240442
0.84, 3207071
0.84, 3203267
0.84, 3201853
0.84, 3090025
0.84, 3089118
0.84, 3070005
0.85, 3069938
0.85, 3068855
0.85, 3066718
0.85, 3052378
0.85, 3047114
0.85, 3046937
0.85, 3028330
0.86, 3026776
0.86, 3004695
0.86, 2998570
0.86, 2998375
0.86, 2995505
0.86, 2944435
0.86, 2939371
0.86, 2938359
0.86, 2937004
0.86, 2934848
0.86, 2926400
0.87, 2912025
0.87, 2900004
0.87, 2895151
0.87, 2890152
0.87, 2881902
0.87, 2875074
0.87, 2873237
0.87, 2872108
0.87, 2872017
0.87, 2869629
0.87, 2869554
0.88, 2837693
0.88, 2824857
0.88, 2822252
0.88, 2794134
0.88, 2792460
0.88, 2790375
0.88, 2766933
0.88, 2727882
0.89, 2726372
0.89, 2643086
0.89, 2642160
0.89, 2641829
0.89, 2638129
0.89, 2635170
0.89, 2633094
0.90, 2630302
0.90, 2628872
0.90, 2598320
0.90, 2597899
0.90, 2595453
0.90, 2592872
0.91, 2588138
0.91, 2575694
0.91, 2568005
0.91, 2566013
0.91, 2562355
0.92, 2556999
0.92, 2556652
0.92, 2556200
0.92, 2546987
0.92, 2546716
0.92, 2545072
0.92, 2518032
0.93, 2517647
0.93, 2517506
0.93, 2516178
0.93, 2514622
0.93, 2514560
0.93, 2505878
0.93, 2459784
0.93, 2443096
0.93, 2442569
0.94, 2440487
0.94, 2439252
0.94, 2419787
0.94, 2419681
0.94, 2419063
0.95, 2405953
0.96, 2405026
0.98, 2387667
0.98, 2384838
0.99, 2362274
0.99, 2327931
0.99, 2325424
0.99, 2251055
1.00, 2247367
1.00, 2234570
1.00, 2180858
1.00, 2103245
1.01, 2083997
1.01, 2077784
1.01, 2067320
1.01, 2067120
1.01, 2065651
1.02, 2061423
1.03, 2060555
1.03, 2059408
1.04, 2027484
1.04, 2011165
1.05, 2008406
1.05, 1999875
1.06, 1998624
1.07, 1993360
1.07, 1993290
1.07, 1993042
1.07, 1992002
1.07, 1991420
1.07, 1981281
1.08, 1980948
1.08, 1972548
1.08, 1964093
1.09, 1963301
1.10, 1954572
1.11, 1953928
1.11, 1952059
1.11, 1913786
1.12, 1904199
1.13, 1901021
1.13, 1888059
1.13, 1883966
1.13, 1883563
1.13, 1882224
1.13, 1882097
1.13, 1875603
1.14, 1874134
1.15, 1873671
1.15, 1872321
1.15, 1866832
1.15, 1861530
1.15, 1860453
1.17, 1850993
1.17, 1850512
1.17, 1850491
1.17, 1848083
1.18, 1824170
1.18, 1819724
1.18, 1818041
1.18, 1761684
1.19, 1761609
1.20, 1752685
1.21, 1723496
1.22, 1669519
1.23, 1643848
1.25, 1635950
1.25, 1631356
1.25, 1628534
1.28, 1620957
1.32, 1618240
1.32, 1612605
1.32, 1611334
1.32, 1611283
1.33, 1600940
1.33, 1600610
1.33, 1598480
1.34, 1585215
1.37, 1584846
1.38, 1583821
1.39, 1583731
1.40, 1549135
1.41, 1536855
1.42, 1531255
1.42, 1530136
1.42, 1507502
1.42, 1498188
1.46, 1496463
1.47, 1496001
1.47, 1495423
1.47, 1493048
1.49, 1491865
1.50, 1489049
1.50, 1487769
1.51, 1487228
1.52, 1486282
1.52, 1483492
1.55, 1474884
1.56, 1468313
1.59, 1457078
1.61, 1456601
1.62, 1455414
1.62, 1452731
1.63, 1448380
1.71, 1446774
1.71, 1445901
1.72, 1445826
1.83, 1444244
1.83, 1442372
1.86, 1442230
1.89, 1441386
1.89, 1439065
1.92, 1438987
1.92, 1428705
1.92, 1416201
1.93, 1414057
1.93, 1409930
2.01, 1401009
2.03, 1400480
2.07, 1396734
2.09, 1396271
2.13, 1391304
2.15, 1389360
2.17, 1373675
9.16, 1327772
9.18, 1302096
9.23, 1301558
9.23, 1300187
9.23, 1295337
9.24, 1294659
9.26, 1287971
9.27, 1277678
9.31, 1273456
9.37, 1268134
9.40, 1267652
9.40, 1267028
38.25, 1247992
38.34, 1245661
38.39, 1245633
38.53, 1244737
38.56, 1244082
38.57, 1243390
