0.00, 9867947
0.00, 9855487
0.00, 9851302
0.00, 9849894
0.00, 9779834
0.01, 9779238
0.02, 9765872
0.02, 9715755
0.02, 9587450
0.02, 9540890
0.02, 9355563
0.02, 9334339
0.02, 9328785
0.03, 9302808
0.03, 8969630
0.03, 8874541
0.03, 8864644
0.03, 8668611
0.66, 8653924
0.66, 8568349
0.66, 8523512
0.66, 8513690
0.66, 8484172
0.66, 8334474
0.67, 8285536
0.67, 8277254
0.67, 8236585
0.67, 8192425
0.67, 8181212
0.67, 8173244
0.67, 8104677
0.67, 8052495
0.67, 8052287
0.67, 8005822
0.67, 7987953
0.67, 7931822
0.67, 7782161
0.67, 7607010
0.67, 7503946
0.67, 7414285
0.67, 7311400
0.67, 7301206
0.68, 7283661
0.68, 7265828
0.68, 7242498
0.68, 7185551
0.68, 7182855
0.68, 7140393
0.68, 6994216
0.68, 6909845
0.71, 6898819
0.71, 6856519
0.71, 6791860
0.71, 6780694
0.71, 6732249
0.72, 6687338
0.72, 6667829
0.72, 6655653
0.72, 6652322
0.72, 6650932
0.72, 6622992
0.72, 6617012
0.72, 6370638
0.72, 6215443
0.72, 6213927
0.72, 6119333
0.72, 6114108
0.72, 6020366
0.72, 6019074
0.72, 5917887
0.72, 5917252
0.72, 5845269
0.72, 5842894
0.73, 5788884
0.74, 5758246
0.74, 5715875
0.74, 5653679
0.74, 5653240
0.74, 5610433
0.74, 5578126
0.74, 5571022
0.74, 5558006
0.74, 5528631
0.74, 5459787
0.74, 5430248
0.75, 5418975
0.75, 5405302
0.75, 5402907
0.75, 5362942
0.75, 5350749
0.75, 5311174
0.75, 5298867
0.75, 5278058
0.75, 5278026
0.75, 5276310
0.75, 5275519
0.75, 5265893
0.75, 5222253
0.75, 5177237
0.75, 5163490
0.75, 5152845
0.75, 5150436
0.75, 5111017
0.75, 5108689
0.75, 5102889
0.75, 5039863
0.75, 4988319
0.75, 4957069
0.75, 4937657
0.76, 4897707
0.76, 4856281
0.76, 4832083
0.76, 4827124
0.76, 4823165
0.76, 4763289
0.76, 4755826
0.76, 4755717
0.76, 4717203
0.76, 4700461
0.76, 4696602
0.76, 4694732
0.76, 4680002
0.76, 4675326
0.76, 4662621
0.76, 4639293
0.76, 4530414
0.76, 4483734
0.76, 4483720
0.76, 4468028
0.76, 4466401
0.76, 4460408
0.77, 4459045
0.77, 4449409
0.77, 4418354
0.77, 4415296
0.77, 4405129
0.77, 4398562
0.77, 4378252
0.77, 4332630
0.77, 4307812
0.77, 4299686
0.77, 4296142
0.77, 4295837
0.77, 4234956
0.77, 4233281
0.77, 4080393
0.78, 4080267
0.78, 4079360
0.78, 4075877
0.78, 4070264
0.78, 4053554
0.78, 4051638
0.78, 4032422
0.78, 4021253
0.78, 4006401
0.78, 4001614
0.79, 3986687
0.79, 3972360
0.79, 3969882
0.79, 3967519
0.79, 3960667
0.79, 3953580
0.79, 3950022
0.79, 3943242
0.79, 3865996
0.79, 3861329
0.79, 3838830
0.79, 3825725
0.80, 3823488
0.80, 3818148
0.80, 3813919
0.80, 3787638
0.80, 3782349
0.80, 3781777
0.80, 3781635
0.80, 3767877
0.80, 3762782
0.80, 3750067
0.80, 3743152
0.80, 3717435
0.81, 3675042
0.81, 3664448
0.81, 3662354
0.81, 3614627
0.81, 3535661
0.82, 3535026
0.82, 3533454
0.82, 3500203
0.82, 3493203
0.82, 3492511
0.82, 3491991
0.83, 3476842
0.83, 3476374
0.83, 3470970
0.83, 3447031
0.83, 3435693
0.83, 3435268
0.83, 3419038
0.83, 3417356
0.83, 3363900
0.83, 3363871
0.84, 3339611
0.84, 3332728
0.84, 3321617
0.84, 3306353
0.84, 3283881
0.84, 3253496
0.84, 3150347
0.85, 3143840
0.85, 3133086
0.85, 3119490
0.85, 3118833
0.85, 3109142
0.85, 3108940
0.85, 3102316
0.85, 3095229
0.85, 3039055
0.86, 3037891
0.86, 3037784
0.86, 3034874
0.86, 3033451
0.86, 2994785
0.86, 2991736
0.86, 2989955
0.86, 2986919
0.86, 2985156
0.86, 2977915
0.87, 2963412
0.87, 2963254
0.87, 2963051
0.87, 2962773
0.87, 2961557
0.87, 2959761
0.88, 2958324
0.88, 2956148
0.88, 2953058
0.88, 2933059
0.88, 2914796
0.89, 2914765
0.89, 2913764
0.89, 2891122
0.89, 2880007
0.89, 2879748
0.89, 2870839
0.90, 2869444
0.90, 2792047
0.90, 2756607
0.90, 2755581
0.90, 2753774
0.90, 2750965
0.90, 2749659
0.90, 2737592
0.90, 2735861
0.90, 2717156
0.90, 2716789
0.90, 2714956
0.90, 2712905
0.91, 2700046
0.91, 2695191
0.91, 2694465
0.91, 2690787
0.91, 2690633
0.91, 2674479
0.91, 2663052
0.91, 2651634
0.91, 2650709
0.92, 2619980
0.92, 2614416
0.92, 2612849
0.92, 2583792
0.92, 2577785
0.92, 2570212
0.92, 2568777
0.92, 2564621
0.93, 2564596
0.93, 2563101
0.93, 2562542
0.93, 2545518
0.94, 2542398
0.94, 2539855
0.94, 2537946
0.94, 2537834
0.94, 2536380
0.95, 2532990
0.95, 2532802
0.95, 2498690
0.95, 2498105
0.95, 2497934
0.95, 2495004
0.95, 2492658
0.95, 2412524
0.95, 2407357
0.96, 2367916
0.96, 2367215
0.96, 2366502
0.96, 2353363
0.96, 2351005
0.97, 2340810
0.97, 2336350
0.97, 2334379
0.97, 2322907
0.97, 2322750
0.98, 2320944
0.98, 2317801
0.98, 2314665
0.99, 2298421
0.99, 2291192
0.99, 2290667
0.99, 2289645
0.99, 2281769
0.99, 2280558
0.99, 2277582
0.99, 2276670
1.00, 2234844
1.01, 2222547
1.01, 2218515
1.02, 2210007
1.02, 2203613
1.02, 2203595
1.02, 2198793
1.02, 2128635
1.03, 2124974
1.04, 2118731
1.04, 2106095
1.04, 2096352
1.04, 2094160
1.05, 2087755
1.05, 2071557
1.05, 2035786
1.06, 2030715
1.06, 2029846
1.06, 2029040
1.06, 2015751
1.06, 2007063
1.07, 2006751
1.07, 2002005
1.07, 1997473
1.07, 1988708
1.08, 1963994
1.08, 1958269
1.09, 1956870
1.10, 1945784
1.10, 1934388
1.11, 1933910
1.11, 1932423
1.12, 1926892
1.12, 1925557
1.13, 1919178
1.13, 1918000
1.13, 1916345
1.13, 1867228
1.13, 1863139
1.14, 1858563
1.14, 1855058
1.15, 1853895
1.15, 1834304
1.15, 1832538
1.16, 1816845
1.16, 1815666
1.18, 1805603
1.19, 1795743
1.19, 1795585
1.22, 1762132
1.22, 1760260
1.22, 1759688
1.22, 1759623
1.22, 1753805
1.23, 1737131
1.23, 1737100
1.23, 1726397
1.24, 1722500
1.27, 1719237
1.27, 1708459
1.28, 1697995
1.28, 1690956
1.29, 1689805
1.29, 1686882
1.30, 1686141
1.31, 1686138
1.32, 1685888
1.35, 1684747
1.37, 1677299
1.38, 1676269
1.38, 1676226
1.39, 1659628
1.39, 1654342
1.40, 1651402
1.40, 1645461
1.40, 1619365
1.41, 1619098
1.42, 1619060
1.44, 1576807
1.45, 1561189
1.45, 1557756
1.45, 1553478
1.47, 1549936
1.48, 1548715
1.48, 1536818
1.50, 1535982
1.51, 1535417
1.54, 1534466
1.56, 1532363
1.57, 1512882
1.64, 1507843
1.65, 1507207
1.67, 1506869
1.67, 1502735
1.71, 1502631
1.72, 1501123
1.73, 1500651
1.77, 1500219
1.79, 1476525
1.80, 1476010
1.80, 1474356
1.88, 1468416
1.88, 1467352
1.89, 1466860
1.94, 1466750
1.97, 1466640
1.97, 1462263
1.97, 1448319
2.04, 1432611
2.08, 1431201
2.11, 1430703
6.17, 1429338
6.22, 1427472
6.23, 1401289
6.23, 1400712
6.29, 1398187
6.34, 1397689
6.40, 1394117
6.40, 1392535
6.40, 1351346
6.42, 1345509
6.46, 1341559
6.47, 1331428
6.48, 1329353
6.49, 1328957
6.52, 1327219
6.59, 1323004
6.63, 1320626
6.63, 1311672
6.65, 1310882
6.69, 1308092
13.92, 1297351
13.93, 1295117
14.14, 1295016
