0.01, 9779929
0.01, 9682644
0.01, 9680757
0.01, 9603947
0.01, 9491510
0.01, 9491255
0.01, 9489527
0.01, 9446897
0.02, 9294403
0.02, 9292889
0.02, 9288025
0.04, 9196208
0.04, 9189917
0.04, 9037829
0.04, 9036883
0.04, 8998284
0.04, 8979907
0.04, 8897668
0.08, 8888571
0.54, 8877757
0.61, 8860582
0.61, 8723955
0.67, 8673037
0.67, 8514367
0.67, 8314597
0.67, 8303199
0.69, 8218793
0.69, 8207184
0.69, 8134337
0.69, 8127840
0.69, 7929371
0.69, 7928404
0.69, 7876182
0.70, 7722450
0.70, 7701045
0.70, 7695717
0.70, 7616556
0.70, 7498918
0.70, 7497840
0.71, 7492489
0.71, 7485420
0.71, 7277513
0.71, 7230710
0.71, 7222553
0.73, 7182656
0.74, 7179861
0.74, 7179312
0.74, 7126919
0.74, 7013920
0.74, 6992562
0.74, 6989203
0.74, 6976724
0.74, 6975885
0.74, 6916350
0.74, 6873536
0.76, 6865071
0.76, 6821575
0.76, 6817709
0.76, 6817333
0.76, 6804121
0.76, 6774710
0.76, 6772717
0.76, 6715500
0.76, 6621702
0.76, 6612900
0.76, 6545300
0.76, 6530398
0.76, 6481733
0.76, 6478607
0.76, 6396940
0.77, 6395554
0.77, 6273472
0.77, 6151540
0.77, 6058118
0.77, 6001132
0.77, 5917481
0.78, 5911184
0.78, 5911034
0.78, 5879968
0.78, 5879912
0.78, 5867314
0.78, 5822706
0.78, 5822475
0.78, 5741512
0.78, 5718999
0.78, 5627484
0.78, 5614589
0.78, 5581196
0.78, 5488208
0.78, 5461719
0.78, 5401715
0.79, 5337814
0.79, 5302266
0.79, 5296143
0.79, 5232429
0.79, 5223371
0.79, 5118077
0.80, 5082762
0.80, 5062863
0.80, 4997112
0.80, 4985951
0.80, 4984179
0.81, 4972149
0.81, 4924778
0.81, 4920263
0.81, 4875933
0.81, 4820970
0.81, 4820966
0.81, 4804702
0.81, 4774178
0.81, 4745279
0.81, 4726700
0.81, 4726631
0.81, 4636714
0.81, 4604508
0.81, 4601841
0.81, 4501799
0.81, 4482133
0.81, 4446280
0.81, 4445601
0.81, 4401404
0.81, 4400704
0.82, 4390732
0.82, 4340705
0.82, 4318820
0.82, 4292212
0.82, 4281295
0.82, 4279384
0.82, 4242590
0.82, 4236866
0.82, 4234940
0.82, 4229649
0.82, 4199320
0.82, 4199272
0.82, 4189037
0.82, 4177397
0.82, 4175449
0.82, 4165438
0.82, 4108905
0.82, 4098750
0.82, 4089611
0.82, 4029986
0.83, 3954224
0.83, 3951571
0.83, 3914325
0.83, 3893518
0.83, 3823369
0.83, 3818361
0.83, 3811638
0.83, 3806281
0.83, 3805986
0.83, 3776639
0.84, 3769523
0.84, 3741694
0.84, 3727399
0.84, 3722061
0.84, 3719049
0.84, 3715843
0.84, 3703622
0.84, 3690110
0.84, 3637268
0.84, 3604263
0.84, 3601997
0.84, 3564444
0.85, 3564375
0.85, 3558470
0.85, 3554887
0.85, 3512129
0.85, 3502809
0.86, 3502717
0.86, 3492837
0.86, 3392392
0.86, 3387991
0.86, 3386853
0.86, 3384174
0.86, 3289578
0.86, 3288906
0.86, 3284730
0.86, 3281075
0.86, 3277285
0.86, 3268613
0.86, 3256782
0.86, 3254426
0.86, 3244736
0.87, 3240939
0.87, 3238969
0.87, 3198963
0.87, 3162363
0.87, 3151668
0.88, 3151639
0.88, 3137478
0.88, 3111156
0.88, 3110020
0.88, 3106815
0.89, 3102141
0.89, 3043732
0.89, 2971616
0.89, 2970607
0.89, 2968505
0.89, 2946859
0.89, 2931519
0.89, 2918598
0.89, 2906199
0.89, 2905013
0.89, 2895652
0.90, 2874961
0.90, 2871749
0.90, 2871588
0.90, 2811960
0.90, 2791567
0.91, 2787566
0.91, 2770126
0.91, 2766143
0.91, 2756690
0.91, 2755868
0.91, 2755429
0.91, 2754517
0.91, 2754351
0.92, 2752602
0.92, 2742379
0.92, 2738043
0.92, 2724947
0.92, 2719381
0.92, 2719149
0.92, 2716227
0.92, 2713736
0.92, 2713721
0.92, 2706836
0.92, 2699530
0.92, 2694035
0.93, 2693330
0.93, 2687494
0.93, 2687097
0.93, 2681684
0.93, 2679127
0.93, 2678381
0.93, 2677587
0.93, 2675326
0.93, 2600700
0.93, 2548138
0.93, 2528690
0.93, 2528433
0.93, 2518559
0.94, 2516192
0.94, 2508656
0.94, 2493940
0.94, 2487249
0.94, 2470792
0.94, 2460721
0.94, 2459442
0.94, 2456470
0.95, 2453425
0.95, 2443486
0.95, 2432182
0.95, 2429655
0.95, 2416348
0.95, 2404235
0.95, 2400780
0.95, 2390123
0.95, 2389906
0.95, 2374090
0.96, 2371675
0.96, 2370003
0.96, 2360238
0.96, 2354870
0.97, 2354192
0.97, 2347630
0.97, 2326537
0.97, 2324921
0.97, 2254096
0.97, 2229351
0.98, 2218661
0.98, 2217916
0.99, 2216664
0.99, 2203446
0.99, 2202626
1.00, 2198404
1.00, 2193860
1.00, 2182147
1.00, 2178724
1.00, 2173169
1.00, 2171707
1.01, 2169152
1.01, 2163997
1.02, 2158397
1.03, 2155949
1.03, 2151942
1.03, 2151867
1.03, 2122279
1.04, 2121010
1.04, 2114968
1.04, 2081677
1.04, 2075341
1.04, 2075201
1.04, 2060372
1.04, 2005259
1.05, 2004345
1.05, 1978184
1.05, 1977883
1.05, 1935355
1.05, 1935118
1.05, 1935051
1.05, 1932897
1.06, 1920038
1.06, 1912888
1.06, 1912104
1.07, 1911281
1.07, 1906605
1.07, 1905499
1.08, 1904169
1.09, 1903497
1.09, 1902323
1.09, 1902248
1.10, 1892083
1.10, 1892066
1.10, 1889835
1.10, 1876665
1.10, 1850729
1.11, 1849886
1.11, 1820296
1.11, 1814578
1.12, 1814398
1.12, 1813215
1.13, 1811555
1.13, 1804340
1.13, 1791141
1.13, 1788021
1.13, 1782701
1.14, 1782690
1.14, 1782273
1.15, 1781706
1.16, 1779371
1.16, 1767630
1.17, 1764494
1.17, 1759742
1.17, 1758128
1.17, 1750409
1.17, 1748032
1.19, 1737334
1.21, 1725485
1.22, 1723519
1.22, 1719192
1.23, 1711622
1.24, 1711325
1.27, 1711277
1.28, 1711202
1.31, 1710376
1.31, 1707340
1.31, 1704550
1.31, 1703179
1.31, 1700308
1.32, 1680528
1.37, 1680217
1.37, 1679146
1.38, 1671565
1.42, 1669617
1.43, 1661988
1.44, 1657186
1.44, 1657013
1.44, 1650599
1.49, 1620741
1.51, 1618366
1.52, 1612452
1.58, 1611242
1.60, 1580147
1.61, 1578755
1.62, 1570818
1.62, 1569168
1.63, 1569011
1.64, 1546985
1.64, 1544335
1.71, 1542282
1.73, 1501884
1.73, 1480713
1.78, 1480231
1.80, 1479960
1.82, 1479517
1.83, 1414046
1.85, 1413240
1.88, 1412675
1.89, 1412533
2.00, 1411478
2.10, 1410258
2.14, 1403984
4.16, 1403708
4.17, 1403434
4.20, 1400656
4.21, 1400581
4.29, 1400530
4.32, 1396343
4.32, 1395054
4.33, 1394401
4.38, 1391546
4.39, 1390589
4.40, 1386311
8.97, 1386056
8.98, 1360394
8.98, 1360301
9.05, 1360260
9.11, 1360179
9.12, 1359784
9.17, 1359636
9.22, 1336211
9.24, 1325727
9.27, 1320631
34.58, 1304478
50.37, 1299920
50.46, 1299503
