0.01, 717622
0.01, 716357
0.03, 711877
0.03, 711387
0.03, 710120
0.03, 702361
0.03, 700349
0.03, 698598
0.03, 695056
0.03, 690581
0.03, 689106
0.03, 684275
0.03, 682229
0.03, 682217
0.08, 672119
0.13, 668735
0.13, 666315
0.24, 663425
0.24, 663360
0.38, 648452
0.38, 647503
0.57, 643035
0.57, 642971
0.57, 641195
0.57, 636530
0.57, 629356
0.75, 622235
0.76, 619850
0.77, 606938
0.77, 603587
0.77, 595958
0.77, 595173
0.77, 594797
0.77, 586343
0.78, 578369
0.78, 578251
0.78, 575777
0.78, 572336
0.80, 569579
0.80, 564923
0.80, 563609
0.80, 562155
0.80, 560053
0.80, 559893
0.80, 557003
0.80, 551206
0.80, 550312
0.82, 545261
0.82, 542859
0.82, 542491
0.82, 540149
0.82, 535662
0.82, 531710
0.82, 530328
0.82, 528064
0.82, 525226
0.82, 522119
0.82, 520570
0.83, 519093
0.83, 518681
0.83, 517148
0.83, 514402
0.83, 513225
0.83, 510791
0.83, 506766
0.83, 505794
0.83, 505591
0.83, 503687
0.83, 500734
0.83, 484595
0.83, 482835
0.84, 479807
0.84, 475451
0.84, 466508
0.84, 466462
0.84, 465109
0.84, 463613
0.84, 460887
0.84, 459974
0.84, 456534
0.84, 456092
0.84, 454602
0.84, 448028
0.84, 446567
0.84, 446326
0.84, 441721
0.84, 441491
0.84, 438538
0.84, 436394
0.85, 435911
0.85, 435129
0.85, 434656
0.85, 429390
0.85, 429087
0.85, 428771
0.85, 425476
0.85, 425232
0.85, 423186
0.85, 419090
0.85, 416995
0.85, 416161
0.87, 411511
0.87, 405711
0.87, 405459
0.87, 405246
0.87, 403748
0.87, 395835
0.87, 395599
0.87, 395368
0.87, 394752
0.87, 394750
0.87, 394647
0.87, 390181
0.88, 389372
0.88, 386003
0.88, 385386
0.88, 384993
0.88, 384271
0.88, 384090
0.88, 381689
0.88, 379882
0.88, 378551
0.88, 375835
0.88, 372679
0.88, 370016
0.89, 369874
0.89, 368161
0.89, 365847
0.89, 365675
0.89, 364779
0.89, 360567
0.89, 359139
0.89, 357923
0.89, 356346
0.89, 349705
0.89, 348434
0.89, 347040
0.89, 346847
0.89, 346454
0.89, 345578
0.89, 344214
0.90, 342350
0.90, 339190
0.90, 338797
0.90, 338750
0.90, 338017
0.90, 334477
0.91, 334289
0.92, 332896
0.92, 332546
0.92, 332077
0.92, 332053
0.92, 330311
0.92, 329522
0.92, 328495
0.92, 326889
0.92, 326382
0.92, 326214
0.93, 325935
0.93, 324197
0.93, 323207
0.93, 321391
0.93, 320860
0.93, 320711
0.93, 320493
0.93, 320147
0.93, 319212
0.94, 318394
0.94, 318041
0.94, 317825
0.94, 316298
0.94, 315779
0.94, 315238
0.94, 314842
0.95, 314583
0.95, 309364
0.95, 307603
0.95, 303658
0.95, 299945
0.95, 296238
0.95, 294734
0.95, 294517
0.96, 293988
0.96, 293620
0.96, 287906
0.96, 287465
0.96, 282964
0.96, 282722
0.96, 281156
0.96, 280608
0.96, 277178
0.96, 277110
0.96, 276316
0.96, 275615
0.97, 274795
0.97, 274473
0.97, 273029
0.97, 272292
0.97, 270793
0.97, 269752
0.97, 269458
0.97, 267729
0.97, 267704
0.97, 267476
0.98, 266810
0.98, 266305
0.98, 264916
0.98, 264884
0.99, 262007
0.99, 261908
0.99, 260901
0.99, 259302
1.00, 258612
1.00, 258296
1.00, 257618
1.01, 254327
1.01, 254203
1.01, 253922
1.01, 253110
1.02, 244687
1.02, 244664
1.02, 243737
1.02, 243238
1.02, 242669
1.02, 241874
1.03, 241679
1.03, 240448
1.03, 240038
1.03, 239125
1.03, 237285
1.04, 236837
1.04, 236832
1.04, 235757
1.04, 235585
1.04, 235545
1.04, 233318
1.05, 233168
1.05, 232593
1.06, 232141
1.06, 226356
1.06, 220452
1.07, 219623
1.07, 218483
1.08, 218386
1.09, 218227
1.09, 217061
1.09, 212959
1.09, 210112
1.09, 208982
1.09, 207845
1.10, 207458
1.10, 206861
1.12, 206099
1.12, 202160
1.13, 201329
1.13, 200962
1.15, 197853
1.15, 197704
1.15, 196967
1.16, 195722
1.16, 194327
1.16, 192585
1.16, 192057
1.16, 191633
1.16, 191219
1.17, 190655
1.18, 189552
1.18, 189333
1.19, 189164
1.21, 188554
1.22, 187933
1.23, 187349
1.23, 186271
1.25, 185431
1.25, 185313
1.25, 181135
1.26, 180510
1.27, 177547
1.27, 177299
1.27, 175109
1.28, 173858
1.28, 173720
1.28, 172154
1.28, 172052
1.29, 171705
1.29, 171641
1.30, 171378
1.30, 170511
1.32, 170121
1.32, 168956
1.33, 168622
1.34, 168510
1.34, 168410
1.34, 166605
1.36, 164677
1.36, 163313
1.37, 163200
1.37, 163005
1.37, 162890
1.39, 161685
1.40, 161606
1.40, 161127
1.42, 160720
1.44, 160111
1.45, 159500
1.46, 159015
1.51, 158939
1.52, 157903
1.53, 157793
1.54, 157031
1.55, 156973
1.58, 156820
1.59, 156103
1.64, 155218
1.68, 155080
1.70, 154895
1.71, 154807
1.79, 154173
1.95, 154096
1.96, 153678
1.99, 149992
2.07, 149599
2.08, 149206
2.08, 149105
20.16, 147988
20.18, 147937
20.29, 147790
20.33, 147156
20.34, 146955
20.39, 146897
20.42, 146296
27.34, 145952
27.35, 145542
