0.00, 737755
0.00, 735806
0.00, 735111
0.00, 730573
0.01, 722240
0.01, 722014
0.01, 719026
0.01, 714457
0.01, 712836
0.02, 711764
0.03, 700916
0.03, 699485
0.03, 697225
0.05, 695921
0.05, 687264
0.05, 682592
0.05, 681230
0.05, 680389
0.05, 679338
0.05, 676155
0.44, 669841
0.44, 662223
0.44, 655429
0.44, 649462
0.44, 646009
0.44, 642179
0.44, 639631
0.44, 636560
0.80, 635566
0.80, 634572
0.80, 632858
0.80, 628873
0.80, 628743
0.81, 626796
0.81, 623675
0.82, 620256
0.82, 616117
0.82, 615345
0.82, 614501
0.83, 611415
0.83, 608186
0.83, 600194
0.83, 595576
0.83, 593227
0.83, 592418
0.83, 589293
0.83, 582075
0.84, 581566
0.84, 581344
0.84, 573410
0.84, 568264
0.84, 568025
0.84, 564619
0.84, 563892
0.84, 562659
0.85, 559970
0.85, 558962
0.85, 558914
0.85, 558728
0.85, 555598
0.85, 555579
0.85, 552187
0.85, 549932
0.85, 548611
0.85, 547456
0.85, 539100
0.85, 535147
0.85, 535104
0.85, 534983
0.85, 533169
0.85, 528146
0.85, 527331
0.85, 526265
0.85, 521185
0.85, 519795
0.85, 519261
0.85, 511807
0.85, 504970
0.85, 500011
0.86, 496623
0.86, 490958
0.86, 484714
0.86, 481361
0.86, 480944
0.86, 479700
0.88, 478368
0.88, 477975
0.88, 474760
0.88, 472072
0.88, 469225
0.88, 467552
0.88, 467535
0.88, 466555
0.88, 464549
0.88, 464321
0.88, 460794
0.88, 460070
0.88, 459841
0.88, 457257
0.88, 457113
0.88, 456752
0.88, 446578
0.88, 445598
0.88, 439882
0.88, 438852
0.89, 436308
0.89, 435371
0.89, 432654
0.90, 426664
0.90, 422438
0.90, 421899
0.90, 417817
0.90, 417695
0.90, 414312
0.90, 412125
0.90, 408568
0.90, 407275
0.91, 405913
0.91, 401120
0.91, 399637
0.91, 396531
0.91, 392707
0.91, 391037
0.91, 389624
0.91, 387965
0.91, 386272
0.92, 383351
0.92, 378407
0.92, 375762
0.92, 375140
0.92, 374445
0.92, 373884
0.92, 371546
0.92, 370964
0.92, 369249
0.92, 364976
0.92, 359278
0.92, 359219
0.92, 358962
0.92, 354313
0.92, 354090
0.92, 353522
0.92, 352368
0.92, 351387
0.92, 350807
0.92, 350474
0.93, 348159
0.93, 347736
0.93, 345464
0.93, 345348
0.93, 344669
0.93, 342743
0.93, 340474
0.93, 339723
0.94, 339084
0.94, 337926
0.94, 336939
0.94, 335256
0.94, 334425
0.94, 334251
0.94, 334170
0.94, 334012
0.94, 333984
0.94, 332029
0.94, 331231
0.94, 330821
0.94, 329680
0.94, 328334
0.95, 327356
0.95, 326485
0.95, 323511
0.95, 320193
0.95, 319299
0.95, 318647
0.95, 317293
0.95, 316407
0.95, 314372
0.95, 314365
0.95, 314311
0.96, 313852
0.96, 312181
0.96, 310476
0.96, 309790
0.96, 308350
0.96, 307545
0.96, 297019
0.96, 292746
0.96, 292675
0.96, 291509
0.96, 290515
0.96, 289340
0.96, 289064
0.96, 288855
0.96, 288756
0.96, 287661
0.97, 287301
0.97, 287053
0.97, 285439
0.97, 285304
0.97, 283859
0.97, 282209
0.97, 281693
0.97, 281499
0.98, 280996
0.98, 280522
0.98, 280337
0.98, 279658
0.98, 279580
0.98, 278119
0.98, 274372
0.98, 274281
0.98, 273083
0.98, 270921
0.98, 270081
0.98, 267691
0.99, 266709
0.99, 264842
0.99, 261381
0.99, 261361
0.99, 260392
0.99, 258124
0.99, 257707
0.99, 256680
1.00, 256378
1.00, 255576
1.00, 254536
1.00, 253742
1.00, 253675
1.00, 253507
1.00, 253443
1.00, 253057
1.01, 252778
1.01, 252582
1.01, 250841
1.01, 248285
1.01, 248282
1.01, 247407
1.01, 245619
1.01, 243186
1.02, 242867
1.02, 238881
1.02, 238255
1.02, 237611
1.03, 236714
1.03, 235746
1.03, 235690
1.03, 235072
1.03, 233648
1.03, 232591
1.03, 232228
1.03, 231787
1.04, 230547
1.04, 230417
1.04, 229493
1.04, 228473
1.05, 227189
1.05, 226779
1.06, 226486
1.06, 226426
1.06, 226349
1.06, 224804
1.06, 223671
1.07, 223055
1.07, 222909
1.07, 222039
1.08, 221252
1.08, 221027
1.08, 219427
1.08, 219299
1.08, 218120
1.08, 216362
1.08, 215749
1.08, 214474
1.08, 213772
1.09, 213232
1.09, 212971
1.09, 212785
1.10, 211395
1.11, 211178
1.11, 210187
1.11, 210124
1.12, 210055
1.12, 209600
1.12, 208668
1.12, 208472
1.12, 207478
1.13, 207411
1.14, 206363
1.14, 202335
1.15, 201852
1.15, 200828
1.15, 200512
1.15, 199203
1.15, 198587
1.16, 196915
1.16, 195581
1.17, 195545
1.17, 195021
1.17, 194030
1.17, 192770
1.17, 192523
1.17, 191985
1.18, 189498
1.19, 188336
1.21, 187059
1.21, 187056
1.23, 186821
1.23, 184761
1.24, 183802
1.24, 183446
1.24, 182505
1.24, 182397
1.24, 182300
1.26, 180178
1.26, 179962
1.27, 177512
1.27, 177224
1.28, 176917
1.28, 176428
1.29, 176340
1.29, 175433
1.31, 175386
1.32, 174317
1.32, 171211
1.32, 171201
1.33, 170507
1.33, 169722
1.34, 169371
1.38, 168769
1.42, 166863
1.43, 166246
1.43, 164516
1.43, 163931
1.46, 163713
1.47, 163678
1.47, 163580
1.47, 162289
1.48, 162284
1.50, 162033
1.51, 161998
1.53, 161119
1.56, 160791
1.57, 157594
1.59, 157559
1.59, 157373
1.60, 157261
1.61, 157210
1.63, 157155
1.63, 156521
1.73, 156464
1.75, 156239
1.78, 156010
1.80, 155917
1.80, 155895
1.92, 155767
1.99, 152232
2.03, 151942
2.03, 151752
2.06, 151269
2.07, 151066
3.88, 151029
3.88, 150761
3.92, 150146
3.95, 149928
4.06, 149823
4.16, 149611
4.16, 148398
4.19, 148164
4.22, 148044
4.26, 147689
6.40, 146744
6.46, 146392
6.47, 145933
6.47, 145575
6.49, 145096
