0.02, 722256
0.02, 718707
0.02, 716572
0.03, 712384
0.03, 708476
0.03, 708445
0.03, 705747
0.03, 701685
0.03, 699014
0.04, 696354
0.05, 691281
0.05, 688666
0.05, 688484
0.06, 685813
0.08, 685021
0.08, 682582
0.08, 681738
0.08, 676174
0.11, 667885
0.11, 662862
0.11, 660116
0.11, 659893
0.62, 648996
0.76, 646324
0.76, 644660
0.76, 641645
0.76, 629597
0.76, 629175
0.76, 625642
0.76, 622462
0.76, 620596
0.76, 618373
0.76, 615317
0.76, 614390
0.76, 614119
0.76, 612813
0.84, 612810
0.84, 610414
0.84, 609747
0.84, 605121
0.84, 601525
0.84, 595392
0.84, 591329
0.84, 590686
0.84, 590335
0.84, 588255
0.84, 588034
0.84, 587350
0.85, 587058
0.85, 586565
0.85, 586331
0.85, 574377
0.85, 570571
0.85, 565309
0.85, 561808
0.85, 558656
0.85, 556333
0.85, 556059
0.85, 552870
0.85, 551774
0.85, 550207
0.85, 549630
0.85, 545817
0.85, 545816
0.85, 545540
0.85, 541206
0.85, 539798
0.85, 539011
0.86, 538704
0.86, 534816
0.86, 534465
0.86, 522622
0.86, 516149
0.86, 515838
0.86, 515176
0.86, 511175
0.86, 509528
0.86, 507050
0.86, 504235
0.86, 503050
0.86, 502775
0.86, 499772
0.86, 498536
0.86, 497906
0.86, 495032
0.86, 494409
0.86, 494047
0.86, 491667
0.86, 490202
0.87, 488731
0.87, 485938
0.87, 485362
0.87, 484043
0.87, 483880
0.87, 483792
0.87, 474260
0.87, 473899
0.87, 473576
0.87, 472779
0.87, 472658
0.87, 471978
0.87, 471811
0.87, 471043
0.87, 468924
0.87, 468685
0.88, 467418
0.88, 467293
0.88, 466365
0.88, 466238
0.88, 460922
0.88, 460730
0.89, 459062
0.89, 456684
0.89, 447460
0.89, 445074
0.89, 442011
0.89, 440203
0.89, 432534
0.89, 432429
0.89, 431523
0.89, 431114
0.89, 429849
0.89, 427540
0.89, 426299
0.89, 424724
0.89, 421880
0.89, 421027
0.89, 420943
0.89, 419776
0.89, 419721
0.90, 417321
0.90, 416648
0.90, 412848
0.90, 409324
0.90, 408047
0.90, 407127
0.90, 403303
0.91, 403132
0.91, 402572
0.91, 401441
0.91, 399880
0.91, 398979
0.92, 395938
0.92, 395540
0.92, 394818
0.92, 393028
0.92, 392684
0.92, 391736
0.92, 389855
0.93, 386102
0.93, 386086
0.93, 385035
0.93, 382092
0.93, 381084
0.93, 379094
0.93, 378763
0.93, 375696
0.93, 372405
0.93, 371956
0.93, 370348
0.93, 368994
0.93, 368428
0.93, 367684
0.93, 362628
0.93, 361603
0.94, 360665
0.94, 360664
0.94, 360422
0.94, 359408
0.94, 358836
0.94, 355746
0.94, 355212
0.94, 354812
0.94, 353819
0.95, 353758
0.95, 353734
0.95, 353069
0.95, 350384
0.95, 348790
0.95, 348521
0.95, 344408
0.95, 340933
0.95, 340792
0.95, 339135
0.95, 339065
0.95, 336718
0.95, 336553
0.95, 335608
0.96, 334180
0.96, 332744
0.96, 331984
0.96, 326982
0.96, 326292
0.96, 324121
0.96, 323085
0.96, 321267
0.96, 321222
0.97, 317103
0.97, 315700
0.97, 314771
0.97, 314714
0.97, 314471
0.97, 314291
0.97, 314068
0.97, 310231
0.97, 309917
0.97, 309726
0.98, 309692
0.98, 309002
0.98, 308569
0.98, 308532
0.98, 308525
0.98, 307638
0.98, 307533
0.98, 306922
0.98, 305591
0.99, 305564
0.99, 301816
0.99, 301325
0.99, 300520
0.99, 299382
0.99, 298050
0.99, 296874
0.99, 296335
1.00, 294930
1.00, 292918
1.00, 292805
1.00, 289589
1.00, 286383
1.00, 285792
1.00, 282021
1.00, 281803
1.00, 281590
1.00, 281242
1.00, 279054
1.01, 264885
1.01, 264855
1.01, 264296
1.01, 262953
1.01, 262841
1.01, 262129
1.01, 261085
1.01, 260594
1.02, 260227
1.02, 258118
1.02, 257162
1.02, 256618
1.02, 256604
1.03, 256329
1.03, 255302
1.03, 254944
1.03, 254827
1.04, 254781
1.04, 253914
1.04, 252678
1.04, 252064
1.04, 251787
1.04, 250977
1.04, 250452
1.04, 250147
1.04, 249582
1.05, 248486
1.05, 242955
1.05, 242687
1.05, 242485
1.05, 241181
1.06, 236407
1.06, 236054
1.06, 230696
1.06, 230519
1.06, 230086
1.07, 228474
1.07, 227850
1.08, 223262
1.08, 223226
1.08, 221326
1.09, 220627
1.10, 220588
1.10, 218767
1.10, 217879
1.10, 217639
1.11, 217285
1.11, 216568
1.11, 216513
1.11, 215047
1.12, 214498
1.12, 214226
1.13, 211285
1.13, 210896
1.13, 209847
1.14, 209475
1.15, 208527
1.15, 208276
1.15, 207106
1.15, 205724
1.15, 205453
1.16, 204685
1.16, 203633
1.17, 203247
1.17, 202469
1.17, 202165
1.17, 201738
1.17, 198740
1.18, 198498
1.19, 198052
1.19, 197111
1.19, 196518
1.19, 194456
1.19, 194082
1.22, 193892
1.22, 193355
1.24, 193258
1.24, 192934
1.24, 192750
1.25, 191254
1.25, 189539
1.26, 188505
1.27, 188494
1.27, 187534
1.28, 187362
1.29, 187071
1.31, 183051
1.34, 182369
1.37, 178953
1.39, 177875
1.39, 177539
1.40, 176195
1.41, 174588
1.47, 173208
1.47, 172463
1.47, 170552
1.47, 168737
1.47, 167786
1.50, 166723
1.50, 166266
1.52, 165472
1.53, 165257
1.55, 164958
1.55, 164357
1.55, 163896
1.55, 162883
1.56, 162032
1.57, 161986
1.61, 160921
1.66, 160746
1.67, 159264
1.70, 158812
1.83, 156882
2.02, 156032
2.04, 155670
4.39, 154670
4.40, 153946
6.38, 153438
6.39, 153307
6.39, 152292
6.44, 151968
6.47, 150905
6.49, 150617
12.92, 150356
12.95, 149931
13.01, 149753
13.04, 149528
13.05, 148288
13.07, 148175
13.10, 148058
13.12, 147817
13.23, 145391
13.33, 143656
13.35, 143576
25.36, 143075
25.41, 141980
25.43, 141728
25.55, 141556
25.64, 140898
