0.01, 717683
0.01, 713911
0.01, 713851
0.01, 713143
0.01, 708049
0.01, 706217
0.01, 702546
0.01, 702473
0.03, 699333
0.06, 685906
0.06, 684806
0.06, 677308
0.06, 674306
0.06, 669716
0.06, 665867
0.06, 662503
0.06, 652727
0.06, 652206
0.06, 651222
0.42, 649727
0.42, 648994
0.72, 647952
0.72, 640098
0.76, 639143
0.77, 637943
0.77, 637910
0.77, 634903
0.78, 631649
0.78, 619991
0.78, 619882
0.78, 618478
0.78, 610282
0.78, 606198
0.78, 604978
0.78, 601379
0.78, 600867
0.78, 593342
0.78, 592151
0.78, 590024
0.80, 589779
0.80, 587329
0.80, 583904
0.80, 580108
0.80, 577565
0.80, 577234
0.80, 577018
0.80, 576550
0.80, 576210
0.80, 571124
0.80, 570255
0.80, 570159
0.80, 566980
0.83, 566773
0.83, 563853
0.83, 559933
0.83, 552278
0.83, 552212
0.83, 550004
0.83, 548988
0.83, 546832
0.83, 543401
0.83, 543117
0.83, 540840
0.83, 538080
0.83, 537742
0.83, 536947
0.83, 536001
0.83, 534902
0.83, 533520
0.84, 533452
0.84, 531934
0.84, 529307
0.84, 526228
0.84, 525776
0.84, 523301
0.84, 523116
0.84, 517732
0.84, 513346
0.84, 510283
0.84, 508468
0.84, 508094
0.84, 498093
0.84, 497748
0.85, 494815
0.85, 488849
0.85, 485416
0.85, 485109
0.85, 482276
0.85, 481442
0.85, 480784
0.85, 479976
0.85, 475429
0.86, 475248
0.86, 474577
0.86, 472766
0.86, 470976
0.86, 468871
0.86, 466132
0.86, 464116
0.86, 464097
0.86, 463390
0.86, 462794
0.86, 461131
0.86, 454004
0.86, 452663
0.86, 451845
0.87, 451666
0.87, 449888
0.87, 446217
0.87, 442635
0.87, 439586
0.87, 436385
0.87, 436365
0.87, 435908
0.87, 433724
0.87, 432689
0.87, 431026
0.87, 430684
0.87, 429282
0.87, 427603
0.88, 426797
0.88, 426742
0.88, 424546
0.88, 424528
0.88, 422166
0.88, 419771
0.88, 414609
0.88, 410959
0.88, 406987
0.88, 405666
0.88, 404844
0.88, 400170
0.88, 399625
0.88, 391418
0.88, 390677
0.88, 390520
0.89, 390179
0.89, 384679
0.89, 384520
0.89, 384099
0.89, 383087
0.89, 382302
0.89, 380197
0.89, 378473
0.89, 375811
0.89, 375246
0.89, 374483
0.89, 374370
0.90, 373760
0.90, 370223
0.90, 368515
0.90, 367883
0.90, 366162
0.90, 364327
0.90, 364143
0.90, 363057
0.90, 362823
0.90, 362768
0.90, 357850
0.90, 356944
0.90, 356249
0.90, 355175
0.90, 355111
0.90, 355085
0.91, 353586
0.91, 352336
0.91, 351564
0.91, 351476
0.91, 348952
0.91, 346562
0.91, 346370
0.92, 346365
0.92, 344090
0.92, 343317
0.92, 341000
0.92, 338648
0.92, 337594
0.92, 336912
0.92, 336522
0.92, 332805
0.92, 332623
0.92, 332553
0.92, 332524
0.92, 329973
0.92, 329460
0.92, 328741
0.92, 325311
0.92, 320035
0.92, 318754
0.93, 317643
0.93, 316080
0.93, 315937
0.93, 315745
0.93, 285450
0.93, 283277
0.94, 282864
0.94, 282592
0.94, 279650
0.94, 278964
0.94, 276697
0.94, 274361
0.95, 271577
0.95, 263854
0.95, 260110
0.95, 259066
0.95, 256346
0.95, 254730
0.95, 250536
0.96, 248893
0.96, 248763
0.96, 246486
0.96, 246344
0.96, 245908
0.96, 245853
0.96, 244884
0.97, 241252
0.97, 241070
0.97, 240073
0.97, 239690
0.97, 239098
0.98, 238022
0.98, 237558
0.98, 237252
0.98, 231864
0.98, 231709
0.98, 231703
0.98, 230331
0.98, 229336
0.99, 228984
0.99, 228674
0.99, 227471
0.99, 226158
0.99, 224343
1.00, 224000
1.00, 223934
1.00, 223722
1.01, 223457
1.01, 223426
1.01, 223257
1.01, 221655
1.01, 221650
1.02, 220954
1.02, 219235
1.02, 219152
1.03, 218999
1.03, 218701
1.03, 218067
1.03, 217474
1.04, 217161
1.04, 215807
1.04, 214785
1.04, 214453
1.04, 214444
1.04, 214310
1.05, 214186
1.05, 213637
1.05, 211589
1.05, 210423
1.05, 209483
1.05, 209454
1.06, 208692
1.06, 206973
1.06, 204709
1.06, 204632
1.06, 204217
1.07, 201333
1.07, 200414
1.07, 200190
1.07, 198599
1.08, 198373
1.08, 198196
1.09, 197847
1.09, 195560
1.10, 195115
1.11, 194836
1.13, 194536
1.14, 190478
1.15, 190315
1.15, 189668
1.15, 188385
1.16, 187732
1.16, 186745
1.17, 186449
1.17, 185806
1.17, 185587
1.18, 185584
1.18, 185037
1.19, 185021
1.20, 184014
1.21, 183771
1.21, 183408
1.21, 183149
1.22, 182789
1.22, 181694
1.22, 180909
1.23, 180890
1.23, 179461
1.23, 178997
1.24, 178563
1.24, 178005
1.26, 177645
1.27, 177325
1.28, 176700
1.28, 176247
1.29, 175571
1.29, 173932
1.30, 171639
1.30, 170926
1.31, 170550
1.32, 168928
1.34, 167850
1.34, 166526
1.34, 166315
1.35, 163585
1.35, 162568
1.35, 162456
1.36, 161201
1.37, 160514
1.37, 159004
1.38, 158633
1.43, 157858
1.44, 157018
1.47, 157017
1.48, 156370
1.48, 155469
1.52, 155152
1.54, 154572
1.55, 153715
1.58, 153164
1.63, 152851
1.63, 151632
1.65, 151049
1.73, 151021
1.75, 150930
1.77, 150348
1.79, 150243
1.81, 149415
1.83, 148920
1.84, 148288
11.64, 148103
11.66, 147940
11.69, 147032
11.73, 146944
11.74, 146450
27.20, 146391
27.21, 146245
27.28, 145625
36.97, 144086
36.98, 143930
