0.07, 700338
0.07, 696804
0.07, 694096
0.07, 691036
0.07, 683339
0.07, 680935
0.07, 676873
0.07, 663148
0.07, 659823
0.07, 657968
0.07, 656714
0.82, 654956
0.82, 653576
0.82, 650421
0.85, 649076
0.85, 646966
0.85, 639143
0.86, 634591
0.86, 628147
0.86, 626283
0.86, 623760
0.86, 619281
0.86, 618996
0.86, 618290
0.86, 618059
0.86, 615770
0.86, 601452
0.86, 600948
0.86, 599658
0.86, 598131
0.87, 596976
0.87, 596927
0.87, 596353
0.87, 592788
0.87, 590654
0.87, 586389
0.87, 579078
0.87, 576629
0.87, 573918
0.87, 566409
0.87, 566271
0.87, 565934
0.88, 562932
0.89, 561556
0.89, 560896
0.89, 560112
0.89, 548930
0.89, 547706
0.89, 547030
0.89, 546627
0.89, 541558
0.89, 541519
0.89, 538273
0.89, 536992
0.89, 536821
0.89, 534112
0.89, 531719
0.89, 531353
0.89, 529658
0.89, 527114
0.90, 524026
0.90, 523232
0.90, 519774
0.90, 518306
0.90, 516530
0.90, 516386
0.90, 516252
0.90, 515575
0.90, 511582
0.90, 509275
0.90, 505622
0.90, 505099
0.90, 502126
0.91, 500513
0.91, 498741
0.91, 493625
0.91, 489591
0.91, 479162
0.91, 478203
0.91, 472757
0.91, 472731
0.91, 472632
0.91, 471805
0.91, 471058
0.91, 466416
0.92, 465942
0.92, 461058
0.92, 458039
0.92, 449688
0.93, 448436
0.93, 447687
0.93, 445448
0.93, 441651
0.93, 441173
0.93, 440492
0.93, 437299
0.93, 433350
0.93, 433343
0.93, 431442
0.93, 430235
0.94, 424520
0.94, 423017
0.94, 422702
0.94, 418131
0.94, 417365
0.94, 416715
0.94, 413343
0.94, 412413
0.94, 408449
0.94, 403311
0.94, 400893
0.94, 396288
0.94, 394581
0.94, 394568
0.94, 394260
0.94, 392121
0.95, 391788
0.95, 391291
0.95, 390015
0.95, 386547
0.95, 385590
0.95, 381245
0.95, 380918
0.95, 379550
0.96, 375196
0.96, 372170
0.96, 371535
0.96, 368879
0.96, 368854
0.96, 368791
0.96, 367817
0.96, 365496
0.96, 361003
0.96, 359019
0.96, 356415
0.97, 354942
0.97, 354792
0.97, 352995
0.97, 352588
0.97, 350517
0.97, 349225
0.97, 348343
0.97, 347960
0.97, 346320
0.97, 342926
0.98, 339576
0.98, 333200
0.98, 332906
0.98, 330623
0.98, 330466
0.98, 329529
0.98, 324724
0.98, 324697
0.98, 324344
0.98, 324328
0.98, 324005
0.99, 323866
0.99, 322874
0.99, 322276
0.99, 321915
0.99, 321166
0.99, 319934
0.99, 319802
0.99, 317067
0.99, 316793
0.99, 313537
0.99, 313521
0.99, 313103
0.99, 312755
1.00, 312677
1.00, 311716
1.00, 303340
1.00, 301073
1.00, 299648
1.00, 297757
1.01, 297740
1.01, 297478
1.01, 292067
1.01, 290802
1.01, 287908
1.01, 287019
1.01, 284888
1.01, 282606
1.01, 280288
1.01, 277667
1.01, 274996
1.02, 272848
1.02, 272288
1.02, 272163
1.02, 269157
1.02, 269152
1.02, 268929
1.02, 268466
1.02, 266062
1.02, 265566
1.02, 262820
1.02, 262455
1.02, 261913
1.02, 261620
1.03, 261233
1.03, 261216
1.03, 257837
1.03, 257632
1.03, 257484
1.03, 256911
1.03, 255898
1.04, 253169
1.04, 252897
1.04, 252584
1.04, 250758
1.04, 246827
1.05, 245652
1.05, 244901
1.05, 244118
1.05, 239935
1.05, 239063
1.05, 236230
1.05, 235610
1.06, 234330
1.06, 233911
1.06, 230971
1.06, 226049
1.06, 225534
1.06, 225503
1.07, 225466
1.07, 225272
1.07, 224794
1.07, 224290
1.08, 223331
1.08, 223012
1.08, 222138
1.09, 220681
1.09, 219964
1.10, 218329
1.10, 217887
1.10, 217292
1.10, 217156
1.11, 216331
1.11, 216041
1.11, 215676
1.11, 214757
1.12, 210141
1.12, 208886
1.12, 207476
1.13, 207042
1.14, 206939
1.14, 206799
1.14, 206750
1.15, 205193
1.15, 204508
1.15, 204398
1.16, 204386
1.16, 203836
1.17, 203724
1.17, 203393
1.18, 203181
1.19, 202944
1.19, 202729
1.20, 202379
1.20, 202208
1.20, 201614
1.20, 201379
1.21, 201166
1.22, 201126
1.23, 200637
1.23, 200293
1.24, 200083
1.24, 199944
1.25, 199666
1.25, 199645
1.26, 199457
1.27, 199281
1.28, 196771
1.28, 195258
1.29, 195007
1.30, 194143
1.31, 192905
1.32, 191711
1.32, 191685
1.32, 190983
1.34, 189631
1.36, 189164
1.36, 188578
1.38, 185105
1.38, 185011
1.38, 184901
1.42, 183820
1.42, 182679
1.42, 182586
1.43, 181966
1.43, 181412
1.44, 181240
1.44, 179854
1.45, 178696
1.46, 178409
1.47, 176136
1.47, 176078
1.47, 175840
1.47, 175779
1.48, 175581
1.48, 175570
1.49, 175565
1.49, 175557
1.49, 175102
1.54, 174725
1.54, 174519
1.56, 174185
1.56, 173360
1.56, 172488
1.56, 172481
1.57, 166575
1.58, 166464
1.59, 165962
1.64, 164898
1.67, 163771
1.69, 163624
1.70, 163225
1.70, 160302
1.70, 159983
1.73, 159240
1.74, 158127
1.75, 156258
1.78, 156032
1.81, 155966
1.82, 155909
1.84, 154356
1.84, 154184
1.85, 154001
1.85, 153421
1.85, 152846
1.89, 152301
1.90, 149281
1.90, 148631
1.90, 147624
1.93, 146024
1.94, 145666
1.96, 144997
1.96, 144849
1.99, 144761
1.99, 144150
2.01, 143226
2.16, 142531
