0.00, 720297
0.00, 713033
0.01, 708968
0.01, 706909
0.01, 706139
0.01, 705909
0.01, 705082
0.01, 698779
0.01, 694467
0.01, 693618
0.01, 691327
0.01, 689039
0.01, 675444
0.45, 675092
0.45, 672661
0.45, 664099
0.45, 659429
0.45, 658874
0.45, 653947
0.45, 652760
0.45, 648733
0.45, 648502
0.45, 644990
0.81, 639083
0.81, 634693
0.81, 633303
0.81, 632102
0.83, 630572
0.83, 625446
0.83, 624346
0.83, 623313
0.84, 618742
0.84, 617376
0.84, 614929
0.85, 608437
0.85, 602884
0.85, 601494
0.85, 601112
0.85, 566386
0.85, 565644
0.85, 557258
0.85, 549603
0.85, 548199
0.85, 541675
0.85, 537797
0.85, 537647
0.87, 535734
0.87, 535661
0.87, 533140
0.87, 533119
0.87, 532039
0.87, 528775
0.87, 528645
0.87, 524972
0.87, 524592
0.87, 524351
0.87, 523264
0.87, 521473
0.88, 519381
0.88, 517461
0.88, 515636
0.88, 513364
0.88, 511069
0.88, 506266
0.88, 501029
0.88, 496463
0.89, 487362
0.89, 486928
0.89, 485069
0.90, 482905
0.90, 479909
0.90, 477225
0.90, 476328
0.90, 475765
0.91, 475432
0.91, 472176
0.91, 471747
0.91, 465682
0.91, 464592
0.91, 464420
0.91, 462802
0.91, 461410
0.91, 458366
0.91, 455115
0.91, 448507
0.91, 448238
0.91, 447192
0.91, 447032
0.91, 446954
0.91, 445119
0.91, 441945
0.91, 441522
0.91, 437112
0.91, 435148
0.92, 433892
0.92, 433482
0.92, 433206
0.92, 431131
0.92, 430177
0.92, 425809
0.92, 425386
0.92, 423536
0.92, 422255
0.92, 421637
0.92, 421101
0.92, 416618
0.92, 416499
0.92, 414174
0.92, 414101
0.92, 411638
0.92, 411133
0.92, 410351
0.92, 405981
0.92, 405792
0.92, 404779
0.92, 403676
0.92, 401388
0.93, 397784
0.93, 389036
0.93, 388994
0.93, 388745
0.93, 387103
0.93, 382698
0.93, 376904
0.94, 375053
0.94, 372177
0.94, 370343
0.94, 370162
0.94, 370039
0.94, 369744
0.94, 367810
0.94, 365748
0.94, 363527
0.94, 363508
0.95, 360812
0.95, 354944
0.95, 353917
0.95, 352080
0.95, 351381
0.95, 350565
0.95, 348648
0.95, 344582
0.96, 341836
0.96, 339501
0.96, 337344
0.96, 334994
0.96, 334949
0.96, 333302
0.96, 330092
0.96, 329015
0.97, 326642
0.97, 326112
0.97, 324560
0.97, 324179
0.97, 319266
0.97, 318692
0.97, 317459
0.97, 317210
0.97, 315325
0.97, 315159
0.97, 315084
0.97, 314447
0.98, 313634
0.98, 312588
0.98, 310285
0.98, 308643
0.98, 308288
0.98, 307096
0.98, 306937
0.98, 304231
0.98, 302302
0.99, 302289
0.99, 301796
0.99, 301379
0.99, 301310
0.99, 299179
0.99, 297893
0.99, 297224
0.99, 296625
0.99, 296275
1.00, 296107
1.00, 296106
1.00, 295808
1.00, 295488
1.00, 293466
1.00, 292426
1.00, 292411
1.00, 288174
1.00, 287028
1.01, 286841
1.01, 285962
1.01, 285807
1.01, 284019
1.01, 283876
1.01, 280991
1.01, 278633
1.02, 277728
1.02, 276159
1.02, 275296
1.02, 275142
1.02, 273367
1.02, 272956
1.03, 272707
1.03, 272399
1.03, 272017
1.03, 271966
1.03, 271389
1.03, 271267
1.03, 270688
1.03, 269725
1.04, 268726
1.04, 266700
1.04, 266682
1.04, 266611
1.04, 266375
1.04, 265941
1.04, 262685
1.04, 261491
1.04, 259992
1.04, 258559
1.04, 258438
1.05, 255663
1.05, 255096
1.05, 253215
1.05, 251370
1.05, 251247
1.06, 250098
1.06, 249809
1.06, 249037
1.06, 248931
1.06, 243977
1.06, 236798
1.07, 236783
1.07, 236439
1.07, 233634
1.08, 232875
1.09, 232788
1.09, 231840
1.09, 231738
1.09, 231377
1.09, 231047
1.10, 229270
1.10, 228702
1.10, 228601
1.10, 226767
1.11, 226565
1.11, 226509
1.12, 225453
1.13, 225294
1.13, 223753
1.13, 223347
1.14, 222923
1.15, 221954
1.15, 219575
1.15, 218957
1.15, 218210
1.16, 217918
1.16, 217663
1.16, 217546
1.17, 215721
1.17, 215184
1.17, 212933
1.18, 212147
1.18, 212089
1.18, 211283
1.19, 211067
1.19, 210716
1.19, 210636
1.20, 210602
1.20, 208056
1.20, 206385
1.20, 206360
1.20, 203781
1.21, 202401
1.21, 201905
1.21, 201532
1.21, 200037
1.22, 199753
1.23, 198677
1.25, 198562
1.26, 197781
1.26, 197654
1.26, 197003
1.26, 196306
1.26, 196217
1.27, 196163
1.27, 194707
1.27, 193085
1.27, 192758
1.28, 192558
1.29, 192148
1.29, 192093
1.29, 188868
1.30, 187879
1.30, 187286
1.31, 187102
1.31, 186952
1.33, 186533
1.33, 186061
1.33, 184681
1.35, 184523
1.36, 183433
1.36, 182980
1.37, 182653
1.37, 181514
1.38, 178978
1.38, 175257
1.38, 175196
1.40, 173285
1.40, 172728
1.41, 171650
1.42, 167457
1.43, 167323
1.44, 167268
1.44, 167104
1.44, 163423
1.48, 162791
1.50, 162642
1.51, 162061
1.52, 160998
1.52, 160439
1.54, 155735
1.54, 154900
1.56, 154674
1.58, 154440
1.59, 154193
1.64, 154065
1.73, 153713
1.84, 153548
1.89, 153092
1.90, 151654
1.92, 151444
1.94, 151213
1.96, 150772
2.10, 150628
2.15, 150275
2.20, 149236
4.19, 149218
4.31, 149193
4.32, 149119
4.37, 148924
4.39, 147882
8.66, 146731
8.67, 145386
8.69, 145216
8.70, 144153
8.73, 144027
8.73, 143376
8.80, 143232
8.81, 143041
9.04, 142960
9.08, 142122
9.11, 142105
9.15, 141928
21.62, 141459
