0.01, 737658
0.01, 728100
0.01, 726461
0.01, 718971
0.02, 718831
0.02, 713275
0.02, 712511
0.02, 712509
0.02, 711477
0.03, 709162
0.03, 706506
0.03, 706237
0.04, 699054
0.04, 691026
0.04, 690667
0.04, 690006
0.06, 689921
0.06, 678788
0.06, 676743
0.06, 668218
0.37, 664367
0.40, 660344
0.48, 659545
0.48, 656134
0.54, 644709
0.54, 641700
0.54, 640799
0.54, 640624
0.71, 638678
0.71, 627424
0.71, 626988
0.71, 621569
0.71, 621486
0.71, 615198
0.79, 615175
0.79, 609968
0.79, 603738
0.79, 598836
0.79, 598589
0.79, 597158
0.79, 587954
0.80, 587830
0.80, 582855
0.80, 582703
0.80, 581182
0.80, 581129
0.80, 579476
0.80, 577803
0.80, 570807
0.81, 565510
0.81, 564911
0.81, 562276
0.81, 560096
0.81, 558768
0.81, 552833
0.81, 545425
0.81, 543960
0.81, 541321
0.82, 540447
0.82, 536679
0.83, 530231
0.83, 529911
0.83, 524912
0.83, 524725
0.83, 523939
0.83, 522813
0.83, 520372
0.83, 519283
0.83, 517570
0.83, 512955
0.83, 512565
0.83, 504959
0.83, 502752
0.83, 502471
0.83, 500344
0.83, 498251
0.83, 493680
0.83, 493331
0.84, 491137
0.84, 489331
0.84, 484083
0.84, 482543
0.84, 478417
0.84, 464920
0.84, 462429
0.84, 460495
0.84, 458886
0.84, 453568
0.85, 450427
0.85, 449816
0.85, 448215
0.85, 446793
0.85, 445182
0.85, 444122
0.85, 443162
0.85, 440420
0.85, 439942
0.85, 436601
0.86, 434519
0.86, 433967
0.86, 426327
0.86, 423382
0.86, 421588
0.86, 418989
0.86, 414288
0.86, 414174
0.86, 413786
0.86, 411669
0.86, 410650
0.86, 408961
0.86, 404915
0.87, 403941
0.87, 399832
0.88, 398480
0.88, 398270
0.88, 398205
0.88, 391808
0.88, 391192
0.88, 390309
0.88, 389761
0.88, 386500
0.88, 386033
0.88, 372820
0.88, 372019
0.88, 366475
0.89, 365211
0.89, 365149
0.89, 364619
0.89, 363862
0.89, 363380
0.90, 358614
0.90, 354972
0.90, 353151
0.90, 351650
0.90, 351100
0.90, 344478
0.90, 343115
0.91, 340782
0.91, 339604
0.91, 334809
0.91, 333556
0.91, 332975
0.91, 332035
0.91, 331483
0.92, 330413
0.92, 328837
0.92, 327561
0.92, 326827
0.92, 322294
0.92, 320659
0.92, 315970
0.92, 314132
0.92, 312847
0.92, 311865
0.93, 311060
0.93, 310100
0.93, 308990
0.93, 308972
0.93, 304021
0.93, 301902
0.93, 300668
0.93, 300361
0.93, 299705
0.93, 299495
0.94, 297702
0.94, 294320
0.94, 291486
0.94, 290263
0.94, 290184
0.94, 289064
0.94, 288119
0.94, 287822
0.94, 287033
0.94, 283022
0.94, 281833
0.94, 281338
0.94, 281337
0.94, 280291
0.94, 280271
0.94, 280010
0.95, 279794
0.95, 278132
0.95, 275838
0.95, 275541
0.95, 275458
0.95, 275058
0.96, 274382
0.96, 271290
0.96, 271217
0.96, 271151
0.96, 269813
0.96, 268764
0.96, 268719
0.96, 263151
0.97, 261943
0.97, 259144
0.97, 258997
0.97, 258340
0.97, 256744
0.97, 256027
0.98, 253097
0.98, 252803
0.98, 247754
0.99, 246012
0.99, 245521
0.99, 245252
0.99, 242906
0.99, 242803
0.99, 242396
0.99, 242347
1.00, 240138
1.00, 239720
1.00, 239518
1.00, 238876
1.00, 238709
1.00, 237663
1.00, 237552
1.00, 235822
1.00, 235506
1.00, 234139
1.01, 234093
1.01, 233845
1.01, 233780
1.01, 232348
1.01, 231990
1.01, 230770
1.02, 227324
1.02, 227000
1.02, 226909
1.02, 226546
1.03, 223354
1.03, 222394
1.03, 222326
1.03, 222319
1.04, 221511
1.04, 221080
1.04, 219771
1.04, 218290
1.04, 217762
1.04, 216171
1.05, 216040
1.05, 213903
1.05, 212576
1.05, 209734
1.06, 207901
1.06, 205941
1.07, 205874
1.07, 204878
1.07, 201921
1.07, 201813
1.07, 201280
1.07, 200944
1.08, 199981
1.08, 199428
1.10, 198507
1.10, 198499
1.12, 196845
1.12, 196592
1.12, 196211
1.13, 194736
1.14, 194707
1.15, 191947
1.17, 191878
1.19, 191552
1.19, 190156
1.20, 189032
1.22, 187664
1.23, 187238
1.24, 184991
1.25, 184817
1.26, 183910
1.26, 182858
1.27, 181797
1.27, 181312
1.29, 180707
1.30, 180012
1.30, 178463
1.31, 178445
1.31, 177119
1.33, 176854
1.33, 176355
1.34, 175944
1.34, 174332
1.35, 174041
1.36, 173833
1.37, 173774
1.38, 173572
1.38, 171404
1.38, 171247
1.40, 170552
1.41, 170383
1.44, 170217
1.44, 170078
1.44, 169490
1.45, 168843
1.47, 167180
1.48, 166481
1.49, 165726
1.49, 164005
1.49, 163581
1.49, 162721
1.50, 162213
1.51, 162137
1.53, 161986
1.53, 161911
1.53, 160184
1.53, 158409
1.54, 157961
1.55, 157143
1.57, 156222
1.59, 155469
1.59, 155376
1.62, 155158
1.63, 153989
1.67, 153660
1.70, 153548
1.70, 152640
1.75, 152183
1.79, 150523
1.79, 150194
2.06, 150089
16.91, 148612
16.92, 148350
16.92, 148331
16.95, 147813
17.00, 147595
17.02, 146324
17.03, 146177
17.05, 146010
17.07, 145284
17.11, 145180
17.16, 144974
45.07, 144869
45.07, 144812
45.07, 144407
45.11, 144219
45.11, 143913
45.12, 143671
45.12, 143522
45.13, 142959
45.13, 142890
