0.01, 715550
0.01, 711753
0.01, 706899
0.01, 699828
0.02, 698415
0.02, 695462
0.02, 687156
0.02, 671316
0.02, 669527
0.57, 667813
0.57, 665919
0.57, 663035
0.57, 660871
0.63, 660517
0.69, 655252
0.69, 648871
0.69, 647930
0.69, 647095
0.86, 646347
0.86, 645047
0.86, 643984
0.86, 637231
0.86, 636311
0.86, 634910
0.86, 632604
0.86, 632413
0.86, 631621
0.86, 626849
0.86, 621467
0.86, 619789
0.86, 618646
0.86, 602798
0.86, 600511
0.86, 598990
0.86, 596447
0.86, 591712
0.86, 587736
0.86, 585405
0.86, 582808
0.86, 578213
0.89, 578128
0.89, 577607
0.89, 570738
0.89, 569704
0.89, 565473
0.89, 561803
0.89, 561371
0.92, 561228
0.92, 560762
0.92, 560402
0.92, 553585
0.92, 553252
0.92, 551366
0.92, 550309
0.92, 550208
0.92, 538516
0.92, 537444
0.92, 535688
0.93, 535511
0.93, 533996
0.93, 530198
0.93, 530080
0.93, 529751
0.93, 527725
0.93, 525661
0.93, 521497
0.93, 517326
0.93, 516688
0.93, 515718
0.93, 515116
0.93, 510852
0.93, 510818
0.93, 502546
0.94, 500621
0.94, 500083
0.94, 499118
0.94, 494340
0.94, 489459
0.94, 489272
0.94, 487932
0.94, 487398
0.94, 487154
0.94, 485221
0.94, 484167
0.94, 481893
0.94, 477042
0.95, 476826
0.95, 476567
0.95, 473878
0.95, 466632
0.95, 463361
0.96, 461286
0.96, 461258
0.96, 459686
0.96, 457201
0.96, 457155
0.96, 456344
0.96, 456312
0.96, 454574
0.96, 453516
0.96, 452762
0.96, 452750
0.96, 446380
0.96, 444224
0.96, 443855
0.96, 441700
0.96, 439260
0.96, 437154
0.96, 431856
0.96, 431489
0.96, 429337
0.96, 429148
0.96, 428192
0.96, 427866
0.96, 425462
0.96, 423541
0.96, 422496
0.96, 420452
0.96, 420299
0.96, 418879
0.96, 416586
0.96, 416197
0.96, 414514
0.96, 412510
0.96, 411954
0.97, 410683
0.97, 403409
0.97, 396983
0.97, 396045
0.97, 387727
0.97, 383641
0.97, 383493
0.97, 380556
0.97, 377318
0.97, 376457
0.98, 376327
0.98, 375547
0.98, 375333
0.98, 372890
0.98, 372328
0.99, 372305
0.99, 371760
0.99, 370689
0.99, 364580
0.99, 363754
0.99, 363284
0.99, 363231
0.99, 358649
0.99, 354752
0.99, 353441
0.99, 352074
0.99, 351293
0.99, 350953
0.99, 350029
1.00, 349552
1.00, 346689
1.00, 343736
1.00, 342785
1.00, 342227
1.00, 341085
1.00, 335034
1.00, 334120
1.01, 332343
1.01, 332240
1.01, 330910
1.01, 329429
1.01, 326786
1.01, 326374
1.01, 326003
1.01, 324890
1.01, 321485
1.01, 320679
1.02, 317848
1.02, 316453
1.02, 313157
1.02, 311054
1.03, 310253
1.03, 310204
1.03, 307880
1.03, 307392
1.03, 304391
1.03, 303834
1.03, 303772
1.03, 303131
1.04, 301805
1.04, 299471
1.04, 298042
1.04, 297684
1.04, 295794
1.04, 295295
1.04, 292735
1.04, 291943
1.04, 291700
1.04, 291690
1.04, 290876
1.04, 290501
1.04, 290421
1.04, 288586
1.04, 288413
1.05, 287510
1.05, 286372
1.05, 285700
1.05, 285695
1.05, 285579
1.05, 284915
1.05, 283590
1.05, 283335
1.05, 282518
1.05, 280485
1.06, 279028
1.06, 278589
1.06, 278515
1.06, 277865
1.06, 276990
1.06, 276282
1.06, 275710
1.06, 274998
1.06, 274688
1.06, 273636
1.06, 273419
1.06, 273005
1.07, 270623
1.07, 269894
1.07, 268696
1.07, 267869
1.07, 267825
1.07, 267738
1.07, 267428
1.07, 266402
1.07, 262091
1.07, 262009
1.08, 260657
1.08, 260170
1.08, 259620
1.10, 259588
1.10, 257127
1.10, 257103
1.11, 255907
1.11, 255838
1.11, 254006
1.12, 253579
1.12, 250471
1.12, 250175
1.13, 248997
1.13, 248562
1.13, 246267
1.13, 246138
1.13, 244943
1.13, 242800
1.14, 241082
1.14, 239818
1.14, 234343
1.14, 233652
1.14, 233398
1.14, 232630
1.15, 231171
1.15, 230655
1.16, 229864
1.16, 228466
1.16, 227856
1.16, 226231
1.16, 225381
1.17, 224598
1.17, 224551
1.18, 221239
1.20, 220548
1.20, 219660
1.20, 219198
1.20, 217582
1.22, 215210
1.22, 214388
1.23, 213890
1.24, 212472
1.24, 212396
1.24, 212347
1.25, 211495
1.25, 210971
1.26, 210823
1.26, 210679
1.27, 210438
1.27, 208410
1.27, 207669
1.28, 207408
1.28, 206719
1.29, 206637
1.29, 206142
1.31, 205834
1.31, 204208
1.32, 204033
1.32, 203775
1.32, 202143
1.32, 200551
1.33, 198909
1.34, 198553
1.36, 196401
1.37, 195996
1.37, 195812
1.37, 195695
1.38, 194772
1.38, 194567
1.39, 194214
1.41, 194027
1.42, 181113
1.42, 179541
1.43, 179084
1.43, 178883
1.43, 178468
1.44, 178080
1.44, 178023
1.45, 177278
1.45, 176926
1.46, 176723
1.47, 176417
1.47, 176090
1.49, 175565
1.50, 175432
1.52, 173997
1.52, 173611
1.53, 173575
1.53, 173473
1.53, 171045
1.60, 170257
1.63, 164446
1.66, 163750
1.68, 163427
1.69, 163259
1.69, 162985
1.73, 162600
1.73, 162547
1.73, 162287
1.74, 161913
1.74, 161865
1.78, 161336
1.80, 161119
1.81, 160911
1.81, 160725
1.82, 160697
1.82, 160650
1.82, 160647
1.84, 160421
1.85, 159837
1.86, 159352
2.01, 158394
2.10, 158095
3.85, 156770
3.87, 156481
3.87, 156054
3.89, 156045
3.89, 155916
3.91, 155888
3.91, 155697
3.92, 154505
3.96, 154226
4.08, 153898
4.23, 153238
4.24, 152959
4.24, 152640
4.26, 152494
4.26, 151747
4.30, 151529
4.31, 151502
4.35, 151335
4.35, 150782
4.36, 150559
4.37, 149194
4.38, 148576
4.38, 148463
4.38, 148325
11.37, 147989
36.59, 147000
36.60, 146950
36.62, 145959
