0.00, 710452
0.00, 688787
0.00, 684167
0.00, 662873
0.00, 660419
0.01, 659184
0.01, 657008
0.02, 656922
0.17, 655296
0.30, 652078
0.74, 651984
0.74, 642532
0.74, 641170
0.74, 631865
0.84, 627676
0.84, 626416
0.84, 625490
0.84, 623288
0.84, 621896
0.84, 621776
0.86, 619833
0.86, 614600
0.86, 612648
0.86, 608928
0.86, 607993
0.86, 604061
0.86, 595473
0.86, 591243
0.86, 590451
0.86, 584055
0.87, 583538
0.87, 581087
0.87, 580416
0.87, 574511
0.87, 572810
0.87, 567651
0.87, 565727
0.87, 565658
0.87, 563453
0.87, 561187
0.87, 556502
0.87, 555495
0.87, 554166
0.87, 553840
0.89, 550090
0.89, 544764
0.89, 543842
0.89, 543013
0.89, 541858
0.89, 540552
0.89, 536204
0.89, 536053
0.89, 534490
0.90, 531681
0.90, 531532
0.90, 528157
0.90, 525194
0.92, 519126
0.92, 516810
0.92, 516263
0.92, 514395
0.92, 514274
0.92, 514078
0.92, 510826
0.92, 499776
0.92, 496133
0.92, 494099
0.92, 490859
0.92, 476218
0.92, 473521
0.92, 473190
0.92, 472544
0.92, 470038
0.92, 468557
0.92, 468357
0.92, 466664
0.93, 466490
0.93, 466272
0.93, 465529
0.93, 464433
0.93, 462940
0.93, 459639
0.93, 456952
0.93, 455223
0.93, 451934
0.93, 447196
0.93, 446247
0.93, 440963
0.93, 440738
0.93, 431265
0.93, 430618
0.93, 428203
0.93, 426891
0.94, 426027
0.94, 425629
0.94, 424927
0.94, 424859
0.94, 423219
0.94, 422744
0.94, 422206
0.94, 414933
0.94, 413812
0.94, 405146
0.95, 404170
0.95, 400776
0.95, 400681
0.95, 397115
0.95, 394112
0.95, 391197
0.95, 389933
0.95, 389542
0.96, 386231
0.96, 386201
0.96, 386061
0.96, 385872
0.96, 382298
0.96, 380792
0.96, 379922
0.96, 375816
0.96, 375374
0.96, 374016
0.96, 373842
0.96, 372704
0.96, 372290
0.96, 369456
0.96, 367455
0.96, 367146
0.97, 363389
0.97, 358810
0.97, 358096
0.97, 356502
0.97, 352445
0.97, 352306
0.97, 351210
0.97, 349711
0.97, 347701
0.97, 346060
0.97, 343316
0.97, 341691
0.97, 337673
0.98, 334355
0.98, 334194
0.98, 333804
0.98, 331175
0.98, 331088
0.98, 330999
0.98, 324712
0.98, 324040
0.98, 323598
0.98, 321022
0.98, 319909
0.98, 318389
0.98, 314905
0.98, 314820
0.98, 307218
0.98, 306526
0.98, 306015
0.98, 304662
0.99, 304186
0.99, 303820
0.99, 303657
0.99, 302831
0.99, 302772
0.99, 300819
0.99, 300198
0.99, 298990
0.99, 298218
0.99, 298026
1.00, 297656
1.00, 295982
1.00, 295106
1.00, 286702
1.00, 286032
1.00, 286011
1.00, 284406
1.00, 284080
1.00, 281707
1.00, 281592
1.00, 281585
1.00, 280824
1.01, 270200
1.01, 269602
1.01, 269312
1.01, 268202
1.01, 268132
1.01, 265840
1.01, 262823
1.01, 261700
1.01, 260407
1.01, 260168
1.01, 259767
1.01, 258661
1.01, 258414
1.01, 257372
1.01, 257133
1.01, 255903
1.01, 254735
1.01, 254449
1.01, 254078
1.01, 253551
1.02, 253518
1.02, 252651
1.02, 252453
1.02, 252289
1.02, 252058
1.02, 251916
1.02, 251024
1.03, 249885
1.03, 249880
1.03, 247817
1.03, 247512
1.03, 247078
1.03, 245702
1.03, 243939
1.03, 243737
1.03, 243680
1.03, 242571
1.04, 240864
1.04, 238089
1.04, 237533
1.04, 237011
1.04, 231855
1.04, 231147
1.04, 231114
1.04, 228866
1.05, 227298
1.05, 225151
1.05, 224891
1.05, 224863
1.05, 223390
1.05, 222258
1.05, 222120
1.06, 220586
1.06, 220417
1.07, 220361
1.07, 219527
1.07, 219369
1.07, 217110
1.08, 216187
1.08, 215370
1.08, 214449
1.09, 214239
1.09, 212469
1.09, 212335
1.09, 211824
1.09, 211260
1.10, 210738
1.11, 207497
1.11, 207459
1.11, 207157
1.11, 207009
1.12, 206899
1.12, 206874
1.12, 205335
1.12, 204148
1.12, 203879
1.13, 203033
1.13, 202121
1.13, 201536
1.13, 197725
1.14, 197008
1.14, 196690
1.14, 196255
1.14, 196164
1.14, 195370
1.14, 193453
1.15, 192748
1.15, 191596
1.16, 190785
1.16, 190707
1.16, 190602
1.17, 190524
1.17, 190459
1.17, 190122
1.18, 189416
1.18, 188886
1.18, 188790
1.19, 188391
1.19, 187536
1.19, 187078
1.19, 186769
1.20, 186241
1.21, 186066
1.22, 185957
1.23, 185787
1.23, 185066
1.23, 183942
1.23, 182245
1.23, 176260
1.23, 176179
1.24, 175884
1.24, 175816
1.24, 174677
1.24, 174266
1.25, 173776
1.27, 170088
1.28, 170061
1.31, 168614
1.31, 168555
1.32, 168285
1.33, 167261
1.33, 166539
1.33, 166525
1.34, 166347
1.36, 164983
1.38, 164556
1.38, 164454
1.39, 163086
1.41, 162324
1.41, 161506
1.44, 161031
1.46, 160709
1.46, 160428
1.47, 159796
1.48, 159605
1.48, 157323
1.53, 156536
1.54, 156197
1.54, 155536
1.58, 155237
1.59, 154743
1.60, 154388
1.60, 153295
1.62, 153083
1.64, 153014
1.68, 152915
1.68, 152846
1.68, 152401
1.77, 152378
1.77, 151655
1.80, 150785
1.83, 150294
1.83, 149156
1.83, 149124
1.89, 148686
1.91, 148536
1.94, 148310
2.00, 144263
2.07, 143865
2.07, 143006
2.08, 142320
2.12, 141573
2.13, 141552
11.83, 141498
