0.00, 5232700
0.00, 4714453
0.00, 4587720
0.00, 4553325
0.00, 4351418
0.00, 4339874
0.00, 4306920
0.01, 4197830
0.01, 4177692
0.01, 4165937
0.02, 4052127
0.02, 3761269
0.02, 3571102
0.02, 3494743
0.04, 3457493
0.13, 3344717
0.34, 3320585
0.34, 3281771
0.36, 3189452
0.36, 3174093
0.36, 3158585
0.36, 3086086
0.37, 3077996
0.37, 2900873
0.39, 2833784
0.39, 2815261
0.39, 2802060
0.39, 2770761
0.40, 2761821
0.40, 2658268
0.41, 2603741
0.41, 2528655
0.41, 2497024
0.42, 2432926
0.43, 2332243
0.43, 2312727
0.43, 2290817
0.43, 2269507
0.44, 2220569
0.44, 2210882
0.44, 2194147
0.44, 2159017
0.44, 2145405
0.47, 2144875
0.47, 2142556
0.47, 2091746
0.47, 2078414
0.48, 2065926
0.48, 2055510
0.48, 2052219
0.50, 2031423
1.76, 2030263
1.76, 2016322
4.51, 2003763
