0.00, 4225306
0.00, 3946368
0.01, 3728481
0.01, 3625584
0.01, 3394430
0.01, 3367130
0.32, 3366604
0.34, 3320293
0.34, 3150501
0.34, 3086178
0.34, 2945895
0.34, 2805777
0.37, 2748763
0.37, 2713766
0.37, 2686108
0.37, 2652319
0.40, 2647726
0.41, 2552481
0.41, 2478099
0.41, 2426147
0.41, 2409311
0.41, 2407140
0.41, 2396246
0.41, 2378163
0.41, 2335364
0.41, 2282314
0.41, 2265127
0.43, 2263696
0.43, 2114100
0.43, 2089712
0.43, 2081368
0.43, 2065914
0.43, 2053791
0.43, 2047239
0.44, 2037552
0.44, 2030052
0.45, 2029184
0.46, 2003763
