0.00, 4720424
0.00, 4640543
0.00, 4584189
0.00, 4380570
0.00, 4334119
0.00, 4199955
0.00, 4107578
0.01, 3723661
0.01, 3689184
0.03, 3630996
0.06, 3576357
0.10, 3546373
0.11, 3436361
0.11, 3424682
0.20, 3423198
0.23, 3339445
0.23, 3214236
0.39, 3167634
0.39, 3060655
0.39, 2933949
0.39, 2907503
0.40, 2903508
0.40, 2890105
0.40, 2678696
0.40, 2643229
0.40, 2561598
0.40, 2546037
0.40, 2533394
0.40, 2519439
0.40, 2472830
0.40, 2431291
0.42, 2326329
0.42, 2318948
0.42, 2299083
0.42, 2295341
0.43, 2292410
0.43, 2180778
0.43, 2073751
0.44, 2070047
0.46, 2059484
0.48, 2031423
3.30, 2023779
4.81, 2017704
4.82, 2003763
