0.00, 4624875
0.00, 4535207
0.00, 4506190
0.00, 4270967
0.00, 4185446
0.00, 4184929
0.00, 4139362
0.00, 4078580
0.01, 3951791
0.01, 3939991
0.01, 3812791
0.01, 3770689
0.01, 3737423
0.02, 3683378
0.02, 3631577
0.05, 3511515
0.05, 3510367
0.05, 3504631
0.06, 3460782
0.08, 3370594
0.33, 3346332
0.34, 3193666
0.34, 3172104
0.34, 3057685
0.34, 2903910
0.34, 2833857
0.34, 2713884
0.34, 2674997
0.37, 2626343
0.38, 2595210
0.38, 2594014
0.38, 2563056
0.39, 2516547
0.39, 2465534
0.39, 2446560
0.41, 2366591
0.41, 2299090
0.41, 2298174
0.41, 2288545
0.41, 2225400
0.41, 2093330
0.41, 2090910
0.41, 2058269
0.41, 2024508
0.42, 2017704
0.42, 2003763
