0.00, 26273
0.02, 26134
0.02, 26109
0.02, 25876
0.02, 25368
0.02, 25297
0.02, 25218
0.02, 25044
0.09, 24921
0.09, 23748
0.09, 23173
1.53, 22930
1.53, 22036
1.53, 21836
1.53, 21563
1.53, 21265
1.54, 21198
1.54, 20276
1.54, 20084
1.54, 20004
1.54, 19988
1.55, 19955
1.55, 19796
1.55, 19758
1.55, 19664
1.55, 19591
1.55, 19042
1.55, 18920
1.55, 18815
1.57, 18740
1.57, 18712
1.57, 18408
1.57, 18340
1.57, 18132
1.57, 18001
1.57, 17945
1.57, 17874
1.57, 17865
1.57, 17855
1.57, 17640
1.57, 17424
1.57, 17289
1.57, 17227
1.57, 17038
1.58, 16799
1.58, 16774
1.58, 16348
1.58, 16221
1.58, 16014
1.58, 15982
1.58, 15853
1.58, 15741
1.58, 15204
1.58, 14904
1.58, 14822
1.58, 14632
1.59, 13962
1.59, 13865
1.59, 13777
1.59, 13521
1.59, 13427
1.60, 13343
1.60, 13197
1.60, 13154
1.60, 13092
1.61, 13002
1.61, 12633
1.61, 12557
1.61, 12548
1.61, 12394
1.61, 12389
1.61, 12340
1.61, 12265
1.61, 12187
1.62, 12153
1.62, 12120
1.62, 11912
1.62, 11783
1.62, 11713
1.62, 11693
1.62, 11685
1.62, 11679
1.62, 11514
1.62, 11390
1.62, 11388
1.63, 11352
1.63, 11195
1.63, 10945
1.63, 10904
1.63, 10883
1.63, 10770
1.63, 10737
1.64, 10719
1.64, 10687
1.64, 10648
1.64, 10277
1.64, 10223
1.64, 10156
1.64, 10149
1.65, 10104
1.65, 10038
1.65, 9744
1.65, 9655
1.65, 9653
1.65, 9644
1.65, 9568
1.66, 9495
1.66, 9487
1.67, 9479
1.67, 9458
1.67, 9403
1.67, 9262
1.67, 9046
1.68, 9012
1.69, 8993
1.69, 8973
1.69, 8958
1.69, 8881
1.69, 8860
1.70, 8852
1.71, 8826
1.72, 8807
1.72, 8806
1.72, 8763
1.73, 8747
1.75, 8728
1.76, 8554
1.81, 8503
6.63, 8493
6.64, 8397
6.66, 8349
6.69, 8309
6.89, 8052
6.95, 8007
54.04, 8002
54.04, 7997
54.08, 7996
54.10, 7984
54.11, 7855
67.48, 7841
156.96, 7801
156.97, 7789
156.97, 7763
157.17, 7752
157.46, 7680
951.68, 7582
951.68, 7577
951.72, 7542
