0.00, 27366
0.00, 27334
0.01, 27176
0.01, 26055
0.01, 25842
0.01, 25830
0.01, 25366
0.01, 25365
0.01, 24958
0.01, 24760
0.04, 23822
0.04, 23744
0.04, 23647
0.04, 23517
1.02, 23376
1.61, 23238
1.61, 22982
1.61, 22590
1.61, 22297
1.61, 22107
1.61, 22106
1.62, 22049
1.62, 21937
1.62, 21854
1.62, 21669
1.64, 21592
1.64, 21337
1.64, 20909
1.64, 20211
1.64, 20200
1.64, 20136
1.64, 20086
1.65, 20074
1.65, 20072
1.65, 20035
1.65, 19844
1.65, 19687
1.65, 19554
1.65, 19263
1.65, 19225
1.65, 19172
1.65, 18826
1.66, 18776
1.66, 18178
1.66, 18148
1.66, 18057
1.66, 17726
1.66, 17357
1.66, 16858
1.66, 16790
1.66, 16755
1.66, 16743
1.67, 16686
1.67, 16617
1.67, 16575
1.67, 16323
1.67, 16237
1.67, 16144
1.67, 16140
1.67, 16135
1.67, 16059
1.67, 15828
1.67, 15801
1.67, 15635
1.68, 15479
1.68, 15443
1.68, 15406
1.68, 15405
1.68, 15354
1.68, 15258
1.69, 15190
1.69, 15157
1.69, 15050
1.69, 14932
1.69, 14770
1.69, 14539
1.69, 14537
1.69, 14347
1.69, 14256
1.69, 13867
1.69, 13708
1.69, 13651
1.69, 13536
1.70, 13451
1.70, 13439
1.70, 13427
1.70, 13396
1.70, 13338
1.70, 13234
1.71, 13171
1.71, 13115
1.71, 13097
1.71, 13018
1.71, 12860
1.71, 12817
1.71, 12683
1.71, 12478
1.71, 12434
1.71, 12315
1.71, 12271
1.71, 12198
1.71, 12182
1.71, 12039
1.72, 11965
1.72, 11862
1.72, 11708
1.73, 11548
1.73, 11429
1.73, 11277
1.73, 11230
1.73, 11179
1.73, 11130
1.73, 11096
1.74, 11045
1.74, 10540
1.74, 10462
1.74, 10341
1.74, 10330
1.74, 10234
1.74, 10199
1.74, 10156
1.74, 9931
1.74, 9775
1.75, 9604
1.75, 9567
1.75, 9545
1.75, 9506
1.75, 9496
1.76, 9445
1.76, 9399
1.76, 9344
1.76, 9037
1.77, 9015
1.77, 8735
1.79, 8674
1.80, 8608
1.80, 8554
1.80, 8537
1.81, 8492
1.82, 8471
1.82, 8424
1.89, 8406
1.91, 8341
1.92, 8318
1.95, 8266
1.96, 8254
1.97, 8224
2.11, 8152
9.88, 8102
9.95, 8079
12.30, 8053
12.40, 7831
267.25, 7815
267.31, 7798
267.50, 7744
267.56, 7721
298.55, 7708
298.56, 7703
298.56, 7672
