0.00, 29114
0.00, 28170
0.00, 27920
0.01, 27010
0.02, 26996
0.02, 26488
0.02, 26409
0.05, 26366
0.05, 26093
0.05, 25781
0.05, 25705
0.05, 25575
0.05, 25532
0.05, 25440
0.13, 25355
0.13, 25174
0.17, 24487
0.17, 24372
0.20, 24083
0.20, 22924
0.20, 22712
0.20, 22169
0.80, 21731
0.80, 21618
0.80, 21433
0.80, 21402
0.80, 21319
0.80, 20708
0.80, 20607
0.80, 20601
0.80, 20503
0.83, 20494
0.83, 20070
0.83, 19856
0.83, 19662
0.83, 19613
0.83, 19560
0.83, 19448
0.83, 19434
0.83, 19382
0.83, 19352
0.83, 19214
0.83, 18910
0.84, 18597
0.84, 18589
0.84, 18087
0.84, 17958
0.84, 17929
0.86, 17836
0.86, 17213
0.86, 16957
0.86, 16442
0.87, 16408
0.87, 16285
0.87, 16277
0.87, 16129
0.87, 15857
0.87, 15503
0.87, 15261
0.87, 14758
0.87, 14709
0.87, 14574
0.87, 14572
0.88, 14454
0.88, 14437
0.88, 14434
0.88, 14381
0.88, 14192
0.88, 14137
0.89, 14025
0.89, 13962
0.90, 13654
0.90, 13467
0.90, 13395
0.90, 13244
0.90, 13241
0.90, 13136
0.90, 13079
0.90, 12984
0.90, 12971
0.90, 12747
0.91, 12636
0.91, 12628
0.91, 12170
0.91, 12037
0.91, 11953
0.91, 11910
0.91, 11754
0.91, 11632
0.91, 11553
0.91, 11540
0.91, 11534
0.93, 11411
0.93, 11370
0.93, 11337
0.94, 11279
0.94, 11249
0.94, 11051
0.94, 10973
0.94, 10891
0.95, 10805
0.95, 10420
0.95, 10235
0.95, 10229
0.95, 10188
0.95, 10152
0.95, 9880
0.95, 9841
0.96, 9764
0.96, 9715
0.96, 9695
0.96, 9694
0.97, 9674
0.97, 9654
0.97, 9632
0.97, 9624
0.97, 9493
0.97, 9445
0.98, 9411
0.98, 9238
0.98, 9073
1.00, 9044
1.00, 9027
1.00, 9025
1.00, 8964
1.01, 8938
1.01, 8881
1.01, 8873
1.02, 8798
1.03, 8656
1.03, 8649
1.07, 8645
1.08, 8543
1.08, 8325
1.09, 8297
1.09, 8259
1.10, 8254
1.12, 8208
1.12, 8168
1.13, 8164
1.15, 8101
2.89, 8073
2.90, 7846
2.91, 7809
2.91, 7755
2.92, 7724
2.92, 7701
3.03, 7661
3.03, 7626
3.04, 7596
