0.00, 26273
0.02, 26134
0.02, 26109
0.02, 25876
0.02, 25368
0.02, 25297
0.02, 25218
0.02, 25044
0.11, 24921
0.11, 23748
0.11, 23173
0.73, 22841
0.73, 22779
0.73, 22725
0.74, 22556
0.74, 22372
0.74, 22284
0.77, 22077
0.77, 21722
0.77, 21498
0.77, 21463
0.77, 21451
0.77, 20009
0.77, 19812
0.77, 19747
0.77, 19715
0.78, 19351
0.78, 19294
0.78, 19176
0.78, 19137
0.78, 18969
0.78, 18877
0.78, 17754
0.80, 17753
0.80, 17660
0.80, 17253
0.80, 17208
0.80, 16937
0.80, 16762
0.80, 16663
0.80, 16638
0.80, 16194
0.80, 15388
0.80, 15350
0.80, 15245
0.80, 15172
0.80, 14979
0.81, 14726
0.82, 14720
0.82, 14717
0.82, 14665
0.82, 14417
0.82, 14393
0.83, 14384
0.83, 14061
0.83, 13695
0.83, 13647
0.83, 13259
0.84, 13237
0.84, 13117
0.84, 13053
0.84, 12981
0.84, 12972
0.84, 12952
0.84, 12705
0.84, 12668
0.84, 12592
0.84, 12591
0.84, 12560
0.84, 12559
0.84, 12534
0.84, 12262
0.84, 12121
0.85, 12117
0.85, 12037
0.85, 11955
0.85, 11918
0.86, 11916
0.86, 11846
0.86, 11805
0.86, 11793
0.87, 11661
0.87, 11488
0.87, 11487
0.87, 11452
0.87, 11441
0.87, 11409
0.87, 11394
0.87, 11288
0.88, 11193
0.89, 11132
0.89, 10983
0.90, 10949
0.90, 10686
0.90, 10575
0.90, 10480
0.91, 10439
0.91, 10431
0.92, 10416
0.92, 10396
0.92, 10394
0.93, 10382
0.93, 10336
0.93, 10281
0.93, 10267
0.93, 10200
0.93, 10167
0.93, 9849
0.94, 9556
0.94, 9471
0.94, 9364
0.94, 9312
0.95, 9294
0.95, 9285
0.95, 9218
0.95, 9128
0.96, 8879
0.96, 8616
0.96, 8614
0.97, 8559
0.98, 8458
0.98, 8437
0.98, 8420
0.98, 8418
0.98, 8376
1.01, 8319
1.04, 8318
4.69, 8307
4.70, 8160
4.79, 8159
4.79, 8155
4.81, 8143
4.82, 8107
4.93, 8078
8.15, 8074
8.17, 8069
8.18, 8068
8.29, 8045
