0.00, 25935
0.00, 25577
0.00, 25275
0.00, 25107
0.06, 24808
0.06, 24577
0.06, 24298
0.06, 24077
0.06, 23947
0.06, 23757
0.11, 23727
0.69, 23660
0.69, 23583
0.69, 23079
0.72, 23054
0.72, 22903
0.72, 22814
0.72, 21950
0.72, 21642
0.72, 21452
0.74, 21149
0.74, 21078
0.74, 20992
0.74, 20646
0.74, 20415
0.74, 20397
0.74, 20199
0.74, 20187
0.74, 20107
0.74, 20061
0.74, 19367
0.74, 19305
0.74, 18774
0.75, 18664
0.75, 18443
0.75, 18442
0.75, 18152
0.75, 18103
0.75, 18059
0.75, 18035
0.75, 17878
0.75, 17706
0.76, 17654
0.76, 17509
0.76, 17507
0.77, 17175
0.77, 16966
0.77, 16953
0.77, 16939
0.77, 16839
0.77, 16824
0.77, 16727
0.77, 16708
0.77, 16624
0.77, 16535
0.77, 16490
0.77, 16436
0.77, 16434
0.77, 16419
0.77, 16175
0.77, 16103
0.77, 15860
0.78, 15532
0.78, 15529
0.78, 15331
0.78, 15201
0.78, 15057
0.78, 14816
0.78, 14815
0.78, 14639
0.78, 14346
0.78, 14077
0.78, 13950
0.78, 13766
0.78, 13738
0.78, 13698
0.78, 13632
0.79, 13257
0.79, 13213
0.79, 13152
0.79, 12695
0.79, 12669
0.79, 12586
0.79, 12379
0.79, 12356
0.79, 12248
0.79, 12234
0.80, 12185
0.80, 12171
0.80, 11933
0.80, 11911
0.80, 11734
0.80, 11223
0.81, 11221
0.81, 11211
0.81, 11009
0.81, 10814
0.81, 10777
0.81, 10771
0.81, 10769
0.81, 10766
0.81, 10761
0.81, 10752
0.81, 10634
0.81, 10489
0.81, 10440
0.82, 10408
0.82, 10317
0.82, 10255
0.82, 10013
0.82, 10012
0.82, 9935
0.82, 9931
0.82, 9784
0.83, 9768
0.83, 9617
0.83, 9496
0.83, 9432
0.83, 9421
0.84, 9308
0.84, 9274
0.86, 9216
0.87, 9202
0.89, 9173
0.89, 9130
0.90, 9099
0.91, 9083
0.91, 9069
0.91, 9049
0.92, 9038
0.92, 9026
0.92, 8950
0.94, 8945
0.97, 8931
0.99, 8916
1.00, 8909
1.01, 8888
1.01, 8861
1.03, 8848
1.03, 8816
1.06, 8790
1.18, 8694
1.26, 8683
1.26, 8660
2.55, 8595
2.55, 8577
2.56, 8568
2.56, 8487
2.58, 8482
2.58, 8457
2.60, 8442
2.60, 8406
2.61, 8404
2.62, 8270
2.62, 8213
2.63, 8118
2.64, 8084
2.65, 8008
2.65, 7995
2.65, 7983
2.66, 7977
2.67, 7971
2.67, 7946
2.68, 7919
2.69, 7911
18.94, 7773
18.96, 7754
18.98, 7753
19.04, 7699
19.16, 7676
