0.00, 25935
0.00, 25577
0.00, 25275
0.00, 25107
0.06, 24808
0.06, 24577
0.06, 24298
0.06, 24077
0.06, 23947
0.06, 23757
0.12, 23727
0.72, 23660
0.72, 23583
0.72, 23079
0.75, 23054
0.75, 22903
0.75, 22814
0.75, 21950
0.75, 21642
0.75, 21452
0.77, 21149
0.77, 21078
0.77, 20992
0.77, 20646
0.77, 20415
0.77, 20397
0.77, 20199
0.77, 20187
0.77, 20107
0.77, 20061
0.77, 19367
0.77, 19305
0.77, 18774
0.79, 18664
0.79, 18443
0.79, 18442
0.79, 18152
0.79, 18103
0.79, 18059
0.79, 18035
0.79, 17878
0.79, 17706
0.79, 17654
0.80, 17509
0.80, 17507
0.81, 17175
0.81, 16966
0.81, 16953
0.81, 16939
0.81, 16839
0.81, 16824
0.81, 16727
0.81, 16708
0.81, 16624
0.81, 16535
0.81, 16490
0.81, 16436
0.81, 16434
0.81, 16419
0.81, 16175
0.81, 16103
0.81, 15860
0.81, 15532
0.81, 15529
0.81, 15331
0.81, 15201
0.82, 15057
0.82, 14816
0.82, 14815
0.82, 14639
0.82, 14346
0.82, 14077
0.82, 13950
0.82, 13766
0.82, 13738
0.82, 13698
0.82, 13632
0.83, 13257
0.83, 13213
0.83, 13152
0.83, 12695
0.83, 12669
0.83, 12586
0.83, 12379
0.83, 12356
0.83, 12248
0.84, 12234
0.84, 12185
0.84, 12171
0.84, 11933
0.84, 11911
0.84, 11734
0.85, 11223
0.85, 11221
0.85, 11211
0.85, 11009
0.85, 10814
0.85, 10777
0.85, 10771
0.85, 10769
0.85, 10766
0.85, 10761
0.85, 10752
0.86, 10634
0.86, 10489
0.86, 10440
0.86, 10408
0.86, 10317
0.86, 10255
0.86, 10013
0.86, 10012
0.86, 9935
0.86, 9931
0.87, 9784
0.87, 9768
0.87, 9617
0.87, 9496
0.88, 9432
0.88, 9421
0.88, 9308
0.88, 9274
0.90, 9216
0.91, 9202
0.92, 9173
0.92, 9130
0.93, 9099
0.94, 9083
0.94, 9069
0.94, 9049
0.94, 9038
0.94, 9026
0.95, 8950
0.96, 8945
0.99, 8931
1.00, 8916
1.01, 8909
1.02, 8888
1.02, 8861
1.04, 8848
1.04, 8816
1.07, 8790
1.19, 8694
1.28, 8683
1.29, 8660
2.64, 8595
2.64, 8577
2.65, 8568
2.65, 8487
2.67, 8482
2.68, 8457
2.70, 8442
2.70, 8406
2.71, 8404
2.71, 8270
2.72, 8213
2.73, 8118
2.74, 8084
2.74, 8008
2.74, 7995
2.75, 7983
2.76, 7977
2.77, 7971
2.77, 7946
2.78, 7919
2.79, 7911
17.64, 7773
17.65, 7754
17.66, 7753
17.75, 7699
17.87, 7676
202.06, 7661
202.12, 7618
486.79, 7542
