0.00, 25866
0.06, 25694
0.06, 25100
0.11, 25051
0.17, 24987
0.17, 24619
0.25, 24368
0.37, 23957
0.57, 23750
0.59, 23619
0.59, 23373
0.59, 23259
0.59, 22930
0.61, 22838
0.61, 22587
0.61, 22087
0.61, 22016
0.64, 20837
0.64, 20189
0.64, 19700
0.64, 19463
0.64, 19391
0.68, 19379
0.68, 19156
0.68, 19052
0.69, 18349
0.69, 18087
0.69, 17677
0.69, 17633
0.69, 17401
0.70, 17394
0.70, 17311
0.70, 17286
0.70, 17262
0.70, 17106
0.70, 17090
0.70, 17067
0.70, 16704
0.70, 16550
0.70, 16545
0.70, 16392
0.70, 16091
0.70, 16088
0.70, 15827
0.70, 15810
0.70, 15728
0.70, 15725
0.70, 15512
0.71, 15426
0.71, 15312
0.71, 15261
0.71, 15180
0.71, 15039
0.72, 14536
0.72, 14494
0.72, 14458
0.72, 14448
0.72, 14215
0.72, 14142
0.72, 13992
0.72, 13978
0.72, 13871
0.72, 13737
0.73, 13515
0.73, 13350
0.73, 13216
0.73, 13198
0.74, 13196
0.74, 13185
0.74, 13095
0.74, 13006
0.74, 12901
0.74, 12892
0.74, 12617
0.74, 12548
0.74, 12413
0.74, 11943
0.75, 11920
0.75, 11909
0.75, 11887
0.75, 11822
0.75, 11815
0.75, 11804
0.75, 11764
0.76, 11625
0.76, 11525
0.76, 11491
0.76, 11419
0.76, 11332
0.76, 11270
0.77, 11173
0.77, 11116
0.77, 11084
0.77, 10979
0.77, 10950
0.77, 10932
0.78, 10857
0.78, 10417
0.78, 10330
0.79, 10284
0.79, 10222
0.80, 10209
0.80, 10176
0.80, 10168
0.80, 10083
0.81, 10055
0.81, 10027
0.81, 10017
0.82, 9872
0.82, 9854
0.83, 9843
0.83, 9635
0.83, 9616
0.83, 9600
0.83, 9577
0.84, 9569
0.85, 9508
0.85, 9486
0.85, 9482
0.85, 9469
0.86, 9421
0.86, 9330
0.86, 9284
0.86, 9240
0.86, 9119
0.87, 9118
0.87, 9065
0.87, 9040
0.88, 9016
0.90, 9014
0.91, 8965
0.92, 8878
0.92, 8847
0.93, 8703
0.96, 8694
1.00, 8520
1.03, 8418
2.98, 8346
3.04, 8086
6.98, 8073
13.98, 8066
13.98, 8037
13.98, 8030
14.18, 8024
22.38, 7811
22.39, 7762
22.44, 7760
22.56, 7670
491.64, 7618
