0.00, 25945
0.00, 25895
0.00, 25891
0.17, 25772
0.17, 25511
0.17, 24760
0.37, 24589
0.52, 24351
0.63, 24009
0.63, 23062
0.63, 22938
0.63, 22770
0.69, 21037
0.69, 20848
0.69, 20714
0.69, 19914
0.69, 19907
0.69, 19866
0.69, 19839
0.69, 19495
0.69, 19008
0.69, 18874
0.69, 18842
0.69, 18838
0.69, 18495
0.69, 17708
0.69, 17489
0.76, 17372
0.76, 17321
0.76, 16936
0.76, 16907
0.76, 16710
0.76, 16504
0.76, 16461
0.76, 16423
0.76, 16379
0.76, 16366
0.76, 16043
0.76, 16036
0.76, 15835
0.76, 15792
0.76, 15513
0.76, 15503
0.76, 15492
0.76, 15373
0.76, 15288
0.76, 15238
0.77, 15161
0.77, 14771
0.77, 14711
0.77, 14647
0.77, 14502
0.78, 14255
0.78, 14008
0.78, 13867
0.78, 13796
0.78, 13585
0.78, 13516
0.78, 13485
0.78, 13478
0.78, 13360
0.78, 13300
0.78, 13213
0.78, 13206
0.78, 13064
0.78, 12932
0.78, 12790
0.78, 12728
0.78, 12622
0.79, 12433
0.79, 12384
0.79, 12346
0.79, 12318
0.79, 12158
0.79, 12143
0.79, 11625
0.79, 11594
0.80, 11535
0.80, 11513
0.80, 11461
0.80, 11448
0.80, 11298
0.80, 11286
0.81, 11267
0.81, 11172
0.81, 11115
0.82, 11082
0.82, 10816
0.82, 10809
0.82, 10808
0.83, 10802
0.83, 10716
0.83, 10650
0.83, 10637
0.83, 10605
0.83, 10586
0.84, 10510
0.84, 10460
0.84, 10449
0.84, 10287
0.85, 10240
0.85, 9973
0.86, 9901
0.86, 9878
0.86, 9843
0.89, 9744
0.89, 9731
0.90, 9514
0.90, 9461
0.90, 9427
0.91, 9418
0.91, 9367
0.92, 9354
0.92, 8912
0.92, 8867
0.92, 8819
0.93, 8661
0.94, 8650
0.96, 8593
0.96, 8459
0.97, 8456
0.98, 8455
0.98, 8442
1.00, 8417
1.02, 8321
1.08, 8269
1.16, 8246
2.60, 8170
2.61, 8159
2.63, 8152
2.65, 8104
2.96, 8001
4.76, 7977
4.86, 7898
22.76, 7880
22.79, 7879
22.93, 7851
22.93, 7815
120.33, 7809
120.36, 7795
135.68, 7741
366.29, 7697
366.30, 7686
366.34, 7681
366.35, 7660
366.35, 7659
366.37, 7577
366.42, 7566
366.42, 7565
366.43, 7542
