0.00, 27029
0.00, 26547
0.00, 26448
0.00, 25594
0.00, 25139
0.00, 25043
0.00, 24901
0.05, 24740
0.68, 23653
0.68, 23437
0.71, 23197
0.71, 22306
0.73, 22002
0.73, 21912
0.73, 21812
0.73, 21809
0.75, 20978
0.75, 20913
0.76, 20678
0.76, 20362
0.76, 20018
0.76, 20009
0.77, 19837
0.77, 19696
0.77, 19480
0.77, 19426
0.77, 18653
0.77, 18551
0.77, 18412
0.77, 18401
0.77, 18319
0.77, 17815
0.77, 17771
0.77, 17759
0.77, 17600
0.77, 17591
0.79, 17589
0.79, 17362
0.79, 16904
0.79, 16749
0.79, 16467
0.79, 16296
0.79, 16280
0.79, 16232
0.79, 16170
0.79, 15310
0.79, 14909
0.82, 14832
0.82, 14787
0.82, 14785
0.82, 14190
0.82, 14156
0.82, 13998
0.83, 13968
0.83, 13954
0.83, 13934
0.83, 13924
0.83, 13806
0.83, 13786
0.83, 13556
0.83, 12858
0.83, 12722
0.83, 12715
0.83, 12668
0.83, 12641
0.83, 12557
0.83, 12555
0.83, 12553
0.83, 12102
0.84, 12040
0.84, 11820
0.84, 11768
0.84, 11518
0.84, 11505
0.84, 11334
0.84, 11213
0.84, 11170
0.85, 11150
0.85, 10866
0.85, 10791
0.85, 10788
0.85, 10786
0.85, 10777
0.85, 10604
0.86, 10591
0.86, 10473
0.86, 10370
0.86, 10224
0.86, 10215
0.87, 10140
0.87, 10123
0.87, 10114
0.87, 10107
0.87, 10083
0.87, 10069
0.87, 10048
0.88, 9984
0.88, 9963
0.88, 9908
0.88, 9900
0.90, 9872
0.90, 9665
0.90, 9638
0.90, 9594
0.90, 9372
0.90, 9334
0.91, 9326
0.91, 9302
0.91, 9249
0.91, 9135
0.91, 9134
0.91, 9029
0.92, 9000
0.92, 8995
0.92, 8975
0.93, 8968
0.93, 8967
0.93, 8939
0.94, 8927
0.94, 8914
0.95, 8626
0.95, 8586
0.95, 8543
0.96, 8416
0.96, 8392
0.96, 8316
0.96, 8306
0.98, 8263
0.98, 8244
0.99, 8142
1.01, 8137
1.06, 8070
1.09, 7974
1.11, 7945
11.28, 7898
13.06, 7876
23.44, 7848
65.83, 7840
65.97, 7787
88.81, 7762
88.86, 7757
88.94, 7755
88.94, 7724
231.71, 7678
