0.00, 24941
0.02, 24497
0.02, 24124
0.02, 23720
0.71, 23519
1.11, 23096
1.11, 22232
1.62, 21781
1.62, 21773
1.62, 21521
1.62, 21283
1.62, 21255
1.63, 21204
1.63, 20948
1.63, 20351
1.63, 19894
1.63, 19711
1.63, 19664
1.65, 19584
1.65, 19457
1.65, 19453
1.65, 19081
1.65, 19064
1.66, 19040
1.66, 19022
1.66, 18991
1.66, 18608
1.66, 18597
1.66, 18552
1.66, 18499
1.67, 18190
1.67, 17538
1.67, 17181
1.67, 17015
1.67, 16928
1.67, 16793
1.67, 16633
1.67, 16625
1.67, 16499
1.68, 16229
1.68, 15901
1.68, 15760
1.68, 15716
1.68, 15708
1.68, 15510
1.68, 15298
1.68, 15194
1.68, 15125
1.69, 14993
1.69, 14988
1.69, 14966
1.69, 14901
1.69, 14897
1.69, 14797
1.69, 14751
1.69, 14737
1.69, 14718
1.69, 14203
1.69, 14201
1.69, 14169
1.70, 14099
1.70, 14067
1.70, 14052
1.70, 14010
1.70, 13951
1.70, 13621
1.70, 13552
1.70, 13470
1.70, 13385
1.70, 13288
1.70, 13144
1.70, 12983
1.70, 12980
1.70, 12972
1.70, 12959
1.71, 12704
1.71, 12690
1.71, 12684
1.71, 12680
1.71, 12665
1.71, 12601
1.71, 12595
1.71, 12333
1.71, 12257
1.71, 12249
1.71, 12245
1.71, 11994
1.71, 11719
1.71, 11697
1.71, 11437
1.72, 11371
1.72, 11297
1.72, 11271
1.72, 11267
1.72, 11137
1.72, 11092
1.72, 11088
1.73, 11032
1.73, 10961
1.73, 10724
1.73, 10711
1.73, 10665
1.73, 10627
1.73, 10513
1.73, 10511
1.74, 10490
1.74, 10478
1.74, 10465
1.74, 10459
1.74, 10313
1.74, 10279
1.75, 10266
1.75, 9989
1.75, 9979
1.75, 9824
1.75, 9763
1.75, 9725
1.75, 9700
1.75, 9668
1.76, 9642
1.76, 9621
1.76, 9608
1.76, 9602
1.77, 9588
1.77, 9536
1.77, 9449
1.77, 9448
1.77, 9347
1.77, 9342
1.77, 9213
1.78, 9212
1.78, 9202
1.78, 9164
1.78, 9137
1.81, 9116
1.81, 9103
1.82, 9072
1.82, 8997
1.83, 8839
1.84, 8754
1.84, 8730
1.86, 8721
1.88, 8720
1.88, 8705
1.91, 8248
4.77, 8161
4.81, 8155
4.86, 8065
12.70, 8044
17.94, 7959
17.98, 7952
25.84, 7940
44.95, 7912
44.95, 7892
45.02, 7872
120.25, 7871
158.80, 7847
158.83, 7807
158.87, 7788
158.89, 7699
194.84, 7542
