0.00, 24941
0.02, 24497
0.02, 24124
0.02, 23720
0.68, 23562
0.68, 23373
0.70, 22882
0.70, 21785
0.79, 21504
0.79, 21476
0.79, 21152
0.79, 21126
0.79, 20504
0.79, 19653
0.79, 19473
0.80, 19101
0.80, 18777
0.80, 18740
0.80, 18493
0.80, 18001
0.81, 17678
0.81, 17527
0.81, 17432
0.81, 17400
0.82, 17252
0.82, 17187
0.82, 17046
0.82, 16786
0.82, 16717
0.82, 16289
0.82, 15981
0.82, 15396
0.83, 15309
0.83, 15101
0.85, 15090
0.85, 14620
0.85, 14586
0.85, 14216
0.85, 13936
0.85, 13933
0.85, 13741
0.85, 13663
0.85, 13342
0.86, 13065
0.86, 13056
0.86, 12925
0.86, 12727
0.86, 12710
0.86, 12677
0.86, 12610
0.86, 12599
0.86, 12577
0.86, 12477
0.87, 12449
0.87, 12292
0.87, 12257
0.87, 12084
0.87, 11916
0.87, 11753
0.87, 11727
0.88, 11721
0.88, 11584
0.88, 11570
0.88, 11566
0.88, 11406
0.88, 11365
0.88, 11284
0.89, 11025
0.89, 10785
0.89, 10742
0.89, 10635
0.89, 10491
0.89, 10426
0.89, 10411
0.89, 10392
0.89, 10316
0.89, 10279
0.89, 10277
0.89, 10234
0.90, 10217
0.90, 10211
0.90, 10202
0.90, 10193
0.90, 10012
0.90, 10007
0.90, 9936
0.91, 9931
0.91, 9930
0.91, 9908
0.91, 9849
0.91, 9785
0.92, 9724
0.92, 9672
0.92, 9655
0.92, 9633
0.92, 9504
0.93, 9437
0.93, 9127
0.95, 9101
0.95, 9082
0.95, 9050
0.96, 8866
0.96, 8792
0.96, 8791
0.96, 8695
0.97, 8679
0.98, 8673
0.98, 8671
0.99, 8542
0.99, 8522
1.02, 8482
1.05, 8478
1.05, 8294
1.05, 8283
1.07, 8269
1.08, 8258
1.08, 8253
1.10, 8238
1.10, 8207
1.13, 8200
1.19, 8186
1.24, 7854
1.27, 7800
1.32, 7777
1.64, 7758
