0.00, 27029
0.00, 26547
0.00, 26448
0.00, 25594
0.00, 25139
0.00, 25043
0.00, 24901
0.04, 24740
0.55, 24688
0.55, 24586
0.55, 24134
0.55, 22500
0.55, 22156
1.52, 22103
1.52, 22086
1.52, 21496
1.57, 20347
1.57, 20273
1.57, 19994
1.57, 19955
1.57, 19952
1.57, 19723
1.57, 19662
1.57, 19571
1.57, 19517
1.57, 19381
1.59, 19157
1.59, 19011
1.59, 18757
1.59, 18589
1.59, 18139
1.59, 18134
1.59, 18017
1.59, 17894
1.59, 17792
1.59, 17483
1.60, 17200
1.60, 16945
1.60, 16486
1.60, 16395
1.60, 16076
1.60, 16047
1.60, 15841
1.60, 15632
1.60, 15575
1.60, 15192
1.60, 15167
1.60, 15134
1.60, 15063
1.60, 14959
1.60, 14821
1.60, 14819
1.60, 14597
1.60, 14102
1.60, 14081
1.60, 14067
1.60, 14060
1.60, 13909
1.61, 13632
1.61, 13090
1.61, 13042
1.61, 12910
1.61, 12849
1.61, 12705
1.61, 12522
1.62, 12455
1.62, 12393
1.62, 12259
1.62, 12258
1.62, 12255
1.62, 12204
1.62, 12199
1.63, 12113
1.63, 12086
1.63, 12010
1.63, 11999
1.63, 11759
1.63, 11491
1.63, 11405
1.63, 11334
1.63, 10970
1.63, 10920
1.64, 10919
1.64, 10898
1.64, 10742
1.64, 10690
1.65, 10542
1.65, 10538
1.65, 10393
1.65, 10373
1.65, 10357
1.65, 10163
1.66, 10157
1.66, 9888
1.66, 9833
1.66, 9723
1.66, 9676
1.66, 9670
1.67, 9639
1.67, 9615
1.67, 9595
1.67, 9568
1.67, 9546
1.67, 9474
1.68, 9433
1.68, 9409
1.68, 9333
1.69, 9224
1.69, 8933
1.70, 8898
1.70, 8846
1.72, 8722
1.73, 8712
1.73, 8706
1.75, 8667
1.76, 8662
1.78, 8635
1.79, 8582
1.81, 8577
1.82, 8572
1.83, 8535
1.83, 8525
1.84, 8493
1.86, 8403
1.95, 8395
4.24, 8357
4.25, 8210
4.26, 8206
4.28, 8186
4.33, 8178
6.72, 8168
6.72, 8165
9.57, 7954
9.58, 7948
9.60, 7900
9.63, 7894
9.67, 7876
9.70, 7858
9.74, 7818
9.84, 7797
9.85, 7733
9.86, 7676
9.89, 7547
9.98, 7542
