0.00, 2747844
0.00, 2743129
0.00, 2720913
0.00, 2676339
0.01, 2561137
0.01, 2492739
0.03, 2453275
0.10, 2439670
0.16, 2366049
0.24, 2325314
0.34, 2292214
0.43, 2239056
0.43, 2213601
0.44, 2205542
0.47, 2202539
0.47, 2175209
0.47, 2047527
0.48, 2012007
0.48, 1973936
0.49, 1961542
0.49, 1901701
0.49, 1880693
0.49, 1849820
0.51, 1825843
0.51, 1824042
0.51, 1819587
0.51, 1765841
0.51, 1741550
0.51, 1726815
0.52, 1717693
0.52, 1713287
0.52, 1656634
0.52, 1644517
0.52, 1622100
0.52, 1606277
0.52, 1547611
0.52, 1464786
0.52, 1457709
0.52, 1452543
0.52, 1442649
0.52, 1442049
0.52, 1418340
0.53, 1408466
0.53, 1397597
0.53, 1386765
0.53, 1382160
0.53, 1378501
0.53, 1375898
0.54, 1369068
0.54, 1330810
0.54, 1326976
0.54, 1301885
0.55, 1272651
0.55, 1265934
0.55, 1254873
0.55, 1232025
0.56, 1230105
0.56, 1228148
0.56, 1225050
0.56, 1221264
0.56, 1213562
0.56, 1205725
0.57, 1200486
0.58, 1197770
0.58, 1187326
0.58, 1172674
0.58, 1161118
0.59, 1135128
0.60, 1114619
0.60, 1104499
0.61, 1086531
0.61, 1079230
0.61, 1077618
0.61, 1076439
0.61, 1060715
0.61, 1053245
0.62, 1046191
0.62, 1044617
0.62, 1003403
0.62, 998371
0.65, 985070
0.65, 967042
0.65, 959452
0.65, 955392
0.66, 945869
0.73, 944906
0.73, 944006
0.75, 942684
0.75, 942551
0.78, 941356
0.81, 940655
0.81, 935830
2.42, 931640
2.43, 927521
2.43, 927092
2.43, 923473
2.43, 922763
2.45, 922553
2.47, 906328
14.54, 903344
16.13, 894606
418.06, 894407
418.09, 894197
