0.00, 2885313
0.00, 2805723
0.00, 2798017
0.01, 2789643
0.01, 2782409
0.01, 2659035
0.01, 2640862
0.01, 2609319
0.01, 2560384
0.01, 2553036
0.01, 2525619
0.01, 2525425
0.04, 2507761
0.04, 2469338
0.05, 2420676
0.08, 2416721
0.12, 2415400
0.19, 2388246
0.25, 2377819
0.25, 2345933
0.32, 2308151
0.43, 2306193
0.43, 2298812
0.45, 2290931
0.45, 2266998
0.46, 2264899
0.47, 2260393
0.47, 2231045
0.47, 2224098
0.47, 2193097
0.47, 2168441
0.47, 2140525
0.47, 2136903
0.47, 2136618
0.47, 2134438
0.47, 2106988
0.49, 2079169
0.49, 2067044
0.49, 2014957
0.49, 1927789
0.50, 1905356
0.50, 1901478
0.50, 1871326
0.50, 1864965
0.50, 1772619
0.50, 1770348
0.50, 1724181
0.50, 1713441
0.51, 1702350
0.51, 1689504
0.51, 1685256
0.52, 1662857
0.52, 1641371
0.52, 1637454
0.52, 1635832
0.52, 1618795
0.52, 1616291
0.52, 1615511
0.52, 1612724
0.52, 1594099
0.52, 1593980
0.52, 1592115
0.52, 1532717
0.52, 1529312
0.52, 1505095
0.53, 1481867
0.53, 1476091
0.53, 1464389
0.53, 1462389
0.53, 1427740
0.53, 1399858
0.53, 1385508
0.53, 1324151
0.53, 1305932
0.53, 1304271
0.53, 1293257
0.53, 1275973
0.54, 1274955
0.54, 1274571
0.54, 1271687
0.54, 1248876
0.54, 1242749
0.54, 1241407
0.55, 1236498
0.55, 1226199
0.55, 1224612
0.56, 1219834
0.56, 1217190
0.56, 1189590
0.56, 1183247
0.57, 1180603
0.57, 1170208
0.57, 1166945
0.57, 1153051
0.57, 1150183
0.57, 1126271
0.57, 1114718
0.57, 1099040
0.58, 1093765
0.58, 1088522
0.59, 1071874
0.59, 1061794
0.59, 1047967
0.60, 1036422
0.60, 1035000
0.60, 1032314
0.60, 1027585
0.60, 1007978
0.61, 993188
0.62, 991766
0.64, 975541
0.64, 955344
0.65, 954793
0.66, 952593
0.69, 949785
0.70, 949234
0.73, 947618
0.75, 946917
2.27, 941789
2.27, 936827
2.48, 933681
2.50, 932065
3.91, 928765
4.01, 926373
5.39, 925853
5.39, 925643
5.40, 925479
5.40, 920727
5.41, 916168
5.41, 916122
10.31, 910326
10.31, 909900
10.31, 905794
10.32, 905613
10.32, 903327
13.63, 901768
13.63, 895400
13.64, 894300
13.67, 894087
13.76, 893536
