0.00, 2826749
0.00, 2812819
0.00, 2664701
0.00, 2627773
0.00, 2619818
0.00, 2610349
0.00, 2606608
0.00, 2603700
0.00, 2552533
0.00, 2539320
0.00, 2535277
0.00, 2505342
0.00, 2495437
0.00, 2486927
0.00, 2475680
0.00, 2446794
0.00, 2436533
0.00, 2405766
0.10, 2388087
0.11, 2377749
0.12, 2339570
0.19, 2339499
0.31, 2307560
0.39, 2261307
0.39, 2234194
0.39, 2231328
0.39, 2191926
0.39, 2175118
0.42, 2141390
0.42, 2127638
0.50, 2089772
0.50, 2058553
0.50, 2027346
0.50, 1913882
0.50, 1913446
0.51, 1887347
0.51, 1879009
0.51, 1877112
0.51, 1869428
0.51, 1848533
0.51, 1820572
0.51, 1792024
0.52, 1784877
0.52, 1782119
0.52, 1764608
0.53, 1755160
0.53, 1741069
0.53, 1727936
0.53, 1717127
0.53, 1709583
0.53, 1697614
0.53, 1653343
0.53, 1647885
0.54, 1642277
0.54, 1632593
0.54, 1632228
0.54, 1614028
0.54, 1567017
0.54, 1514737
0.54, 1505093
0.55, 1476209
0.55, 1461021
0.55, 1458622
0.55, 1456291
0.55, 1452185
0.56, 1451256
0.56, 1427755
0.56, 1411312
0.56, 1385014
0.56, 1382081
0.56, 1381945
0.56, 1357387
0.56, 1329628
0.56, 1324255
0.56, 1320228
0.56, 1303068
0.56, 1285685
0.56, 1282351
0.56, 1279186
0.56, 1272581
0.57, 1247770
0.57, 1244146
0.57, 1232866
0.57, 1225050
0.57, 1224563
0.58, 1182024
0.58, 1174125
0.58, 1169299
0.58, 1167397
0.58, 1155687
0.58, 1148511
0.58, 1141883
0.59, 1140839
0.59, 1135850
0.59, 1121610
0.59, 1107321
0.59, 1102715
0.59, 1096988
0.59, 1090131
0.59, 1089959
0.59, 1077896
0.60, 1039792
0.60, 1025243
0.60, 1025216
0.61, 1024325
0.61, 1021029
0.61, 1014324
0.61, 1012965
0.61, 1009860
0.62, 1003374
0.62, 999643
0.62, 999056
0.63, 983636
0.63, 983528
0.63, 977800
0.63, 977313
0.64, 969776
0.65, 966659
0.65, 964022
0.66, 960584
0.66, 953454
0.66, 941245
0.67, 939799
0.68, 934577
0.75, 933913
0.77, 930767
2.21, 930208
2.21, 925802
2.22, 918756
2.25, 917656
2.26, 917105
2.28, 905490
2.36, 904189
14.81, 903672
14.81, 903491
14.89, 900114
14.91, 899904
14.93, 899623
