0.00, 208810
0.00, 206866
0.01, 205964
0.01, 197092
0.01, 195078
0.01, 191332
0.01, 190567
0.01, 190482
0.01, 190009
0.01, 185950
0.01, 182328
0.17, 181739
0.17, 177530
0.17, 177131
0.49, 169856
0.61, 167483
0.64, 166247
0.67, 162949
0.68, 161843
0.68, 160878
0.68, 156026
0.68, 155987
0.68, 155869
0.68, 150670
0.68, 149359
0.68, 149244
0.68, 147369
0.68, 140764
0.68, 140202
0.68, 139542
0.68, 137690
0.68, 137528
0.68, 133447
0.68, 132658
0.68, 130736
0.68, 126750
0.69, 126441
0.69, 125281
0.69, 124250
0.69, 122397
0.69, 121770
0.69, 121179
0.69, 119838
0.69, 119521
0.69, 119294
0.69, 117664
0.69, 116477
0.70, 116031
0.70, 110739
0.70, 109056
0.70, 107747
0.70, 107193
0.70, 103256
0.70, 102150
0.70, 101995
0.72, 99901
0.73, 99166
0.73, 97362
0.73, 96670
0.73, 96625
0.73, 96080
0.74, 91870
0.74, 91203
0.74, 91128
0.74, 90139
0.75, 88594
0.75, 88366
0.75, 87366
0.75, 86837
0.75, 86691
0.75, 86089
0.75, 85501
0.75, 84750
0.75, 84081
0.75, 82921
0.76, 80878
0.76, 80714
0.76, 80621
0.76, 79329
0.76, 78670
0.76, 78620
0.76, 77851
0.77, 76488
0.77, 76426
0.77, 76176
0.77, 74592
0.77, 74167
0.77, 73862
0.77, 73577
0.77, 72393
0.77, 72154
0.77, 71940
0.77, 71494
0.77, 70284
0.78, 70149
0.78, 69278
0.78, 68825
0.79, 68682
0.80, 68671
0.80, 68665
0.80, 68619
0.80, 68600
0.80, 65808
0.80, 65707
0.81, 65338
0.81, 65332
0.81, 64916
0.81, 64213
0.81, 62924
0.82, 62558
0.83, 61349
0.84, 61242
0.84, 61097
0.84, 61035
0.85, 60166
0.85, 59985
0.85, 59486
0.85, 58809
0.86, 58801
0.87, 58690
0.87, 58632
0.88, 58308
0.89, 57708
0.89, 57005
0.91, 56892
0.93, 56090
0.94, 56031
0.96, 55352
0.96, 55210
0.96, 55123
0.96, 54855
0.97, 54286
0.98, 54179
0.98, 53829
10.60, 53273
258.61, 52986
303.59, 52917
