0.00, 204907
0.00, 204857
0.01, 197860
0.01, 196212
0.01, 195453
0.01, 195100
0.01, 190465
0.01, 189101
0.01, 188631
0.04, 187930
0.04, 183087
0.04, 182321
0.04, 178888
0.06, 176067
0.08, 174733
0.08, 174517
0.08, 172665
0.38, 172594
0.38, 172448
0.53, 171256
0.54, 169960
0.54, 167577
0.54, 167562
0.54, 167031
0.54, 161114
0.55, 160827
0.55, 150909
0.55, 150211
0.58, 147045
0.58, 146339
0.58, 143454
0.58, 143135
0.58, 142059
0.58, 140969
0.59, 137497
0.59, 137235
0.61, 134195
0.61, 133629
0.61, 133016
0.61, 132705
0.61, 131668
0.61, 129704
0.61, 128998
0.61, 128854
0.61, 128088
0.61, 127996
0.61, 127662
0.62, 126905
0.62, 125284
0.62, 124705
0.62, 123758
0.62, 123514
0.62, 118712
0.62, 118631
0.62, 117373
0.63, 115629
0.63, 115577
0.63, 115116
0.63, 113045
0.63, 111657
0.63, 110375
0.63, 110255
0.63, 109852
0.64, 109509
0.64, 108676
0.64, 108500
0.64, 108412
0.64, 108157
0.64, 106490
0.64, 105008
0.64, 104575
0.64, 104097
0.64, 101120
0.64, 100022
0.64, 100003
0.64, 99387
0.64, 99167
0.64, 99016
0.64, 98159
0.64, 96766
0.65, 95003
0.65, 93929
0.65, 92873
0.65, 92203
0.65, 91668
0.65, 91613
0.65, 91406
0.65, 91329
0.65, 90872
0.65, 90449
0.65, 90185
0.65, 89463
0.65, 89314
0.65, 89310
0.65, 88697
0.65, 87768
0.65, 87077
0.65, 86666
0.66, 86202
0.66, 86152
0.66, 85959
0.66, 85857
0.66, 85521
0.66, 85411
0.66, 85070
0.67, 84743
0.67, 84582
0.67, 84503
0.67, 84442
0.67, 83719
0.67, 83555
0.67, 82673
0.67, 82399
0.67, 82127
0.67, 82079
0.67, 81956
0.67, 81631
0.68, 81046
0.68, 80696
0.68, 79704
0.68, 79450
0.68, 79009
0.68, 77872
0.68, 77836
0.69, 77414
0.69, 77181
0.69, 76467
0.69, 76203
0.69, 76162
0.69, 75629
0.69, 75533
0.69, 74932
0.70, 74661
0.70, 74266
0.70, 74190
0.71, 74180
0.71, 73695
0.71, 72947
0.71, 72917
0.71, 72710
0.71, 72406
0.71, 71881
0.72, 71036
0.72, 69954
0.72, 68136
0.72, 67721
0.72, 67352
0.72, 66611
0.72, 66028
0.72, 65841
0.72, 65640
0.72, 65525
0.72, 64646
0.72, 64026
0.72, 63847
0.73, 62426
0.73, 62393
0.73, 62002
0.73, 61990
0.73, 61942
0.74, 60475
0.74, 60465
0.75, 60417
0.75, 60204
0.75, 60137
0.75, 59763
0.75, 59620
0.75, 58893
0.76, 58746
0.77, 58148
0.77, 57881
0.78, 57838
0.80, 57637
0.83, 55987
0.84, 55732
0.88, 55591
0.97, 55083
9.68, 55053
9.68, 54607
9.87, 54586
9.96, 54318
14.53, 54104
14.55, 53627
14.59, 53584
14.60, 53264
201.38, 53203
304.97, 53072
305.10, 53024
391.62, 52986
