0.00, 208008
0.00, 208007
0.00, 207109
0.00, 206477
0.00, 206025
0.00, 205166
0.02, 204541
0.02, 203769
0.02, 203743
0.02, 202902
0.02, 201620
0.02, 201133
0.02, 199321
0.02, 198122
0.02, 197808
0.02, 190273
0.02, 188525
0.02, 188425
0.02, 187994
0.02, 187070
0.02, 185697
0.02, 185574
0.02, 183815
0.02, 180939
0.03, 179696
0.03, 179441
0.03, 178639
0.03, 178596
0.03, 176738
0.26, 170011
0.58, 164623
0.60, 163940
0.61, 163779
0.61, 162617
0.61, 161446
0.61, 161224
0.61, 160273
0.61, 158527
0.61, 158289
0.61, 156184
0.61, 155609
0.61, 153151
0.61, 150655
0.61, 148964
0.61, 146764
0.61, 146117
0.61, 142916
0.62, 142570
0.62, 138894
0.62, 138708
0.62, 138312
0.62, 138035
0.62, 136648
0.62, 135821
0.62, 134250
0.62, 133648
0.62, 131824
0.63, 130793
0.63, 130059
0.63, 129243
0.63, 126705
0.63, 126543
0.63, 125897
0.63, 125783
0.63, 124475
0.63, 121237
0.64, 120461
0.64, 120142
0.64, 119457
0.65, 118770
0.65, 118727
0.65, 117088
0.65, 117080
0.66, 116985
0.66, 116969
0.66, 116663
0.66, 115152
0.66, 114075
0.66, 114068
0.67, 112917
0.67, 112369
0.67, 112163
0.67, 112142
0.67, 111252
0.67, 107863
0.67, 106520
0.67, 105810
0.67, 105740
0.67, 103629
0.67, 103298
0.68, 102468
0.68, 102378
0.68, 101232
0.68, 100487
0.68, 99831
0.68, 97471
0.68, 95556
0.68, 95077
0.68, 94759
0.68, 94046
0.68, 93923
0.68, 92830
0.68, 92281
0.68, 92143
0.68, 92029
0.68, 91527
0.69, 91333
0.69, 90080
0.69, 89552
0.70, 89532
0.70, 89186
0.70, 88278
0.70, 87647
0.70, 86982
0.70, 85816
0.70, 85285
0.70, 84910
0.71, 82229
0.71, 82009
0.71, 81580
0.71, 81514
0.71, 81149
0.71, 81131
0.72, 80059
0.72, 79978
0.72, 79923
0.72, 79883
0.72, 79694
0.72, 79691
0.72, 79231
0.73, 78127
0.73, 77504
0.73, 75618
0.73, 75391
0.73, 73876
0.73, 73127
0.73, 72939
0.73, 72637
0.73, 70900
0.74, 70136
0.74, 69770
0.74, 69681
0.74, 68137
0.74, 67000
0.75, 66147
0.75, 65780
0.75, 65775
0.75, 65758
0.75, 65348
0.76, 65142
0.76, 65050
0.77, 64420
0.77, 64303
0.77, 63686
0.77, 63231
0.77, 63190
0.78, 62367
0.78, 61880
0.78, 61082
0.78, 60707
0.79, 60685
0.80, 60213
0.80, 60203
0.80, 59966
0.80, 59941
0.81, 59454
0.81, 59235
0.81, 59045
0.81, 58152
0.83, 58048
0.85, 57979
0.85, 57857
0.87, 57761
0.88, 57532
0.88, 57525
0.89, 57442
0.98, 57147
1.07, 56857
2.51, 56696
2.52, 56690
2.54, 56669
2.57, 56432
2.58, 55949
2.81, 55824
4.31, 54995
4.32, 54701
6.11, 54292
9.81, 54286
9.82, 54253
11.29, 54117
23.18, 54087
23.18, 53561
23.19, 53075
23.22, 53038
23.34, 52898
257.82, 52822
