0.00, 211200
0.01, 210811
0.01, 207473
0.01, 207108
0.01, 207088
0.01, 203341
0.01, 190440
0.01, 188995
0.01, 188356
0.03, 186465
0.03, 185083
0.03, 183906
0.03, 183138
0.03, 175349
0.03, 174826
0.62, 172626
0.62, 170809
0.65, 170265
0.65, 166364
0.65, 165975
0.66, 164078
0.66, 158823
0.66, 158668
0.67, 158638
0.67, 158069
0.67, 158045
0.67, 156587
0.67, 153774
0.67, 148968
0.67, 148548
0.67, 140735
0.68, 140722
0.68, 137715
0.68, 136381
0.68, 134820
0.68, 134678
0.69, 134601
0.69, 133747
0.69, 133319
0.69, 132953
0.69, 132552
0.69, 132232
0.69, 131936
0.69, 131463
0.69, 130410
0.69, 129268
0.69, 128029
0.69, 127460
0.70, 125998
0.70, 125110
0.70, 124543
0.70, 117775
0.70, 117604
0.70, 116839
0.70, 116587
0.70, 115717
0.70, 111990
0.70, 109758
0.72, 109717
0.72, 108726
0.72, 104476
0.72, 104134
0.72, 103444
0.72, 101424
0.72, 98500
0.72, 98291
0.72, 98265
0.72, 96872
0.72, 96850
0.74, 93509
0.74, 92185
0.74, 90856
0.74, 90094
0.74, 89533
0.75, 89207
0.75, 89120
0.75, 87866
0.75, 86958
0.75, 86324
0.75, 85600
0.75, 85486
0.75, 84059
0.75, 84002
0.75, 81808
0.75, 81613
0.75, 80497
0.75, 80214
0.75, 80046
0.75, 80031
0.76, 79144
0.76, 78396
0.76, 77704
0.76, 77430
0.76, 77131
0.76, 76092
0.77, 75023
0.77, 74550
0.77, 74474
0.78, 74394
0.78, 74321
0.78, 73626
0.78, 72093
0.79, 72001
0.79, 71642
0.79, 71275
0.79, 71203
0.79, 71106
0.80, 70839
0.80, 70397
0.80, 69321
0.80, 68460
0.80, 68366
0.80, 68278
0.80, 68174
0.80, 66735
0.80, 65859
0.80, 65750
0.80, 65413
0.81, 65319
0.81, 64999
0.81, 64661
0.81, 64421
0.81, 63193
0.82, 62886
0.82, 62654
0.83, 62384
0.83, 61892
0.84, 60905
0.85, 60256
0.86, 60064
0.86, 59895
0.87, 59894
0.87, 59823
0.87, 59610
0.87, 59565
0.87, 59102
0.88, 58835
0.88, 58352
0.88, 58039
0.90, 57810
0.93, 57136
0.98, 57015
0.99, 56980
1.52, 55832
1.63, 55248
6.64, 55091
8.28, 54585
8.30, 54470
8.45, 54146
10.23, 53714
