0.00, 565653
0.00, 563053
0.00, 560845
0.00, 551998
0.00, 547582
0.00, 546219
0.00, 546162
0.00, 545542
0.00, 544109
0.00, 543853
0.00, 539017
0.01, 526512
0.01, 525471
0.01, 524947
0.01, 521901
0.01, 516219
0.01, 515805
0.01, 510932
0.01, 505682
0.01, 505077
0.01, 496890
0.01, 488260
0.01, 486924
0.04, 486303
0.04, 483428
0.08, 473114
0.08, 468935
0.09, 467470
0.09, 466258
0.09, 465884
0.09, 461918
0.09, 458573
0.09, 458036
0.77, 451332
0.77, 448574
0.77, 447445
0.79, 443725
0.79, 443557
0.79, 441551
0.80, 439384
0.80, 435639
0.80, 430761
0.80, 430268
0.80, 428253
0.80, 424113
0.80, 423079
0.80, 420325
0.80, 419928
0.81, 416533
0.83, 415330
0.83, 415281
0.83, 409542
0.83, 409391
0.83, 408349
0.83, 405669
0.83, 404838
0.83, 398643
0.83, 397011
0.83, 394625
0.83, 389313
0.83, 386635
0.83, 385931
0.83, 385743
0.83, 384744
0.83, 384045
0.83, 378812
0.83, 378075
0.83, 377305
0.83, 372295
0.83, 371454
0.83, 367992
0.83, 359743
0.83, 355864
0.84, 351606
0.84, 348863
0.85, 347508
0.85, 343672
0.85, 342967
0.85, 341819
0.85, 341799
0.86, 341010
0.86, 338912
0.86, 338291
0.86, 337760
0.86, 337671
0.86, 334497
0.86, 329168
0.86, 327941
0.86, 326549
0.86, 325064
0.86, 324071
0.86, 323811
0.86, 321054
0.86, 316503
0.86, 314477
0.86, 313882
0.86, 308933
0.86, 306432
0.86, 305360
0.87, 303182
0.87, 299855
0.87, 298442
0.87, 298277
0.87, 297760
0.87, 296948
0.87, 296385
0.87, 294263
0.87, 292837
0.87, 291256
0.87, 290225
0.88, 290012
0.88, 288860
0.88, 286502
0.88, 279586
0.88, 279379
0.88, 279287
0.88, 277652
0.88, 275143
0.88, 273614
0.88, 272571
0.89, 268755
0.89, 268416
0.89, 267760
0.89, 267061
0.89, 265721
0.90, 265086
0.90, 263682
0.90, 260655
0.90, 259716
0.90, 259662
0.90, 258194
0.91, 256431
0.91, 256093
0.91, 255184
0.91, 254828
0.91, 254334
0.91, 254194
0.91, 253856
0.92, 253279
0.92, 251716
0.92, 251539
0.92, 250493
0.92, 250432
0.92, 246206
0.92, 243696
0.92, 240677
0.92, 240076
0.93, 239934
0.93, 238541
0.93, 238148
0.93, 237584
0.93, 237045
0.93, 236566
0.93, 235982
0.93, 232905
0.93, 231442
0.93, 230169
0.93, 228954
0.93, 228890
0.93, 228421
0.94, 228317
0.94, 228198
0.94, 227703
0.94, 227691
0.94, 227619
0.94, 227079
0.94, 225637
0.94, 225521
0.94, 222448
0.94, 221509
0.94, 219734
0.94, 215634
0.94, 212144
0.95, 211928
0.95, 210522
0.95, 206356
0.95, 205298
0.95, 202039
0.95, 201626
0.95, 199117
0.95, 196147
0.95, 195660
0.95, 195435
0.95, 194829
0.95, 194471
0.96, 193857
0.96, 193772
0.96, 192160
0.96, 190021
0.96, 186737
0.96, 186420
0.96, 186298
0.96, 184328
0.96, 181142
0.96, 177901
0.96, 177664
0.97, 176570
0.97, 176392
0.98, 175780
0.98, 174872
0.98, 174312
0.98, 174264
0.98, 173858
0.99, 173795
0.99, 173741
0.99, 171706
1.00, 170679
1.00, 169110
1.00, 168813
1.00, 168147
1.00, 167869
1.01, 167067
1.02, 166117
1.02, 165984
1.02, 164387
1.03, 162635
1.03, 162467
1.03, 161993
1.04, 161166
1.04, 160490
1.04, 160043
1.04, 159655
1.05, 157214
1.05, 153623
1.05, 153192
1.05, 152536
1.05, 152506
1.05, 152368
1.06, 151413
1.06, 150314
1.06, 149908
1.06, 149605
1.07, 148825
1.07, 148027
1.07, 147332
1.08, 147186
1.08, 145835
1.10, 144368
1.10, 144114
1.10, 142309
1.11, 141342
1.11, 139453
1.11, 138724
1.12, 138158
1.12, 135699
1.12, 134880
1.13, 134544
1.13, 133759
1.13, 132653
1.13, 132462
1.13, 132147
1.14, 131965
1.15, 131200
1.15, 129502
1.16, 128830
1.16, 128508
1.16, 127378
1.16, 127233
1.17, 126208
1.18, 123331
1.20, 122345
1.21, 120836
1.22, 120783
1.26, 119833
1.27, 119002
1.28, 118681
1.28, 117048
1.28, 116478
1.29, 116329
1.29, 115261
1.37, 115190
1.38, 114415
1.42, 114281
1.47, 113516
1.50, 113351
1.51, 112524
1.52, 112237
1.57, 111714
1.60, 111676
1.61, 111382
1.62, 110679
1.65, 110661
1.76, 110432
3.99, 109016
4.00, 108632
4.01, 107785
8.15, 107540
8.19, 107319
8.22, 106657
8.37, 105048
8.37, 104909
8.43, 104667
