0.00, 537302
0.00, 534934
0.00, 529561
0.00, 524085
0.00, 521885
0.01, 521615
0.01, 521255
0.01, 519644
0.01, 506692
0.01, 502758
0.01, 501239
0.02, 493905
0.06, 486896
0.06, 486114
0.19, 485380
0.19, 482465
0.19, 479819
0.19, 471651
0.63, 468235
0.63, 467534
0.73, 455088
0.76, 453962
0.76, 452931
0.76, 452745
0.76, 450931
0.76, 449593
0.76, 447359
0.76, 445967
0.76, 440118
0.76, 439606
0.76, 437220
0.79, 433736
0.79, 433536
0.79, 429649
0.79, 427631
0.79, 424559
0.79, 423982
0.79, 423704
0.79, 423594
0.79, 416506
0.79, 416345
0.79, 414049
0.80, 412310
0.80, 399444
0.80, 398734
0.80, 392250
0.80, 390321
0.83, 390036
0.83, 382336
0.84, 375856
0.84, 375589
0.84, 374468
0.84, 373585
0.84, 373185
0.84, 372245
0.84, 369016
0.84, 366992
0.84, 363505
0.85, 357849
0.85, 353259
0.85, 351525
0.85, 350360
0.85, 343572
0.85, 337222
0.85, 335084
0.85, 333064
0.85, 332936
0.85, 332628
0.85, 327742
0.85, 323710
0.85, 321984
0.85, 320935
0.85, 319446
0.85, 318535
0.85, 312597
0.85, 305974
0.85, 304522
0.86, 299655
0.86, 297335
0.86, 294224
0.88, 293982
0.88, 291414
0.88, 289305
0.89, 288951
0.89, 287010
0.89, 285845
0.89, 283867
0.89, 282574
0.89, 282235
0.89, 278210
0.91, 276870
0.91, 276528
0.91, 275733
0.91, 275216
0.91, 275126
0.91, 274941
0.91, 274887
0.91, 274594
0.91, 271782
0.91, 271029
0.91, 268299
0.91, 267673
0.91, 266922
0.91, 266508
0.91, 265594
0.91, 264051
0.91, 263413
0.92, 260105
0.92, 257618
0.92, 257598
0.92, 252788
0.92, 250826
0.92, 250691
0.92, 247448
0.92, 247186
0.93, 243696
0.93, 242353
0.93, 240325
0.93, 236240
0.93, 236179
0.93, 235107
0.93, 234008
0.93, 232548
0.93, 230627
0.93, 229443
0.93, 229078
0.93, 229036
0.94, 228520
0.94, 225628
0.94, 224759
0.94, 224482
0.94, 222282
0.94, 221372
0.94, 221046
0.94, 216775
0.94, 214317
0.94, 212318
0.94, 211529
0.94, 210915
0.95, 210551
0.95, 209389
0.95, 205505
0.95, 203385
0.95, 201720
0.95, 200984
0.95, 200697
0.95, 200320
0.95, 198692
0.96, 198622
0.96, 196231
0.96, 196154
0.96, 192446
0.96, 192255
0.97, 191833
0.97, 191080
0.97, 190345
0.97, 189599
0.97, 189153
0.97, 189152
0.97, 187273
0.97, 186900
0.97, 186842
0.97, 186419
0.97, 180260
0.97, 178807
0.98, 178669
0.98, 177750
0.98, 174034
0.98, 172388
0.98, 171720
0.98, 171343
0.99, 170464
0.99, 166450
0.99, 166034
0.99, 165917
0.99, 165601
0.99, 165564
0.99, 162778
0.99, 162477
0.99, 162302
1.00, 161457
1.00, 161394
1.00, 159907
1.00, 159899
1.00, 158896
1.00, 158223
1.00, 154965
1.00, 154352
1.00, 154275
1.01, 154158
1.01, 154154
1.01, 153643
1.01, 153537
1.01, 152005
1.01, 151613
1.02, 151435
1.02, 151141
1.02, 150644
1.02, 150515
1.02, 149968
1.02, 149782
1.03, 147071
1.03, 146941
1.04, 146376
1.05, 145099
1.05, 144256
1.05, 142206
1.05, 141877
1.05, 141711
1.06, 141036
1.06, 139894
1.06, 139726
1.07, 139505
1.08, 138616
1.09, 137713
1.09, 136382
1.11, 135569
1.11, 135184
1.11, 133613
1.13, 133291
1.13, 132691
1.14, 129767
1.14, 129555
1.18, 129523
1.18, 129343
1.19, 129115
1.19, 128412
1.20, 126843
1.22, 126479
1.23, 126288
1.24, 125244
1.26, 122572
1.28, 122527
1.28, 122417
1.30, 121237
1.30, 120955
1.30, 120318
1.31, 119813
1.32, 119300
1.33, 119104
1.34, 118848
1.38, 118421
1.40, 117763
1.40, 116035
1.44, 115711
1.52, 115029
1.53, 112212
1.53, 111977
1.64, 111729
1.74, 111721
1.77, 111521
1.84, 111244
1.90, 110900
1.90, 110643
1.94, 110633
6.22, 109836
6.31, 109290
8.29, 109254
8.57, 108869
12.69, 107457
12.80, 107282
12.80, 107143
12.80, 105828
12.81, 105545
12.83, 105518
12.86, 105465
12.89, 104486
40.02, 104421
