0.01, 569183
0.01, 568792
0.01, 563531
0.01, 559606
0.01, 554267
0.01, 553848
0.01, 553613
0.01, 545655
0.01, 544835
0.01, 542046
0.01, 538493
0.01, 537902
0.02, 532165
0.02, 525863
0.02, 524187
0.02, 516878
0.02, 505217
0.02, 502839
0.02, 501458
0.04, 499583
0.04, 494198
0.04, 494096
0.04, 490712
0.04, 484962
0.08, 471152
0.27, 466300
0.74, 466226
0.74, 455648
0.74, 452018
0.75, 449097
0.75, 445984
0.76, 443932
0.76, 443336
0.76, 441927
0.76, 439586
0.76, 437011
0.76, 433819
0.76, 425255
0.76, 424276
0.76, 423426
0.77, 421856
0.77, 416852
0.77, 413927
0.77, 403478
0.77, 400999
0.77, 400784
0.77, 400634
0.77, 399976
0.77, 399398
0.77, 393952
0.77, 389019
0.77, 382862
0.77, 377734
0.77, 375299
0.77, 375288
0.78, 374627
0.78, 374121
0.78, 374008
0.78, 372951
0.78, 372143
0.78, 371377
0.78, 370505
0.78, 366263
0.79, 365445
0.79, 361592
0.79, 355588
0.79, 353730
0.79, 348921
0.79, 345929
0.79, 343698
0.79, 343058
0.79, 340900
0.80, 333950
0.80, 333113
0.80, 331234
0.80, 330233
0.81, 323062
0.81, 322398
0.81, 319971
0.81, 319399
0.81, 314758
0.81, 314667
0.81, 314569
0.81, 308867
0.81, 302257
0.81, 302145
0.81, 300811
0.81, 300120
0.81, 297451
0.82, 297430
0.82, 296056
0.82, 295167
0.83, 282647
0.83, 281834
0.83, 281443
0.83, 281303
0.83, 279516
0.83, 279320
0.83, 276330
0.84, 273604
0.85, 268080
0.85, 267306
0.85, 266270
0.85, 265534
0.85, 265169
0.85, 260635
0.85, 259768
0.85, 258895
0.85, 257904
0.85, 257766
0.85, 257564
0.85, 257078
0.85, 256079
0.85, 255864
0.85, 255408
0.85, 254604
0.85, 253187
0.85, 249703
0.86, 249615
0.86, 249432
0.86, 248849
0.86, 246723
0.86, 241639
0.86, 239515
0.86, 238244
0.86, 238063
0.86, 237485
0.86, 233436
0.87, 233259
0.87, 233248
0.87, 233025
0.87, 232755
0.87, 232143
0.87, 231574
0.87, 231238
0.87, 231089
0.87, 229254
0.88, 228265
0.88, 227641
0.88, 227619
0.88, 226496
0.88, 225161
0.88, 225087
0.88, 224618
0.88, 224069
0.88, 221532
0.88, 220273
0.88, 220185
0.88, 218685
0.88, 217598
0.88, 215311
0.88, 210305
0.88, 207032
0.88, 206394
0.88, 205828
0.88, 204629
0.89, 201883
0.89, 201126
0.89, 200208
0.89, 197183
0.89, 196803
0.89, 196480
0.89, 196063
0.89, 195521
0.89, 193936
0.90, 192769
0.90, 192666
0.90, 190326
0.90, 189584
0.90, 188401
0.90, 187194
0.90, 184780
0.90, 183060
0.90, 182670
0.90, 182602
0.90, 182173
0.90, 179315
0.90, 178641
0.90, 177510
0.90, 177340
0.91, 175318
0.91, 173510
0.91, 173478
0.91, 172910
0.91, 171780
0.91, 170980
0.91, 170225
0.92, 168952
0.92, 168831
0.92, 166582
0.92, 163320
0.92, 163023
0.92, 162973
0.93, 162583
0.93, 162400
0.93, 162038
0.93, 161411
0.93, 160210
0.93, 158477
0.93, 157852
0.94, 157726
0.94, 155382
0.94, 154997
0.94, 154421
0.94, 152762
0.95, 152635
0.95, 152133
0.95, 148379
0.96, 147651
0.96, 147103
0.96, 147004
0.97, 145554
0.97, 145118
0.97, 142250
0.98, 141988
0.98, 141167
0.98, 141078
0.98, 141002
0.98, 140358
0.98, 139766
0.98, 139390
0.98, 138274
0.98, 138072
0.99, 137989
1.00, 136249
1.00, 135560
1.00, 134843
1.00, 134789
1.01, 134668
1.01, 134466
1.02, 133404
1.02, 133199
1.02, 132822
1.03, 131919
1.03, 131800
1.03, 131764
1.04, 131164
1.05, 130973
1.05, 130527
1.05, 129943
1.06, 128878
1.07, 127992
1.07, 127754
1.08, 127622
1.08, 126888
1.09, 126703
1.10, 124327
1.12, 123508
1.12, 122431
1.12, 122149
1.13, 121754
1.13, 121658
1.16, 120839
1.19, 120136
1.19, 117465
1.19, 117192
1.20, 116811
1.22, 115028
1.22, 114962
1.23, 114918
1.25, 113686
1.27, 113077
1.36, 112905
1.43, 111689
1.45, 111607
1.46, 111575
1.78, 110914
1.84, 110727
3.60, 110305
3.78, 109315
3.80, 108058
3.99, 107867
5.82, 107598
5.83, 106895
5.86, 106837
5.86, 106745
5.94, 105766
65.85, 104999
66.03, 104808
236.08, 103647
