0.00, 6799084
0.00, 6784745
0.00, 6757148
0.00, 6755884
0.00, 6724782
0.00, 6720843
0.00, 6616630
0.00, 6529871
0.01, 6526576
0.02, 6280191
0.09, 6257094
0.09, 6212527
0.29, 6203845
0.29, 6140925
0.29, 6133569
0.29, 6109342
0.29, 6090012
0.29, 6037731
0.42, 6031537
0.42, 5993375
0.42, 5993005
0.42, 5991575
0.45, 5991313
0.49, 5977191
0.54, 5712706
0.54, 5686895
0.55, 5593418
0.55, 5558496
0.55, 5514623
0.55, 5496203
0.55, 5444399
0.55, 5393292
0.58, 5373462
0.58, 5314189
0.58, 5313692
0.58, 5305709
0.58, 5280738
0.59, 5258187
0.59, 5239292
0.59, 5233523
0.59, 5176174
0.59, 5157706
0.59, 5091819
0.59, 5051612
0.59, 5050228
0.59, 5034331
0.59, 4967671
0.59, 4950925
0.60, 4783453
0.60, 4765150
0.60, 4725636
0.60, 4678136
0.60, 4671240
0.60, 4668828
0.60, 4627368
0.61, 4618712
0.61, 4606703
0.61, 4581815
0.61, 4572715
0.61, 4560280
0.62, 4546596
0.62, 4541288
0.62, 4490302
0.62, 4417222
0.62, 4386035
0.62, 4369891
0.62, 4366960
0.62, 4329482
0.62, 4292355
0.62, 4209718
0.62, 4206863
0.62, 4189009
0.62, 4162833
0.62, 4147590
0.62, 4147478
0.62, 4142572
0.62, 4073259
0.62, 4020315
0.62, 4004708
0.62, 3988915
0.62, 3966025
0.62, 3941229
0.62, 3921407
0.62, 3841085
0.62, 3817826
0.62, 3795497
0.63, 3772067
0.63, 3678420
0.63, 3639784
0.63, 3544943
0.63, 3543979
0.63, 3519986
0.63, 3509225
0.63, 3464102
0.63, 3382869
0.63, 3370255
0.63, 3341489
0.63, 3278948
0.63, 3195167
0.64, 3193906
0.64, 3132119
0.64, 3093196
0.64, 3083471
0.64, 3082721
0.64, 3027750
0.64, 3001366
0.64, 2927389
0.64, 2924850
0.64, 2923953
0.64, 2892665
0.64, 2888490
0.64, 2831236
0.65, 2807127
0.65, 2805792
0.65, 2800302
0.65, 2743343
0.65, 2742851
0.65, 2731876
0.66, 2693297
0.66, 2667580
0.66, 2653085
0.66, 2651058
0.66, 2637387
0.66, 2611711
0.66, 2611687
0.66, 2607228
0.66, 2597238
0.66, 2594778
0.66, 2565550
0.66, 2537490
0.67, 2524560
0.67, 2514903
0.67, 2512467
0.67, 2510459
0.67, 2498692
0.67, 2497765
0.67, 2493153
0.68, 2465941
0.68, 2464652
0.68, 2440588
0.68, 2422223
0.68, 2418735
0.68, 2407595
0.68, 2405991
0.68, 2404090
0.68, 2330191
0.68, 2309473
0.68, 2277952
0.69, 2268733
0.69, 2240042
0.69, 2230926
0.71, 2191214
0.71, 2180665
0.71, 2173811
0.71, 2135365
0.72, 2135242
0.72, 2127362
0.72, 2123641
0.72, 2119278
0.73, 2119221
0.73, 2109176
0.73, 2102587
0.74, 2094956
0.74, 2092057
0.74, 2090376
0.74, 2077017
0.74, 2075156
0.75, 2071704
0.75, 2039689
0.75, 2032770
0.75, 2013801
0.76, 2013456
0.76, 2013454
0.77, 1996227
0.78, 1990853
0.78, 1980112
0.78, 1969469
0.78, 1967393
0.78, 1939003
0.79, 1930110
0.80, 1919072
0.81, 1919070
0.81, 1917609
0.82, 1907511
0.82, 1873390
0.83, 1872886
0.83, 1863581
0.83, 1858034
0.84, 1854505
0.85, 1854459
0.86, 1841174
0.87, 1839557
0.87, 1829179
0.89, 1813042
0.90, 1810639
0.91, 1803484
0.92, 1767417
0.94, 1761892
0.96, 1760772
0.96, 1760491
0.97, 1759039
1.02, 1752675
1.05, 1752330
1.06, 1749874
1.08, 1747923
1.08, 1744227
1.10, 1742413
1.13, 1740694
1.18, 1706073
1.19, 1635161
1.19, 1632844
1.23, 1632763
1.26, 1624910
1.38, 1616849
1.61, 1614467
9.25, 1591477
9.31, 1590334
13.02, 1584702
13.05, 1577593
