0.01, 6747495
0.01, 6697791
0.01, 6675561
0.10, 6645829
0.11, 6632598
0.11, 6631869
0.11, 6499999
0.23, 6194223
0.23, 6192208
0.32, 6098803
0.32, 6093645
0.42, 6092706
0.42, 6050932
0.55, 5887883
0.55, 5824202
0.55, 5809116
0.55, 5777352
0.55, 5770413
0.55, 5765316
0.55, 5639582
0.55, 5600217
0.55, 5486327
0.55, 5485338
0.55, 5432019
0.55, 5385508
0.55, 5190377
0.55, 5160054
0.55, 5097162
0.55, 5074584
0.55, 5060175
0.57, 4827734
0.57, 4820847
0.58, 4806469
0.58, 4753424
0.59, 4739991
0.59, 4588256
0.59, 4573115
0.59, 4527511
0.59, 4439333
0.59, 4432694
0.63, 4418145
0.63, 4416359
0.63, 4410429
0.63, 4406989
0.63, 4335579
0.63, 4320783
0.63, 4246743
0.63, 4218962
0.63, 4207359
0.63, 4189765
0.63, 4187847
0.63, 4174376
0.63, 4170477
0.63, 4169788
0.63, 4107550
0.63, 4089478
0.63, 4088179
0.64, 4016944
0.64, 4009578
0.64, 4003850
0.64, 3987155
0.64, 3879587
0.64, 3822181
0.64, 3787656
0.64, 3746625
0.64, 3688070
0.65, 3662532
0.65, 3641305
0.65, 3627034
0.65, 3607664
0.65, 3600662
0.65, 3564635
0.65, 3561624
0.65, 3538414
0.65, 3500297
0.65, 3460846
0.65, 3411180
0.65, 3394333
0.65, 3340867
0.65, 3324222
0.65, 3314824
0.65, 3308856
0.66, 3308018
0.66, 3307858
0.66, 3302348
0.66, 3302271
0.66, 3266271
0.66, 3264864
0.66, 3257174
0.66, 3245586
0.66, 3223115
0.66, 3219909
0.66, 3218788
0.66, 3197922
0.67, 3173263
0.67, 3170687
0.67, 3147495
0.67, 3096355
0.68, 3078236
0.68, 3069290
0.68, 3068685
0.68, 3054832
0.68, 3038254
0.69, 3018516
0.69, 2954669
0.69, 2953243
0.69, 2948789
0.69, 2941313
0.69, 2933826
0.69, 2928497
0.69, 2880334
0.69, 2877236
0.69, 2870657
0.70, 2868336
0.70, 2866610
0.70, 2850024
0.70, 2847859
0.70, 2845851
0.70, 2830369
0.70, 2716385
0.70, 2716339
0.70, 2680705
0.70, 2665379
0.70, 2658601
0.70, 2633912
0.70, 2620316
0.70, 2618109
0.70, 2609442
0.71, 2605887
0.71, 2605298
0.71, 2604971
0.71, 2602762
0.71, 2598872
0.71, 2598629
0.71, 2594073
0.71, 2593728
0.71, 2571179
0.71, 2517001
0.71, 2481011
0.71, 2478725
0.71, 2477498
0.72, 2449207
0.72, 2437578
0.72, 2428107
0.72, 2424299
0.72, 2406449
0.72, 2397754
0.72, 2385036
0.72, 2376003
0.73, 2373861
0.73, 2373783
0.73, 2350575
0.73, 2334287
0.74, 2328949
0.74, 2326142
0.74, 2324067
0.74, 2231385
0.74, 2226272
0.74, 2222847
0.74, 2221168
0.74, 2208935
0.75, 2204965
0.75, 2194697
0.75, 2176212
0.75, 2174464
0.75, 2173051
0.75, 2167522
0.76, 2158678
0.77, 2157815
0.77, 2136151
0.77, 2131686
0.77, 2114026
0.77, 2113911
0.78, 2105994
0.78, 2102411
0.78, 2091927
0.78, 2090514
0.78, 2053335
0.79, 1987465
0.79, 1983789
0.79, 1965883
0.79, 1963349
0.80, 1956285
0.80, 1954877
0.80, 1914328
0.81, 1892366
0.82, 1891072
0.82, 1887265
0.83, 1875313
0.84, 1853763
0.84, 1823343
0.84, 1816578
0.84, 1802263
0.85, 1791540
0.85, 1770858
0.88, 1761057
0.88, 1757635
0.88, 1754906
0.88, 1743330
0.90, 1733281
0.92, 1732632
0.93, 1730624
0.97, 1725250
1.01, 1723633
1.05, 1706324
1.09, 1706264
1.20, 1680404
1.25, 1679486
1.30, 1668631
1.33, 1655078
1.47, 1654924
1.56, 1652006
3.04, 1651980
3.04, 1639349
3.08, 1638488
3.09, 1637765
3.15, 1631401
3.19, 1628702
3.21, 1624083
3.21, 1622774
3.23, 1595934
3.31, 1588110
3.48, 1580955
3.50, 1575202
3.59, 1574560
