0.00, 5982234
0.00, 5960066
0.00, 5823256
0.00, 5714736
0.00, 5690351
0.00, 5685078
0.00, 5683981
0.00, 5638510
0.00, 5584241
0.01, 5551552
0.01, 5543129
0.01, 5440668
0.01, 5375469
0.01, 5340079
0.01, 5324241
0.01, 5287886
0.01, 5231762
0.01, 5222276
0.01, 5215522
0.05, 5205123
0.05, 5200617
0.05, 5189257
0.09, 5085245
0.09, 5082115
0.09, 4997025
0.61, 4988434
0.61, 4979742
0.61, 4971381
0.61, 4958196
0.62, 4952834
0.62, 4949973
0.65, 4906603
0.65, 4902533
0.65, 4825603
0.65, 4776255
0.65, 4774487
0.67, 4682197
0.67, 4676664
0.68, 4666751
0.68, 4647184
0.68, 4610952
0.68, 4610168
0.68, 4447045
0.68, 4410050
0.68, 4410044
0.68, 4395778
0.68, 4372525
0.70, 4372154
0.70, 4364031
0.70, 4357612
0.70, 4356794
0.70, 4355449
0.70, 4289260
0.70, 4282896
0.70, 4247140
0.70, 4216154
0.70, 4205604
0.70, 4197686
0.70, 4122910
0.70, 4062090
0.70, 4040955
0.70, 4019271
0.70, 4012795
0.70, 3976402
0.70, 3975336
0.71, 3963468
0.71, 3952528
0.71, 3932553
0.71, 3873108
0.71, 3804266
0.71, 3756360
0.71, 3705910
0.71, 3672593
0.71, 3667648
0.72, 3596484
0.72, 3593011
0.72, 3592185
0.73, 3578834
0.73, 3559676
0.75, 3531894
0.75, 3529793
0.75, 3512376
0.75, 3465635
0.75, 3465475
0.75, 3456201
0.75, 3448698
0.75, 3447360
0.75, 3440785
0.75, 3414670
0.75, 3400402
0.75, 3390721
0.75, 3374210
0.75, 3357468
0.75, 3334389
0.76, 3317398
0.76, 3310144
0.76, 3279524
0.76, 3271054
0.76, 3269093
0.76, 3245768
0.76, 3240298
0.77, 3182009
0.77, 3179609
0.77, 3175595
0.77, 3155745
0.77, 3151600
0.77, 3093194
0.77, 3086744
0.77, 3077706
0.77, 3025317
0.77, 3018468
0.78, 3008272
0.78, 2983722
0.78, 2962248
0.78, 2945031
0.78, 2932138
0.78, 2927752
0.78, 2918856
0.78, 2913575
0.78, 2874062
0.78, 2836626
0.78, 2829054
0.78, 2823483
0.78, 2818646
0.78, 2814538
0.78, 2805495
0.78, 2763858
0.78, 2686097
0.78, 2648409
0.78, 2648315
0.79, 2642806
0.79, 2585333
0.79, 2566830
0.79, 2539830
0.79, 2530816
0.79, 2528430
0.80, 2526828
0.80, 2516801
0.80, 2501397
0.80, 2479650
0.80, 2447304
0.80, 2446525
0.80, 2445830
0.80, 2435145
0.80, 2394194
0.80, 2392082
0.80, 2390699
0.80, 2353579
0.80, 2352525
0.80, 2351314
0.80, 2315188
0.81, 2312138
0.81, 2306000
0.81, 2300057
0.81, 2287284
0.81, 2266413
0.81, 2245781
0.81, 2241923
0.81, 2223767
0.81, 2222311
0.81, 2150780
0.81, 2141861
0.82, 2115951
0.82, 2109790
0.82, 2094283
0.82, 2061453
0.82, 2038479
0.82, 2028968
0.83, 2026233
0.83, 2012173
0.83, 2006551
0.83, 2005468
0.83, 1997989
0.83, 1995541
0.83, 1992629
0.84, 1991010
0.84, 1984235
0.84, 1961980
0.84, 1961756
0.84, 1944027
0.84, 1939333
0.84, 1936897
0.84, 1898219
0.84, 1896575
0.84, 1891263
0.85, 1877617
0.85, 1870750
0.85, 1867892
0.85, 1853002
0.85, 1842426
0.85, 1842326
0.85, 1837164
0.85, 1834099
0.85, 1813089
0.85, 1812668
0.85, 1805599
0.85, 1800118
0.86, 1797861
0.86, 1785063
0.86, 1771204
0.86, 1769919
0.86, 1740209
0.86, 1735508
0.86, 1734974
0.87, 1730247
0.87, 1715643
0.87, 1713486
0.87, 1712605
0.87, 1710721
0.87, 1704271
0.87, 1693532
0.87, 1693346
0.88, 1681144
0.88, 1665559
0.88, 1663358
0.88, 1655986
0.88, 1653831
0.89, 1647519
0.89, 1627567
0.89, 1612315
0.89, 1597132
0.89, 1580462
0.90, 1579280
0.90, 1556612
0.90, 1537606
0.91, 1531371
0.91, 1527814
0.91, 1522999
0.91, 1518152
0.91, 1502632
0.92, 1500471
0.92, 1491910
0.95, 1490141
0.95, 1486523
0.95, 1486392
0.95, 1478247
0.95, 1476640
0.96, 1463972
0.97, 1460825
0.97, 1447316
0.98, 1402298
0.98, 1400803
0.99, 1393018
0.99, 1389149
1.00, 1355280
1.02, 1354904
1.02, 1329311
1.02, 1325206
1.02, 1312513
1.02, 1309490
1.02, 1299611
1.02, 1294193
1.03, 1293213
1.03, 1285462
1.03, 1285422
1.04, 1284488
1.04, 1280927
1.05, 1267683
1.05, 1254272
1.06, 1250420
1.06, 1214769
1.07, 1214763
1.08, 1208280
1.10, 1200329
1.10, 1200292
1.11, 1197699
1.12, 1196413
1.12, 1188272
1.12, 1175530
1.12, 1163349
1.13, 1162428
1.14, 1161906
1.14, 1160094
1.15, 1159374
1.16, 1158134
1.16, 1154851
1.16, 1153065
1.16, 1152669
1.17, 1127999
1.17, 1125131
1.17, 1117952
1.18, 1117697
1.18, 1107542
1.19, 1107117
1.21, 1105278
1.22, 1097719
1.22, 1089568
1.25, 1081947
1.27, 1079143
1.28, 1077811
1.28, 1073223
1.29, 1072697
1.29, 1070624
1.30, 1069549
1.30, 1065038
1.31, 1042590
1.31, 1042460
1.31, 1031359
1.32, 1031157
1.33, 1028694
1.35, 1013601
1.35, 1011948
1.37, 1007567
1.38, 1007010
1.39, 998780
1.39, 998037
1.39, 997100
1.41, 989265
1.46, 979384
1.47, 972484
1.49, 971202
1.55, 970141
1.55, 959512
1.62, 953286
1.66, 951690
1.67, 951503
1.67, 951308
1.70, 947471
1.85, 933797
2.01, 931981
9.56, 931504
9.58, 923140
9.62, 916908
9.67, 881338
9.68, 870379
9.69, 866537
9.70, 865699
9.71, 861610
9.75, 860867
9.86, 855912
