0.01, 10169718
0.01, 10168430
0.01, 10168293
0.01, 10132617
0.03, 10109425
0.03, 10026595
0.03, 9977749
0.03, 9717338
0.03, 9702065
0.03, 9691466
0.03, 9538239
0.03, 9406641
0.03, 9358400
0.06, 9219252
0.06, 9180088
0.06, 9128990
0.06, 9037347
0.06, 9024393
0.46, 8955961
0.46, 8936421
0.65, 8731074
0.68, 8698747
0.68, 8689486
0.68, 8653073
0.68, 8603996
0.68, 8549651
0.68, 8455681
0.69, 8382866
0.69, 8192700
0.70, 8181859
0.70, 8046736
0.70, 8006484
0.70, 8004994
0.70, 8001878
0.70, 7961199
0.70, 7942068
0.70, 7933812
0.70, 7925510
0.70, 7887775
0.70, 7776819
0.71, 7740398
0.71, 7574118
0.71, 7546937
0.71, 7537770
0.71, 7440472
0.74, 7430064
0.74, 7326357
0.74, 7273022
0.74, 7039718
0.74, 7034189
0.74, 7030633
0.74, 7028737
0.74, 6984141
0.75, 6975914
0.75, 6975798
0.75, 6964854
0.75, 6927928
0.75, 6882875
0.75, 6877640
0.75, 6872448
0.76, 6818236
0.76, 6605019
0.76, 6564360
0.76, 6557505
0.76, 6547998
0.76, 6373972
0.77, 6360774
0.78, 6321100
0.78, 6235622
0.78, 6216227
0.78, 6199479
0.78, 6167180
0.78, 6155709
0.78, 6153123
0.78, 6122083
0.78, 6109939
0.78, 6106201
0.78, 6104084
0.78, 6103336
0.78, 6073199
0.78, 6043380
0.78, 6040803
0.78, 6031720
0.78, 6031621
0.79, 5939502
0.79, 5903146
0.79, 5855726
0.79, 5850794
0.79, 5850744
0.79, 5850522
0.79, 5840340
0.79, 5821070
0.79, 5820490
0.79, 5818540
0.79, 5818477
0.79, 5806879
0.79, 5796341
0.79, 5786096
0.79, 5688367
0.79, 5686337
0.79, 5683933
0.79, 5670701
0.79, 5628068
0.80, 5591603
0.80, 5561895
0.80, 5558764
0.80, 5550842
0.80, 5548566
0.80, 5540594
0.80, 5525307
0.80, 5518270
0.80, 5501724
0.80, 5482240
0.80, 5465570
0.81, 5449331
0.81, 5439690
0.81, 5332648
0.81, 5286859
0.81, 5270609
0.81, 5259650
0.81, 5257604
0.81, 5178280
0.81, 5100938
0.81, 5091740
0.81, 5091208
0.81, 5083839
0.81, 5004149
0.81, 4978810
0.81, 4977935
0.81, 4867800
0.81, 4867724
0.81, 4843754
0.81, 4775127
0.81, 4767922
0.81, 4761394
0.82, 4695082
0.82, 4660046
0.82, 4591472
0.82, 4581201
0.82, 4570544
0.82, 4557292
0.82, 4535637
0.83, 4519280
0.83, 4481228
0.83, 4470489
0.83, 4456003
0.83, 4403117
0.83, 4385311
0.83, 4364054
0.83, 4363431
0.83, 4363211
0.83, 4246114
0.83, 4208130
0.83, 4204085
0.83, 4177195
0.83, 4160781
0.84, 4066847
0.84, 4056121
0.85, 4055764
0.85, 4054418
0.85, 3969644
0.85, 3968612
0.85, 3966705
0.85, 3949837
0.85, 3917715
0.85, 3854211
0.85, 3849381
0.85, 3848253
0.85, 3833411
0.85, 3768392
0.85, 3753375
0.86, 3736563
0.86, 3706801
0.86, 3671673
0.86, 3669315
0.87, 3664725
0.87, 3659551
0.87, 3652307
0.87, 3626750
0.87, 3624035
0.87, 3622563
0.87, 3576270
0.87, 3560770
0.87, 3556512
0.87, 3549172
0.87, 3499860
0.87, 3496618
0.87, 3496194
0.87, 3491138
0.88, 3471445
0.88, 3466746
0.88, 3464784
0.88, 3424406
0.88, 3422491
0.88, 3419734
0.88, 3383306
0.88, 3379656
0.88, 3365735
0.89, 3334567
0.89, 3322598
0.89, 3320995
0.89, 3277980
0.89, 3271919
0.89, 3269390
0.89, 3235136
0.89, 3226412
0.89, 3219708
0.89, 3218989
0.89, 3191016
0.89, 3183039
0.90, 3156069
0.90, 3149384
0.90, 3145469
0.90, 3143245
0.90, 3134466
0.90, 3116403
0.90, 3086545
0.90, 3085907
0.90, 3077808
0.90, 3077484
0.91, 3036868
0.91, 3027003
0.92, 3025459
0.92, 3024274
0.92, 2877472
0.92, 2829600
0.92, 2820724
0.93, 2804459
0.93, 2768252
0.93, 2762713
0.94, 2758061
0.94, 2757699
0.94, 2739591
0.94, 2738960
0.94, 2719216
0.94, 2718624
0.94, 2717773
0.94, 2705848
0.95, 2701704
0.95, 2700663
0.95, 2673891
0.95, 2673080
0.95, 2671829
0.95, 2671236
0.95, 2660338
0.95, 2654617
0.95, 2654481
0.95, 2652600
0.95, 2652000
0.95, 2647164
0.95, 2639152
0.95, 2633052
0.96, 2630978
0.96, 2630200
0.96, 2617946
0.96, 2616764
0.96, 2614927
0.96, 2614070
0.96, 2610368
0.97, 2610293
0.97, 2596292
0.97, 2595955
0.97, 2595394
0.97, 2594847
0.97, 2590025
0.98, 2589482
0.98, 2570937
0.98, 2569563
0.98, 2541402
0.98, 2540271
0.99, 2539653
0.99, 2537122
0.99, 2487111
0.99, 2431335
0.99, 2372284
0.99, 2372177
1.00, 2371893
1.00, 2369618
1.00, 2368685
1.00, 2368566
1.00, 2368465
1.00, 2368406
1.00, 2366701
1.01, 2351053
1.01, 2348339
1.02, 2348016
1.02, 2347723
1.02, 2347698
1.03, 2343156
1.03, 2342467
1.04, 2338410
1.04, 2337668
1.05, 2334572
1.05, 2334298
1.05, 2319319
1.05, 2318857
1.06, 2318333
1.06, 2318206
1.06, 2316998
1.06, 2312771
1.07, 2287853
1.07, 2286528
1.07, 2284043
1.07, 2279735
1.07, 2265430
1.07, 2264379
1.07, 2263897
1.07, 2263368
1.08, 2263232
1.08, 2262861
1.08, 2262198
1.09, 2202742
1.09, 2186527
1.09, 2184486
1.10, 2164750
1.12, 2163932
1.13, 2087387
1.14, 2086316
1.14, 2081366
1.14, 2078283
1.14, 2077282
1.14, 2073842
1.15, 2071507
1.16, 2059376
1.16, 2058638
1.16, 2058539
1.17, 2058477
1.17, 2044918
1.18, 2038740
1.19, 2036361
1.20, 2032489
1.21, 2014603
1.22, 2011185
1.22, 1997097
1.22, 1993923
1.23, 1993734
1.23, 1992146
1.24, 1986010
1.24, 1982790
1.25, 1977109
1.25, 1969527
1.26, 1968669
1.26, 1965951
1.27, 1903822
1.27, 1902661
1.27, 1874822
1.28, 1869588
1.29, 1848457
1.29, 1842749
1.30, 1831620
1.30, 1831099
1.30, 1828938
1.31, 1819706
1.31, 1802057
1.31, 1801935
1.32, 1799391
1.34, 1793534
1.37, 1792976
1.38, 1775212
1.38, 1773909
1.38, 1773415
1.39, 1760923
1.40, 1729544
1.40, 1729099
1.41, 1728069
1.41, 1727386
1.42, 1726410
1.42, 1725027
1.42, 1715518
1.42, 1714990
1.44, 1712287
1.44, 1709223
1.46, 1709067
1.47, 1700073
1.47, 1699073
1.49, 1698007
1.49, 1693785
1.49, 1644131
1.50, 1641069
1.50, 1636496
1.50, 1636082
1.51, 1628594
1.52, 1627814
1.56, 1595282
1.57, 1586439
1.57, 1575955
1.59, 1572209
1.60, 1551907
1.62, 1551208
1.64, 1550030
1.66, 1545906
1.68, 1544931
1.72, 1543112
1.73, 1543016
1.79, 1540362
1.82, 1539864
1.86, 1539548
1.97, 1539473
1.97, 1534377
1.97, 1509816
1.98, 1508162
1.99, 1477001
2.04, 1476060
2.08, 1471709
2.09, 1461758
2.09, 1460694
2.10, 1436441
2.12, 1435376
2.14, 1434857
2.16, 1433473
2.16, 1433256
2.22, 1430724
4.28, 1428155
4.39, 1427347
4.39, 1418550
4.40, 1408581
4.41, 1408578
4.48, 1400993
6.22, 1398308
6.23, 1395054
6.26, 1389059
6.37, 1376255
6.48, 1375479
6.50, 1373375
6.51, 1371832
6.51, 1371437
6.53, 1369791
6.53, 1368203
6.54, 1366337
6.54, 1366305
6.57, 1353125
6.57, 1346896
6.72, 1346090
6.72, 1346042
9.05, 1344192
9.10, 1343963
9.14, 1343155
9.15, 1330026
9.22, 1329620
27.77, 1327842
27.80, 1324743
27.82, 1324461
34.98, 1320796
34.98, 1314581
34.99, 1313556
35.02, 1312091
35.12, 1297048
35.13, 1292697
35.16, 1286592
35.35, 1284300
