0.06, 9295233
0.06, 9243445
0.06, 9233277
0.16, 9130177
0.17, 9088823
0.18, 9025452
0.18, 8971308
0.22, 8911871
0.22, 8820873
0.22, 8607865
0.61, 8542883
0.61, 8541439
0.61, 8532881
0.61, 8519211
0.61, 8509299
0.61, 8491071
0.63, 8386329
0.63, 8374891
0.63, 8345814
0.63, 8093566
0.63, 8066948
0.63, 7990107
0.66, 7984564
0.66, 7750565
0.66, 7700357
0.66, 7697830
0.66, 7632704
0.68, 7564585
0.68, 7560570
0.68, 7544953
0.68, 7436963
0.68, 7430936
0.68, 7411155
0.68, 7397395
0.68, 7396855
0.68, 7324634
0.68, 6971155
0.68, 6701225
0.68, 6670152
0.68, 6656472
0.68, 6559027
0.68, 6558672
0.68, 6551716
0.68, 6551322
0.68, 6543278
0.68, 6426686
0.68, 6399633
0.68, 6399465
0.68, 6332510
0.68, 6329625
0.68, 6310661
0.68, 6309668
0.68, 6242348
0.68, 6218731
0.68, 6177960
0.68, 6177423
0.68, 6174330
0.68, 6130447
0.71, 6129913
0.71, 5905645
0.71, 5903040
0.71, 5833758
0.72, 5823470
0.72, 5800327
0.72, 5798263
0.72, 5790411
0.72, 5789987
0.72, 5671032
0.72, 5667852
0.72, 5601881
0.72, 5599617
0.72, 5598730
0.72, 5579692
0.73, 5557244
0.73, 5548684
0.73, 5544631
0.73, 5543764
0.73, 5513379
0.73, 5493836
0.73, 5446581
0.73, 5434387
0.73, 5379851
0.73, 5379224
0.73, 5375472
0.73, 5374448
0.74, 5240606
0.74, 5228532
0.74, 5227018
0.74, 5208036
0.74, 5202994
0.74, 5174732
0.74, 5136110
0.74, 5131489
0.74, 5128675
0.74, 5113936
0.74, 5095736
0.74, 4968975
0.74, 4967363
0.74, 4964661
0.75, 4938700
0.75, 4909830
0.75, 4887444
0.75, 4860712
0.75, 4818972
0.75, 4804572
0.75, 4767786
0.76, 4729112
0.76, 4697476
0.76, 4695309
0.76, 4621265
0.77, 4615494
0.77, 4608181
0.77, 4590211
0.77, 4586846
0.77, 4552708
0.77, 4551420
0.77, 4467267
0.77, 4432644
0.77, 4371834
0.77, 4365017
0.77, 4311948
0.77, 4305607
0.77, 4232345
0.77, 4218600
0.77, 4213656
0.77, 4201949
0.77, 4128700
0.77, 4123355
0.78, 4119578
0.78, 4092423
0.78, 4089472
0.78, 4081780
0.78, 4032247
0.78, 4031965
0.78, 4005658
0.78, 3903558
0.78, 3899493
0.78, 3841498
0.78, 3821609
0.78, 3813400
0.78, 3799509
0.78, 3703740
0.78, 3703602
0.79, 3684013
0.79, 3682393
0.79, 3645332
0.79, 3624760
0.79, 3618653
0.79, 3615089
0.79, 3609733
0.79, 3608761
0.79, 3593640
0.79, 3528164
0.79, 3523081
0.79, 3520222
0.79, 3512115
0.79, 3502122
0.79, 3492098
0.79, 3482003
0.79, 3447693
0.79, 3446439
0.79, 3335035
0.80, 3326504
0.80, 3298172
0.80, 3294265
0.80, 3292615
0.80, 3265968
0.80, 3265288
0.80, 3257758
0.80, 3255372
0.80, 3228700
0.80, 3227449
0.80, 3192075
0.80, 3186982
0.80, 3177512
0.81, 3175114
0.81, 3136163
0.81, 3132696
0.81, 3121536
0.81, 3068606
0.81, 3047436
0.81, 3034619
0.81, 2948430
0.81, 2948207
0.81, 2940112
0.81, 2908394
0.81, 2889349
0.82, 2885321
0.82, 2883273
0.82, 2878525
0.82, 2872471
0.82, 2859518
0.83, 2857644
0.83, 2856392
0.83, 2827745
0.83, 2771653
0.83, 2771263
0.84, 2761824
0.84, 2759205
0.84, 2678719
0.84, 2678531
0.84, 2669089
0.85, 2662818
0.85, 2661203
0.85, 2657277
0.85, 2652447
0.85, 2643178
0.85, 2639755
0.85, 2615517
0.86, 2615455
0.86, 2609157
0.86, 2596417
0.86, 2591159
0.87, 2534117
0.87, 2533470
0.87, 2513294
0.87, 2455258
0.88, 2455083
0.88, 2445762
0.88, 2445070
0.88, 2397814
0.89, 2376312
0.89, 2375439
0.89, 2375335
0.89, 2372204
0.89, 2369512
0.89, 2360965
0.90, 2331779
0.90, 2328825
0.90, 2328160
0.90, 2319280
0.90, 2311676
0.90, 2301064
0.90, 2299991
0.90, 2287416
0.90, 2231324
0.90, 2224084
0.91, 2221678
0.91, 2219986
0.91, 2218775
0.92, 2174652
0.92, 2174512
0.92, 2172871
0.92, 2171227
0.92, 2159058
0.92, 2156900
0.92, 2154404
0.92, 2148215
0.92, 2147483
0.93, 2145860
0.93, 2109605
0.94, 2108965
0.94, 2098799
0.94, 2094747
0.95, 2094387
0.95, 2092861
0.95, 2041282
0.96, 2021388
0.96, 2020827
0.96, 2005260
0.96, 1991693
0.97, 1977491
0.97, 1977450
0.97, 1976822
0.97, 1970682
0.97, 1970569
0.98, 1967002
0.98, 1955909
0.98, 1955769
0.98, 1889475
0.98, 1843590
0.99, 1841456
1.00, 1832796
1.01, 1831690
1.01, 1802176
1.02, 1801307
1.02, 1778243
1.03, 1761821
1.04, 1736908
1.05, 1735834
1.06, 1735338
1.08, 1735130
1.08, 1672273
1.08, 1670685
1.10, 1652943
1.11, 1648594
1.13, 1647565
1.15, 1632416
1.16, 1631868
1.16, 1627104
1.18, 1626040
1.19, 1623333
1.19, 1607580
1.20, 1604450
1.21, 1597516
1.22, 1596506
1.22, 1596461
1.23, 1574196
1.25, 1572832
1.27, 1572023
1.28, 1564389
1.28, 1563504
1.29, 1559555
1.29, 1558034
1.30, 1541155
1.30, 1539659
1.31, 1529309
1.32, 1527430
1.33, 1526988
1.33, 1495112
1.34, 1472014
1.35, 1461311
1.35, 1457089
1.37, 1452275
1.40, 1446404
1.40, 1435666
1.40, 1421329
1.41, 1420432
1.44, 1419021
1.45, 1416063
1.50, 1414698
1.52, 1413896
1.56, 1413323
1.56, 1410711
1.60, 1390967
1.60, 1384984
1.63, 1383515
1.63, 1383373
1.78, 1379329
1.85, 1379114
1.88, 1370530
1.89, 1318048
1.91, 1316724
1.92, 1316226
2.01, 1315375
14.82, 1309684
14.89, 1309186
14.98, 1307139
16.95, 1300968
16.97, 1300369
16.98, 1299498
17.18, 1297333
17.21, 1296527
17.37, 1293615
